<?xml version="1.0" encoding="UTF-8"?>
<coverage generated="1640135269169" clover="3.2.0">
  <project timestamp="1640135269169" name="All files">
    <metrics statements="869" coveredstatements="604" conditionals="285" coveredconditionals="127" methods="428" coveredmethods="260" elements="1582" coveredelements="991" complexity="0" loc="869" ncloc="869" packages="52" files="147" classes="147"/>
    <package name="src.assets">
      <metrics statements="64" coveredstatements="64" conditionals="0" coveredconditionals="0" methods="0" coveredmethods="0"/>
      <file name="index.tsx" path="D:\Engenharia de Software - UPE\5º PERÍODO\Projeto I\Seja UPE\Seja-UPE\src\assets\index.tsx">
        <metrics statements="32" coveredstatements="32" conditionals="0" coveredconditionals="0" methods="0" coveredmethods="0"/>
        <line num="1" count="42" type="stmt"/>
        <line num="2" count="42" type="stmt"/>
        <line num="3" count="42" type="stmt"/>
        <line num="4" count="42" type="stmt"/>
        <line num="5" count="42" type="stmt"/>
        <line num="6" count="42" type="stmt"/>
        <line num="7" count="42" type="stmt"/>
        <line num="8" count="42" type="stmt"/>
        <line num="9" count="42" type="stmt"/>
        <line num="10" count="42" type="stmt"/>
        <line num="11" count="42" type="stmt"/>
        <line num="12" count="42" type="stmt"/>
        <line num="13" count="42" type="stmt"/>
        <line num="14" count="42" type="stmt"/>
        <line num="15" count="42" type="stmt"/>
        <line num="16" count="42" type="stmt"/>
        <line num="17" count="42" type="stmt"/>
        <line num="18" count="42" type="stmt"/>
        <line num="19" count="42" type="stmt"/>
        <line num="20" count="42" type="stmt"/>
        <line num="21" count="42" type="stmt"/>
        <line num="22" count="42" type="stmt"/>
        <line num="23" count="42" type="stmt"/>
        <line num="24" count="42" type="stmt"/>
        <line num="25" count="42" type="stmt"/>
        <line num="26" count="42" type="stmt"/>
        <line num="27" count="42" type="stmt"/>
        <line num="28" count="42" type="stmt"/>
        <line num="29" count="42" type="stmt"/>
        <line num="30" count="42" type="stmt"/>
        <line num="31" count="42" type="stmt"/>
        <line num="32" count="42" type="stmt"/>
      </file>
      <file name="res_cap_icon.png" path="D:\Engenharia de Software - UPE\5º PERÍODO\Projeto I\Seja UPE\Seja-UPE\src\assets\res_cap_icon.png">
        <metrics statements="1" coveredstatements="1" conditionals="0" coveredconditionals="0" methods="0" coveredmethods="0"/>
        <line num="1" count="42" type="stmt"/>
      </file>
      <file name="res_card_course_logo.png" path="D:\Engenharia de Software - UPE\5º PERÍODO\Projeto I\Seja UPE\Seja-UPE\src\assets\res_card_course_logo.png">
        <metrics statements="1" coveredstatements="1" conditionals="0" coveredconditionals="0" methods="0" coveredmethods="0"/>
        <line num="1" count="42" type="stmt"/>
      </file>
      <file name="res_google_logo.png" path="D:\Engenharia de Software - UPE\5º PERÍODO\Projeto I\Seja UPE\Seja-UPE\src\assets\res_google_logo.png">
        <metrics statements="1" coveredstatements="1" conditionals="0" coveredconditionals="0" methods="0" coveredmethods="0"/>
        <line num="1" count="42" type="stmt"/>
      </file>
      <file name="res_header_logo.png" path="D:\Engenharia de Software - UPE\5º PERÍODO\Projeto I\Seja UPE\Seja-UPE\src\assets\res_header_logo.png">
        <metrics statements="1" coveredstatements="1" conditionals="0" coveredconditionals="0" methods="0" coveredmethods="0"/>
        <line num="1" count="42" type="stmt"/>
      </file>
      <file name="res_lattes_white_logo.png" path="D:\Engenharia de Software - UPE\5º PERÍODO\Projeto I\Seja UPE\Seja-UPE\src\assets\res_lattes_white_logo.png">
        <metrics statements="1" coveredstatements="1" conditionals="0" coveredconditionals="0" methods="0" coveredmethods="0"/>
        <line num="1" count="42" type="stmt"/>
      </file>
      <file name="res_marker_icon.png" path="D:\Engenharia de Software - UPE\5º PERÍODO\Projeto I\Seja UPE\Seja-UPE\src\assets\res_marker_icon.png">
        <metrics statements="1" coveredstatements="1" conditionals="0" coveredconditionals="0" methods="0" coveredmethods="0"/>
        <line num="1" count="42" type="stmt"/>
      </file>
      <file name="res_professor_photo_icon.png" path="D:\Engenharia de Software - UPE\5º PERÍODO\Projeto I\Seja UPE\Seja-UPE\src\assets\res_professor_photo_icon.png">
        <metrics statements="1" coveredstatements="1" conditionals="0" coveredconditionals="0" methods="0" coveredmethods="0"/>
        <line num="1" count="42" type="stmt"/>
      </file>
      <file name="res_robot_asking_icon.png" path="D:\Engenharia de Software - UPE\5º PERÍODO\Projeto I\Seja UPE\Seja-UPE\src\assets\res_robot_asking_icon.png">
        <metrics statements="1" coveredstatements="1" conditionals="0" coveredconditionals="0" methods="0" coveredmethods="0"/>
        <line num="1" count="42" type="stmt"/>
      </file>
      <file name="res_robot_kind_icon.png" path="D:\Engenharia de Software - UPE\5º PERÍODO\Projeto I\Seja UPE\Seja-UPE\src\assets\res_robot_kind_icon.png">
        <metrics statements="1" coveredstatements="1" conditionals="0" coveredconditionals="0" methods="0" coveredmethods="0"/>
        <line num="1" count="42" type="stmt"/>
      </file>
      <file name="res_robot_questions_icon.png" path="D:\Engenharia de Software - UPE\5º PERÍODO\Projeto I\Seja UPE\Seja-UPE\src\assets\res_robot_questions_icon.png">
        <metrics statements="1" coveredstatements="1" conditionals="0" coveredconditionals="0" methods="0" coveredmethods="0"/>
        <line num="1" count="42" type="stmt"/>
      </file>
      <file name="res_robot_smile_down_icon.png" path="D:\Engenharia de Software - UPE\5º PERÍODO\Projeto I\Seja UPE\Seja-UPE\src\assets\res_robot_smile_down_icon.png">
        <metrics statements="1" coveredstatements="1" conditionals="0" coveredconditionals="0" methods="0" coveredmethods="0"/>
        <line num="1" count="42" type="stmt"/>
      </file>
      <file name="res_robot_smile_icon.png" path="D:\Engenharia de Software - UPE\5º PERÍODO\Projeto I\Seja UPE\Seja-UPE\src\assets\res_robot_smile_icon.png">
        <metrics statements="1" coveredstatements="1" conditionals="0" coveredconditionals="0" methods="0" coveredmethods="0"/>
        <line num="1" count="42" type="stmt"/>
      </file>
      <file name="res_sisu_white_logo.png" path="D:\Engenharia de Software - UPE\5º PERÍODO\Projeto I\Seja UPE\Seja-UPE\src\assets\res_sisu_white_logo.png">
        <metrics statements="1" coveredstatements="1" conditionals="0" coveredconditionals="0" methods="0" coveredmethods="0"/>
        <line num="1" count="42" type="stmt"/>
      </file>
      <file name="res_social_facebook_icon.png" path="D:\Engenharia de Software - UPE\5º PERÍODO\Projeto I\Seja UPE\Seja-UPE\src\assets\res_social_facebook_icon.png">
        <metrics statements="1" coveredstatements="1" conditionals="0" coveredconditionals="0" methods="0" coveredmethods="0"/>
        <line num="1" count="42" type="stmt"/>
      </file>
      <file name="res_social_instagram_icon.png" path="D:\Engenharia de Software - UPE\5º PERÍODO\Projeto I\Seja UPE\Seja-UPE\src\assets\res_social_instagram_icon.png">
        <metrics statements="1" coveredstatements="1" conditionals="0" coveredconditionals="0" methods="0" coveredmethods="0"/>
        <line num="1" count="42" type="stmt"/>
      </file>
      <file name="res_social_twitter_icon.png" path="D:\Engenharia de Software - UPE\5º PERÍODO\Projeto I\Seja UPE\Seja-UPE\src\assets\res_social_twitter_icon.png">
        <metrics statements="1" coveredstatements="1" conditionals="0" coveredconditionals="0" methods="0" coveredmethods="0"/>
        <line num="1" count="42" type="stmt"/>
      </file>
      <file name="res_social_youtube_icon.png" path="D:\Engenharia de Software - UPE\5º PERÍODO\Projeto I\Seja UPE\Seja-UPE\src\assets\res_social_youtube_icon.png">
        <metrics statements="1" coveredstatements="1" conditionals="0" coveredconditionals="0" methods="0" coveredmethods="0"/>
        <line num="1" count="42" type="stmt"/>
      </file>
      <file name="res_triangle_left_dark_icon.png" path="D:\Engenharia de Software - UPE\5º PERÍODO\Projeto I\Seja UPE\Seja-UPE\src\assets\res_triangle_left_dark_icon.png">
        <metrics statements="1" coveredstatements="1" conditionals="0" coveredconditionals="0" methods="0" coveredmethods="0"/>
        <line num="1" count="42" type="stmt"/>
      </file>
      <file name="res_triangle_left_icon.png" path="D:\Engenharia de Software - UPE\5º PERÍODO\Projeto I\Seja UPE\Seja-UPE\src\assets\res_triangle_left_icon.png">
        <metrics statements="1" coveredstatements="1" conditionals="0" coveredconditionals="0" methods="0" coveredmethods="0"/>
        <line num="1" count="42" type="stmt"/>
      </file>
      <file name="res_triangle_right_dark_icon.png" path="D:\Engenharia de Software - UPE\5º PERÍODO\Projeto I\Seja UPE\Seja-UPE\src\assets\res_triangle_right_dark_icon.png">
        <metrics statements="1" coveredstatements="1" conditionals="0" coveredconditionals="0" methods="0" coveredmethods="0"/>
        <line num="1" count="42" type="stmt"/>
      </file>
      <file name="res_triangle_right_icon.png" path="D:\Engenharia de Software - UPE\5º PERÍODO\Projeto I\Seja UPE\Seja-UPE\src\assets\res_triangle_right_icon.png">
        <metrics statements="1" coveredstatements="1" conditionals="0" coveredconditionals="0" methods="0" coveredmethods="0"/>
        <line num="1" count="42" type="stmt"/>
      </file>
      <file name="res_triangle_top_dark_icon.png" path="D:\Engenharia de Software - UPE\5º PERÍODO\Projeto I\Seja UPE\Seja-UPE\src\assets\res_triangle_top_dark_icon.png">
        <metrics statements="1" coveredstatements="1" conditionals="0" coveredconditionals="0" methods="0" coveredmethods="0"/>
        <line num="1" count="42" type="stmt"/>
      </file>
      <file name="res_triangle_top_icon.png" path="D:\Engenharia de Software - UPE\5º PERÍODO\Projeto I\Seja UPE\Seja-UPE\src\assets\res_triangle_top_icon.png">
        <metrics statements="1" coveredstatements="1" conditionals="0" coveredconditionals="0" methods="0" coveredmethods="0"/>
        <line num="1" count="42" type="stmt"/>
      </file>
      <file name="res_upe_white_logo.png" path="D:\Engenharia de Software - UPE\5º PERÍODO\Projeto I\Seja UPE\Seja-UPE\src\assets\res_upe_white_logo.png">
        <metrics statements="1" coveredstatements="1" conditionals="0" coveredconditionals="0" methods="0" coveredmethods="0"/>
        <line num="1" count="42" type="stmt"/>
      </file>
      <file name="res_widget_campus_icon.png" path="D:\Engenharia de Software - UPE\5º PERÍODO\Projeto I\Seja UPE\Seja-UPE\src\assets\res_widget_campus_icon.png">
        <metrics statements="1" coveredstatements="1" conditionals="0" coveredconditionals="0" methods="0" coveredmethods="0"/>
        <line num="1" count="42" type="stmt"/>
      </file>
      <file name="res_widget_classification_icon.png" path="D:\Engenharia de Software - UPE\5º PERÍODO\Projeto I\Seja UPE\Seja-UPE\src\assets\res_widget_classification_icon.png">
        <metrics statements="1" coveredstatements="1" conditionals="0" coveredconditionals="0" methods="0" coveredmethods="0"/>
        <line num="1" count="42" type="stmt"/>
      </file>
      <file name="res_widget_contact_icon.png" path="D:\Engenharia de Software - UPE\5º PERÍODO\Projeto I\Seja UPE\Seja-UPE\src\assets\res_widget_contact_icon.png">
        <metrics statements="1" coveredstatements="1" conditionals="0" coveredconditionals="0" methods="0" coveredmethods="0"/>
        <line num="1" count="42" type="stmt"/>
      </file>
      <file name="res_widget_courses_icon.png" path="D:\Engenharia de Software - UPE\5º PERÍODO\Projeto I\Seja UPE\Seja-UPE\src\assets\res_widget_courses_icon.png">
        <metrics statements="1" coveredstatements="1" conditionals="0" coveredconditionals="0" methods="0" coveredmethods="0"/>
        <line num="1" count="42" type="stmt"/>
      </file>
      <file name="res_widget_events_icon.png" path="D:\Engenharia de Software - UPE\5º PERÍODO\Projeto I\Seja UPE\Seja-UPE\src\assets\res_widget_events_icon.png">
        <metrics statements="1" coveredstatements="1" conditionals="0" coveredconditionals="0" methods="0" coveredmethods="0"/>
        <line num="1" count="42" type="stmt"/>
      </file>
      <file name="res_widget_planning_icon.png" path="D:\Engenharia de Software - UPE\5º PERÍODO\Projeto I\Seja UPE\Seja-UPE\src\assets\res_widget_planning_icon.png">
        <metrics statements="1" coveredstatements="1" conditionals="0" coveredconditionals="0" methods="0" coveredmethods="0"/>
        <line num="1" count="42" type="stmt"/>
      </file>
      <file name="res_widget_professors_icon.png" path="D:\Engenharia de Software - UPE\5º PERÍODO\Projeto I\Seja UPE\Seja-UPE\src\assets\res_widget_professors_icon.png">
        <metrics statements="1" coveredstatements="1" conditionals="0" coveredconditionals="0" methods="0" coveredmethods="0"/>
        <line num="1" count="42" type="stmt"/>
      </file>
      <file name="res_widget_sample_icon.png" path="D:\Engenharia de Software - UPE\5º PERÍODO\Projeto I\Seja UPE\Seja-UPE\src\assets\res_widget_sample_icon.png">
        <metrics statements="1" coveredstatements="1" conditionals="0" coveredconditionals="0" methods="0" coveredmethods="0"/>
        <line num="1" count="42" type="stmt"/>
      </file>
    </package>
    <package name="src.core.components">
      <metrics statements="0" coveredstatements="0" conditionals="0" coveredconditionals="0" methods="0" coveredmethods="0"/>
      <file name="index.tsx" path="D:\Engenharia de Software - UPE\5º PERÍODO\Projeto I\Seja UPE\Seja-UPE\src\core\components\index.tsx">
        <metrics statements="0" coveredstatements="0" conditionals="0" coveredconditionals="0" methods="0" coveredmethods="0"/>
      </file>
    </package>
    <package name="src.core.components.Accordion">
      <metrics statements="28" coveredstatements="27" conditionals="14" coveredconditionals="7" methods="17" coveredmethods="17"/>
      <file name="index.tsx" path="D:\Engenharia de Software - UPE\5º PERÍODO\Projeto I\Seja UPE\Seja-UPE\src\core\components\Accordion\index.tsx">
        <metrics statements="14" coveredstatements="13" conditionals="12" coveredconditionals="6" methods="3" coveredmethods="3"/>
        <line num="17" count="42" type="cond" truecount="0" falsecount="2"/>
        <line num="18" count="2" type="stmt"/>
        <line num="20" count="2" type="stmt"/>
        <line num="21" count="2" type="stmt"/>
        <line num="22" count="2" type="stmt"/>
        <line num="25" count="1" type="cond" truecount="1" falsecount="1"/>
        <line num="26" count="0" type="stmt"/>
        <line num="27" count="1" type="cond" truecount="1" falsecount="1"/>
        <line num="28" count="1" type="cond" truecount="1" falsecount="1"/>
        <line num="29" count="1" type="stmt"/>
        <line num="32" count="2" type="stmt"/>
        <line num="33" count="1" type="cond" truecount="1" falsecount="1"/>
        <line num="34" count="1" type="stmt"/>
        <line num="37" count="2" type="stmt"/>
      </file>
      <file name="styles.tsx" path="D:\Engenharia de Software - UPE\5º PERÍODO\Projeto I\Seja UPE\Seja-UPE\src\core\components\Accordion\styles.tsx">
        <metrics statements="14" coveredstatements="14" conditionals="2" coveredconditionals="1" methods="14" coveredmethods="14"/>
        <line num="17" count="42" type="stmt"/>
        <line num="20" count="2" type="stmt"/>
        <line num="22" count="2" type="stmt"/>
        <line num="25" count="42" type="stmt"/>
        <line num="36" count="2" type="stmt"/>
        <line num="37" count="2" type="stmt"/>
        <line num="38" count="2" type="stmt"/>
        <line num="41" count="42" type="stmt"/>
        <line num="43" count="2" type="stmt"/>
        <line num="44" count="2" type="cond" truecount="1" falsecount="1"/>
        <line num="47" count="42" type="stmt"/>
        <line num="51" count="1" type="stmt"/>
        <line num="54" count="42" type="stmt"/>
        <line num="60" count="1" type="stmt"/>
      </file>
    </package>
    <package name="src.core.components.Avatar">
      <metrics statements="12" coveredstatements="12" conditionals="1" coveredconditionals="1" methods="10" coveredmethods="10"/>
      <file name="index.tsx" path="D:\Engenharia de Software - UPE\5º PERÍODO\Projeto I\Seja UPE\Seja-UPE\src\core\components\Avatar\index.tsx">
        <metrics statements="3" coveredstatements="3" conditionals="1" coveredconditionals="1" methods="1" coveredmethods="1"/>
        <line num="13" count="42" type="cond" truecount="1" falsecount="0"/>
        <line num="14" count="1" type="stmt"/>
        <line num="16" count="1" type="stmt"/>
      </file>
      <file name="styles.tsx" path="D:\Engenharia de Software - UPE\5º PERÍODO\Projeto I\Seja UPE\Seja-UPE\src\core\components\Avatar\styles.tsx">
        <metrics statements="9" coveredstatements="9" conditionals="0" coveredconditionals="0" methods="9" coveredmethods="9"/>
        <line num="9" count="42" type="stmt"/>
        <line num="10" count="1" type="stmt"/>
        <line num="11" count="1" type="stmt"/>
        <line num="12" count="1" type="stmt"/>
        <line num="13" count="1" type="stmt"/>
        <line num="20" count="42" type="stmt"/>
        <line num="21" count="1" type="stmt"/>
        <line num="22" count="1" type="stmt"/>
        <line num="23" count="1" type="stmt"/>
      </file>
    </package>
    <package name="src.core.components.Badge">
      <metrics statements="18" coveredstatements="17" conditionals="23" coveredconditionals="20" methods="12" coveredmethods="11"/>
      <file name="index.tsx" path="D:\Engenharia de Software - UPE\5º PERÍODO\Projeto I\Seja UPE\Seja-UPE\src\core\components\Badge\index.tsx">
        <metrics statements="8" coveredstatements="7" conditionals="19" coveredconditionals="17" methods="2" coveredmethods="1"/>
        <line num="21" count="42" type="stmt"/>
        <line num="22" count="6" type="stmt"/>
        <line num="24" count="6" type="cond" truecount="1" falsecount="0"/>
        <line num="25" count="6" type="stmt"/>
        <line num="26" count="6" type="stmt"/>
        <line num="28" count="6" type="cond" truecount="1" falsecount="1"/>
        <line num="29" count="0" type="stmt"/>
        <line num="31" count="6" type="stmt"/>
      </file>
      <file name="styles.tsx" path="D:\Engenharia de Software - UPE\5º PERÍODO\Projeto I\Seja UPE\Seja-UPE\src\core\components\Badge\styles.tsx">
        <metrics statements="10" coveredstatements="10" conditionals="4" coveredconditionals="3" methods="10" coveredmethods="10"/>
        <line num="17" count="42" type="stmt"/>
        <line num="18" count="6" type="stmt"/>
        <line num="19" count="6" type="stmt"/>
        <line num="24" count="6" type="stmt"/>
        <line num="27" count="6" type="stmt"/>
        <line num="28" count="6" type="cond" truecount="1" falsecount="1"/>
        <line num="31" count="42" type="stmt"/>
        <line num="32" count="6" type="stmt"/>
        <line num="33" count="6" type="stmt"/>
        <line num="35" count="6" type="cond" truecount="2" falsecount="0"/>
      </file>
    </package>
    <package name="src.core.components.Button">
      <metrics statements="7" coveredstatements="7" conditionals="2" coveredconditionals="1" methods="5" coveredmethods="5"/>
      <file name="index.tsx" path="D:\Engenharia de Software - UPE\5º PERÍODO\Projeto I\Seja UPE\Seja-UPE\src\core\components\Button\index.tsx">
        <metrics statements="3" coveredstatements="3" conditionals="2" coveredconditionals="1" methods="1" coveredmethods="1"/>
        <line num="15" count="42" type="stmt"/>
        <line num="16" count="2" type="stmt"/>
        <line num="18" count="2" type="stmt"/>
      </file>
      <file name="styles.tsx" path="D:\Engenharia de Software - UPE\5º PERÍODO\Projeto I\Seja UPE\Seja-UPE\src\core\components\Button\styles.tsx">
        <metrics statements="4" coveredstatements="4" conditionals="0" coveredconditionals="0" methods="4" coveredmethods="4"/>
        <line num="13" count="42" type="stmt"/>
        <line num="21" count="2" type="stmt"/>
        <line num="24" count="42" type="stmt"/>
        <line num="27" count="2" type="stmt"/>
      </file>
    </package>
    <package name="src.core.components.ButtonCourse">
      <metrics statements="9" coveredstatements="9" conditionals="2" coveredconditionals="2" methods="6" coveredmethods="5"/>
      <file name="index.tsx" path="D:\Engenharia de Software - UPE\5º PERÍODO\Projeto I\Seja UPE\Seja-UPE\src\core\components\ButtonCourse\index.tsx">
        <metrics statements="3" coveredstatements="3" conditionals="2" coveredconditionals="2" methods="2" coveredmethods="1"/>
        <line num="13" count="42" type="stmt"/>
        <line num="14" count="1" type="stmt"/>
        <line num="16" count="1" type="stmt"/>
      </file>
      <file name="styles.tsx" path="D:\Engenharia de Software - UPE\5º PERÍODO\Projeto I\Seja UPE\Seja-UPE\src\core\components\ButtonCourse\styles.tsx">
        <metrics statements="6" coveredstatements="6" conditionals="0" coveredconditionals="0" methods="4" coveredmethods="4"/>
        <line num="6" count="42" type="stmt"/>
        <line num="15" count="1" type="stmt"/>
        <line num="18" count="42" type="stmt"/>
        <line num="27" count="42" type="stmt"/>
        <line num="33" count="1" type="stmt"/>
        <line num="37" count="42" type="stmt"/>
      </file>
    </package>
    <package name="src.core.components.ButtonEvent">
      <metrics statements="8" coveredstatements="8" conditionals="2" coveredconditionals="2" methods="6" coveredmethods="5"/>
      <file name="index.tsx" path="D:\Engenharia de Software - UPE\5º PERÍODO\Projeto I\Seja UPE\Seja-UPE\src\core\components\ButtonEvent\index.tsx">
        <metrics statements="3" coveredstatements="3" conditionals="2" coveredconditionals="2" methods="2" coveredmethods="1"/>
        <line num="13" count="42" type="stmt"/>
        <line num="14" count="1" type="stmt"/>
        <line num="16" count="1" type="stmt"/>
      </file>
      <file name="styles.tsx" path="D:\Engenharia de Software - UPE\5º PERÍODO\Projeto I\Seja UPE\Seja-UPE\src\core\components\ButtonEvent\styles.tsx">
        <metrics statements="5" coveredstatements="5" conditionals="0" coveredconditionals="0" methods="4" coveredmethods="4"/>
        <line num="6" count="42" type="stmt"/>
        <line num="15" count="1" type="stmt"/>
        <line num="18" count="42" type="stmt"/>
        <line num="23" count="1" type="stmt"/>
        <line num="27" count="42" type="stmt"/>
      </file>
    </package>
    <package name="src.core.components.ButtonGoogle">
      <metrics statements="8" coveredstatements="8" conditionals="0" coveredconditionals="0" methods="5" coveredmethods="5"/>
      <file name="index.tsx" path="D:\Engenharia de Software - UPE\5º PERÍODO\Projeto I\Seja UPE\Seja-UPE\src\core\components\ButtonGoogle\index.tsx">
        <metrics statements="3" coveredstatements="3" conditionals="0" coveredconditionals="0" methods="1" coveredmethods="1"/>
        <line num="12" count="42" type="stmt"/>
        <line num="13" count="1" type="stmt"/>
        <line num="15" count="1" type="stmt"/>
      </file>
      <file name="styles.tsx" path="D:\Engenharia de Software - UPE\5º PERÍODO\Projeto I\Seja UPE\Seja-UPE\src\core\components\ButtonGoogle\styles.tsx">
        <metrics statements="5" coveredstatements="5" conditionals="0" coveredconditionals="0" methods="4" coveredmethods="4"/>
        <line num="5" count="42" type="stmt"/>
        <line num="15" count="1" type="stmt"/>
        <line num="19" count="42" type="stmt"/>
        <line num="22" count="1" type="stmt"/>
        <line num="25" count="42" type="stmt"/>
      </file>
    </package>
    <package name="src.core.components.ButtonLattes">
      <metrics statements="6" coveredstatements="6" conditionals="2" coveredconditionals="1" methods="4" coveredmethods="3"/>
      <file name="index.tsx" path="D:\Engenharia de Software - UPE\5º PERÍODO\Projeto I\Seja UPE\Seja-UPE\src\core\components\ButtonLattes\index.tsx">
        <metrics statements="3" coveredstatements="3" conditionals="2" coveredconditionals="1" methods="2" coveredmethods="1"/>
        <line num="11" count="42" type="stmt"/>
        <line num="12" count="1" type="stmt"/>
        <line num="14" count="1" type="stmt"/>
      </file>
      <file name="styles.tsx" path="D:\Engenharia de Software - UPE\5º PERÍODO\Projeto I\Seja UPE\Seja-UPE\src\core\components\ButtonLattes\styles.tsx">
        <metrics statements="3" coveredstatements="3" conditionals="0" coveredconditionals="0" methods="2" coveredmethods="2"/>
        <line num="5" count="42" type="stmt"/>
        <line num="7" count="1" type="stmt"/>
        <line num="17" count="42" type="stmt"/>
      </file>
    </package>
    <package name="src.core.components.ButtonLink">
      <metrics statements="7" coveredstatements="7" conditionals="6" coveredconditionals="6" methods="6" coveredmethods="5"/>
      <file name="index.tsx" path="D:\Engenharia de Software - UPE\5º PERÍODO\Projeto I\Seja UPE\Seja-UPE\src\core\components\ButtonLink\index.tsx">
        <metrics statements="3" coveredstatements="3" conditionals="6" coveredconditionals="6" methods="2" coveredmethods="1"/>
        <line num="15" count="42" type="stmt"/>
        <line num="16" count="1" type="stmt"/>
        <line num="18" count="1" type="stmt"/>
      </file>
      <file name="styles.tsx" path="D:\Engenharia de Software - UPE\5º PERÍODO\Projeto I\Seja UPE\Seja-UPE\src\core\components\ButtonLink\styles.tsx">
        <metrics statements="4" coveredstatements="4" conditionals="0" coveredconditionals="0" methods="4" coveredmethods="4"/>
        <line num="9" count="42" type="stmt"/>
        <line num="13" count="1" type="stmt"/>
        <line num="22" count="42" type="stmt"/>
        <line num="27" count="1" type="stmt"/>
      </file>
    </package>
    <package name="src.core.components.ButtonSocial">
      <metrics statements="8" coveredstatements="8" conditionals="4" coveredconditionals="3" methods="4" coveredmethods="3"/>
      <file name="index.tsx" path="D:\Engenharia de Software - UPE\5º PERÍODO\Projeto I\Seja UPE\Seja-UPE\src\core\components\ButtonSocial\index.tsx">
        <metrics statements="4" coveredstatements="4" conditionals="4" coveredconditionals="3" methods="2" coveredmethods="1"/>
        <line num="20" count="42" type="stmt"/>
        <line num="21" count="1" type="stmt"/>
        <line num="23" count="1" type="stmt"/>
        <line num="30" count="1" type="stmt"/>
      </file>
      <file name="styles.tsx" path="D:\Engenharia de Software - UPE\5º PERÍODO\Projeto I\Seja UPE\Seja-UPE\src\core\components\ButtonSocial\styles.tsx">
        <metrics statements="4" coveredstatements="4" conditionals="0" coveredconditionals="0" methods="2" coveredmethods="2"/>
        <line num="4" count="42" type="stmt"/>
        <line num="10" count="42" type="stmt"/>
        <line num="15" count="42" type="stmt"/>
        <line num="18" count="1" type="stmt"/>
      </file>
    </package>
    <package name="src.core.components.ButtonStep">
      <metrics statements="6" coveredstatements="6" conditionals="1" coveredconditionals="1" methods="4" coveredmethods="3"/>
      <file name="index.tsx" path="D:\Engenharia de Software - UPE\5º PERÍODO\Projeto I\Seja UPE\Seja-UPE\src\core\components\ButtonStep\index.tsx">
        <metrics statements="3" coveredstatements="3" conditionals="1" coveredconditionals="1" methods="2" coveredmethods="1"/>
        <line num="12" count="42" type="cond" truecount="1" falsecount="0"/>
        <line num="13" count="1" type="stmt"/>
        <line num="15" count="1" type="stmt"/>
      </file>
      <file name="styles.tsx" path="D:\Engenharia de Software - UPE\5º PERÍODO\Projeto I\Seja UPE\Seja-UPE\src\core\components\ButtonStep\styles.tsx">
        <metrics statements="3" coveredstatements="3" conditionals="0" coveredconditionals="0" methods="2" coveredmethods="2"/>
        <line num="4" count="42" type="stmt"/>
        <line num="12" count="42" type="stmt"/>
        <line num="15" count="1" type="stmt"/>
      </file>
    </package>
    <package name="src.core.components.ButtonSuggestion">
      <metrics statements="12" coveredstatements="12" conditionals="2" coveredconditionals="2" methods="10" coveredmethods="9"/>
      <file name="index.tsx" path="D:\Engenharia de Software - UPE\5º PERÍODO\Projeto I\Seja UPE\Seja-UPE\src\core\components\ButtonSuggestion\index.tsx">
        <metrics statements="3" coveredstatements="3" conditionals="2" coveredconditionals="2" methods="2" coveredmethods="1"/>
        <line num="14" count="42" type="stmt"/>
        <line num="15" count="1" type="stmt"/>
        <line num="16" count="1" type="stmt"/>
      </file>
      <file name="styles.tsx" path="D:\Engenharia de Software - UPE\5º PERÍODO\Projeto I\Seja UPE\Seja-UPE\src\core\components\ButtonSuggestion\styles.tsx">
        <metrics statements="9" coveredstatements="9" conditionals="0" coveredconditionals="0" methods="8" coveredmethods="8"/>
        <line num="5" count="42" type="stmt"/>
        <line num="14" count="1" type="stmt"/>
        <line num="17" count="42" type="stmt"/>
        <line num="26" count="42" type="stmt"/>
        <line num="32" count="1" type="stmt"/>
        <line num="35" count="42" type="stmt"/>
        <line num="36" count="1" type="stmt"/>
        <line num="43" count="42" type="stmt"/>
        <line num="46" count="1" type="stmt"/>
      </file>
    </package>
    <package name="src.core.components.ButtonWidget">
      <metrics statements="9" coveredstatements="9" conditionals="6" coveredconditionals="6" methods="7" coveredmethods="5"/>
      <file name="index.tsx" path="D:\Engenharia de Software - UPE\5º PERÍODO\Projeto I\Seja UPE\Seja-UPE\src\core\components\ButtonWidget\index.tsx">
        <metrics statements="3" coveredstatements="3" conditionals="6" coveredconditionals="6" methods="3" coveredmethods="1"/>
        <line num="14" count="42" type="stmt"/>
        <line num="15" count="1" type="stmt"/>
        <line num="17" count="1" type="stmt"/>
      </file>
      <file name="styles.tsx" path="D:\Engenharia de Software - UPE\5º PERÍODO\Projeto I\Seja UPE\Seja-UPE\src\core\components\ButtonWidget\styles.tsx">
        <metrics statements="6" coveredstatements="6" conditionals="0" coveredconditionals="0" methods="4" coveredmethods="4"/>
        <line num="4" count="42" type="stmt"/>
        <line num="12" count="42" type="stmt"/>
        <line num="15" count="1" type="stmt"/>
        <line num="21" count="42" type="stmt"/>
        <line num="26" count="1" type="stmt"/>
        <line num="29" count="42" type="stmt"/>
      </file>
    </package>
    <package name="src.core.components.CardBaloon">
      <metrics statements="10" coveredstatements="10" conditionals="8" coveredconditionals="4" methods="6" coveredmethods="6"/>
      <file name="index.tsx" path="D:\Engenharia de Software - UPE\5º PERÍODO\Projeto I\Seja UPE\Seja-UPE\src\core\components\CardBaloon\index.tsx">
        <metrics statements="3" coveredstatements="3" conditionals="8" coveredconditionals="4" methods="1" coveredmethods="1"/>
        <line num="18" count="42" type="stmt"/>
        <line num="19" count="1" type="stmt"/>
        <line num="21" count="1" type="stmt"/>
      </file>
      <file name="styles.tsx" path="D:\Engenharia de Software - UPE\5º PERÍODO\Projeto I\Seja UPE\Seja-UPE\src\core\components\CardBaloon\styles.tsx">
        <metrics statements="7" coveredstatements="7" conditionals="0" coveredconditionals="0" methods="5" coveredmethods="5"/>
        <line num="9" count="42" type="stmt"/>
        <line num="13" count="1" type="stmt"/>
        <line num="18" count="42" type="stmt"/>
        <line num="27" count="42" type="stmt"/>
        <line num="36" count="42" type="stmt"/>
        <line num="38" count="1" type="stmt"/>
        <line num="39" count="1" type="stmt"/>
      </file>
    </package>
    <package name="src.core.components.CardBaloonBottom">
      <metrics statements="7" coveredstatements="7" conditionals="2" coveredconditionals="1" methods="3" coveredmethods="3"/>
      <file name="index.tsx" path="D:\Engenharia de Software - UPE\5º PERÍODO\Projeto I\Seja UPE\Seja-UPE\src\core\components\CardBaloonBottom\index.tsx">
        <metrics statements="3" coveredstatements="3" conditionals="2" coveredconditionals="1" methods="1" coveredmethods="1"/>
        <line num="10" count="42" type="stmt"/>
        <line num="11" count="1" type="stmt"/>
        <line num="13" count="1" type="stmt"/>
      </file>
      <file name="styles.tsx" path="D:\Engenharia de Software - UPE\5º PERÍODO\Projeto I\Seja UPE\Seja-UPE\src\core\components\CardBaloonBottom\styles.tsx">
        <metrics statements="4" coveredstatements="4" conditionals="0" coveredconditionals="0" methods="2" coveredmethods="2"/>
        <line num="4" count="42" type="stmt"/>
        <line num="8" count="1" type="stmt"/>
        <line num="13" count="42" type="stmt"/>
        <line num="22" count="42" type="stmt"/>
      </file>
    </package>
    <package name="src.core.components.CardConcurrency">
      <metrics statements="8" coveredstatements="8" conditionals="0" coveredconditionals="0" methods="5" coveredmethods="5"/>
      <file name="index.tsx" path="D:\Engenharia de Software - UPE\5º PERÍODO\Projeto I\Seja UPE\Seja-UPE\src\core\components\CardConcurrency\index.tsx">
        <metrics statements="3" coveredstatements="3" conditionals="0" coveredconditionals="0" methods="1" coveredmethods="1"/>
        <line num="12" count="42" type="stmt"/>
        <line num="13" count="1" type="stmt"/>
        <line num="15" count="1" type="stmt"/>
      </file>
      <file name="styles.tsx" path="D:\Engenharia de Software - UPE\5º PERÍODO\Projeto I\Seja UPE\Seja-UPE\src\core\components\CardConcurrency\styles.tsx">
        <metrics statements="5" coveredstatements="5" conditionals="0" coveredconditionals="0" methods="4" coveredmethods="4"/>
        <line num="4" count="42" type="stmt"/>
        <line num="11" count="1" type="stmt"/>
        <line num="15" count="42" type="stmt"/>
        <line num="17" count="2" type="stmt"/>
        <line num="20" count="42" type="stmt"/>
      </file>
    </package>
    <package name="src.core.components.CardCourse">
      <metrics statements="11" coveredstatements="11" conditionals="2" coveredconditionals="1" methods="7" coveredmethods="7"/>
      <file name="index.tsx" path="D:\Engenharia de Software - UPE\5º PERÍODO\Projeto I\Seja UPE\Seja-UPE\src\core\components\CardCourse\index.tsx">
        <metrics statements="3" coveredstatements="3" conditionals="2" coveredconditionals="1" methods="1" coveredmethods="1"/>
        <line num="12" count="42" type="stmt"/>
        <line num="13" count="1" type="stmt"/>
        <line num="15" count="1" type="stmt"/>
      </file>
      <file name="styles.tsx" path="D:\Engenharia de Software - UPE\5º PERÍODO\Projeto I\Seja UPE\Seja-UPE\src\core\components\CardCourse\styles.tsx">
        <metrics statements="8" coveredstatements="8" conditionals="0" coveredconditionals="0" methods="6" coveredmethods="6"/>
        <line num="4" count="42" type="stmt"/>
        <line num="10" count="1" type="stmt"/>
        <line num="13" count="42" type="stmt"/>
        <line num="19" count="1" type="stmt"/>
        <line num="24" count="42" type="stmt"/>
        <line num="27" count="1" type="stmt"/>
        <line num="30" count="42" type="stmt"/>
        <line num="38" count="42" type="stmt"/>
      </file>
    </package>
    <package name="src.core.components.CardProfessor">
      <metrics statements="20" coveredstatements="20" conditionals="2" coveredconditionals="2" methods="12" coveredmethods="11"/>
      <file name="index.tsx" path="D:\Engenharia de Software - UPE\5º PERÍODO\Projeto I\Seja UPE\Seja-UPE\src\core\components\CardProfessor\index.tsx">
        <metrics statements="5" coveredstatements="5" conditionals="2" coveredconditionals="2" methods="4" coveredmethods="3"/>
        <line num="27" count="42" type="stmt"/>
        <line num="28" count="1" type="stmt"/>
        <line num="30" count="1" type="stmt"/>
        <line num="47" count="4" type="stmt"/>
        <line num="50" count="4" type="stmt"/>
      </file>
      <file name="styles.tsx" path="D:\Engenharia de Software - UPE\5º PERÍODO\Projeto I\Seja UPE\Seja-UPE\src\core\components\CardProfessor\styles.tsx">
        <metrics statements="15" coveredstatements="15" conditionals="0" coveredconditionals="0" methods="8" coveredmethods="8"/>
        <line num="4" count="42" type="stmt"/>
        <line num="5" count="1" type="stmt"/>
        <line num="11" count="42" type="stmt"/>
        <line num="12" count="1" type="stmt"/>
        <line num="21" count="42" type="stmt"/>
        <line num="23" count="1" type="stmt"/>
        <line num="26" count="42" type="stmt"/>
        <line num="34" count="42" type="stmt"/>
        <line num="44" count="42" type="stmt"/>
        <line num="50" count="42" type="stmt"/>
        <line num="58" count="42" type="stmt"/>
        <line num="63" count="42" type="stmt"/>
        <line num="64" count="1" type="stmt"/>
        <line num="69" count="42" type="stmt"/>
        <line num="73" count="42" type="stmt"/>
      </file>
    </package>
    <package name="src.core.components.CardSuggestion">
      <metrics statements="15" coveredstatements="15" conditionals="6" coveredconditionals="5" methods="11" coveredmethods="9"/>
      <file name="index.tsx" path="D:\Engenharia de Software - UPE\5º PERÍODO\Projeto I\Seja UPE\Seja-UPE\src\core\components\CardSuggestion\index.tsx">
        <metrics statements="4" coveredstatements="4" conditionals="6" coveredconditionals="5" methods="3" coveredmethods="1"/>
        <line num="15" count="42" type="stmt"/>
        <line num="16" count="1" type="stmt"/>
        <line num="18" count="1" type="cond" truecount="1" falsecount="1"/>
        <line num="19" count="1" type="stmt"/>
      </file>
      <file name="styles.tsx" path="D:\Engenharia de Software - UPE\5º PERÍODO\Projeto I\Seja UPE\Seja-UPE\src\core\components\CardSuggestion\styles.tsx">
        <metrics statements="11" coveredstatements="11" conditionals="0" coveredconditionals="0" methods="8" coveredmethods="8"/>
        <line num="4" count="42" type="stmt"/>
        <line num="9" count="1" type="stmt"/>
        <line num="13" count="42" type="stmt"/>
        <line num="18" count="1" type="stmt"/>
        <line num="22" count="42" type="stmt"/>
        <line num="24" count="1" type="stmt"/>
        <line num="27" count="42" type="stmt"/>
        <line num="38" count="42" type="stmt"/>
        <line num="43" count="42" type="stmt"/>
        <line num="45" count="1" type="stmt"/>
        <line num="48" count="42" type="stmt"/>
      </file>
    </package>
    <package name="src.core.components.CardVacancy">
      <metrics statements="7" coveredstatements="7" conditionals="0" coveredconditionals="0" methods="5" coveredmethods="5"/>
      <file name="index.tsx" path="D:\Engenharia de Software - UPE\5º PERÍODO\Projeto I\Seja UPE\Seja-UPE\src\core\components\CardVacancy\index.tsx">
        <metrics statements="3" coveredstatements="3" conditionals="0" coveredconditionals="0" methods="1" coveredmethods="1"/>
        <line num="10" count="42" type="stmt"/>
        <line num="11" count="1" type="stmt"/>
        <line num="13" count="1" type="stmt"/>
      </file>
      <file name="styles.tsx" path="D:\Engenharia de Software - UPE\5º PERÍODO\Projeto I\Seja UPE\Seja-UPE\src\core\components\CardVacancy\styles.tsx">
        <metrics statements="4" coveredstatements="4" conditionals="0" coveredconditionals="0" methods="4" coveredmethods="4"/>
        <line num="4" count="42" type="stmt"/>
        <line num="11" count="1" type="stmt"/>
        <line num="15" count="42" type="stmt"/>
        <line num="18" count="1" type="stmt"/>
      </file>
    </package>
    <package name="src.core.components.Carousel">
      <metrics statements="3" coveredstatements="3" conditionals="0" coveredconditionals="0" methods="1" coveredmethods="1"/>
      <file name="index.tsx" path="D:\Engenharia de Software - UPE\5º PERÍODO\Projeto I\Seja UPE\Seja-UPE\src\core\components\Carousel\index.tsx">
        <metrics statements="3" coveredstatements="3" conditionals="0" coveredconditionals="0" methods="1" coveredmethods="1"/>
        <line num="10" count="42" type="stmt"/>
        <line num="11" count="1" type="stmt"/>
        <line num="13" count="1" type="stmt"/>
      </file>
    </package>
    <package name="src.core.components.Chart">
      <metrics statements="14" coveredstatements="14" conditionals="2" coveredconditionals="1" methods="5" coveredmethods="5"/>
      <file name="index.tsx" path="D:\Engenharia de Software - UPE\5º PERÍODO\Projeto I\Seja UPE\Seja-UPE\src\core\components\Chart\index.tsx">
        <metrics statements="13" coveredstatements="13" conditionals="2" coveredconditionals="1" methods="5" coveredmethods="5"/>
        <line num="13" count="42" type="stmt"/>
        <line num="14" count="3" type="stmt"/>
        <line num="15" count="3" type="stmt"/>
        <line num="16" count="3" type="stmt"/>
        <line num="18" count="3" type="stmt"/>
        <line num="23" count="18" type="stmt"/>
        <line num="30" count="3" type="stmt"/>
        <line num="33" count="30" type="stmt"/>
        <line num="34" count="57" type="stmt"/>
        <line num="46" count="1" type="cond" truecount="1" falsecount="1"/>
        <line num="47" count="1" type="stmt"/>
        <line num="48" count="1" type="stmt"/>
        <line num="52" count="3" type="stmt"/>
      </file>
      <file name="styles.tsx" path="D:\Engenharia de Software - UPE\5º PERÍODO\Projeto I\Seja UPE\Seja-UPE\src\core\components\Chart\styles.tsx">
        <metrics statements="1" coveredstatements="1" conditionals="0" coveredconditionals="0" methods="0" coveredmethods="0"/>
        <line num="3" count="42" type="stmt"/>
      </file>
    </package>
    <package name="src.core.components.DividerConcurrency">
      <metrics statements="12" coveredstatements="12" conditionals="4" coveredconditionals="2" methods="6" coveredmethods="6"/>
      <file name="index.tsx" path="D:\Engenharia de Software - UPE\5º PERÍODO\Projeto I\Seja UPE\Seja-UPE\src\core\components\DividerConcurrency\index.tsx">
        <metrics statements="7" coveredstatements="7" conditionals="4" coveredconditionals="2" methods="2" coveredmethods="2"/>
        <line num="11" count="42" type="stmt"/>
        <line num="12" count="1" type="stmt"/>
        <line num="13" count="1" type="stmt"/>
        <line num="15" count="1" type="stmt"/>
        <line num="16" count="1" type="cond" truecount="1" falsecount="1"/>
        <line num="17" count="1" type="cond" truecount="1" falsecount="1"/>
        <line num="20" count="1" type="stmt"/>
      </file>
      <file name="styles.tsx" path="D:\Engenharia de Software - UPE\5º PERÍODO\Projeto I\Seja UPE\Seja-UPE\src\core\components\DividerConcurrency\styles.tsx">
        <metrics statements="5" coveredstatements="5" conditionals="0" coveredconditionals="0" methods="4" coveredmethods="4"/>
        <line num="4" count="42" type="stmt"/>
        <line num="13" count="1" type="stmt"/>
        <line num="16" count="42" type="stmt"/>
        <line num="21" count="42" type="stmt"/>
        <line num="26" count="1" type="stmt"/>
      </file>
    </package>
    <package name="src.core.components.Header">
      <metrics statements="29" coveredstatements="14" conditionals="12" coveredconditionals="0" methods="15" coveredmethods="3"/>
      <file name="index.tsx" path="D:\Engenharia de Software - UPE\5º PERÍODO\Projeto I\Seja UPE\Seja-UPE\src\core\components\Header\index.tsx">
        <metrics statements="16" coveredstatements="5" conditionals="10" coveredconditionals="0" methods="6" coveredmethods="1"/>
        <line num="19" count="42" type="stmt"/>
        <line num="20" count="1" type="stmt"/>
        <line num="21" count="1" type="stmt"/>
        <line num="22" count="1" type="stmt"/>
        <line num="25" count="0" type="cond" truecount="0" falsecount="2"/>
        <line num="26" count="0" type="stmt"/>
        <line num="27" count="0" type="cond" truecount="0" falsecount="2"/>
        <line num="28" count="0" type="stmt"/>
        <line num="29" count="0" type="stmt"/>
        <line num="33" count="0" type="cond" truecount="0" falsecount="2"/>
        <line num="37" count="0" type="cond" truecount="0" falsecount="2"/>
        <line num="38" count="0" type="cond" truecount="0" falsecount="2"/>
        <line num="39" count="0" type="stmt"/>
        <line num="42" count="1" type="stmt"/>
        <line num="64" count="0" type="stmt"/>
        <line num="67" count="0" type="stmt"/>
      </file>
      <file name="styles.tsx" path="D:\Engenharia de Software - UPE\5º PERÍODO\Projeto I\Seja UPE\Seja-UPE\src\core\components\Header\styles.tsx">
        <metrics statements="13" coveredstatements="9" conditionals="2" coveredconditionals="0" methods="9" coveredmethods="2"/>
        <line num="9" count="42" type="stmt"/>
        <line num="15" count="1" type="stmt"/>
        <line num="20" count="42" type="stmt"/>
        <line num="24" count="42" type="stmt"/>
        <line num="32" count="42" type="stmt"/>
        <line num="40" count="42" type="stmt"/>
        <line num="44" count="0" type="stmt"/>
        <line num="47" count="42" type="stmt"/>
        <line num="53" count="0" type="stmt"/>
        <line num="54" count="0" type="cond" truecount="0" falsecount="2"/>
        <line num="57" count="42" type="stmt"/>
        <line num="62" count="42" type="stmt"/>
        <line num="63" count="0" type="stmt"/>
      </file>
    </package>
    <package name="src.core.components.HorizontalContent">
      <metrics statements="3" coveredstatements="3" conditionals="0" coveredconditionals="0" methods="1" coveredmethods="1"/>
      <file name="index.tsx" path="D:\Engenharia de Software - UPE\5º PERÍODO\Projeto I\Seja UPE\Seja-UPE\src\core\components\HorizontalContent\index.tsx">
        <metrics statements="2" coveredstatements="2" conditionals="0" coveredconditionals="0" methods="1" coveredmethods="1"/>
        <line num="10" count="42" type="stmt"/>
        <line num="11" count="2" type="stmt"/>
      </file>
      <file name="styles.tsx" path="D:\Engenharia de Software - UPE\5º PERÍODO\Projeto I\Seja UPE\Seja-UPE\src\core\components\HorizontalContent\styles.tsx">
        <metrics statements="1" coveredstatements="1" conditionals="0" coveredconditionals="0" methods="0" coveredmethods="0"/>
        <line num="3" count="42" type="stmt"/>
      </file>
    </package>
    <package name="src.core.components.MapView">
      <metrics statements="8" coveredstatements="8" conditionals="4" coveredconditionals="4" methods="5" coveredmethods="5"/>
      <file name="custom.tsx" path="D:\Engenharia de Software - UPE\5º PERÍODO\Projeto I\Seja UPE\Seja-UPE\src\core\components\MapView\custom.tsx">
        <metrics statements="1" coveredstatements="1" conditionals="0" coveredconditionals="0" methods="0" coveredmethods="0"/>
        <line num="1" count="42" type="stmt"/>
      </file>
      <file name="index.tsx" path="D:\Engenharia de Software - UPE\5º PERÍODO\Projeto I\Seja UPE\Seja-UPE\src\core\components\MapView\index.tsx">
        <metrics statements="3" coveredstatements="3" conditionals="4" coveredconditionals="4" methods="2" coveredmethods="2"/>
        <line num="22" count="42" type="stmt"/>
        <line num="24" count="1" type="stmt"/>
        <line num="28" count="1" type="stmt"/>
      </file>
      <file name="styles.tsx" path="D:\Engenharia de Software - UPE\5º PERÍODO\Projeto I\Seja UPE\Seja-UPE\src\core\components\MapView\styles.tsx">
        <metrics statements="4" coveredstatements="4" conditionals="0" coveredconditionals="0" methods="3" coveredmethods="3"/>
        <line num="9" count="42" type="stmt"/>
        <line num="11" count="1" type="stmt"/>
        <line num="12" count="1" type="stmt"/>
        <line num="15" count="42" type="stmt"/>
      </file>
    </package>
    <package name="src.core.components.Messages">
      <metrics statements="18" coveredstatements="11" conditionals="12" coveredconditionals="0" methods="13" coveredmethods="2"/>
      <file name="index.tsx" path="D:\Engenharia de Software - UPE\5º PERÍODO\Projeto I\Seja UPE\Seja-UPE\src\core\components\Messages\index.tsx">
        <metrics statements="7" coveredstatements="5" conditionals="4" coveredconditionals="0" methods="4" coveredmethods="2"/>
        <line num="20" count="42" type="stmt"/>
        <line num="21" count="5" type="stmt"/>
        <line num="22" count="5" type="stmt"/>
        <line num="24" count="5" type="stmt"/>
        <line num="27" count="9" type="stmt"/>
        <line num="28" count="0" type="stmt"/>
        <line num="32" count="0" type="stmt"/>
      </file>
      <file name="styles.tsx" path="D:\Engenharia de Software - UPE\5º PERÍODO\Projeto I\Seja UPE\Seja-UPE\src\core\components\Messages\styles.tsx">
        <metrics statements="11" coveredstatements="6" conditionals="8" coveredconditionals="0" methods="9" coveredmethods="0"/>
        <line num="8" count="42" type="stmt"/>
        <line num="13" count="42" type="stmt"/>
        <line num="14" count="0" type="cond" truecount="0" falsecount="2"/>
        <line num="22" count="42" type="stmt"/>
        <line num="23" count="0" type="cond" truecount="0" falsecount="2"/>
        <line num="28" count="42" type="stmt"/>
        <line num="31" count="0" type="cond" truecount="0" falsecount="2"/>
        <line num="33" count="0" type="cond" truecount="0" falsecount="2"/>
        <line num="36" count="42" type="stmt"/>
        <line num="43" count="42" type="stmt"/>
        <line num="48" count="0" type="stmt"/>
      </file>
    </package>
    <package name="src.core.components.ModalChat">
      <metrics statements="48" coveredstatements="38" conditionals="10" coveredconditionals="1" methods="23" coveredmethods="18"/>
      <file name="index.tsx" path="D:\Engenharia de Software - UPE\5º PERÍODO\Projeto I\Seja UPE\Seja-UPE\src\core\components\ModalChat\index.tsx">
        <metrics statements="30" coveredstatements="20" conditionals="10" coveredconditionals="1" methods="10" coveredmethods="5"/>
        <line num="35" count="42" type="stmt"/>
        <line num="36" count="4" type="stmt"/>
        <line num="38" count="4" type="stmt"/>
        <line num="39" count="4" type="stmt"/>
        <line num="40" count="4" type="stmt"/>
        <line num="41" count="4" type="stmt"/>
        <line num="42" count="4" type="stmt"/>
        <line num="43" count="4" type="stmt"/>
        <line num="45" count="4" type="stmt"/>
        <line num="47" count="4" type="stmt"/>
        <line num="48" count="1" type="stmt"/>
        <line num="51" count="4" type="stmt"/>
        <line num="52" count="1" type="stmt"/>
        <line num="53" count="1" type="stmt"/>
        <line num="56" count="4" type="stmt"/>
        <line num="57" count="1" type="stmt"/>
        <line num="58" count="1" type="stmt"/>
        <line num="59" count="0" type="stmt"/>
        <line num="63" count="4" type="stmt"/>
        <line num="64" count="2" type="cond" truecount="1" falsecount="1"/>
        <line num="65" count="0" type="stmt"/>
        <line num="69" count="0" type="stmt"/>
        <line num="70" count="0" type="stmt"/>
        <line num="74" count="0" type="cond" truecount="0" falsecount="2"/>
        <line num="75" count="0" type="stmt"/>
        <line num="81" count="0" type="stmt"/>
        <line num="86" count="0" type="stmt"/>
        <line num="87" count="0" type="stmt"/>
        <line num="90" count="4" type="stmt"/>
        <line num="117" count="0" type="stmt"/>
      </file>
      <file name="styles.tsx" path="D:\Engenharia de Software - UPE\5º PERÍODO\Projeto I\Seja UPE\Seja-UPE\src\core\components\ModalChat\styles.tsx">
        <metrics statements="18" coveredstatements="18" conditionals="0" coveredconditionals="0" methods="13" coveredmethods="13"/>
        <line num="5" count="42" type="stmt"/>
        <line num="13" count="42" type="stmt"/>
        <line num="24" count="4" type="stmt"/>
        <line num="27" count="42" type="stmt"/>
        <line num="32" count="42" type="stmt"/>
        <line num="38" count="42" type="stmt"/>
        <line num="44" count="4" type="stmt"/>
        <line num="47" count="42" type="stmt"/>
        <line num="49" count="4" type="stmt"/>
        <line num="52" count="42" type="stmt"/>
        <line num="54" count="4" type="stmt"/>
        <line num="55" count="4" type="stmt"/>
        <line num="57" count="4" type="stmt"/>
        <line num="60" count="42" type="stmt"/>
        <line num="66" count="4" type="stmt"/>
        <line num="73" count="42" type="stmt"/>
        <line num="79" count="42" type="stmt"/>
        <line num="86" count="42" type="stmt"/>
      </file>
    </package>
    <package name="src.core.components.ModalEvaluation">
      <metrics statements="37" coveredstatements="23" conditionals="14" coveredconditionals="7" methods="17" coveredmethods="8"/>
      <file name="index.tsx" path="D:\Engenharia de Software - UPE\5º PERÍODO\Projeto I\Seja UPE\Seja-UPE\src\core\components\ModalEvaluation\index.tsx">
        <metrics statements="24" coveredstatements="10" conditionals="14" coveredconditionals="7" methods="12" coveredmethods="3"/>
        <line num="29" count="42" type="stmt"/>
        <line num="30" count="1" type="stmt"/>
        <line num="31" count="1" type="stmt"/>
        <line num="32" count="1" type="stmt"/>
        <line num="33" count="1" type="stmt"/>
        <line num="34" count="1" type="stmt"/>
        <line num="36" count="1" type="stmt"/>
        <line num="38" count="1" type="stmt"/>
        <line num="41" count="0" type="cond" truecount="0" falsecount="2"/>
        <line num="42" count="0" type="stmt"/>
        <line num="43" count="0" type="stmt"/>
        <line num="44" count="0" type="stmt"/>
        <line num="45" count="0" type="stmt"/>
        <line num="46" count="0" type="stmt"/>
        <line num="51" count="0" type="cond" truecount="0" falsecount="2"/>
        <line num="52" count="0" type="stmt"/>
        <line num="53" count="0" type="stmt"/>
        <line num="54" count="0" type="stmt"/>
        <line num="55" count="0" type="stmt"/>
        <line num="56" count="0" type="stmt"/>
        <line num="60" count="1" type="stmt"/>
        <line num="85" count="0" type="stmt"/>
        <line num="93" count="0" type="stmt"/>
        <line num="131" count="5" type="stmt"/>
      </file>
      <file name="styles.tsx" path="D:\Engenharia de Software - UPE\5º PERÍODO\Projeto I\Seja UPE\Seja-UPE\src\core\components\ModalEvaluation\styles.tsx">
        <metrics statements="13" coveredstatements="13" conditionals="0" coveredconditionals="0" methods="5" coveredmethods="5"/>
        <line num="9" count="42" type="stmt"/>
        <line num="17" count="42" type="stmt"/>
        <line num="28" count="1" type="stmt"/>
        <line num="31" count="42" type="stmt"/>
        <line num="36" count="42" type="stmt"/>
        <line num="41" count="42" type="stmt"/>
        <line num="43" count="42" type="stmt"/>
        <line num="49" count="42" type="stmt"/>
        <line num="53" count="42" type="stmt"/>
        <line num="57" count="42" type="stmt"/>
        <line num="62" count="42" type="stmt"/>
        <line num="64" count="42" type="stmt"/>
        <line num="70" count="1" type="stmt"/>
      </file>
    </package>
    <package name="src.core.components.ModalWebView">
      <metrics statements="16" coveredstatements="14" conditionals="1" coveredconditionals="0" methods="7" coveredmethods="6"/>
      <file name="index.tsx" path="D:\Engenharia de Software - UPE\5º PERÍODO\Projeto I\Seja UPE\Seja-UPE\src\core\components\ModalWebView\index.tsx">
        <metrics statements="9" coveredstatements="7" conditionals="1" coveredconditionals="0" methods="3" coveredmethods="2"/>
        <line num="15" count="42" type="cond" truecount="0" falsecount="1"/>
        <line num="16" count="1" type="stmt"/>
        <line num="17" count="1" type="stmt"/>
        <line num="18" count="1" type="stmt"/>
        <line num="21" count="0" type="stmt"/>
        <line num="22" count="0" type="stmt"/>
        <line num="25" count="1" type="stmt"/>
        <line num="26" count="1" type="stmt"/>
        <line num="29" count="1" type="stmt"/>
      </file>
      <file name="styles.tsx" path="D:\Engenharia de Software - UPE\5º PERÍODO\Projeto I\Seja UPE\Seja-UPE\src\core\components\ModalWebView\styles.tsx">
        <metrics statements="7" coveredstatements="7" conditionals="0" coveredconditionals="0" methods="4" coveredmethods="4"/>
        <line num="5" count="42" type="stmt"/>
        <line num="12" count="1" type="stmt"/>
        <line num="15" count="42" type="stmt"/>
        <line num="16" count="1" type="stmt"/>
        <line num="22" count="42" type="stmt"/>
        <line num="28" count="42" type="stmt"/>
        <line num="32" count="42" type="stmt"/>
      </file>
    </package>
    <package name="src.core.components.MultiSlider">
      <metrics statements="27" coveredstatements="19" conditionals="10" coveredconditionals="3" methods="10" coveredmethods="3"/>
      <file name="index.tsx" path="D:\Engenharia de Software - UPE\5º PERÍODO\Projeto I\Seja UPE\Seja-UPE\src\core\components\MultiSlider\index.tsx">
        <metrics statements="22" coveredstatements="16" conditionals="8" coveredconditionals="3" methods="7" coveredmethods="3"/>
        <line num="21" count="42" type="stmt"/>
        <line num="22" count="4" type="stmt"/>
        <line num="23" count="4" type="stmt"/>
        <line num="25" count="4" type="stmt"/>
        <line num="26" count="4" type="stmt"/>
        <line num="27" count="4" type="stmt"/>
        <line num="28" count="4" type="stmt"/>
        <line num="30" count="4" type="stmt"/>
        <line num="31" count="4" type="stmt"/>
        <line num="34" count="2" type="cond" truecount="2" falsecount="0"/>
        <line num="35" count="1" type="stmt"/>
        <line num="36" count="2" type="cond" truecount="1" falsecount="1"/>
        <line num="37" count="2" type="stmt"/>
        <line num="42" count="0" type="stmt"/>
        <line num="43" count="0" type="stmt"/>
        <line num="47" count="0" type="cond" truecount="0" falsecount="2"/>
        <line num="48" count="0" type="cond" truecount="0" falsecount="2"/>
        <line num="51" count="4" type="stmt"/>
        <line num="52" count="2" type="stmt"/>
        <line num="55" count="4" type="stmt"/>
        <line num="72" count="0" type="stmt"/>
        <line num="79" count="0" type="stmt"/>
      </file>
      <file name="styles.tsx" path="D:\Engenharia de Software - UPE\5º PERÍODO\Projeto I\Seja UPE\Seja-UPE\src\core\components\MultiSlider\styles.tsx">
        <metrics statements="5" coveredstatements="3" conditionals="2" coveredconditionals="0" methods="3" coveredmethods="0"/>
        <line num="8" count="42" type="stmt"/>
        <line num="13" count="42" type="stmt"/>
        <line num="14" count="0" type="stmt"/>
        <line num="18" count="0" type="cond" truecount="0" falsecount="2"/>
        <line num="21" count="42" type="stmt"/>
      </file>
    </package>
    <package name="src.core.components.PageLayout">
      <metrics statements="20" coveredstatements="16" conditionals="8" coveredconditionals="5" methods="7" coveredmethods="3"/>
      <file name="index.tsx" path="D:\Engenharia de Software - UPE\5º PERÍODO\Projeto I\Seja UPE\Seja-UPE\src\core\components\PageLayout\index.tsx">
        <metrics statements="17" coveredstatements="13" conditionals="8" coveredconditionals="5" methods="7" coveredmethods="3"/>
        <line num="26" count="42" type="stmt"/>
        <line num="27" count="1" type="stmt"/>
        <line num="28" count="1" type="stmt"/>
        <line num="30" count="1" type="stmt"/>
        <line num="31" count="1" type="stmt"/>
        <line num="32" count="1" type="stmt"/>
        <line num="34" count="1" type="stmt"/>
        <line num="37" count="1" type="cond" truecount="1" falsecount="1"/>
        <line num="38" count="0" type="cond" truecount="0" falsecount="2"/>
        <line num="39" count="1" type="stmt"/>
        <line num="42" count="1" type="stmt"/>
        <line num="44" count="0" type="stmt"/>
        <line num="46" count="1" type="stmt"/>
        <line num="47" count="1" type="stmt"/>
        <line num="51" count="0" type="stmt"/>
        <line num="55" count="0" type="stmt"/>
        <line num="58" count="1" type="stmt"/>
      </file>
      <file name="styles.tsx" path="D:\Engenharia de Software - UPE\5º PERÍODO\Projeto I\Seja UPE\Seja-UPE\src\core\components\PageLayout\styles.tsx">
        <metrics statements="3" coveredstatements="3" conditionals="0" coveredconditionals="0" methods="0" coveredmethods="0"/>
        <line num="3" count="42" type="stmt"/>
        <line num="7" count="42" type="stmt"/>
        <line num="14" count="42" type="stmt"/>
      </file>
    </package>
    <package name="src.core.components.Paragraph">
      <metrics statements="12" coveredstatements="12" conditionals="15" coveredconditionals="10" methods="10" coveredmethods="10"/>
      <file name="index.tsx" path="D:\Engenharia de Software - UPE\5º PERÍODO\Projeto I\Seja UPE\Seja-UPE\src\core\components\Paragraph\index.tsx">
        <metrics statements="3" coveredstatements="3" conditionals="1" coveredconditionals="0" methods="1" coveredmethods="1"/>
        <line num="19" count="42" type="cond" truecount="0" falsecount="1"/>
        <line num="20" count="2" type="stmt"/>
        <line num="22" count="2" type="stmt"/>
      </file>
      <file name="styles.tsx" path="D:\Engenharia de Software - UPE\5º PERÍODO\Projeto I\Seja UPE\Seja-UPE\src\core\components\Paragraph\styles.tsx">
        <metrics statements="9" coveredstatements="9" conditionals="14" coveredconditionals="10" methods="9" coveredmethods="9"/>
        <line num="14" count="42" type="stmt"/>
        <line num="16" count="2" type="stmt"/>
        <line num="17" count="2" type="cond" truecount="1" falsecount="1"/>
        <line num="18" count="2" type="cond" truecount="2" falsecount="0"/>
        <line num="19" count="2" type="cond" truecount="2" falsecount="0"/>
        <line num="20" count="2" type="cond" truecount="1" falsecount="1"/>
        <line num="21" count="2" type="cond" truecount="2" falsecount="0"/>
        <line num="22" count="2" type="cond" truecount="1" falsecount="1"/>
        <line num="23" count="2" type="cond" truecount="1" falsecount="1"/>
      </file>
    </package>
    <package name="src.core.components.Progress">
      <metrics statements="13" coveredstatements="12" conditionals="2" coveredconditionals="1" methods="6" coveredmethods="6"/>
      <file name="index.tsx" path="D:\Engenharia de Software - UPE\5º PERÍODO\Projeto I\Seja UPE\Seja-UPE\src\core\components\Progress\index.tsx">
        <metrics statements="8" coveredstatements="7" conditionals="2" coveredconditionals="1" methods="2" coveredmethods="2"/>
        <line num="10" count="42" type="stmt"/>
        <line num="11" count="2" type="stmt"/>
        <line num="12" count="2" type="stmt"/>
        <line num="14" count="2" type="stmt"/>
        <line num="15" count="1" type="cond" truecount="1" falsecount="1"/>
        <line num="16" count="1" type="stmt"/>
        <line num="18" count="0" type="stmt"/>
        <line num="21" count="2" type="stmt"/>
      </file>
      <file name="styles.tsx" path="D:\Engenharia de Software - UPE\5º PERÍODO\Projeto I\Seja UPE\Seja-UPE\src\core\components\Progress\styles.tsx">
        <metrics statements="5" coveredstatements="5" conditionals="0" coveredconditionals="0" methods="4" coveredmethods="4"/>
        <line num="8" count="42" type="stmt"/>
        <line num="12" count="42" type="stmt"/>
        <line num="14" count="2" type="stmt"/>
        <line num="17" count="42" type="stmt"/>
        <line num="21" count="2" type="stmt"/>
      </file>
    </package>
    <package name="src.core.components.Radio">
      <metrics statements="18" coveredstatements="16" conditionals="0" coveredconditionals="0" methods="11" coveredmethods="7"/>
      <file name="index.tsx" path="D:\Engenharia de Software - UPE\5º PERÍODO\Projeto I\Seja UPE\Seja-UPE\src\core\components\Radio\index.tsx">
        <metrics statements="14" coveredstatements="13" conditionals="0" coveredconditionals="0" methods="7" coveredmethods="5"/>
        <line num="23" count="1" type="stmt"/>
        <line num="24" count="1" type="stmt"/>
        <line num="25" count="5" type="stmt"/>
        <line num="27" count="1" type="stmt"/>
        <line num="29" count="0" type="stmt"/>
        <line num="31" count="1" type="stmt"/>
        <line num="34" count="42" type="stmt"/>
        <line num="35" count="2" type="stmt"/>
        <line num="38" count="1" type="stmt"/>
        <line num="39" count="5" type="stmt"/>
        <line num="40" count="5" type="stmt"/>
        <line num="42" count="1" type="stmt"/>
        <line num="45" count="2" type="stmt"/>
        <line num="46" count="1" type="stmt"/>
      </file>
      <file name="styles.tsx" path="D:\Engenharia de Software - UPE\5º PERÍODO\Projeto I\Seja UPE\Seja-UPE\src\core\components\Radio\styles.tsx">
        <metrics statements="4" coveredstatements="3" conditionals="0" coveredconditionals="0" methods="4" coveredmethods="2"/>
        <line num="4" count="42" type="stmt"/>
        <line num="9" count="2" type="stmt"/>
        <line num="14" count="42" type="stmt"/>
        <line num="18" count="0" type="stmt"/>
      </file>
    </package>
    <package name="src.core.components.Render">
      <metrics statements="2" coveredstatements="2" conditionals="2" coveredconditionals="2" methods="1" coveredmethods="1"/>
      <file name="index.tsx" path="D:\Engenharia de Software - UPE\5º PERÍODO\Projeto I\Seja UPE\Seja-UPE\src\core\components\Render\index.tsx">
        <metrics statements="2" coveredstatements="2" conditionals="2" coveredconditionals="2" methods="1" coveredmethods="1"/>
        <line num="8" count="42" type="stmt"/>
        <line num="9" count="23" type="cond" truecount="2" falsecount="0"/>
      </file>
    </package>
    <package name="src.core.components.Select">
      <metrics statements="9" coveredstatements="5" conditionals="5" coveredconditionals="2" methods="3" coveredmethods="1"/>
      <file name="index.tsx" path="D:\Engenharia de Software - UPE\5º PERÍODO\Projeto I\Seja UPE\Seja-UPE\src\core\components\Select\index.tsx">
        <metrics statements="9" coveredstatements="5" conditionals="5" coveredconditionals="2" methods="3" coveredmethods="1"/>
        <line num="17" count="42" type="cond" truecount="1" falsecount="0"/>
        <line num="18" count="1" type="stmt"/>
        <line num="20" count="1" type="stmt"/>
        <line num="22" count="1" type="stmt"/>
        <line num="25" count="0" type="stmt"/>
        <line num="26" count="0" type="cond" truecount="0" falsecount="2"/>
        <line num="27" count="0" type="stmt"/>
        <line num="28" count="0" type="stmt"/>
        <line num="32" count="1" type="stmt"/>
      </file>
    </package>
    <package name="src.core.components.Spacer">
      <metrics statements="5" coveredstatements="5" conditionals="6" coveredconditionals="6" methods="1" coveredmethods="1"/>
      <file name="index.tsx" path="D:\Engenharia de Software - UPE\5º PERÍODO\Projeto I\Seja UPE\Seja-UPE\src\core\components\Spacer\index.tsx">
        <metrics statements="5" coveredstatements="5" conditionals="6" coveredconditionals="6" methods="1" coveredmethods="1"/>
        <line num="10" count="42" type="stmt"/>
        <line num="12" count="18" type="cond" truecount="2" falsecount="0"/>
        <line num="14" count="18" type="cond" truecount="2" falsecount="0"/>
        <line num="15" count="18" type="cond" truecount="2" falsecount="0"/>
        <line num="18" count="18" type="stmt"/>
      </file>
    </package>
    <package name="src.core.components.Title">
      <metrics statements="7" coveredstatements="7" conditionals="2" coveredconditionals="1" methods="4" coveredmethods="4"/>
      <file name="index.tsx" path="D:\Engenharia de Software - UPE\5º PERÍODO\Projeto I\Seja UPE\Seja-UPE\src\core\components\Title\index.tsx">
        <metrics statements="3" coveredstatements="3" conditionals="2" coveredconditionals="1" methods="1" coveredmethods="1"/>
        <line num="10" count="42" type="stmt"/>
        <line num="11" count="1" type="stmt"/>
        <line num="13" count="1" type="stmt"/>
      </file>
      <file name="styles.tsx" path="D:\Engenharia de Software - UPE\5º PERÍODO\Projeto I\Seja UPE\Seja-UPE\src\core\components\Title\styles.tsx">
        <metrics statements="4" coveredstatements="4" conditionals="0" coveredconditionals="0" methods="3" coveredmethods="3"/>
        <line num="8" count="42" type="stmt"/>
        <line num="13" count="42" type="stmt"/>
        <line num="16" count="1" type="stmt"/>
        <line num="17" count="1" type="stmt"/>
      </file>
    </package>
    <package name="src.core.components.TitleOutline">
      <metrics statements="11" coveredstatements="11" conditionals="5" coveredconditionals="2" methods="6" coveredmethods="6"/>
      <file name="index.tsx" path="D:\Engenharia de Software - UPE\5º PERÍODO\Projeto I\Seja UPE\Seja-UPE\src\core\components\TitleOutline\index.tsx">
        <metrics statements="3" coveredstatements="3" conditionals="3" coveredconditionals="1" methods="1" coveredmethods="1"/>
        <line num="15" count="42" type="cond" truecount="0" falsecount="1"/>
        <line num="16" count="1" type="stmt"/>
        <line num="18" count="1" type="stmt"/>
      </file>
      <file name="styles.tsx" path="D:\Engenharia de Software - UPE\5º PERÍODO\Projeto I\Seja UPE\Seja-UPE\src\core\components\TitleOutline\styles.tsx">
        <metrics statements="8" coveredstatements="8" conditionals="2" coveredconditionals="1" methods="5" coveredmethods="5"/>
        <line num="8" count="42" type="stmt"/>
        <line num="13" count="42" type="stmt"/>
        <line num="20" count="42" type="stmt"/>
        <line num="26" count="42" type="stmt"/>
        <line num="31" count="1" type="cond" truecount="1" falsecount="1"/>
        <line num="32" count="1" type="stmt"/>
        <line num="35" count="42" type="stmt"/>
        <line num="38" count="1" type="stmt"/>
      </file>
    </package>
    <package name="src.core.components.ToggleGroup">
      <metrics statements="17" coveredstatements="16" conditionals="10" coveredconditionals="7" methods="12" coveredmethods="11"/>
      <file name="index.tsx" path="D:\Engenharia de Software - UPE\5º PERÍODO\Projeto I\Seja UPE\Seja-UPE\src\core\components\ToggleGroup\index.tsx">
        <metrics statements="10" coveredstatements="9" conditionals="6" coveredconditionals="3" methods="5" coveredmethods="4"/>
        <line num="10" count="42" type="stmt"/>
        <line num="11" count="2" type="cond" truecount="1" falsecount="1"/>
        <line num="12" count="2" type="stmt"/>
        <line num="14" count="2" type="stmt"/>
        <line num="15" count="2" type="cond" truecount="1" falsecount="1"/>
        <line num="19" count="1" type="cond" truecount="1" falsecount="1"/>
        <line num="20" count="1" type="stmt"/>
        <line num="23" count="2" type="stmt"/>
        <line num="25" count="1" type="stmt"/>
        <line num="28" count="0" type="stmt"/>
      </file>
      <file name="styles.tsx" path="D:\Engenharia de Software - UPE\5º PERÍODO\Projeto I\Seja UPE\Seja-UPE\src\core\components\ToggleGroup\styles.tsx">
        <metrics statements="7" coveredstatements="7" conditionals="4" coveredconditionals="4" methods="7" coveredmethods="7"/>
        <line num="13" count="42" type="stmt"/>
        <line num="18" count="2" type="stmt"/>
        <line num="19" count="2" type="stmt"/>
        <line num="28" count="42" type="stmt"/>
        <line num="34" count="4" type="cond" truecount="2" falsecount="0"/>
        <line num="37" count="42" type="stmt"/>
        <line num="39" count="4" type="cond" truecount="2" falsecount="0"/>
      </file>
    </package>
    <package name="src.core.components.ToggleView">
      <metrics statements="10" coveredstatements="10" conditionals="2" coveredconditionals="1" methods="5" coveredmethods="5"/>
      <file name="index.tsx" path="D:\Engenharia de Software - UPE\5º PERÍODO\Projeto I\Seja UPE\Seja-UPE\src\core\components\ToggleView\index.tsx">
        <metrics statements="8" coveredstatements="8" conditionals="2" coveredconditionals="1" methods="3" coveredmethods="3"/>
        <line num="13" count="42" type="stmt"/>
        <line num="14" count="3" type="stmt"/>
        <line num="15" count="3" type="stmt"/>
        <line num="17" count="3" type="stmt"/>
        <line num="20" count="1" type="cond" truecount="1" falsecount="1"/>
        <line num="21" count="1" type="stmt"/>
        <line num="22" count="1" type="stmt"/>
        <line num="25" count="3" type="stmt"/>
      </file>
      <file name="styles.tsx" path="D:\Engenharia de Software - UPE\5º PERÍODO\Projeto I\Seja UPE\Seja-UPE\src\core\components\ToggleView\styles.tsx">
        <metrics statements="2" coveredstatements="2" conditionals="0" coveredconditionals="0" methods="2" coveredmethods="2"/>
        <line num="5" count="42" type="stmt"/>
        <line num="11" count="3" type="stmt"/>
      </file>
    </package>
    <package name="src.core.components.VerticalContent">
      <metrics statements="3" coveredstatements="3" conditionals="0" coveredconditionals="0" methods="1" coveredmethods="1"/>
      <file name="index.tsx" path="D:\Engenharia de Software - UPE\5º PERÍODO\Projeto I\Seja UPE\Seja-UPE\src\core\components\VerticalContent\index.tsx">
        <metrics statements="2" coveredstatements="2" conditionals="0" coveredconditionals="0" methods="1" coveredmethods="1"/>
        <line num="10" count="42" type="stmt"/>
        <line num="11" count="2" type="stmt"/>
      </file>
      <file name="styles.tsx" path="D:\Engenharia de Software - UPE\5º PERÍODO\Projeto I\Seja UPE\Seja-UPE\src\core\components\VerticalContent\styles.tsx">
        <metrics statements="1" coveredstatements="1" conditionals="0" coveredconditionals="0" methods="0" coveredmethods="0"/>
        <line num="3" count="42" type="stmt"/>
      </file>
    </package>
    <package name="src.core.config">
      <metrics statements="7" coveredstatements="7" conditionals="0" coveredconditionals="0" methods="0" coveredmethods="0"/>
      <file name="Api.tsx" path="D:\Engenharia de Software - UPE\5º PERÍODO\Projeto I\Seja UPE\Seja-UPE\src\core\config\Api.tsx">
        <metrics statements="2" coveredstatements="2" conditionals="0" coveredconditionals="0" methods="0" coveredmethods="0"/>
        <line num="2" count="42" type="stmt"/>
        <line num="3" count="42" type="stmt"/>
      </file>
      <file name="App.tsx" path="D:\Engenharia de Software - UPE\5º PERÍODO\Projeto I\Seja UPE\Seja-UPE\src\core\config\App.tsx">
        <metrics statements="2" coveredstatements="2" conditionals="0" coveredconditionals="0" methods="0" coveredmethods="0"/>
        <line num="1" count="42" type="stmt"/>
        <line num="2" count="42" type="stmt"/>
      </file>
      <file name="OAuth2.tsx" path="D:\Engenharia de Software - UPE\5º PERÍODO\Projeto I\Seja UPE\Seja-UPE\src\core\config\OAuth2.tsx">
        <metrics statements="2" coveredstatements="2" conditionals="0" coveredconditionals="0" methods="0" coveredmethods="0"/>
        <line num="1" count="42" type="stmt"/>
        <line num="2" count="42" type="stmt"/>
      </file>
      <file name="Survey.tsx" path="D:\Engenharia de Software - UPE\5º PERÍODO\Projeto I\Seja UPE\Seja-UPE\src\core\config\Survey.tsx">
        <metrics statements="1" coveredstatements="1" conditionals="0" coveredconditionals="0" methods="0" coveredmethods="0"/>
        <line num="17" count="42" type="stmt"/>
      </file>
      <file name="index.tsx" path="D:\Engenharia de Software - UPE\5º PERÍODO\Projeto I\Seja UPE\Seja-UPE\src\core\config\index.tsx">
        <metrics statements="0" coveredstatements="0" conditionals="0" coveredconditionals="0" methods="0" coveredmethods="0"/>
      </file>
    </package>
    <package name="src.core.hooks">
      <metrics statements="166" coveredstatements="24" conditionals="55" coveredconditionals="7" methods="81" coveredmethods="9"/>
      <file name="Api.tsx" path="D:\Engenharia de Software - UPE\5º PERÍODO\Projeto I\Seja UPE\Seja-UPE\src\core\hooks\Api.tsx">
        <metrics statements="47" coveredstatements="0" conditionals="2" coveredconditionals="0" methods="29" coveredmethods="0"/>
        <line num="190" count="0" type="stmt"/>
        <line num="193" count="0" type="cond" truecount="0" falsecount="2"/>
        <line num="194" count="0" type="stmt"/>
        <line num="195" count="0" type="stmt"/>
        <line num="197" count="0" type="stmt"/>
        <line num="200" count="0" type="stmt"/>
        <line num="202" count="0" type="stmt"/>
        <line num="207" count="0" type="stmt"/>
        <line num="212" count="0" type="stmt"/>
        <line num="214" count="0" type="stmt"/>
        <line num="216" count="0" type="stmt"/>
        <line num="221" count="0" type="stmt"/>
        <line num="223" count="0" type="stmt"/>
        <line num="227" count="0" type="stmt"/>
        <line num="232" count="0" type="stmt"/>
        <line num="234" count="0" type="stmt"/>
        <line num="238" count="0" type="stmt"/>
        <line num="243" count="0" type="stmt"/>
        <line num="245" count="0" type="stmt"/>
        <line num="249" count="0" type="stmt"/>
        <line num="254" count="0" type="stmt"/>
        <line num="256" count="0" type="stmt"/>
        <line num="260" count="0" type="stmt"/>
        <line num="265" count="0" type="stmt"/>
        <line num="267" count="0" type="stmt"/>
        <line num="269" count="0" type="stmt"/>
        <line num="274" count="0" type="stmt"/>
        <line num="276" count="0" type="stmt"/>
        <line num="280" count="0" type="stmt"/>
        <line num="285" count="0" type="stmt"/>
        <line num="287" count="0" type="stmt"/>
        <line num="292" count="0" type="stmt"/>
        <line num="297" count="0" type="stmt"/>
        <line num="299" count="0" type="stmt"/>
        <line num="301" count="0" type="stmt"/>
        <line num="306" count="0" type="stmt"/>
        <line num="308" count="0" type="stmt"/>
        <line num="312" count="0" type="stmt"/>
        <line num="317" count="0" type="stmt"/>
        <line num="319" count="0" type="stmt"/>
        <line num="321" count="0" type="stmt"/>
        <line num="326" count="0" type="stmt"/>
        <line num="328" count="0" type="stmt"/>
        <line num="332" count="0" type="stmt"/>
        <line num="337" count="0" type="stmt"/>
        <line num="339" count="0" type="stmt"/>
        <line num="343" count="0" type="stmt"/>
      </file>
      <file name="Campus.tsx" path="D:\Engenharia de Software - UPE\5º PERÍODO\Projeto I\Seja UPE\Seja-UPE\src\core\hooks\Campus.tsx">
        <metrics statements="6" coveredstatements="0" conditionals="2" coveredconditionals="0" methods="2" coveredmethods="0"/>
        <line num="7" count="0" type="stmt"/>
        <line num="8" count="0" type="stmt"/>
        <line num="10" count="0" type="stmt"/>
        <line num="11" count="0" type="cond" truecount="0" falsecount="2"/>
        <line num="12" count="0" type="stmt"/>
        <line num="15" count="0" type="stmt"/>
      </file>
      <file name="Chat.tsx" path="D:\Engenharia de Software - UPE\5º PERÍODO\Projeto I\Seja UPE\Seja-UPE\src\core\hooks\Chat.tsx">
        <metrics statements="14" coveredstatements="5" conditionals="4" coveredconditionals="0" methods="9" coveredmethods="2"/>
        <line num="10" count="4" type="stmt"/>
        <line num="11" count="4" type="stmt"/>
        <line num="13" count="4" type="stmt"/>
        <line num="15" count="0" type="stmt"/>
        <line num="16" count="0" type="stmt"/>
        <line num="17" count="0" type="stmt"/>
        <line num="19" count="0" type="stmt"/>
        <line num="20" count="0" type="stmt"/>
        <line num="21" count="0" type="cond" truecount="0" falsecount="2"/>
        <line num="29" count="0" type="stmt"/>
        <line num="34" count="1" type="stmt"/>
        <line num="38" count="0" type="cond" truecount="0" falsecount="2"/>
        <line num="39" count="0" type="stmt"/>
        <line num="42" count="4" type="stmt"/>
      </file>
      <file name="Evaluation.tsx" path="D:\Engenharia de Software - UPE\5º PERÍODO\Projeto I\Seja UPE\Seja-UPE\src\core\hooks\Evaluation.tsx">
        <metrics statements="10" coveredstatements="0" conditionals="6" coveredconditionals="0" methods="5" coveredmethods="0"/>
        <line num="20" count="0" type="stmt"/>
        <line num="21" count="0" type="stmt"/>
        <line num="23" count="0" type="stmt"/>
        <line num="24" count="0" type="stmt"/>
        <line num="28" count="0" type="cond" truecount="0" falsecount="2"/>
        <line num="29" count="0" type="stmt"/>
        <line num="30" count="0" type="stmt"/>
        <line num="34" count="0" type="cond" truecount="0" falsecount="2"/>
        <line num="35" count="0" type="cond" truecount="0" falsecount="2"/>
        <line num="38" count="0" type="stmt"/>
      </file>
      <file name="Global.tsx" path="D:\Engenharia de Software - UPE\5º PERÍODO\Projeto I\Seja UPE\Seja-UPE\src\core\hooks\Global.tsx">
        <metrics statements="4" coveredstatements="4" conditionals="2" coveredconditionals="1" methods="1" coveredmethods="1"/>
        <line num="5" count="4" type="stmt"/>
        <line num="6" count="4" type="cond" truecount="1" falsecount="1"/>
        <line num="7" count="4" type="stmt"/>
        <line num="8" count="4" type="stmt"/>
      </file>
      <file name="Google.tsx" path="D:\Engenharia de Software - UPE\5º PERÍODO\Projeto I\Seja UPE\Seja-UPE\src\core\hooks\Google.tsx">
        <metrics statements="3" coveredstatements="0" conditionals="0" coveredconditionals="0" methods="3" coveredmethods="0"/>
        <line num="9" count="0" type="stmt"/>
        <line num="10" count="0" type="stmt"/>
        <line num="13" count="0" type="stmt"/>
      </file>
      <file name="Lifecycle.tsx" path="D:\Engenharia de Software - UPE\5º PERÍODO\Projeto I\Seja UPE\Seja-UPE\src\core\hooks\Lifecycle.tsx">
        <metrics statements="8" coveredstatements="4" conditionals="4" coveredconditionals="1" methods="4" coveredmethods="2"/>
        <line num="5" count="1" type="stmt"/>
        <line num="6" count="1" type="stmt"/>
        <line num="7" count="1" type="cond" truecount="1" falsecount="1"/>
        <line num="8" count="1" type="stmt"/>
        <line num="13" count="0" type="stmt"/>
        <line num="14" count="0" type="stmt"/>
        <line num="15" count="0" type="cond" truecount="0" falsecount="2"/>
        <line num="16" count="0" type="stmt"/>
      </file>
      <file name="Request.tsx" path="D:\Engenharia de Software - UPE\5º PERÍODO\Projeto I\Seja UPE\Seja-UPE\src\core\hooks\Request.tsx">
        <metrics statements="37" coveredstatements="0" conditionals="23" coveredconditionals="0" methods="8" coveredmethods="0"/>
        <line num="23" count="0" type="cond" truecount="0" falsecount="2"/>
        <line num="24" count="0" type="cond" truecount="0" falsecount="2"/>
        <line num="29" count="0" type="stmt"/>
        <line num="30" count="0" type="stmt"/>
        <line num="32" count="0" type="stmt"/>
        <line num="36" count="0" type="stmt"/>
        <line num="37" count="0" type="stmt"/>
        <line num="39" count="0" type="cond" truecount="0" falsecount="2"/>
        <line num="40" count="0" type="stmt"/>
        <line num="42" count="0" type="stmt"/>
        <line num="49" count="0" type="stmt"/>
        <line num="51" count="0" type="stmt"/>
        <line num="52" count="0" type="stmt"/>
        <line num="54" count="0" type="cond" truecount="0" falsecount="4"/>
        <line num="55" count="0" type="stmt"/>
        <line num="62" count="0" type="stmt"/>
        <line num="65" count="0" type="stmt"/>
        <line num="68" count="0" type="stmt"/>
        <line num="69" count="0" type="cond" truecount="0" falsecount="4"/>
        <line num="70" count="0" type="stmt"/>
        <line num="73" count="0" type="stmt"/>
        <line num="78" count="0" type="stmt"/>
        <line num="79" count="0" type="stmt"/>
        <line num="80" count="0" type="stmt"/>
        <line num="81" count="0" type="stmt"/>
        <line num="83" count="0" type="stmt"/>
        <line num="85" count="0" type="cond" truecount="0" falsecount="5"/>
        <line num="86" count="0" type="stmt"/>
        <line num="87" count="0" type="cond" truecount="0" falsecount="2"/>
        <line num="88" count="0" type="cond" truecount="0" falsecount="2"/>
        <line num="89" count="0" type="stmt"/>
        <line num="90" count="0" type="stmt"/>
        <line num="91" count="0" type="stmt"/>
        <line num="97" count="0" type="stmt"/>
        <line num="98" count="0" type="stmt"/>
        <line num="101" count="0" type="stmt"/>
        <line num="103" count="0" type="stmt"/>
      </file>
      <file name="Session.tsx" path="D:\Engenharia de Software - UPE\5º PERÍODO\Projeto I\Seja UPE\Seja-UPE\src\core\hooks\Session.tsx">
        <metrics statements="19" coveredstatements="7" conditionals="6" coveredconditionals="3" methods="11" coveredmethods="3"/>
        <line num="10" count="4" type="stmt"/>
        <line num="13" count="0" type="stmt"/>
        <line num="14" count="0" type="stmt"/>
        <line num="18" count="0" type="stmt"/>
        <line num="19" count="0" type="stmt"/>
        <line num="23" count="0" type="stmt"/>
        <line num="24" count="0" type="stmt"/>
        <line num="27" count="4" type="stmt"/>
        <line num="28" count="1" type="stmt"/>
        <line num="29" count="1" type="cond" truecount="1" falsecount="1"/>
        <line num="30" count="0" type="stmt"/>
        <line num="31" count="1" type="stmt"/>
        <line num="32" count="1" type="cond" truecount="2" falsecount="0"/>
        <line num="37" count="4" type="stmt"/>
        <line num="42" count="0" type="stmt"/>
        <line num="43" count="0" type="stmt"/>
        <line num="45" count="0" type="stmt"/>
        <line num="46" count="0" type="cond" truecount="0" falsecount="2"/>
        <line num="49" count="0" type="stmt"/>
      </file>
      <file name="Survey.tsx" path="D:\Engenharia de Software - UPE\5º PERÍODO\Projeto I\Seja UPE\Seja-UPE\src\core\hooks\Survey.tsx">
        <metrics statements="8" coveredstatements="0" conditionals="2" coveredconditionals="0" methods="4" coveredmethods="0"/>
        <line num="9" count="0" type="stmt"/>
        <line num="10" count="0" type="stmt"/>
        <line num="13" count="0" type="stmt"/>
        <line num="16" count="0" type="stmt"/>
        <line num="17" count="0" type="cond" truecount="0" falsecount="2"/>
        <line num="18" count="0" type="stmt"/>
        <line num="20" count="0" type="stmt"/>
        <line num="24" count="0" type="stmt"/>
      </file>
      <file name="Theme.tsx" path="D:\Engenharia de Software - UPE\5º PERÍODO\Projeto I\Seja UPE\Seja-UPE\src\core\hooks\Theme.tsx">
        <metrics statements="10" coveredstatements="4" conditionals="4" coveredconditionals="2" methods="5" coveredmethods="1"/>
        <line num="6" count="63" type="stmt"/>
        <line num="7" count="63" type="cond" truecount="1" falsecount="1"/>
        <line num="8" count="63" type="stmt"/>
        <line num="9" count="63" type="cond" truecount="1" falsecount="1"/>
        <line num="13" count="0" type="stmt"/>
        <line num="16" count="0" type="stmt"/>
        <line num="25" count="0" type="stmt"/>
        <line num="27" count="0" type="stmt"/>
        <line num="28" count="0" type="stmt"/>
        <line num="31" count="0" type="stmt"/>
      </file>
      <file name="index.tsx" path="D:\Engenharia de Software - UPE\5º PERÍODO\Projeto I\Seja UPE\Seja-UPE\src\core\hooks\index.tsx">
        <metrics statements="0" coveredstatements="0" conditionals="0" coveredconditionals="0" methods="0" coveredmethods="0"/>
      </file>
    </package>
    <package name="src.core.providers">
      <metrics statements="8" coveredstatements="8" conditionals="0" coveredconditionals="0" methods="3" coveredmethods="2"/>
      <file name="Global.tsx" path="D:\Engenharia de Software - UPE\5º PERÍODO\Projeto I\Seja UPE\Seja-UPE\src\core\providers\Global.tsx">
        <metrics statements="4" coveredstatements="4" conditionals="0" coveredconditionals="0" methods="2" coveredmethods="1"/>
        <line num="20" count="42" type="stmt"/>
        <line num="25" count="42" type="stmt"/>
        <line num="26" count="49" type="stmt"/>
        <line num="28" count="49" type="stmt"/>
      </file>
      <file name="Theme.tsx" path="D:\Engenharia de Software - UPE\5º PERÍODO\Projeto I\Seja UPE\Seja-UPE\src\core\providers\Theme.tsx">
        <metrics statements="4" coveredstatements="4" conditionals="0" coveredconditionals="0" methods="1" coveredmethods="1"/>
        <line num="40" count="42" type="stmt"/>
        <line num="42" count="42" type="stmt"/>
        <line num="43" count="48" type="stmt"/>
        <line num="45" count="48" type="stmt"/>
      </file>
      <file name="index.tsx" path="D:\Engenharia de Software - UPE\5º PERÍODO\Projeto I\Seja UPE\Seja-UPE\src\core\providers\index.tsx">
        <metrics statements="0" coveredstatements="0" conditionals="0" coveredconditionals="0" methods="0" coveredmethods="0"/>
      </file>
    </package>
    <package name="src.core.services">
      <metrics statements="54" coveredstatements="2" conditionals="19" coveredconditionals="0" methods="24" coveredmethods="0"/>
      <file name="Http.tsx" path="D:\Engenharia de Software - UPE\5º PERÍODO\Projeto I\Seja UPE\Seja-UPE\src\core\services\Http.tsx">
        <metrics statements="17" coveredstatements="1" conditionals="0" coveredconditionals="0" methods="16" coveredmethods="0"/>
        <line num="4" count="42" type="stmt"/>
        <line num="17" count="0" type="stmt"/>
        <line num="18" count="0" type="stmt"/>
        <line num="19" count="0" type="stmt"/>
        <line num="20" count="0" type="stmt"/>
        <line num="25" count="0" type="stmt"/>
        <line num="26" count="0" type="stmt"/>
        <line num="27" count="0" type="stmt"/>
        <line num="28" count="0" type="stmt"/>
        <line num="33" count="0" type="stmt"/>
        <line num="34" count="0" type="stmt"/>
        <line num="35" count="0" type="stmt"/>
        <line num="36" count="0" type="stmt"/>
        <line num="41" count="0" type="stmt"/>
        <line num="42" count="0" type="stmt"/>
        <line num="43" count="0" type="stmt"/>
        <line num="44" count="0" type="stmt"/>
      </file>
      <file name="Notification.tsx" path="D:\Engenharia de Software - UPE\5º PERÍODO\Projeto I\Seja UPE\Seja-UPE\src\core\services\Notification.tsx">
        <metrics statements="24" coveredstatements="1" conditionals="13" coveredconditionals="0" methods="4" coveredmethods="0"/>
        <line num="5" count="42" type="stmt"/>
        <line num="8" count="0" type="stmt"/>
        <line num="9" count="0" type="stmt"/>
        <line num="18" count="0" type="stmt"/>
        <line num="25" count="0" type="stmt"/>
        <line num="27" count="0" type="cond" truecount="0" falsecount="2"/>
        <line num="28" count="0" type="stmt"/>
        <line num="29" count="0" type="stmt"/>
        <line num="30" count="0" type="cond" truecount="0" falsecount="2"/>
        <line num="31" count="0" type="stmt"/>
        <line num="32" count="0" type="stmt"/>
        <line num="34" count="0" type="stmt"/>
        <line num="37" count="0" type="cond" truecount="0" falsecount="2"/>
        <line num="38" count="0" type="stmt"/>
        <line num="39" count="0" type="stmt"/>
        <line num="40" count="0" type="cond" truecount="0" falsecount="2"/>
        <line num="41" count="0" type="stmt"/>
        <line num="44" count="0" type="stmt"/>
        <line num="45" count="0" type="cond" truecount="0" falsecount="2"/>
        <line num="46" count="0" type="stmt"/>
        <line num="50" count="0" type="stmt"/>
        <line num="55" count="0" type="cond" truecount="0" falsecount="2"/>
        <line num="56" count="0" type="stmt"/>
        <line num="64" count="0" type="stmt"/>
      </file>
      <file name="OAuth2.tsx" path="D:\Engenharia de Software - UPE\5º PERÍODO\Projeto I\Seja UPE\Seja-UPE\src\core\services\OAuth2.tsx">
        <metrics statements="5" coveredstatements="0" conditionals="6" coveredconditionals="0" methods="1" coveredmethods="0"/>
        <line num="16" count="0" type="stmt"/>
        <line num="17" count="0" type="stmt"/>
        <line num="18" count="0" type="stmt"/>
        <line num="23" count="0" type="cond" truecount="0" falsecount="2"/>
        <line num="25" count="0" type="stmt"/>
      </file>
      <file name="Survey.tsx" path="D:\Engenharia de Software - UPE\5º PERÍODO\Projeto I\Seja UPE\Seja-UPE\src\core\services\Survey.tsx">
        <metrics statements="8" coveredstatements="0" conditionals="0" coveredconditionals="0" methods="3" coveredmethods="0"/>
        <line num="5" count="0" type="stmt"/>
        <line num="6" count="0" type="stmt"/>
        <line num="7" count="0" type="stmt"/>
        <line num="8" count="0" type="stmt"/>
        <line num="14" count="0" type="stmt"/>
        <line num="15" count="0" type="stmt"/>
        <line num="16" count="0" type="stmt"/>
        <line num="18" count="0" type="stmt"/>
      </file>
      <file name="index.tsx" path="D:\Engenharia de Software - UPE\5º PERÍODO\Projeto I\Seja UPE\Seja-UPE\src\core\services\index.tsx">
        <metrics statements="0" coveredstatements="0" conditionals="0" coveredconditionals="0" methods="0" coveredmethods="0"/>
      </file>
    </package>
    <package name="src.core.themes">
      <metrics statements="2" coveredstatements="2" conditionals="0" coveredconditionals="0" methods="0" coveredmethods="0"/>
      <file name="dark.palette.tsx" path="D:\Engenharia de Software - UPE\5º PERÍODO\Projeto I\Seja UPE\Seja-UPE\src\core\themes\dark.palette.tsx">
        <metrics statements="1" coveredstatements="1" conditionals="0" coveredconditionals="0" methods="0" coveredmethods="0"/>
        <line num="2" count="42" type="stmt"/>
      </file>
      <file name="index.tsx" path="D:\Engenharia de Software - UPE\5º PERÍODO\Projeto I\Seja UPE\Seja-UPE\src\core\themes\index.tsx">
        <metrics statements="0" coveredstatements="0" conditionals="0" coveredconditionals="0" methods="0" coveredmethods="0"/>
      </file>
      <file name="light.palette.tsx" path="D:\Engenharia de Software - UPE\5º PERÍODO\Projeto I\Seja UPE\Seja-UPE\src\core\themes\light.palette.tsx">
        <metrics statements="1" coveredstatements="1" conditionals="0" coveredconditionals="0" methods="0" coveredmethods="0"/>
        <line num="2" count="42" type="stmt"/>
      </file>
    </package>
    <package name="src.pages.Survey">
      <metrics statements="6" coveredstatements="5" conditionals="0" coveredconditionals="0" methods="2" coveredmethods="0"/>
      <file name="styles.tsx" path="D:\Engenharia de Software - UPE\5º PERÍODO\Projeto I\Seja UPE\Seja-UPE\src\pages\Survey\styles.tsx">
        <metrics statements="6" coveredstatements="5" conditionals="0" coveredconditionals="0" methods="2" coveredmethods="0"/>
        <line num="4" count="1" type="stmt"/>
        <line num="11" count="1" type="stmt"/>
        <line num="17" count="0" type="stmt"/>
        <line num="21" count="1" type="stmt"/>
        <line num="25" count="1" type="stmt"/>
        <line num="30" count="1" type="stmt"/>
      </file>
    </package>
    <package name="tests.core">
      <metrics statements="4" coveredstatements="4" conditionals="0" coveredconditionals="0" methods="3" coveredmethods="3"/>
      <file name="index.tsx" path="D:\Engenharia de Software - UPE\5º PERÍODO\Projeto I\Seja UPE\Seja-UPE\tests\core\index.tsx">
        <metrics statements="4" coveredstatements="4" conditionals="0" coveredconditionals="0" methods="3" coveredmethods="3"/>
        <line num="13" count="42" type="stmt"/>
        <line num="14" count="48" type="stmt"/>
        <line num="26" count="47" type="stmt"/>
        <line num="27" count="42" type="stmt"/>
      </file>
    </package>
  </project>
</coverage>
