{"D:\\Engenharia de Software - UPE\\5º PERÍODO\\Projeto I\\Seja UPE\\Seja-UPE\\src\\assets\\index.tsx": {"path":"D:\\Engenharia de Software - UPE\\5º PERÍODO\\Projeto I\\Seja UPE\\Seja-UPE\\src\\assets\\index.tsx","statementMap":{"0":{"start":{"line":1,"column":46},"end":{"line":1,"column":78}},"1":{"start":{"line":2,"column":46},"end":{"line":2,"column":78}},"2":{"start":{"line":3,"column":46},"end":{"line":3,"column":81}},"3":{"start":{"line":4,"column":46},"end":{"line":4,"column":82}},"4":{"start":{"line":5,"column":46},"end":{"line":5,"column":84}},"5":{"start":{"line":6,"column":46},"end":{"line":6,"column":85}},"6":{"start":{"line":7,"column":46},"end":{"line":7,"column":86}},"7":{"start":{"line":8,"column":46},"end":{"line":8,"column":84}},"8":{"start":{"line":9,"column":46},"end":{"line":9,"column":75}},"9":{"start":{"line":10,"column":46},"end":{"line":10,"column":87}},"10":{"start":{"line":11,"column":46},"end":{"line":11,"column":88}},"11":{"start":{"line":12,"column":46},"end":{"line":12,"column":86}},"12":{"start":{"line":13,"column":46},"end":{"line":13,"column":86}},"13":{"start":{"line":14,"column":46},"end":{"line":14,"column":84}},"14":{"start":{"line":15,"column":46},"end":{"line":15,"column":87}},"15":{"start":{"line":16,"column":46},"end":{"line":16,"column":84}},"16":{"start":{"line":17,"column":46},"end":{"line":17,"column":88}},"17":{"start":{"line":18,"column":46},"end":{"line":18,"column":83}},"18":{"start":{"line":19,"column":46},"end":{"line":19,"column":82}},"19":{"start":{"line":20,"column":46},"end":{"line":20,"column":83}},"20":{"start":{"line":21,"column":46},"end":{"line":21,"column":85}},"21":{"start":{"line":22,"column":46},"end":{"line":22,"column":85}},"22":{"start":{"line":23,"column":46},"end":{"line":23,"column":89}},"23":{"start":{"line":24,"column":46},"end":{"line":24,"column":87}},"24":{"start":{"line":25,"column":46},"end":{"line":25,"column":93}},"25":{"start":{"line":26,"column":46},"end":{"line":26,"column":86}},"26":{"start":{"line":27,"column":46},"end":{"line":27,"column":86}},"27":{"start":{"line":28,"column":46},"end":{"line":28,"column":85}}},"fnMap":{},"branchMap":{},"s":{"0":1,"1":1,"2":1,"3":1,"4":1,"5":1,"6":1,"7":1,"8":1,"9":1,"10":1,"11":1,"12":1,"13":1,"14":1,"15":1,"16":1,"17":1,"18":1,"19":1,"20":1,"21":1,"22":1,"23":1,"24":1,"25":1,"26":1,"27":1},"f":{},"b":{},"_coverageSchema":"1a1c01bbd47fc00a2c39e90264f33305004495a9","hash":"347c78d94b92c0a79991fad6e98b4b26720d7a54"}
,"D:\\Engenharia de Software - UPE\\5º PERÍODO\\Projeto I\\Seja UPE\\Seja-UPE\\src\\assets\\res_cap_icon.png": {"path":"D:\\Engenharia de Software - UPE\\5º PERÍODO\\Projeto I\\Seja UPE\\Seja-UPE\\src\\assets\\res_cap_icon.png","statementMap":{"0":{"start":{"line":1,"column":0},"end":{"line":1,"column":19}}},"fnMap":{},"branchMap":{},"s":{"0":1},"f":{},"b":{},"inputSourceMap":null,"_coverageSchema":"1a1c01bbd47fc00a2c39e90264f33305004495a9","hash":"e538e5415bf91e7b4831ce19bf46abeecce5dad5"}
,"D:\\Engenharia de Software - UPE\\5º PERÍODO\\Projeto I\\Seja UPE\\Seja-UPE\\src\\assets\\res_card_course_logo.png": {"path":"D:\\Engenharia de Software - UPE\\5º PERÍODO\\Projeto I\\Seja UPE\\Seja-UPE\\src\\assets\\res_card_course_logo.png","statementMap":{"0":{"start":{"line":1,"column":0},"end":{"line":1,"column":19}}},"fnMap":{},"branchMap":{},"s":{"0":1},"f":{},"b":{},"inputSourceMap":null,"_coverageSchema":"1a1c01bbd47fc00a2c39e90264f33305004495a9","hash":"b4b6c661a1a2100f001c86aa72bac479aa6bcf39"}
,"D:\\Engenharia de Software - UPE\\5º PERÍODO\\Projeto I\\Seja UPE\\Seja-UPE\\src\\assets\\res_google_logo.png": {"path":"D:\\Engenharia de Software - UPE\\5º PERÍODO\\Projeto I\\Seja UPE\\Seja-UPE\\src\\assets\\res_google_logo.png","statementMap":{"0":{"start":{"line":1,"column":0},"end":{"line":1,"column":19}}},"fnMap":{},"branchMap":{},"s":{"0":1},"f":{},"b":{},"inputSourceMap":null,"_coverageSchema":"1a1c01bbd47fc00a2c39e90264f33305004495a9","hash":"f078376064dbe02fbe4463090445deb3c37cf703"}
,"D:\\Engenharia de Software - UPE\\5º PERÍODO\\Projeto I\\Seja UPE\\Seja-UPE\\src\\assets\\res_header_logo.png": {"path":"D:\\Engenharia de Software - UPE\\5º PERÍODO\\Projeto I\\Seja UPE\\Seja-UPE\\src\\assets\\res_header_logo.png","statementMap":{"0":{"start":{"line":1,"column":0},"end":{"line":1,"column":19}}},"fnMap":{},"branchMap":{},"s":{"0":1},"f":{},"b":{},"inputSourceMap":null,"_coverageSchema":"1a1c01bbd47fc00a2c39e90264f33305004495a9","hash":"26c94bc2274cec0a113c1ead1b0cadee9b786e1e"}
,"D:\\Engenharia de Software - UPE\\5º PERÍODO\\Projeto I\\Seja UPE\\Seja-UPE\\src\\assets\\res_lattes_white_logo.png": {"path":"D:\\Engenharia de Software - UPE\\5º PERÍODO\\Projeto I\\Seja UPE\\Seja-UPE\\src\\assets\\res_lattes_white_logo.png","statementMap":{"0":{"start":{"line":1,"column":0},"end":{"line":1,"column":19}}},"fnMap":{},"branchMap":{},"s":{"0":1},"f":{},"b":{},"inputSourceMap":null,"_coverageSchema":"1a1c01bbd47fc00a2c39e90264f33305004495a9","hash":"3de00b4c9dae6f57ef41ae3f614f84edd8b7d08f"}
,"D:\\Engenharia de Software - UPE\\5º PERÍODO\\Projeto I\\Seja UPE\\Seja-UPE\\src\\assets\\res_robot_asking_icon.png": {"path":"D:\\Engenharia de Software - UPE\\5º PERÍODO\\Projeto I\\Seja UPE\\Seja-UPE\\src\\assets\\res_robot_asking_icon.png","statementMap":{"0":{"start":{"line":1,"column":0},"end":{"line":1,"column":19}}},"fnMap":{},"branchMap":{},"s":{"0":1},"f":{},"b":{},"inputSourceMap":null,"_coverageSchema":"1a1c01bbd47fc00a2c39e90264f33305004495a9","hash":"d6febb00afc001193e6366b6ef34f2b51167b883"}
,"D:\\Engenharia de Software - UPE\\5º PERÍODO\\Projeto I\\Seja UPE\\Seja-UPE\\src\\assets\\res_robot_kind_icon.png": {"path":"D:\\Engenharia de Software - UPE\\5º PERÍODO\\Projeto I\\Seja UPE\\Seja-UPE\\src\\assets\\res_robot_kind_icon.png","statementMap":{"0":{"start":{"line":1,"column":0},"end":{"line":1,"column":19}}},"fnMap":{},"branchMap":{},"s":{"0":1},"f":{},"b":{},"inputSourceMap":null,"_coverageSchema":"1a1c01bbd47fc00a2c39e90264f33305004495a9","hash":"fda2cf5d58b453f8bf949517500f87b227d5c455"}
,"D:\\Engenharia de Software - UPE\\5º PERÍODO\\Projeto I\\Seja UPE\\Seja-UPE\\src\\assets\\res_robot_normal_icon.png": {"path":"D:\\Engenharia de Software - UPE\\5º PERÍODO\\Projeto I\\Seja UPE\\Seja-UPE\\src\\assets\\res_robot_normal_icon.png","statementMap":{"0":{"start":{"line":1,"column":0},"end":{"line":1,"column":19}}},"fnMap":{},"branchMap":{},"s":{"0":1},"f":{},"b":{},"inputSourceMap":null,"_coverageSchema":"1a1c01bbd47fc00a2c39e90264f33305004495a9","hash":"4a453e5670bd544fb8e132a197ba0becf414093d"}
,"D:\\Engenharia de Software - UPE\\5º PERÍODO\\Projeto I\\Seja UPE\\Seja-UPE\\src\\assets\\res_robot_questions_icon.png": {"path":"D:\\Engenharia de Software - UPE\\5º PERÍODO\\Projeto I\\Seja UPE\\Seja-UPE\\src\\assets\\res_robot_questions_icon.png","statementMap":{"0":{"start":{"line":1,"column":0},"end":{"line":1,"column":19}}},"fnMap":{},"branchMap":{},"s":{"0":1},"f":{},"b":{},"inputSourceMap":null,"_coverageSchema":"1a1c01bbd47fc00a2c39e90264f33305004495a9","hash":"81d385c8a95e010017a2bee8d6c5815eafd358f4"}
,"D:\\Engenharia de Software - UPE\\5º PERÍODO\\Projeto I\\Seja UPE\\Seja-UPE\\src\\assets\\res_robot_smile_down_icon.png": {"path":"D:\\Engenharia de Software - UPE\\5º PERÍODO\\Projeto I\\Seja UPE\\Seja-UPE\\src\\assets\\res_robot_smile_down_icon.png","statementMap":{"0":{"start":{"line":1,"column":0},"end":{"line":1,"column":19}}},"fnMap":{},"branchMap":{},"s":{"0":1},"f":{},"b":{},"inputSourceMap":null,"_coverageSchema":"1a1c01bbd47fc00a2c39e90264f33305004495a9","hash":"04b3eeef582d8d1bb24c033e5290a8d15e630d76"}
,"D:\\Engenharia de Software - UPE\\5º PERÍODO\\Projeto I\\Seja UPE\\Seja-UPE\\src\\assets\\res_robot_smile_icon.png": {"path":"D:\\Engenharia de Software - UPE\\5º PERÍODO\\Projeto I\\Seja UPE\\Seja-UPE\\src\\assets\\res_robot_smile_icon.png","statementMap":{"0":{"start":{"line":1,"column":0},"end":{"line":1,"column":19}}},"fnMap":{},"branchMap":{},"s":{"0":1},"f":{},"b":{},"inputSourceMap":null,"_coverageSchema":"1a1c01bbd47fc00a2c39e90264f33305004495a9","hash":"636963c7d3769c0d453d18fd27604d895d8b3ea9"}
,"D:\\Engenharia de Software - UPE\\5º PERÍODO\\Projeto I\\Seja UPE\\Seja-UPE\\src\\assets\\res_sisu_white_logo.png": {"path":"D:\\Engenharia de Software - UPE\\5º PERÍODO\\Projeto I\\Seja UPE\\Seja-UPE\\src\\assets\\res_sisu_white_logo.png","statementMap":{"0":{"start":{"line":1,"column":0},"end":{"line":1,"column":19}}},"fnMap":{},"branchMap":{},"s":{"0":1},"f":{},"b":{},"inputSourceMap":null,"_coverageSchema":"1a1c01bbd47fc00a2c39e90264f33305004495a9","hash":"a357aa2e58ed1870885371a7fac4f94c49b643e0"}
,"D:\\Engenharia de Software - UPE\\5º PERÍODO\\Projeto I\\Seja UPE\\Seja-UPE\\src\\assets\\res_social_facebook_icon.png": {"path":"D:\\Engenharia de Software - UPE\\5º PERÍODO\\Projeto I\\Seja UPE\\Seja-UPE\\src\\assets\\res_social_facebook_icon.png","statementMap":{"0":{"start":{"line":1,"column":0},"end":{"line":1,"column":19}}},"fnMap":{},"branchMap":{},"s":{"0":1},"f":{},"b":{},"inputSourceMap":null,"_coverageSchema":"1a1c01bbd47fc00a2c39e90264f33305004495a9","hash":"5caeff284424b9c8a34bce8a86e5e8d70ab3dfc0"}
,"D:\\Engenharia de Software - UPE\\5º PERÍODO\\Projeto I\\Seja UPE\\Seja-UPE\\src\\assets\\res_social_instagram_icon.png": {"path":"D:\\Engenharia de Software - UPE\\5º PERÍODO\\Projeto I\\Seja UPE\\Seja-UPE\\src\\assets\\res_social_instagram_icon.png","statementMap":{"0":{"start":{"line":1,"column":0},"end":{"line":1,"column":19}}},"fnMap":{},"branchMap":{},"s":{"0":1},"f":{},"b":{},"inputSourceMap":null,"_coverageSchema":"1a1c01bbd47fc00a2c39e90264f33305004495a9","hash":"4f8ea37ed10b16e4d6fd63f50ee01f5d10cb29fc"}
,"D:\\Engenharia de Software - UPE\\5º PERÍODO\\Projeto I\\Seja UPE\\Seja-UPE\\src\\assets\\res_social_twitter_icon.png": {"path":"D:\\Engenharia de Software - UPE\\5º PERÍODO\\Projeto I\\Seja UPE\\Seja-UPE\\src\\assets\\res_social_twitter_icon.png","statementMap":{"0":{"start":{"line":1,"column":0},"end":{"line":1,"column":19}}},"fnMap":{},"branchMap":{},"s":{"0":1},"f":{},"b":{},"inputSourceMap":null,"_coverageSchema":"1a1c01bbd47fc00a2c39e90264f33305004495a9","hash":"de355f1604f653dc3bf1487cb483eea91d5387aa"}
,"D:\\Engenharia de Software - UPE\\5º PERÍODO\\Projeto I\\Seja UPE\\Seja-UPE\\src\\assets\\res_social_youtube_icon.png": {"path":"D:\\Engenharia de Software - UPE\\5º PERÍODO\\Projeto I\\Seja UPE\\Seja-UPE\\src\\assets\\res_social_youtube_icon.png","statementMap":{"0":{"start":{"line":1,"column":0},"end":{"line":1,"column":19}}},"fnMap":{},"branchMap":{},"s":{"0":1},"f":{},"b":{},"inputSourceMap":null,"_coverageSchema":"1a1c01bbd47fc00a2c39e90264f33305004495a9","hash":"888f7e9b2a8b3db2934c1f0985b73a69a0fc6364"}
,"D:\\Engenharia de Software - UPE\\5º PERÍODO\\Projeto I\\Seja UPE\\Seja-UPE\\src\\assets\\res_triangle_left_icon.png": {"path":"D:\\Engenharia de Software - UPE\\5º PERÍODO\\Projeto I\\Seja UPE\\Seja-UPE\\src\\assets\\res_triangle_left_icon.png","statementMap":{"0":{"start":{"line":1,"column":0},"end":{"line":1,"column":19}}},"fnMap":{},"branchMap":{},"s":{"0":1},"f":{},"b":{},"inputSourceMap":null,"_coverageSchema":"1a1c01bbd47fc00a2c39e90264f33305004495a9","hash":"77fafb4e438962758b4b640da7f8c0122ebe6d9a"}
,"D:\\Engenharia de Software - UPE\\5º PERÍODO\\Projeto I\\Seja UPE\\Seja-UPE\\src\\assets\\res_triangle_right_icon.png": {"path":"D:\\Engenharia de Software - UPE\\5º PERÍODO\\Projeto I\\Seja UPE\\Seja-UPE\\src\\assets\\res_triangle_right_icon.png","statementMap":{"0":{"start":{"line":1,"column":0},"end":{"line":1,"column":19}}},"fnMap":{},"branchMap":{},"s":{"0":1},"f":{},"b":{},"inputSourceMap":null,"_coverageSchema":"1a1c01bbd47fc00a2c39e90264f33305004495a9","hash":"bf215501ef250c18f940a46f0363df105dfb98ff"}
,"D:\\Engenharia de Software - UPE\\5º PERÍODO\\Projeto I\\Seja UPE\\Seja-UPE\\src\\assets\\res_triangle_top_icon.png": {"path":"D:\\Engenharia de Software - UPE\\5º PERÍODO\\Projeto I\\Seja UPE\\Seja-UPE\\src\\assets\\res_triangle_top_icon.png","statementMap":{"0":{"start":{"line":1,"column":0},"end":{"line":1,"column":19}}},"fnMap":{},"branchMap":{},"s":{"0":1},"f":{},"b":{},"inputSourceMap":null,"_coverageSchema":"1a1c01bbd47fc00a2c39e90264f33305004495a9","hash":"373b92fe3bef0192eb79b1c9e2590725235005c1"}
,"D:\\Engenharia de Software - UPE\\5º PERÍODO\\Projeto I\\Seja UPE\\Seja-UPE\\src\\assets\\res_upe_white_logo.png": {"path":"D:\\Engenharia de Software - UPE\\5º PERÍODO\\Projeto I\\Seja UPE\\Seja-UPE\\src\\assets\\res_upe_white_logo.png","statementMap":{"0":{"start":{"line":1,"column":0},"end":{"line":1,"column":19}}},"fnMap":{},"branchMap":{},"s":{"0":1},"f":{},"b":{},"inputSourceMap":null,"_coverageSchema":"1a1c01bbd47fc00a2c39e90264f33305004495a9","hash":"bddd23dad32f48c20c4c0ce658a64eb3280948dc"}
,"D:\\Engenharia de Software - UPE\\5º PERÍODO\\Projeto I\\Seja UPE\\Seja-UPE\\src\\assets\\res_widget_campus_icon.png": {"path":"D:\\Engenharia de Software - UPE\\5º PERÍODO\\Projeto I\\Seja UPE\\Seja-UPE\\src\\assets\\res_widget_campus_icon.png","statementMap":{"0":{"start":{"line":1,"column":0},"end":{"line":1,"column":19}}},"fnMap":{},"branchMap":{},"s":{"0":1},"f":{},"b":{},"inputSourceMap":null,"_coverageSchema":"1a1c01bbd47fc00a2c39e90264f33305004495a9","hash":"bc33df2e744d5bbc96bf0bc213f94b72890892f3"}
,"D:\\Engenharia de Software - UPE\\5º PERÍODO\\Projeto I\\Seja UPE\\Seja-UPE\\src\\assets\\res_widget_classification_icon.png": {"path":"D:\\Engenharia de Software - UPE\\5º PERÍODO\\Projeto I\\Seja UPE\\Seja-UPE\\src\\assets\\res_widget_classification_icon.png","statementMap":{"0":{"start":{"line":1,"column":0},"end":{"line":1,"column":19}}},"fnMap":{},"branchMap":{},"s":{"0":1},"f":{},"b":{},"inputSourceMap":null,"_coverageSchema":"1a1c01bbd47fc00a2c39e90264f33305004495a9","hash":"6a1ebcf5ed8516da95301933d3aa3173f960d5ec"}
,"D:\\Engenharia de Software - UPE\\5º PERÍODO\\Projeto I\\Seja UPE\\Seja-UPE\\src\\assets\\res_widget_contact_icon.png": {"path":"D:\\Engenharia de Software - UPE\\5º PERÍODO\\Projeto I\\Seja UPE\\Seja-UPE\\src\\assets\\res_widget_contact_icon.png","statementMap":{"0":{"start":{"line":1,"column":0},"end":{"line":1,"column":19}}},"fnMap":{},"branchMap":{},"s":{"0":1},"f":{},"b":{},"inputSourceMap":null,"_coverageSchema":"1a1c01bbd47fc00a2c39e90264f33305004495a9","hash":"e11d455ec908dbdd8da12d209d5c572a5481678d"}
,"D:\\Engenharia de Software - UPE\\5º PERÍODO\\Projeto I\\Seja UPE\\Seja-UPE\\src\\assets\\res_widget_courses_icon.png": {"path":"D:\\Engenharia de Software - UPE\\5º PERÍODO\\Projeto I\\Seja UPE\\Seja-UPE\\src\\assets\\res_widget_courses_icon.png","statementMap":{"0":{"start":{"line":1,"column":0},"end":{"line":1,"column":19}}},"fnMap":{},"branchMap":{},"s":{"0":1},"f":{},"b":{},"inputSourceMap":null,"_coverageSchema":"1a1c01bbd47fc00a2c39e90264f33305004495a9","hash":"79db8fa65b121b7c1c8e4a076944f109a5f3df78"}
,"D:\\Engenharia de Software - UPE\\5º PERÍODO\\Projeto I\\Seja UPE\\Seja-UPE\\src\\assets\\res_widget_events_icon.png": {"path":"D:\\Engenharia de Software - UPE\\5º PERÍODO\\Projeto I\\Seja UPE\\Seja-UPE\\src\\assets\\res_widget_events_icon.png","statementMap":{"0":{"start":{"line":1,"column":0},"end":{"line":1,"column":19}}},"fnMap":{},"branchMap":{},"s":{"0":1},"f":{},"b":{},"inputSourceMap":null,"_coverageSchema":"1a1c01bbd47fc00a2c39e90264f33305004495a9","hash":"d7a274879459c2e13270e9e4af890b63a0bfee85"}
,"D:\\Engenharia de Software - UPE\\5º PERÍODO\\Projeto I\\Seja UPE\\Seja-UPE\\src\\assets\\res_widget_planning_icon.png": {"path":"D:\\Engenharia de Software - UPE\\5º PERÍODO\\Projeto I\\Seja UPE\\Seja-UPE\\src\\assets\\res_widget_planning_icon.png","statementMap":{"0":{"start":{"line":1,"column":0},"end":{"line":1,"column":19}}},"fnMap":{},"branchMap":{},"s":{"0":1},"f":{},"b":{},"inputSourceMap":null,"_coverageSchema":"1a1c01bbd47fc00a2c39e90264f33305004495a9","hash":"1307c48b174c3a284cdd1649d34de3f4d622627e"}
,"D:\\Engenharia de Software - UPE\\5º PERÍODO\\Projeto I\\Seja UPE\\Seja-UPE\\src\\assets\\res_widget_professors_icon.png": {"path":"D:\\Engenharia de Software - UPE\\5º PERÍODO\\Projeto I\\Seja UPE\\Seja-UPE\\src\\assets\\res_widget_professors_icon.png","statementMap":{"0":{"start":{"line":1,"column":0},"end":{"line":1,"column":19}}},"fnMap":{},"branchMap":{},"s":{"0":1},"f":{},"b":{},"inputSourceMap":null,"_coverageSchema":"1a1c01bbd47fc00a2c39e90264f33305004495a9","hash":"8258d8c84f5086c5963e249fafee6cbdcafca6ad"}
,"D:\\Engenharia de Software - UPE\\5º PERÍODO\\Projeto I\\Seja UPE\\Seja-UPE\\src\\assets\\res_widget_sample_icon.png": {"path":"D:\\Engenharia de Software - UPE\\5º PERÍODO\\Projeto I\\Seja UPE\\Seja-UPE\\src\\assets\\res_widget_sample_icon.png","statementMap":{"0":{"start":{"line":1,"column":0},"end":{"line":1,"column":19}}},"fnMap":{},"branchMap":{},"s":{"0":1},"f":{},"b":{},"inputSourceMap":null,"_coverageSchema":"1a1c01bbd47fc00a2c39e90264f33305004495a9","hash":"54091175649d299199a08cca33f13ba19c9fdb1c"}
,"D:\\Engenharia de Software - UPE\\5º PERÍODO\\Projeto I\\Seja UPE\\Seja-UPE\\src\\core\\components\\index.tsx": {"path":"D:\\Engenharia de Software - UPE\\5º PERÍODO\\Projeto I\\Seja UPE\\Seja-UPE\\src\\core\\components\\index.tsx","statementMap":{},"fnMap":{},"branchMap":{},"s":{},"f":{},"b":{},"_coverageSchema":"1a1c01bbd47fc00a2c39e90264f33305004495a9","hash":"4cc44db44bf862a07e8e63d1d1224cc07caf2465"}
,"D:\\Engenharia de Software - UPE\\5º PERÍODO\\Projeto I\\Seja UPE\\Seja-UPE\\src\\core\\components\\Accordion\\index.tsx": {"path":"D:\\Engenharia de Software - UPE\\5º PERÍODO\\Projeto I\\Seja UPE\\Seja-UPE\\src\\core\\components\\Accordion\\index.tsx","statementMap":{"0":{"start":{"line":16,"column":60},"end":{"line":62,"column":1}},"1":{"start":{"line":17,"column":18},"end":{"line":17,"column":28}},"2":{"start":{"line":19,"column":30},"end":{"line":19,"column":45}},"3":{"start":{"line":20,"column":44},"end":{"line":20,"column":55}},"4":{"start":{"line":21,"column":42},"end":{"line":21,"column":53}},"5":{"start":{"line":24,"column":4},"end":{"line":25,"column":24}},"6":{"start":{"line":25,"column":6},"end":{"line":25,"column":24}},"7":{"start":{"line":26,"column":4},"end":{"line":26,"column":38}},"8":{"start":{"line":27,"column":4},"end":{"line":27,"column":37}},"9":{"start":{"line":28,"column":4},"end":{"line":28,"column":23}},"10":{"start":{"line":31,"column":2},"end":{"line":61,"column":4}}},"fnMap":{"0":{"name":"(anonymous_0)","decl":{"start":{"line":16,"column":60},"end":{"line":16,"column":61}},"loc":{"start":{"line":16,"column":115},"end":{"line":62,"column":1}},"line":16},"1":{"name":"toggle","decl":{"start":{"line":23,"column":11},"end":{"line":23,"column":17}},"loc":{"start":{"line":23,"column":19},"end":{"line":29,"column":3}},"line":23}},"branchMap":{"0":{"loc":{"start":{"line":16,"column":86},"end":{"line":16,"column":98}},"type":"default-arg","locations":[{"start":{"line":16,"column":93},"end":{"line":16,"column":98}}],"line":16},"1":{"loc":{"start":{"line":24,"column":4},"end":{"line":25,"column":24}},"type":"if","locations":[{"start":{"line":24,"column":4},"end":{"line":25,"column":24}},{"start":{},"end":{}}],"line":24},"2":{"loc":{"start":{"line":26,"column":21},"end":{"line":26,"column":36}},"type":"cond-expr","locations":[{"start":{"line":26,"column":31},"end":{"line":26,"column":32}},{"start":{"line":26,"column":35},"end":{"line":26,"column":36}}],"line":26},"3":{"loc":{"start":{"line":27,"column":20},"end":{"line":27,"column":35}},"type":"cond-expr","locations":[{"start":{"line":27,"column":30},"end":{"line":27,"column":31}},{"start":{"line":27,"column":34},"end":{"line":27,"column":35}}],"line":27},"4":{"loc":{"start":{"line":41,"column":16},"end":{"line":41,"column":53}},"type":"cond-expr","locations":[{"start":{"line":41,"column":25},"end":{"line":41,"column":37}},{"start":{"line":41,"column":40},"end":{"line":41,"column":53}}],"line":41}},"s":{"0":1,"1":0,"2":0,"3":0,"4":0,"5":0,"6":0,"7":0,"8":0,"9":0,"10":0},"f":{"0":0,"1":0},"b":{"0":[0],"1":[0,0],"2":[0,0],"3":[0,0],"4":[0,0]},"_coverageSchema":"1a1c01bbd47fc00a2c39e90264f33305004495a9","hash":"2270f9d40d7bbb07ac265e2a3d31e106d8926462"}
,"D:\\Engenharia de Software - UPE\\5º PERÍODO\\Projeto I\\Seja UPE\\Seja-UPE\\src\\core\\components\\Accordion\\styles.tsx": {"path":"D:\\Engenharia de Software - UPE\\5º PERÍODO\\Projeto I\\Seja UPE\\Seja-UPE\\src\\core\\components\\Accordion\\styles.tsx","statementMap":{"0":{"start":{"line":17,"column":25},"end":{"line":23,"column":1}},"1":{"start":{"line":17,"column":68},"end":{"line":17,"column":73}},"2":{"start":{"line":20,"column":31},"end":{"line":20,"column":42}},"3":{"start":{"line":22,"column":29},"end":{"line":22,"column":48}},"4":{"start":{"line":25,"column":22},"end":{"line":39,"column":1}},"5":{"start":{"line":25,"column":65},"end":{"line":25,"column":70}},"6":{"start":{"line":36,"column":40},"end":{"line":36,"column":64}},"7":{"start":{"line":37,"column":41},"end":{"line":37,"column":65}},"8":{"start":{"line":38,"column":31},"end":{"line":38,"column":41}},"9":{"start":{"line":41,"column":21},"end":{"line":45,"column":1}},"10":{"start":{"line":41,"column":60},"end":{"line":41,"column":65}},"11":{"start":{"line":43,"column":20},"end":{"line":43,"column":31}},"12":{"start":{"line":44,"column":13},"end":{"line":44,"column":51}},"13":{"start":{"line":47,"column":20},"end":{"line":52,"column":1}},"14":{"start":{"line":47,"column":65},"end":{"line":47,"column":70}},"15":{"start":{"line":51,"column":31},"end":{"line":51,"column":42}},"16":{"start":{"line":54,"column":20},"end":{"line":61,"column":1}},"17":{"start":{"line":54,"column":59},"end":{"line":54,"column":64}},"18":{"start":{"line":60,"column":20},"end":{"line":60,"column":31}}},"fnMap":{"0":{"name":"(anonymous_0)","decl":{"start":{"line":17,"column":59},"end":{"line":17,"column":60}},"loc":{"start":{"line":17,"column":68},"end":{"line":17,"column":73}},"line":17},"1":{"name":"(anonymous_1)","decl":{"start":{"line":20,"column":22},"end":{"line":20,"column":23}},"loc":{"start":{"line":20,"column":31},"end":{"line":20,"column":42}},"line":20},"2":{"name":"(anonymous_2)","decl":{"start":{"line":22,"column":20},"end":{"line":22,"column":21}},"loc":{"start":{"line":22,"column":29},"end":{"line":22,"column":48}},"line":22},"3":{"name":"(anonymous_3)","decl":{"start":{"line":25,"column":56},"end":{"line":25,"column":57}},"loc":{"start":{"line":25,"column":65},"end":{"line":25,"column":70}},"line":25},"4":{"name":"(anonymous_4)","decl":{"start":{"line":36,"column":31},"end":{"line":36,"column":32}},"loc":{"start":{"line":36,"column":40},"end":{"line":36,"column":64}},"line":36},"5":{"name":"(anonymous_5)","decl":{"start":{"line":37,"column":32},"end":{"line":37,"column":33}},"loc":{"start":{"line":37,"column":41},"end":{"line":37,"column":65}},"line":37},"6":{"name":"(anonymous_6)","decl":{"start":{"line":38,"column":22},"end":{"line":38,"column":23}},"loc":{"start":{"line":38,"column":31},"end":{"line":38,"column":41}},"line":38},"7":{"name":"(anonymous_7)","decl":{"start":{"line":41,"column":51},"end":{"line":41,"column":52}},"loc":{"start":{"line":41,"column":60},"end":{"line":41,"column":65}},"line":41},"8":{"name":"(anonymous_8)","decl":{"start":{"line":43,"column":11},"end":{"line":43,"column":12}},"loc":{"start":{"line":43,"column":20},"end":{"line":43,"column":31}},"line":43},"9":{"name":"(anonymous_9)","decl":{"start":{"line":44,"column":4},"end":{"line":44,"column":5}},"loc":{"start":{"line":44,"column":13},"end":{"line":44,"column":51}},"line":44},"10":{"name":"(anonymous_10)","decl":{"start":{"line":47,"column":56},"end":{"line":47,"column":57}},"loc":{"start":{"line":47,"column":65},"end":{"line":47,"column":70}},"line":47},"11":{"name":"(anonymous_11)","decl":{"start":{"line":51,"column":22},"end":{"line":51,"column":23}},"loc":{"start":{"line":51,"column":31},"end":{"line":51,"column":42}},"line":51},"12":{"name":"(anonymous_12)","decl":{"start":{"line":54,"column":50},"end":{"line":54,"column":51}},"loc":{"start":{"line":54,"column":59},"end":{"line":54,"column":64}},"line":54},"13":{"name":"(anonymous_13)","decl":{"start":{"line":60,"column":11},"end":{"line":60,"column":12}},"loc":{"start":{"line":60,"column":20},"end":{"line":60,"column":31}},"line":60}},"branchMap":{"0":{"loc":{"start":{"line":44,"column":13},"end":{"line":44,"column":51}},"type":"cond-expr","locations":[{"start":{"line":44,"column":26},"end":{"line":44,"column":46}},{"start":{"line":44,"column":49},"end":{"line":44,"column":51}}],"line":44}},"s":{"0":1,"1":0,"2":0,"3":0,"4":1,"5":0,"6":0,"7":0,"8":0,"9":1,"10":0,"11":0,"12":0,"13":1,"14":0,"15":0,"16":1,"17":0,"18":0},"f":{"0":0,"1":0,"2":0,"3":0,"4":0,"5":0,"6":0,"7":0,"8":0,"9":0,"10":0,"11":0,"12":0,"13":0},"b":{"0":[0,0]},"_coverageSchema":"1a1c01bbd47fc00a2c39e90264f33305004495a9","hash":"dd749756314fc8fdc2001e4106e07f11df9c55b8"}
,"D:\\Engenharia de Software - UPE\\5º PERÍODO\\Projeto I\\Seja UPE\\Seja-UPE\\src\\core\\components\\Avatar\\index.tsx": {"path":"D:\\Engenharia de Software - UPE\\5º PERÍODO\\Projeto I\\Seja UPE\\Seja-UPE\\src\\core\\components\\Avatar\\index.tsx","statementMap":{"0":{"start":{"line":13,"column":54},"end":{"line":21,"column":1}},"1":{"start":{"line":14,"column":18},"end":{"line":14,"column":28}},"2":{"start":{"line":16,"column":2},"end":{"line":20,"column":4}}},"fnMap":{"0":{"name":"(anonymous_0)","decl":{"start":{"line":13,"column":54},"end":{"line":13,"column":55}},"loc":{"start":{"line":13,"column":100},"end":{"line":21,"column":1}},"line":13}},"branchMap":{"0":{"loc":{"start":{"line":13,"column":82},"end":{"line":13,"column":93}},"type":"default-arg","locations":[{"start":{"line":13,"column":92},"end":{"line":13,"column":93}}],"line":13}},"s":{"0":1,"1":0,"2":0},"f":{"0":0},"b":{"0":[0]},"_coverageSchema":"1a1c01bbd47fc00a2c39e90264f33305004495a9","hash":"eec7f26670ce9d6707e0461d7a100c2bdd69518b"}
,"D:\\Engenharia de Software - UPE\\5º PERÍODO\\Projeto I\\Seja UPE\\Seja-UPE\\src\\core\\components\\Avatar\\styles.tsx": {"path":"D:\\Engenharia de Software - UPE\\5º PERÍODO\\Projeto I\\Seja UPE\\Seja-UPE\\src\\core\\components\\Avatar\\styles.tsx","statementMap":{"0":{"start":{"line":9,"column":25},"end":{"line":18,"column":1}},"1":{"start":{"line":9,"column":64},"end":{"line":9,"column":69}},"2":{"start":{"line":10,"column":31},"end":{"line":10,"column":42}},"3":{"start":{"line":11,"column":20},"end":{"line":11,"column":34}},"4":{"start":{"line":12,"column":21},"end":{"line":12,"column":35}},"5":{"start":{"line":13,"column":28},"end":{"line":13,"column":42}},"6":{"start":{"line":20,"column":21},"end":{"line":24,"column":1}},"7":{"start":{"line":20,"column":61},"end":{"line":20,"column":66}},"8":{"start":{"line":21,"column":28},"end":{"line":21,"column":42}},"9":{"start":{"line":22,"column":20},"end":{"line":22,"column":34}},"10":{"start":{"line":23,"column":21},"end":{"line":23,"column":35}}},"fnMap":{"0":{"name":"(anonymous_0)","decl":{"start":{"line":9,"column":55},"end":{"line":9,"column":56}},"loc":{"start":{"line":9,"column":64},"end":{"line":9,"column":69}},"line":9},"1":{"name":"(anonymous_1)","decl":{"start":{"line":10,"column":22},"end":{"line":10,"column":23}},"loc":{"start":{"line":10,"column":31},"end":{"line":10,"column":42}},"line":10},"2":{"name":"(anonymous_2)","decl":{"start":{"line":11,"column":11},"end":{"line":11,"column":12}},"loc":{"start":{"line":11,"column":20},"end":{"line":11,"column":34}},"line":11},"3":{"name":"(anonymous_3)","decl":{"start":{"line":12,"column":12},"end":{"line":12,"column":13}},"loc":{"start":{"line":12,"column":21},"end":{"line":12,"column":35}},"line":12},"4":{"name":"(anonymous_4)","decl":{"start":{"line":13,"column":19},"end":{"line":13,"column":20}},"loc":{"start":{"line":13,"column":28},"end":{"line":13,"column":42}},"line":13},"5":{"name":"(anonymous_5)","decl":{"start":{"line":20,"column":52},"end":{"line":20,"column":53}},"loc":{"start":{"line":20,"column":61},"end":{"line":20,"column":66}},"line":20},"6":{"name":"(anonymous_6)","decl":{"start":{"line":21,"column":19},"end":{"line":21,"column":20}},"loc":{"start":{"line":21,"column":28},"end":{"line":21,"column":42}},"line":21},"7":{"name":"(anonymous_7)","decl":{"start":{"line":22,"column":11},"end":{"line":22,"column":12}},"loc":{"start":{"line":22,"column":20},"end":{"line":22,"column":34}},"line":22},"8":{"name":"(anonymous_8)","decl":{"start":{"line":23,"column":12},"end":{"line":23,"column":13}},"loc":{"start":{"line":23,"column":21},"end":{"line":23,"column":35}},"line":23}},"branchMap":{},"s":{"0":1,"1":0,"2":0,"3":0,"4":0,"5":0,"6":1,"7":0,"8":0,"9":0,"10":0},"f":{"0":0,"1":0,"2":0,"3":0,"4":0,"5":0,"6":0,"7":0,"8":0},"b":{},"_coverageSchema":"1a1c01bbd47fc00a2c39e90264f33305004495a9","hash":"8cf21f7b83eccce0f9c3e88eb888828785c74f1a"}
,"D:\\Engenharia de Software - UPE\\5º PERÍODO\\Projeto I\\Seja UPE\\Seja-UPE\\src\\core\\components\\Badge\\index.tsx": {"path":"D:\\Engenharia de Software - UPE\\5º PERÍODO\\Projeto I\\Seja UPE\\Seja-UPE\\src\\core\\components\\Badge\\index.tsx","statementMap":{"0":{"start":{"line":21,"column":52},"end":{"line":51,"column":1}},"1":{"start":{"line":22,"column":18},"end":{"line":22,"column":28}},"2":{"start":{"line":24,"column":65},"end":{"line":24,"column":70}},"3":{"start":{"line":25,"column":47},"end":{"line":25,"column":52}},"4":{"start":{"line":26,"column":44},"end":{"line":26,"column":49}},"5":{"start":{"line":28,"column":2},"end":{"line":29,"column":20}},"6":{"start":{"line":29,"column":4},"end":{"line":29,"column":20}},"7":{"start":{"line":31,"column":2},"end":{"line":50,"column":4}}},"fnMap":{"0":{"name":"(anonymous_0)","decl":{"start":{"line":21,"column":52},"end":{"line":21,"column":53}},"loc":{"start":{"line":21,"column":63},"end":{"line":51,"column":1}},"line":21},"1":{"name":"(anonymous_1)","decl":{"start":{"line":33,"column":27},"end":{"line":33,"column":28}},"loc":{"start":{"line":33,"column":33},"end":{"line":33,"column":35}},"line":33}},"branchMap":{"0":{"loc":{"start":{"line":24,"column":39},"end":{"line":24,"column":60}},"type":"default-arg","locations":[{"start":{"line":24,"column":54},"end":{"line":24,"column":60}}],"line":24},"1":{"loc":{"start":{"line":28,"column":2},"end":{"line":29,"column":20}},"type":"if","locations":[{"start":{"line":28,"column":2},"end":{"line":29,"column":20}},{"start":{},"end":{}}],"line":28},"2":{"loc":{"start":{"line":33,"column":15},"end":{"line":33,"column":36}},"type":"binary-expr","locations":[{"start":{"line":33,"column":15},"end":{"line":33,"column":22}},{"start":{"line":33,"column":27},"end":{"line":33,"column":35}}],"line":33},"3":{"loc":{"start":{"line":34,"column":21},"end":{"line":34,"column":41}},"type":"cond-expr","locations":[{"start":{"line":34,"column":34},"end":{"line":34,"column":37}},{"start":{"line":34,"column":40},"end":{"line":34,"column":41}}],"line":34},"4":{"loc":{"start":{"line":35,"column":13},"end":{"line":35,"column":28}},"type":"binary-expr","locations":[{"start":{"line":35,"column":13},"end":{"line":35,"column":18}},{"start":{"line":35,"column":22},"end":{"line":35,"column":28}}],"line":35},"5":{"loc":{"start":{"line":36,"column":16},"end":{"line":36,"column":34}},"type":"binary-expr","locations":[{"start":{"line":36,"column":16},"end":{"line":36,"column":24}},{"start":{"line":36,"column":28},"end":{"line":36,"column":34}}],"line":36},"6":{"loc":{"start":{"line":37,"column":15},"end":{"line":37,"column":35}},"type":"binary-expr","locations":[{"start":{"line":37,"column":15},"end":{"line":37,"column":22}},{"start":{"line":37,"column":26},"end":{"line":37,"column":35}}],"line":37},"7":{"loc":{"start":{"line":42,"column":18},"end":{"line":42,"column":36}},"type":"binary-expr","locations":[{"start":{"line":42,"column":18},"end":{"line":42,"column":26}},{"start":{"line":42,"column":30},"end":{"line":42,"column":36}}],"line":42},"8":{"loc":{"start":{"line":43,"column":15},"end":{"line":43,"column":35}},"type":"binary-expr","locations":[{"start":{"line":43,"column":15},"end":{"line":43,"column":20}},{"start":{"line":43,"column":24},"end":{"line":43,"column":35}}],"line":43},"9":{"loc":{"start":{"line":44,"column":23},"end":{"line":44,"column":41}},"type":"binary-expr","locations":[{"start":{"line":44,"column":23},"end":{"line":44,"column":36}},{"start":{"line":44,"column":40},"end":{"line":44,"column":41}}],"line":44}},"s":{"0":1,"1":0,"2":0,"3":0,"4":0,"5":0,"6":0,"7":0},"f":{"0":0,"1":0},"b":{"0":[0],"1":[0,0],"2":[0,0],"3":[0,0],"4":[0,0],"5":[0,0],"6":[0,0],"7":[0,0],"8":[0,0],"9":[0,0]},"_coverageSchema":"1a1c01bbd47fc00a2c39e90264f33305004495a9","hash":"4b99fb841106f889718de0005c094c60d3c9a5c6"}
,"D:\\Engenharia de Software - UPE\\5º PERÍODO\\Projeto I\\Seja UPE\\Seja-UPE\\src\\core\\components\\Badge\\styles.tsx": {"path":"D:\\Engenharia de Software - UPE\\5º PERÍODO\\Projeto I\\Seja UPE\\Seja-UPE\\src\\core\\components\\Badge\\styles.tsx","statementMap":{"0":{"start":{"line":17,"column":25},"end":{"line":29,"column":1}},"1":{"start":{"line":17,"column":80},"end":{"line":17,"column":85}},"2":{"start":{"line":18,"column":20},"end":{"line":18,"column":31}},"3":{"start":{"line":19,"column":24},"end":{"line":19,"column":38}},"4":{"start":{"line":24,"column":28},"end":{"line":24,"column":46}},"5":{"start":{"line":27,"column":31},"end":{"line":27,"column":44}},"6":{"start":{"line":28,"column":13},"end":{"line":28,"column":51}},"7":{"start":{"line":31,"column":21},"end":{"line":36,"column":1}},"8":{"start":{"line":31,"column":60},"end":{"line":31,"column":65}},"9":{"start":{"line":32,"column":20},"end":{"line":32,"column":31}},"10":{"start":{"line":33,"column":24},"end":{"line":33,"column":38}},"11":{"start":{"line":35,"column":13},"end":{"line":35,"column":51}}},"fnMap":{"0":{"name":"(anonymous_0)","decl":{"start":{"line":17,"column":71},"end":{"line":17,"column":72}},"loc":{"start":{"line":17,"column":80},"end":{"line":17,"column":85}},"line":17},"1":{"name":"(anonymous_1)","decl":{"start":{"line":18,"column":11},"end":{"line":18,"column":12}},"loc":{"start":{"line":18,"column":20},"end":{"line":18,"column":31}},"line":18},"2":{"name":"(anonymous_2)","decl":{"start":{"line":19,"column":15},"end":{"line":19,"column":16}},"loc":{"start":{"line":19,"column":24},"end":{"line":19,"column":38}},"line":19},"3":{"name":"(anonymous_3)","decl":{"start":{"line":24,"column":19},"end":{"line":24,"column":20}},"loc":{"start":{"line":24,"column":28},"end":{"line":24,"column":46}},"line":24},"4":{"name":"(anonymous_4)","decl":{"start":{"line":27,"column":22},"end":{"line":27,"column":23}},"loc":{"start":{"line":27,"column":31},"end":{"line":27,"column":44}},"line":27},"5":{"name":"(anonymous_5)","decl":{"start":{"line":28,"column":4},"end":{"line":28,"column":5}},"loc":{"start":{"line":28,"column":13},"end":{"line":28,"column":51}},"line":28},"6":{"name":"(anonymous_6)","decl":{"start":{"line":31,"column":51},"end":{"line":31,"column":52}},"loc":{"start":{"line":31,"column":60},"end":{"line":31,"column":65}},"line":31},"7":{"name":"(anonymous_7)","decl":{"start":{"line":32,"column":11},"end":{"line":32,"column":12}},"loc":{"start":{"line":32,"column":20},"end":{"line":32,"column":31}},"line":32},"8":{"name":"(anonymous_8)","decl":{"start":{"line":33,"column":15},"end":{"line":33,"column":16}},"loc":{"start":{"line":33,"column":24},"end":{"line":33,"column":38}},"line":33},"9":{"name":"(anonymous_9)","decl":{"start":{"line":35,"column":4},"end":{"line":35,"column":5}},"loc":{"start":{"line":35,"column":13},"end":{"line":35,"column":51}},"line":35}},"branchMap":{"0":{"loc":{"start":{"line":28,"column":13},"end":{"line":28,"column":51}},"type":"cond-expr","locations":[{"start":{"line":28,"column":31},"end":{"line":28,"column":46}},{"start":{"line":28,"column":49},"end":{"line":28,"column":51}}],"line":28},"1":{"loc":{"start":{"line":35,"column":13},"end":{"line":35,"column":51}},"type":"cond-expr","locations":[{"start":{"line":35,"column":26},"end":{"line":35,"column":46}},{"start":{"line":35,"column":49},"end":{"line":35,"column":51}}],"line":35}},"s":{"0":1,"1":0,"2":0,"3":0,"4":0,"5":0,"6":0,"7":1,"8":0,"9":0,"10":0,"11":0},"f":{"0":0,"1":0,"2":0,"3":0,"4":0,"5":0,"6":0,"7":0,"8":0,"9":0},"b":{"0":[0,0],"1":[0,0]},"_coverageSchema":"1a1c01bbd47fc00a2c39e90264f33305004495a9","hash":"857715db031871d8433ba888b9fd71ae22588c92"}
,"D:\\Engenharia de Software - UPE\\5º PERÍODO\\Projeto I\\Seja UPE\\Seja-UPE\\src\\core\\components\\Button\\index.tsx": {"path":"D:\\Engenharia de Software - UPE\\5º PERÍODO\\Projeto I\\Seja UPE\\Seja-UPE\\src\\core\\components\\Button\\index.tsx","statementMap":{"0":{"start":{"line":15,"column":54},"end":{"line":23,"column":1}},"1":{"start":{"line":16,"column":18},"end":{"line":16,"column":28}},"2":{"start":{"line":18,"column":2},"end":{"line":22,"column":4}}},"fnMap":{"0":{"name":"(anonymous_0)","decl":{"start":{"line":15,"column":54},"end":{"line":15,"column":55}},"loc":{"start":{"line":15,"column":93},"end":{"line":23,"column":1}},"line":15}},"branchMap":{},"s":{"0":1,"1":1,"2":1},"f":{"0":1},"b":{},"_coverageSchema":"1a1c01bbd47fc00a2c39e90264f33305004495a9","hash":"bce04aef19747c9f895004cb245b1563cff7c960"}
,"D:\\Engenharia de Software - UPE\\5º PERÍODO\\Projeto I\\Seja UPE\\Seja-UPE\\src\\core\\components\\Button\\styles.tsx": {"path":"D:\\Engenharia de Software - UPE\\5º PERÍODO\\Projeto I\\Seja UPE\\Seja-UPE\\src\\core\\components\\Button\\styles.tsx","statementMap":{"0":{"start":{"line":13,"column":25},"end":{"line":22,"column":1}},"1":{"start":{"line":13,"column":71},"end":{"line":13,"column":76}},"2":{"start":{"line":21,"column":31},"end":{"line":21,"column":51}},"3":{"start":{"line":24,"column":21},"end":{"line":28,"column":1}},"4":{"start":{"line":24,"column":60},"end":{"line":24,"column":65}},"5":{"start":{"line":27,"column":20},"end":{"line":27,"column":38}}},"fnMap":{"0":{"name":"(anonymous_0)","decl":{"start":{"line":13,"column":62},"end":{"line":13,"column":63}},"loc":{"start":{"line":13,"column":71},"end":{"line":13,"column":76}},"line":13},"1":{"name":"(anonymous_1)","decl":{"start":{"line":21,"column":22},"end":{"line":21,"column":23}},"loc":{"start":{"line":21,"column":31},"end":{"line":21,"column":51}},"line":21},"2":{"name":"(anonymous_2)","decl":{"start":{"line":24,"column":51},"end":{"line":24,"column":52}},"loc":{"start":{"line":24,"column":60},"end":{"line":24,"column":65}},"line":24},"3":{"name":"(anonymous_3)","decl":{"start":{"line":27,"column":11},"end":{"line":27,"column":12}},"loc":{"start":{"line":27,"column":20},"end":{"line":27,"column":38}},"line":27}},"branchMap":{},"s":{"0":1,"1":1,"2":1,"3":1,"4":1,"5":1},"f":{"0":1,"1":1,"2":1,"3":1},"b":{},"_coverageSchema":"1a1c01bbd47fc00a2c39e90264f33305004495a9","hash":"10818b3332958e1924bc486dd74a6dde6a55e99f"}
,"D:\\Engenharia de Software - UPE\\5º PERÍODO\\Projeto I\\Seja UPE\\Seja-UPE\\src\\core\\components\\ButtonCourse\\index.tsx": {"path":"D:\\Engenharia de Software - UPE\\5º PERÍODO\\Projeto I\\Seja UPE\\Seja-UPE\\src\\core\\components\\ButtonCourse\\index.tsx","statementMap":{"0":{"start":{"line":13,"column":66},"end":{"line":23,"column":1}},"1":{"start":{"line":14,"column":18},"end":{"line":14,"column":28}},"2":{"start":{"line":16,"column":2},"end":{"line":22,"column":4}}},"fnMap":{"0":{"name":"(anonymous_0)","decl":{"start":{"line":13,"column":66},"end":{"line":13,"column":67}},"loc":{"start":{"line":13,"column":90},"end":{"line":23,"column":1}},"line":13},"1":{"name":"(anonymous_1)","decl":{"start":{"line":17,"column":47},"end":{"line":17,"column":48}},"loc":{"start":{"line":17,"column":53},"end":{"line":17,"column":55}},"line":17}},"branchMap":{"0":{"loc":{"start":{"line":17,"column":35},"end":{"line":17,"column":56}},"type":"binary-expr","locations":[{"start":{"line":17,"column":35},"end":{"line":17,"column":42}},{"start":{"line":17,"column":47},"end":{"line":17,"column":55}}],"line":17}},"s":{"0":1,"1":0,"2":0},"f":{"0":0,"1":0},"b":{"0":[0,0]},"_coverageSchema":"1a1c01bbd47fc00a2c39e90264f33305004495a9","hash":"e3545e17aa1618dba75f15e9fec9769fb46c7743"}
,"D:\\Engenharia de Software - UPE\\5º PERÍODO\\Projeto I\\Seja UPE\\Seja-UPE\\src\\core\\components\\ButtonCourse\\styles.tsx": {"path":"D:\\Engenharia de Software - UPE\\5º PERÍODO\\Projeto I\\Seja UPE\\Seja-UPE\\src\\core\\components\\ButtonCourse\\styles.tsx","statementMap":{"0":{"start":{"line":6,"column":25},"end":{"line":16,"column":1}},"1":{"start":{"line":6,"column":67},"end":{"line":6,"column":72}},"2":{"start":{"line":15,"column":31},"end":{"line":15,"column":42}},"3":{"start":{"line":18,"column":21},"end":{"line":25,"column":1}},"4":{"start":{"line":18,"column":60},"end":{"line":18,"column":65}},"5":{"start":{"line":23,"column":20},"end":{"line":23,"column":30}},"6":{"start":{"line":27,"column":20},"end":{"line":30,"column":1}}},"fnMap":{"0":{"name":"(anonymous_0)","decl":{"start":{"line":6,"column":58},"end":{"line":6,"column":59}},"loc":{"start":{"line":6,"column":67},"end":{"line":6,"column":72}},"line":6},"1":{"name":"(anonymous_1)","decl":{"start":{"line":15,"column":22},"end":{"line":15,"column":23}},"loc":{"start":{"line":15,"column":31},"end":{"line":15,"column":42}},"line":15},"2":{"name":"(anonymous_2)","decl":{"start":{"line":18,"column":51},"end":{"line":18,"column":52}},"loc":{"start":{"line":18,"column":60},"end":{"line":18,"column":65}},"line":18},"3":{"name":"(anonymous_3)","decl":{"start":{"line":23,"column":11},"end":{"line":23,"column":12}},"loc":{"start":{"line":23,"column":20},"end":{"line":23,"column":30}},"line":23}},"branchMap":{},"s":{"0":1,"1":0,"2":0,"3":1,"4":0,"5":0,"6":1},"f":{"0":0,"1":0,"2":0,"3":0},"b":{},"_coverageSchema":"1a1c01bbd47fc00a2c39e90264f33305004495a9","hash":"6bcdaae2575dc7dabb126898b2a06fa1f8f8833f"}
,"D:\\Engenharia de Software - UPE\\5º PERÍODO\\Projeto I\\Seja UPE\\Seja-UPE\\src\\core\\components\\ButtonEvent\\index.tsx": {"path":"D:\\Engenharia de Software - UPE\\5º PERÍODO\\Projeto I\\Seja UPE\\Seja-UPE\\src\\core\\components\\ButtonEvent\\index.tsx","statementMap":{"0":{"start":{"line":13,"column":64},"end":{"line":23,"column":1}},"1":{"start":{"line":14,"column":18},"end":{"line":14,"column":28}},"2":{"start":{"line":16,"column":2},"end":{"line":22,"column":4}}},"fnMap":{"0":{"name":"(anonymous_0)","decl":{"start":{"line":13,"column":64},"end":{"line":13,"column":65}},"loc":{"start":{"line":13,"column":88},"end":{"line":23,"column":1}},"line":13},"1":{"name":"(anonymous_1)","decl":{"start":{"line":17,"column":47},"end":{"line":17,"column":48}},"loc":{"start":{"line":17,"column":53},"end":{"line":17,"column":55}},"line":17}},"branchMap":{"0":{"loc":{"start":{"line":17,"column":35},"end":{"line":17,"column":56}},"type":"binary-expr","locations":[{"start":{"line":17,"column":35},"end":{"line":17,"column":42}},{"start":{"line":17,"column":47},"end":{"line":17,"column":55}}],"line":17}},"s":{"0":1,"1":0,"2":0},"f":{"0":0,"1":0},"b":{"0":[0,0]},"_coverageSchema":"1a1c01bbd47fc00a2c39e90264f33305004495a9","hash":"211a4611ea270062eecfb58d77e4607944418e38"}
,"D:\\Engenharia de Software - UPE\\5º PERÍODO\\Projeto I\\Seja UPE\\Seja-UPE\\src\\core\\components\\ButtonEvent\\styles.tsx": {"path":"D:\\Engenharia de Software - UPE\\5º PERÍODO\\Projeto I\\Seja UPE\\Seja-UPE\\src\\core\\components\\ButtonEvent\\styles.tsx","statementMap":{"0":{"start":{"line":6,"column":25},"end":{"line":16,"column":1}},"1":{"start":{"line":6,"column":67},"end":{"line":6,"column":72}},"2":{"start":{"line":15,"column":31},"end":{"line":15,"column":42}},"3":{"start":{"line":18,"column":21},"end":{"line":25,"column":1}},"4":{"start":{"line":18,"column":60},"end":{"line":18,"column":65}},"5":{"start":{"line":23,"column":20},"end":{"line":23,"column":30}},"6":{"start":{"line":27,"column":20},"end":{"line":30,"column":1}}},"fnMap":{"0":{"name":"(anonymous_0)","decl":{"start":{"line":6,"column":58},"end":{"line":6,"column":59}},"loc":{"start":{"line":6,"column":67},"end":{"line":6,"column":72}},"line":6},"1":{"name":"(anonymous_1)","decl":{"start":{"line":15,"column":22},"end":{"line":15,"column":23}},"loc":{"start":{"line":15,"column":31},"end":{"line":15,"column":42}},"line":15},"2":{"name":"(anonymous_2)","decl":{"start":{"line":18,"column":51},"end":{"line":18,"column":52}},"loc":{"start":{"line":18,"column":60},"end":{"line":18,"column":65}},"line":18},"3":{"name":"(anonymous_3)","decl":{"start":{"line":23,"column":11},"end":{"line":23,"column":12}},"loc":{"start":{"line":23,"column":20},"end":{"line":23,"column":30}},"line":23}},"branchMap":{},"s":{"0":1,"1":0,"2":0,"3":1,"4":0,"5":0,"6":1},"f":{"0":0,"1":0,"2":0,"3":0},"b":{},"_coverageSchema":"1a1c01bbd47fc00a2c39e90264f33305004495a9","hash":"2b9de11efe2193a1bcd248da2dfa37b192b8f007"}
,"D:\\Engenharia de Software - UPE\\5º PERÍODO\\Projeto I\\Seja UPE\\Seja-UPE\\src\\core\\components\\ButtonGoogle\\index.tsx": {"path":"D:\\Engenharia de Software - UPE\\5º PERÍODO\\Projeto I\\Seja UPE\\Seja-UPE\\src\\core\\components\\ButtonGoogle\\index.tsx","statementMap":{"0":{"start":{"line":10,"column":66},"end":{"line":17,"column":1}},"1":{"start":{"line":11,"column":2},"end":{"line":16,"column":4}}},"fnMap":{"0":{"name":"(anonymous_0)","decl":{"start":{"line":10,"column":66},"end":{"line":10,"column":67}},"loc":{"start":{"line":10,"column":89},"end":{"line":17,"column":1}},"line":10}},"branchMap":{},"s":{"0":1,"1":0},"f":{"0":0},"b":{},"_coverageSchema":"1a1c01bbd47fc00a2c39e90264f33305004495a9","hash":"7fffa26e3dd8d9a215a8179d7f169c4dc4098d74"}
,"D:\\Engenharia de Software - UPE\\5º PERÍODO\\Projeto I\\Seja UPE\\Seja-UPE\\src\\core\\components\\ButtonGoogle\\styles.tsx": {"path":"D:\\Engenharia de Software - UPE\\5º PERÍODO\\Projeto I\\Seja UPE\\Seja-UPE\\src\\core\\components\\ButtonGoogle\\styles.tsx","statementMap":{"0":{"start":{"line":4,"column":25},"end":{"line":16,"column":1}},"1":{"start":{"line":18,"column":21},"end":{"line":22,"column":1}},"2":{"start":{"line":24,"column":20},"end":{"line":24,"column":34}}},"fnMap":{},"branchMap":{},"s":{"0":1,"1":1,"2":1},"f":{},"b":{},"_coverageSchema":"1a1c01bbd47fc00a2c39e90264f33305004495a9","hash":"c1150dced52ce1641e7068288a5e9b1cf61e3a17"}
,"D:\\Engenharia de Software - UPE\\5º PERÍODO\\Projeto I\\Seja UPE\\Seja-UPE\\src\\core\\components\\ButtonLattes\\index.tsx": {"path":"D:\\Engenharia de Software - UPE\\5º PERÍODO\\Projeto I\\Seja UPE\\Seja-UPE\\src\\core\\components\\ButtonLattes\\index.tsx","statementMap":{"0":{"start":{"line":11,"column":66},"end":{"line":19,"column":1}},"1":{"start":{"line":12,"column":18},"end":{"line":12,"column":28}},"2":{"start":{"line":14,"column":2},"end":{"line":18,"column":4}}},"fnMap":{"0":{"name":"(anonymous_0)","decl":{"start":{"line":11,"column":66},"end":{"line":11,"column":67}},"loc":{"start":{"line":11,"column":83},"end":{"line":19,"column":1}},"line":11},"1":{"name":"(anonymous_1)","decl":{"start":{"line":15,"column":47},"end":{"line":15,"column":48}},"loc":{"start":{"line":15,"column":53},"end":{"line":15,"column":55}},"line":15}},"branchMap":{"0":{"loc":{"start":{"line":15,"column":35},"end":{"line":15,"column":56}},"type":"binary-expr","locations":[{"start":{"line":15,"column":35},"end":{"line":15,"column":42}},{"start":{"line":15,"column":47},"end":{"line":15,"column":55}}],"line":15}},"s":{"0":1,"1":0,"2":0},"f":{"0":0,"1":0},"b":{"0":[0,0]},"_coverageSchema":"1a1c01bbd47fc00a2c39e90264f33305004495a9","hash":"7d2f475c5be25e190b4dfcf707488e3ec5bd883f"}
,"D:\\Engenharia de Software - UPE\\5º PERÍODO\\Projeto I\\Seja UPE\\Seja-UPE\\src\\core\\components\\ButtonLattes\\styles.tsx": {"path":"D:\\Engenharia de Software - UPE\\5º PERÍODO\\Projeto I\\Seja UPE\\Seja-UPE\\src\\core\\components\\ButtonLattes\\styles.tsx","statementMap":{"0":{"start":{"line":5,"column":25},"end":{"line":15,"column":1}},"1":{"start":{"line":5,"column":67},"end":{"line":5,"column":72}},"2":{"start":{"line":7,"column":31},"end":{"line":7,"column":41}},"3":{"start":{"line":17,"column":20},"end":{"line":19,"column":1}}},"fnMap":{"0":{"name":"(anonymous_0)","decl":{"start":{"line":5,"column":58},"end":{"line":5,"column":59}},"loc":{"start":{"line":5,"column":67},"end":{"line":5,"column":72}},"line":5},"1":{"name":"(anonymous_1)","decl":{"start":{"line":7,"column":22},"end":{"line":7,"column":23}},"loc":{"start":{"line":7,"column":31},"end":{"line":7,"column":41}},"line":7}},"branchMap":{},"s":{"0":1,"1":0,"2":0,"3":1},"f":{"0":0,"1":0},"b":{},"_coverageSchema":"1a1c01bbd47fc00a2c39e90264f33305004495a9","hash":"6288ad029949dd2ae077a3500057e7d4b01c9a08"}
,"D:\\Engenharia de Software - UPE\\5º PERÍODO\\Projeto I\\Seja UPE\\Seja-UPE\\src\\core\\components\\ButtonLink\\index.tsx": {"path":"D:\\Engenharia de Software - UPE\\5º PERÍODO\\Projeto I\\Seja UPE\\Seja-UPE\\src\\core\\components\\ButtonLink\\index.tsx","statementMap":{"0":{"start":{"line":15,"column":62},"end":{"line":24,"column":1}},"1":{"start":{"line":16,"column":18},"end":{"line":16,"column":28}},"2":{"start":{"line":18,"column":2},"end":{"line":23,"column":4}}},"fnMap":{"0":{"name":"(anonymous_0)","decl":{"start":{"line":15,"column":62},"end":{"line":15,"column":63}},"loc":{"start":{"line":15,"column":117},"end":{"line":24,"column":1}},"line":15},"1":{"name":"(anonymous_1)","decl":{"start":{"line":19,"column":47},"end":{"line":19,"column":48}},"loc":{"start":{"line":19,"column":53},"end":{"line":19,"column":55}},"line":19}},"branchMap":{"0":{"loc":{"start":{"line":19,"column":35},"end":{"line":19,"column":56}},"type":"binary-expr","locations":[{"start":{"line":19,"column":35},"end":{"line":19,"column":42}},{"start":{"line":19,"column":47},"end":{"line":19,"column":55}}],"line":19},"1":{"loc":{"start":{"line":20,"column":53},"end":{"line":20,"column":77}},"type":"binary-expr","locations":[{"start":{"line":20,"column":53},"end":{"line":20,"column":62}},{"start":{"line":20,"column":66},"end":{"line":20,"column":77}}],"line":20},"2":{"loc":{"start":{"line":21,"column":41},"end":{"line":21,"column":65}},"type":"binary-expr","locations":[{"start":{"line":21,"column":41},"end":{"line":21,"column":50}},{"start":{"line":21,"column":54},"end":{"line":21,"column":65}}],"line":21}},"s":{"0":1,"1":0,"2":0},"f":{"0":0,"1":0},"b":{"0":[0,0],"1":[0,0],"2":[0,0]},"_coverageSchema":"1a1c01bbd47fc00a2c39e90264f33305004495a9","hash":"572eb0be77f79225a3a136af33083a824f754b91"}
,"D:\\Engenharia de Software - UPE\\5º PERÍODO\\Projeto I\\Seja UPE\\Seja-UPE\\src\\core\\components\\ButtonLink\\styles.tsx": {"path":"D:\\Engenharia de Software - UPE\\5º PERÍODO\\Projeto I\\Seja UPE\\Seja-UPE\\src\\core\\components\\ButtonLink\\styles.tsx","statementMap":{"0":{"start":{"line":9,"column":25},"end":{"line":20,"column":1}},"1":{"start":{"line":9,"column":67},"end":{"line":9,"column":72}},"2":{"start":{"line":13,"column":31},"end":{"line":13,"column":42}},"3":{"start":{"line":22,"column":20},"end":{"line":28,"column":1}},"4":{"start":{"line":22,"column":58},"end":{"line":22,"column":63}},"5":{"start":{"line":27,"column":20},"end":{"line":27,"column":35}}},"fnMap":{"0":{"name":"(anonymous_0)","decl":{"start":{"line":9,"column":58},"end":{"line":9,"column":59}},"loc":{"start":{"line":9,"column":67},"end":{"line":9,"column":72}},"line":9},"1":{"name":"(anonymous_1)","decl":{"start":{"line":13,"column":22},"end":{"line":13,"column":23}},"loc":{"start":{"line":13,"column":31},"end":{"line":13,"column":42}},"line":13},"2":{"name":"(anonymous_2)","decl":{"start":{"line":22,"column":49},"end":{"line":22,"column":50}},"loc":{"start":{"line":22,"column":58},"end":{"line":22,"column":63}},"line":22},"3":{"name":"(anonymous_3)","decl":{"start":{"line":27,"column":11},"end":{"line":27,"column":12}},"loc":{"start":{"line":27,"column":20},"end":{"line":27,"column":35}},"line":27}},"branchMap":{},"s":{"0":1,"1":0,"2":0,"3":1,"4":0,"5":0},"f":{"0":0,"1":0,"2":0,"3":0},"b":{},"_coverageSchema":"1a1c01bbd47fc00a2c39e90264f33305004495a9","hash":"ade2889da0cac59183f78f31b5d81547a6348610"}
,"D:\\Engenharia de Software - UPE\\5º PERÍODO\\Projeto I\\Seja UPE\\Seja-UPE\\src\\core\\components\\ButtonSocial\\index.tsx": {"path":"D:\\Engenharia de Software - UPE\\5º PERÍODO\\Projeto I\\Seja UPE\\Seja-UPE\\src\\core\\components\\ButtonSocial\\index.tsx","statementMap":{"0":{"start":{"line":12,"column":66},"end":{"line":26,"column":1}},"1":{"start":{"line":13,"column":22},"end":{"line":18,"column":9}},"2":{"start":{"line":20,"column":2},"end":{"line":25,"column":4}}},"fnMap":{"0":{"name":"(anonymous_0)","decl":{"start":{"line":12,"column":66},"end":{"line":12,"column":67}},"loc":{"start":{"line":12,"column":95},"end":{"line":26,"column":1}},"line":12},"1":{"name":"(anonymous_1)","decl":{"start":{"line":21,"column":56},"end":{"line":21,"column":57}},"loc":{"start":{"line":21,"column":62},"end":{"line":21,"column":64}},"line":21}},"branchMap":{"0":{"loc":{"start":{"line":21,"column":44},"end":{"line":21,"column":65}},"type":"binary-expr","locations":[{"start":{"line":21,"column":44},"end":{"line":21,"column":51}},{"start":{"line":21,"column":56},"end":{"line":21,"column":64}}],"line":21},"1":{"loc":{"start":{"line":22,"column":20},"end":{"line":22,"column":56}},"type":"binary-expr","locations":[{"start":{"line":22,"column":20},"end":{"line":22,"column":31}},{"start":{"line":22,"column":35},"end":{"line":22,"column":56}}],"line":22}},"s":{"0":1,"1":0,"2":0},"f":{"0":0,"1":0},"b":{"0":[0,0],"1":[0,0]},"_coverageSchema":"1a1c01bbd47fc00a2c39e90264f33305004495a9","hash":"f0220368d96c6d6af61fc4e2f15d0fb466a2062f"}
,"D:\\Engenharia de Software - UPE\\5º PERÍODO\\Projeto I\\Seja UPE\\Seja-UPE\\src\\core\\components\\ButtonSocial\\styles.tsx": {"path":"D:\\Engenharia de Software - UPE\\5º PERÍODO\\Projeto I\\Seja UPE\\Seja-UPE\\src\\core\\components\\ButtonSocial\\styles.tsx","statementMap":{"0":{"start":{"line":3,"column":25},"end":{"line":7,"column":1}},"1":{"start":{"line":9,"column":20},"end":{"line":12,"column":1}},"2":{"start":{"line":14,"column":20},"end":{"line":17,"column":1}}},"fnMap":{},"branchMap":{},"s":{"0":1,"1":1,"2":1},"f":{},"b":{},"_coverageSchema":"1a1c01bbd47fc00a2c39e90264f33305004495a9","hash":"e361b68d70013e4a6e3f4bbc93fc204736f8440b"}
,"D:\\Engenharia de Software - UPE\\5º PERÍODO\\Projeto I\\Seja UPE\\Seja-UPE\\src\\core\\components\\ButtonStep\\index.tsx": {"path":"D:\\Engenharia de Software - UPE\\5º PERÍODO\\Projeto I\\Seja UPE\\Seja-UPE\\src\\core\\components\\ButtonStep\\index.tsx","statementMap":{"0":{"start":{"line":12,"column":62},"end":{"line":25,"column":1}},"1":{"start":{"line":13,"column":18},"end":{"line":13,"column":28}},"2":{"start":{"line":15,"column":2},"end":{"line":24,"column":4}}},"fnMap":{"0":{"name":"(anonymous_0)","decl":{"start":{"line":12,"column":62},"end":{"line":12,"column":63}},"loc":{"start":{"line":12,"column":98},"end":{"line":25,"column":1}},"line":12},"1":{"name":"(anonymous_1)","decl":{"start":{"line":12,"column":82},"end":{"line":12,"column":83}},"loc":{"start":{"line":12,"column":88},"end":{"line":12,"column":90}},"line":12}},"branchMap":{"0":{"loc":{"start":{"line":12,"column":71},"end":{"line":12,"column":91}},"type":"default-arg","locations":[{"start":{"line":12,"column":82},"end":{"line":12,"column":90}}],"line":12}},"s":{"0":1,"1":0,"2":0},"f":{"0":0,"1":0},"b":{"0":[0]},"_coverageSchema":"1a1c01bbd47fc00a2c39e90264f33305004495a9","hash":"24db879db66f9d45eff01274f6c4e09c240869d5"}
,"D:\\Engenharia de Software - UPE\\5º PERÍODO\\Projeto I\\Seja UPE\\Seja-UPE\\src\\core\\components\\ButtonStep\\styles.tsx": {"path":"D:\\Engenharia de Software - UPE\\5º PERÍODO\\Projeto I\\Seja UPE\\Seja-UPE\\src\\core\\components\\ButtonStep\\styles.tsx","statementMap":{"0":{"start":{"line":4,"column":25},"end":{"line":10,"column":1}},"1":{"start":{"line":12,"column":21},"end":{"line":16,"column":1}},"2":{"start":{"line":12,"column":60},"end":{"line":12,"column":65}},"3":{"start":{"line":15,"column":20},"end":{"line":15,"column":30}}},"fnMap":{"0":{"name":"(anonymous_0)","decl":{"start":{"line":12,"column":51},"end":{"line":12,"column":52}},"loc":{"start":{"line":12,"column":60},"end":{"line":12,"column":65}},"line":12},"1":{"name":"(anonymous_1)","decl":{"start":{"line":15,"column":11},"end":{"line":15,"column":12}},"loc":{"start":{"line":15,"column":20},"end":{"line":15,"column":30}},"line":15}},"branchMap":{},"s":{"0":1,"1":1,"2":0,"3":0},"f":{"0":0,"1":0},"b":{},"_coverageSchema":"1a1c01bbd47fc00a2c39e90264f33305004495a9","hash":"d07f9c3930c015fa15425f75a2506d3a87614f17"}
,"D:\\Engenharia de Software - UPE\\5º PERÍODO\\Projeto I\\Seja UPE\\Seja-UPE\\src\\core\\components\\ButtonSuggestion\\index.tsx": {"path":"D:\\Engenharia de Software - UPE\\5º PERÍODO\\Projeto I\\Seja UPE\\Seja-UPE\\src\\core\\components\\ButtonSuggestion\\index.tsx","statementMap":{"0":{"start":{"line":14,"column":74},"end":{"line":25,"column":1}},"1":{"start":{"line":15,"column":18},"end":{"line":15,"column":28}},"2":{"start":{"line":16,"column":2},"end":{"line":24,"column":4}}},"fnMap":{"0":{"name":"(anonymous_0)","decl":{"start":{"line":14,"column":74},"end":{"line":14,"column":75}},"loc":{"start":{"line":14,"column":108},"end":{"line":25,"column":1}},"line":14},"1":{"name":"(anonymous_1)","decl":{"start":{"line":17,"column":47},"end":{"line":17,"column":48}},"loc":{"start":{"line":17,"column":53},"end":{"line":17,"column":55}},"line":17}},"branchMap":{"0":{"loc":{"start":{"line":17,"column":35},"end":{"line":17,"column":56}},"type":"binary-expr","locations":[{"start":{"line":17,"column":35},"end":{"line":17,"column":42}},{"start":{"line":17,"column":47},"end":{"line":17,"column":55}}],"line":17}},"s":{"0":1,"1":0,"2":0},"f":{"0":0,"1":0},"b":{"0":[0,0]},"_coverageSchema":"1a1c01bbd47fc00a2c39e90264f33305004495a9","hash":"06ea34a080ce239e441f2be1d27ecc004417e05f"}
,"D:\\Engenharia de Software - UPE\\5º PERÍODO\\Projeto I\\Seja UPE\\Seja-UPE\\src\\core\\components\\ButtonSuggestion\\styles.tsx": {"path":"D:\\Engenharia de Software - UPE\\5º PERÍODO\\Projeto I\\Seja UPE\\Seja-UPE\\src\\core\\components\\ButtonSuggestion\\styles.tsx","statementMap":{"0":{"start":{"line":5,"column":25},"end":{"line":15,"column":1}},"1":{"start":{"line":5,"column":67},"end":{"line":5,"column":72}},"2":{"start":{"line":14,"column":31},"end":{"line":14,"column":42}},"3":{"start":{"line":17,"column":21},"end":{"line":24,"column":1}},"4":{"start":{"line":17,"column":60},"end":{"line":17,"column":65}},"5":{"start":{"line":22,"column":20},"end":{"line":22,"column":30}},"6":{"start":{"line":26,"column":33},"end":{"line":32,"column":1}},"7":{"start":{"line":26,"column":72},"end":{"line":26,"column":77}},"8":{"start":{"line":27,"column":31},"end":{"line":27,"column":41}},"9":{"start":{"line":34,"column":24},"end":{"line":38,"column":1}},"10":{"start":{"line":34,"column":63},"end":{"line":34,"column":68}},"11":{"start":{"line":37,"column":20},"end":{"line":37,"column":31}}},"fnMap":{"0":{"name":"(anonymous_0)","decl":{"start":{"line":5,"column":58},"end":{"line":5,"column":59}},"loc":{"start":{"line":5,"column":67},"end":{"line":5,"column":72}},"line":5},"1":{"name":"(anonymous_1)","decl":{"start":{"line":14,"column":22},"end":{"line":14,"column":23}},"loc":{"start":{"line":14,"column":31},"end":{"line":14,"column":42}},"line":14},"2":{"name":"(anonymous_2)","decl":{"start":{"line":17,"column":51},"end":{"line":17,"column":52}},"loc":{"start":{"line":17,"column":60},"end":{"line":17,"column":65}},"line":17},"3":{"name":"(anonymous_3)","decl":{"start":{"line":22,"column":11},"end":{"line":22,"column":12}},"loc":{"start":{"line":22,"column":20},"end":{"line":22,"column":30}},"line":22},"4":{"name":"(anonymous_4)","decl":{"start":{"line":26,"column":63},"end":{"line":26,"column":64}},"loc":{"start":{"line":26,"column":72},"end":{"line":26,"column":77}},"line":26},"5":{"name":"(anonymous_5)","decl":{"start":{"line":27,"column":22},"end":{"line":27,"column":23}},"loc":{"start":{"line":27,"column":31},"end":{"line":27,"column":41}},"line":27},"6":{"name":"(anonymous_6)","decl":{"start":{"line":34,"column":54},"end":{"line":34,"column":55}},"loc":{"start":{"line":34,"column":63},"end":{"line":34,"column":68}},"line":34},"7":{"name":"(anonymous_7)","decl":{"start":{"line":37,"column":11},"end":{"line":37,"column":12}},"loc":{"start":{"line":37,"column":20},"end":{"line":37,"column":31}},"line":37}},"branchMap":{},"s":{"0":1,"1":0,"2":0,"3":1,"4":0,"5":0,"6":1,"7":0,"8":0,"9":1,"10":0,"11":0},"f":{"0":0,"1":0,"2":0,"3":0,"4":0,"5":0,"6":0,"7":0},"b":{},"_coverageSchema":"1a1c01bbd47fc00a2c39e90264f33305004495a9","hash":"e74585a20461189f40d858c0e61f1ad96ffe32e4"}
,"D:\\Engenharia de Software - UPE\\5º PERÍODO\\Projeto I\\Seja UPE\\Seja-UPE\\src\\core\\components\\ButtonWidget\\index.tsx": {"path":"D:\\Engenharia de Software - UPE\\5º PERÍODO\\Projeto I\\Seja UPE\\Seja-UPE\\src\\core\\components\\ButtonWidget\\index.tsx","statementMap":{"0":{"start":{"line":14,"column":66},"end":{"line":27,"column":1}},"1":{"start":{"line":15,"column":18},"end":{"line":15,"column":28}},"2":{"start":{"line":17,"column":2},"end":{"line":26,"column":4}}},"fnMap":{"0":{"name":"(anonymous_0)","decl":{"start":{"line":14,"column":66},"end":{"line":14,"column":67}},"loc":{"start":{"line":14,"column":99},"end":{"line":27,"column":1}},"line":14},"1":{"name":"(anonymous_1)","decl":{"start":{"line":18,"column":50},"end":{"line":18,"column":51}},"loc":{"start":{"line":18,"column":56},"end":{"line":18,"column":58}},"line":18},"2":{"name":"(anonymous_2)","decl":{"start":{"line":19,"column":35},"end":{"line":19,"column":36}},"loc":{"start":{"line":19,"column":41},"end":{"line":19,"column":43}},"line":19}},"branchMap":{"0":{"loc":{"start":{"line":18,"column":38},"end":{"line":18,"column":59}},"type":"binary-expr","locations":[{"start":{"line":18,"column":38},"end":{"line":18,"column":45}},{"start":{"line":18,"column":50},"end":{"line":18,"column":58}}],"line":18},"1":{"loc":{"start":{"line":19,"column":23},"end":{"line":19,"column":44}},"type":"binary-expr","locations":[{"start":{"line":19,"column":23},"end":{"line":19,"column":30}},{"start":{"line":19,"column":35},"end":{"line":19,"column":43}}],"line":19},"2":{"loc":{"start":{"line":21,"column":47},"end":{"line":21,"column":78}},"type":"binary-expr","locations":[{"start":{"line":21,"column":47},"end":{"line":21,"column":53}},{"start":{"line":21,"column":57},"end":{"line":21,"column":78}}],"line":21}},"s":{"0":1,"1":0,"2":0},"f":{"0":0,"1":0,"2":0},"b":{"0":[0,0],"1":[0,0],"2":[0,0]},"_coverageSchema":"1a1c01bbd47fc00a2c39e90264f33305004495a9","hash":"ab519d9593d2a9fd54d2355a1eaa4fbaea312d33"}
,"D:\\Engenharia de Software - UPE\\5º PERÍODO\\Projeto I\\Seja UPE\\Seja-UPE\\src\\core\\components\\ButtonWidget\\styles.tsx": {"path":"D:\\Engenharia de Software - UPE\\5º PERÍODO\\Projeto I\\Seja UPE\\Seja-UPE\\src\\core\\components\\ButtonWidget\\styles.tsx","statementMap":{"0":{"start":{"line":4,"column":19},"end":{"line":10,"column":1}},"1":{"start":{"line":12,"column":25},"end":{"line":19,"column":1}},"2":{"start":{"line":12,"column":64},"end":{"line":12,"column":69}},"3":{"start":{"line":15,"column":31},"end":{"line":15,"column":41}},"4":{"start":{"line":21,"column":22},"end":{"line":27,"column":1}},"5":{"start":{"line":21,"column":61},"end":{"line":21,"column":66}},"6":{"start":{"line":26,"column":20},"end":{"line":26,"column":29}},"7":{"start":{"line":29,"column":22},"end":{"line":32,"column":1}}},"fnMap":{"0":{"name":"(anonymous_0)","decl":{"start":{"line":12,"column":55},"end":{"line":12,"column":56}},"loc":{"start":{"line":12,"column":64},"end":{"line":12,"column":69}},"line":12},"1":{"name":"(anonymous_1)","decl":{"start":{"line":15,"column":22},"end":{"line":15,"column":23}},"loc":{"start":{"line":15,"column":31},"end":{"line":15,"column":41}},"line":15},"2":{"name":"(anonymous_2)","decl":{"start":{"line":21,"column":52},"end":{"line":21,"column":53}},"loc":{"start":{"line":21,"column":61},"end":{"line":21,"column":66}},"line":21},"3":{"name":"(anonymous_3)","decl":{"start":{"line":26,"column":11},"end":{"line":26,"column":12}},"loc":{"start":{"line":26,"column":20},"end":{"line":26,"column":29}},"line":26}},"branchMap":{},"s":{"0":1,"1":1,"2":0,"3":0,"4":1,"5":0,"6":0,"7":1},"f":{"0":0,"1":0,"2":0,"3":0},"b":{},"_coverageSchema":"1a1c01bbd47fc00a2c39e90264f33305004495a9","hash":"d8a965194494e843914d714bef0e6c2e22488503"}
,"D:\\Engenharia de Software - UPE\\5º PERÍODO\\Projeto I\\Seja UPE\\Seja-UPE\\src\\core\\components\\CardBaloon\\index.tsx": {"path":"D:\\Engenharia de Software - UPE\\5º PERÍODO\\Projeto I\\Seja UPE\\Seja-UPE\\src\\core\\components\\CardBaloon\\index.tsx","statementMap":{"0":{"start":{"line":13,"column":62},"end":{"line":29,"column":1}},"1":{"start":{"line":14,"column":18},"end":{"line":14,"column":28}},"2":{"start":{"line":16,"column":2},"end":{"line":28,"column":4}}},"fnMap":{"0":{"name":"(anonymous_0)","decl":{"start":{"line":13,"column":62},"end":{"line":13,"column":63}},"loc":{"start":{"line":13,"column":96},"end":{"line":29,"column":1}},"line":13}},"branchMap":{"0":{"loc":{"start":{"line":17,"column":22},"end":{"line":17,"column":44}},"type":"cond-expr","locations":[{"start":{"line":17,"column":38},"end":{"line":17,"column":40}},{"start":{"line":17,"column":43},"end":{"line":17,"column":44}}],"line":17},"1":{"loc":{"start":{"line":17,"column":60},"end":{"line":17,"column":83}},"type":"cond-expr","locations":[{"start":{"line":17,"column":77},"end":{"line":17,"column":79}},{"start":{"line":17,"column":82},"end":{"line":17,"column":83}}],"line":17}},"s":{"0":1,"1":0,"2":0},"f":{"0":0},"b":{"0":[0,0],"1":[0,0]},"_coverageSchema":"1a1c01bbd47fc00a2c39e90264f33305004495a9","hash":"57fb54f5b1b8c9fee3efbc5d9866ee01d84e6683"}
,"D:\\Engenharia de Software - UPE\\5º PERÍODO\\Projeto I\\Seja UPE\\Seja-UPE\\src\\core\\components\\CardBaloon\\styles.tsx": {"path":"D:\\Engenharia de Software - UPE\\5º PERÍODO\\Projeto I\\Seja UPE\\Seja-UPE\\src\\core\\components\\CardBaloon\\styles.tsx","statementMap":{"0":{"start":{"line":9,"column":25},"end":{"line":16,"column":1}},"1":{"start":{"line":9,"column":64},"end":{"line":9,"column":69}},"2":{"start":{"line":13,"column":31},"end":{"line":13,"column":42}},"3":{"start":{"line":18,"column":25},"end":{"line":25,"column":1}},"4":{"start":{"line":27,"column":26},"end":{"line":34,"column":1}},"5":{"start":{"line":36,"column":19},"end":{"line":40,"column":1}},"6":{"start":{"line":36,"column":56},"end":{"line":36,"column":61}},"7":{"start":{"line":38,"column":27},"end":{"line":38,"column":44}},"8":{"start":{"line":39,"column":28},"end":{"line":39,"column":46}}},"fnMap":{"0":{"name":"(anonymous_0)","decl":{"start":{"line":9,"column":55},"end":{"line":9,"column":56}},"loc":{"start":{"line":9,"column":64},"end":{"line":9,"column":69}},"line":9},"1":{"name":"(anonymous_1)","decl":{"start":{"line":13,"column":22},"end":{"line":13,"column":23}},"loc":{"start":{"line":13,"column":31},"end":{"line":13,"column":42}},"line":13},"2":{"name":"(anonymous_2)","decl":{"start":{"line":36,"column":47},"end":{"line":36,"column":48}},"loc":{"start":{"line":36,"column":56},"end":{"line":36,"column":61}},"line":36},"3":{"name":"(anonymous_3)","decl":{"start":{"line":38,"column":18},"end":{"line":38,"column":19}},"loc":{"start":{"line":38,"column":27},"end":{"line":38,"column":44}},"line":38},"4":{"name":"(anonymous_4)","decl":{"start":{"line":39,"column":19},"end":{"line":39,"column":20}},"loc":{"start":{"line":39,"column":28},"end":{"line":39,"column":46}},"line":39}},"branchMap":{},"s":{"0":1,"1":0,"2":0,"3":1,"4":1,"5":1,"6":0,"7":0,"8":0},"f":{"0":0,"1":0,"2":0,"3":0,"4":0},"b":{},"_coverageSchema":"1a1c01bbd47fc00a2c39e90264f33305004495a9","hash":"76e42fee4cdff70b6852ca06a07938c5b15637a5"}
,"D:\\Engenharia de Software - UPE\\5º PERÍODO\\Projeto I\\Seja UPE\\Seja-UPE\\src\\core\\components\\CardBaloonBottom\\index.tsx": {"path":"D:\\Engenharia de Software - UPE\\5º PERÍODO\\Projeto I\\Seja UPE\\Seja-UPE\\src\\core\\components\\CardBaloonBottom\\index.tsx","statementMap":{"0":{"start":{"line":10,"column":74},"end":{"line":21,"column":1}},"1":{"start":{"line":11,"column":18},"end":{"line":11,"column":28}},"2":{"start":{"line":13,"column":2},"end":{"line":20,"column":4}}},"fnMap":{"0":{"name":"(anonymous_0)","decl":{"start":{"line":10,"column":74},"end":{"line":10,"column":75}},"loc":{"start":{"line":10,"column":92},"end":{"line":21,"column":1}},"line":10}},"branchMap":{},"s":{"0":1,"1":0,"2":0},"f":{"0":0},"b":{},"_coverageSchema":"1a1c01bbd47fc00a2c39e90264f33305004495a9","hash":"1965bbdcc53a07538342b17a657da8ea20984848"}
,"D:\\Engenharia de Software - UPE\\5º PERÍODO\\Projeto I\\Seja UPE\\Seja-UPE\\src\\core\\components\\CardBaloonBottom\\styles.tsx": {"path":"D:\\Engenharia de Software - UPE\\5º PERÍODO\\Projeto I\\Seja UPE\\Seja-UPE\\src\\core\\components\\CardBaloonBottom\\styles.tsx","statementMap":{"0":{"start":{"line":4,"column":25},"end":{"line":11,"column":1}},"1":{"start":{"line":4,"column":64},"end":{"line":4,"column":69}},"2":{"start":{"line":8,"column":31},"end":{"line":8,"column":42}},"3":{"start":{"line":13,"column":24},"end":{"line":20,"column":1}},"4":{"start":{"line":22,"column":19},"end":{"line":24,"column":1}}},"fnMap":{"0":{"name":"(anonymous_0)","decl":{"start":{"line":4,"column":55},"end":{"line":4,"column":56}},"loc":{"start":{"line":4,"column":64},"end":{"line":4,"column":69}},"line":4},"1":{"name":"(anonymous_1)","decl":{"start":{"line":8,"column":22},"end":{"line":8,"column":23}},"loc":{"start":{"line":8,"column":31},"end":{"line":8,"column":42}},"line":8}},"branchMap":{},"s":{"0":1,"1":0,"2":0,"3":1,"4":1},"f":{"0":0,"1":0},"b":{},"_coverageSchema":"1a1c01bbd47fc00a2c39e90264f33305004495a9","hash":"ab39b7491fb1ee661e71e8f53ece96baac205aca"}
,"D:\\Engenharia de Software - UPE\\5º PERÍODO\\Projeto I\\Seja UPE\\Seja-UPE\\src\\core\\components\\CardConcurrency\\index.tsx": {"path":"D:\\Engenharia de Software - UPE\\5º PERÍODO\\Projeto I\\Seja UPE\\Seja-UPE\\src\\core\\components\\CardConcurrency\\index.tsx","statementMap":{"0":{"start":{"line":12,"column":72},"end":{"line":35,"column":1}},"1":{"start":{"line":13,"column":18},"end":{"line":13,"column":28}},"2":{"start":{"line":15,"column":2},"end":{"line":34,"column":4}}},"fnMap":{"0":{"name":"(anonymous_0)","decl":{"start":{"line":12,"column":72},"end":{"line":12,"column":73}},"loc":{"start":{"line":12,"column":103},"end":{"line":35,"column":1}},"line":12}},"branchMap":{},"s":{"0":1,"1":0,"2":0},"f":{"0":0},"b":{},"_coverageSchema":"1a1c01bbd47fc00a2c39e90264f33305004495a9","hash":"8eb10b6ae44206fa6363e930cf02d8090b8e48ef"}
,"D:\\Engenharia de Software - UPE\\5º PERÍODO\\Projeto I\\Seja UPE\\Seja-UPE\\src\\core\\components\\CardConcurrency\\styles.tsx": {"path":"D:\\Engenharia de Software - UPE\\5º PERÍODO\\Projeto I\\Seja UPE\\Seja-UPE\\src\\core\\components\\CardConcurrency\\styles.tsx","statementMap":{"0":{"start":{"line":4,"column":25},"end":{"line":13,"column":1}},"1":{"start":{"line":4,"column":64},"end":{"line":4,"column":69}},"2":{"start":{"line":11,"column":31},"end":{"line":11,"column":42}},"3":{"start":{"line":15,"column":20},"end":{"line":18,"column":1}},"4":{"start":{"line":15,"column":59},"end":{"line":15,"column":64}},"5":{"start":{"line":17,"column":20},"end":{"line":17,"column":30}},"6":{"start":{"line":20,"column":21},"end":{"line":25,"column":1}}},"fnMap":{"0":{"name":"(anonymous_0)","decl":{"start":{"line":4,"column":55},"end":{"line":4,"column":56}},"loc":{"start":{"line":4,"column":64},"end":{"line":4,"column":69}},"line":4},"1":{"name":"(anonymous_1)","decl":{"start":{"line":11,"column":22},"end":{"line":11,"column":23}},"loc":{"start":{"line":11,"column":31},"end":{"line":11,"column":42}},"line":11},"2":{"name":"(anonymous_2)","decl":{"start":{"line":15,"column":50},"end":{"line":15,"column":51}},"loc":{"start":{"line":15,"column":59},"end":{"line":15,"column":64}},"line":15},"3":{"name":"(anonymous_3)","decl":{"start":{"line":17,"column":11},"end":{"line":17,"column":12}},"loc":{"start":{"line":17,"column":20},"end":{"line":17,"column":30}},"line":17}},"branchMap":{},"s":{"0":1,"1":0,"2":0,"3":1,"4":0,"5":0,"6":1},"f":{"0":0,"1":0,"2":0,"3":0},"b":{},"_coverageSchema":"1a1c01bbd47fc00a2c39e90264f33305004495a9","hash":"26ab38199458dbdcdcf4de60b7f7ae92d4cdb80d"}
,"D:\\Engenharia de Software - UPE\\5º PERÍODO\\Projeto I\\Seja UPE\\Seja-UPE\\src\\core\\components\\CardCourse\\index.tsx": {"path":"D:\\Engenharia de Software - UPE\\5º PERÍODO\\Projeto I\\Seja UPE\\Seja-UPE\\src\\core\\components\\CardCourse\\index.tsx","statementMap":{"0":{"start":{"line":12,"column":62},"end":{"line":25,"column":1}},"1":{"start":{"line":13,"column":18},"end":{"line":13,"column":28}},"2":{"start":{"line":15,"column":2},"end":{"line":24,"column":4}}},"fnMap":{"0":{"name":"(anonymous_0)","decl":{"start":{"line":12,"column":62},"end":{"line":12,"column":63}},"loc":{"start":{"line":12,"column":84},"end":{"line":25,"column":1}},"line":12}},"branchMap":{"0":{"loc":{"start":{"line":18,"column":45},"end":{"line":18,"column":76}},"type":"binary-expr","locations":[{"start":{"line":18,"column":45},"end":{"line":18,"column":51}},{"start":{"line":18,"column":55},"end":{"line":18,"column":76}}],"line":18}},"s":{"0":1,"1":0,"2":0},"f":{"0":0},"b":{"0":[0,0]},"_coverageSchema":"1a1c01bbd47fc00a2c39e90264f33305004495a9","hash":"fbbfe2d4a8d1efb554375091f92fa7b30b4180d7"}
,"D:\\Engenharia de Software - UPE\\5º PERÍODO\\Projeto I\\Seja UPE\\Seja-UPE\\src\\core\\components\\CardCourse\\styles.tsx": {"path":"D:\\Engenharia de Software - UPE\\5º PERÍODO\\Projeto I\\Seja UPE\\Seja-UPE\\src\\core\\components\\CardCourse\\styles.tsx","statementMap":{"0":{"start":{"line":4,"column":25},"end":{"line":11,"column":1}},"1":{"start":{"line":4,"column":64},"end":{"line":4,"column":69}},"2":{"start":{"line":10,"column":31},"end":{"line":10,"column":42}},"3":{"start":{"line":13,"column":22},"end":{"line":22,"column":1}},"4":{"start":{"line":13,"column":61},"end":{"line":13,"column":66}},"5":{"start":{"line":19,"column":31},"end":{"line":19,"column":41}},"6":{"start":{"line":24,"column":27},"end":{"line":28,"column":1}},"7":{"start":{"line":24,"column":66},"end":{"line":24,"column":71}},"8":{"start":{"line":27,"column":20},"end":{"line":27,"column":31}},"9":{"start":{"line":30,"column":31},"end":{"line":35,"column":1}},"10":{"start":{"line":37,"column":22},"end":{"line":37,"column":36}}},"fnMap":{"0":{"name":"(anonymous_0)","decl":{"start":{"line":4,"column":55},"end":{"line":4,"column":56}},"loc":{"start":{"line":4,"column":64},"end":{"line":4,"column":69}},"line":4},"1":{"name":"(anonymous_1)","decl":{"start":{"line":10,"column":22},"end":{"line":10,"column":23}},"loc":{"start":{"line":10,"column":31},"end":{"line":10,"column":42}},"line":10},"2":{"name":"(anonymous_2)","decl":{"start":{"line":13,"column":52},"end":{"line":13,"column":53}},"loc":{"start":{"line":13,"column":61},"end":{"line":13,"column":66}},"line":13},"3":{"name":"(anonymous_3)","decl":{"start":{"line":19,"column":22},"end":{"line":19,"column":23}},"loc":{"start":{"line":19,"column":31},"end":{"line":19,"column":41}},"line":19},"4":{"name":"(anonymous_4)","decl":{"start":{"line":24,"column":57},"end":{"line":24,"column":58}},"loc":{"start":{"line":24,"column":66},"end":{"line":24,"column":71}},"line":24},"5":{"name":"(anonymous_5)","decl":{"start":{"line":27,"column":11},"end":{"line":27,"column":12}},"loc":{"start":{"line":27,"column":20},"end":{"line":27,"column":31}},"line":27}},"branchMap":{},"s":{"0":1,"1":0,"2":0,"3":1,"4":0,"5":0,"6":1,"7":0,"8":0,"9":1,"10":1},"f":{"0":0,"1":0,"2":0,"3":0,"4":0,"5":0},"b":{},"_coverageSchema":"1a1c01bbd47fc00a2c39e90264f33305004495a9","hash":"1f434e582476adb7aed833fb28dbca6e75283e23"}
,"D:\\Engenharia de Software - UPE\\5º PERÍODO\\Projeto I\\Seja UPE\\Seja-UPE\\src\\core\\components\\CardProfessor\\index.tsx": {"path":"D:\\Engenharia de Software - UPE\\5º PERÍODO\\Projeto I\\Seja UPE\\Seja-UPE\\src\\core\\components\\CardProfessor\\index.tsx","statementMap":{"0":{"start":{"line":27,"column":68},"end":{"line":63,"column":1}},"1":{"start":{"line":28,"column":18},"end":{"line":28,"column":28}},"2":{"start":{"line":30,"column":2},"end":{"line":62,"column":4}},"3":{"start":{"line":46,"column":36},"end":{"line":46,"column":48}},"4":{"start":{"line":49,"column":14},"end":{"line":56,"column":25}}},"fnMap":{"0":{"name":"(anonymous_0)","decl":{"start":{"line":27,"column":68},"end":{"line":27,"column":69}},"loc":{"start":{"line":27,"column":115},"end":{"line":63,"column":1}},"line":27},"1":{"name":"(anonymous_1)","decl":{"start":{"line":31,"column":67},"end":{"line":31,"column":68}},"loc":{"start":{"line":31,"column":73},"end":{"line":31,"column":75}},"line":31},"2":{"name":"(anonymous_2)","decl":{"start":{"line":46,"column":26},"end":{"line":46,"column":27}},"loc":{"start":{"line":46,"column":36},"end":{"line":46,"column":48}},"line":46},"3":{"name":"(anonymous_3)","decl":{"start":{"line":48,"column":24},"end":{"line":48,"column":25}},"loc":{"start":{"line":49,"column":14},"end":{"line":56,"column":25}},"line":49}},"branchMap":{"0":{"loc":{"start":{"line":31,"column":55},"end":{"line":31,"column":76}},"type":"binary-expr","locations":[{"start":{"line":31,"column":55},"end":{"line":31,"column":62}},{"start":{"line":31,"column":67},"end":{"line":31,"column":75}}],"line":31}},"s":{"0":1,"1":0,"2":0,"3":0,"4":0},"f":{"0":0,"1":0,"2":0,"3":0},"b":{"0":[0,0]},"_coverageSchema":"1a1c01bbd47fc00a2c39e90264f33305004495a9","hash":"db091c8b044845c3f80b274686e4a5d5e68fca13"}
,"D:\\Engenharia de Software - UPE\\5º PERÍODO\\Projeto I\\Seja UPE\\Seja-UPE\\src\\core\\components\\CardProfessor\\styles.tsx": {"path":"D:\\Engenharia de Software - UPE\\5º PERÍODO\\Projeto I\\Seja UPE\\Seja-UPE\\src\\core\\components\\CardProfessor\\styles.tsx","statementMap":{"0":{"start":{"line":4,"column":25},"end":{"line":9,"column":1}},"1":{"start":{"line":4,"column":76},"end":{"line":4,"column":81}},"2":{"start":{"line":5,"column":31},"end":{"line":5,"column":42}},"3":{"start":{"line":11,"column":22},"end":{"line":19,"column":1}},"4":{"start":{"line":11,"column":61},"end":{"line":11,"column":66}},"5":{"start":{"line":12,"column":31},"end":{"line":12,"column":41}},"6":{"start":{"line":21,"column":21},"end":{"line":24,"column":1}},"7":{"start":{"line":21,"column":60},"end":{"line":21,"column":65}},"8":{"start":{"line":23,"column":20},"end":{"line":23,"column":31}},"9":{"start":{"line":26,"column":20},"end":{"line":32,"column":1}},"10":{"start":{"line":34,"column":30},"end":{"line":41,"column":1}},"11":{"start":{"line":43,"column":21},"end":{"line":47,"column":1}},"12":{"start":{"line":49,"column":29},"end":{"line":55,"column":1}},"13":{"start":{"line":57,"column":34},"end":{"line":60,"column":1}},"14":{"start":{"line":62,"column":25},"end":{"line":66,"column":1}},"15":{"start":{"line":62,"column":64},"end":{"line":62,"column":69}},"16":{"start":{"line":63,"column":20},"end":{"line":63,"column":31}},"17":{"start":{"line":68,"column":24},"end":{"line":70,"column":1}},"18":{"start":{"line":72,"column":24},"end":{"line":74,"column":1}}},"fnMap":{"0":{"name":"(anonymous_0)","decl":{"start":{"line":4,"column":67},"end":{"line":4,"column":68}},"loc":{"start":{"line":4,"column":76},"end":{"line":4,"column":81}},"line":4},"1":{"name":"(anonymous_1)","decl":{"start":{"line":5,"column":22},"end":{"line":5,"column":23}},"loc":{"start":{"line":5,"column":31},"end":{"line":5,"column":42}},"line":5},"2":{"name":"(anonymous_2)","decl":{"start":{"line":11,"column":52},"end":{"line":11,"column":53}},"loc":{"start":{"line":11,"column":61},"end":{"line":11,"column":66}},"line":11},"3":{"name":"(anonymous_3)","decl":{"start":{"line":12,"column":22},"end":{"line":12,"column":23}},"loc":{"start":{"line":12,"column":31},"end":{"line":12,"column":41}},"line":12},"4":{"name":"(anonymous_4)","decl":{"start":{"line":21,"column":51},"end":{"line":21,"column":52}},"loc":{"start":{"line":21,"column":60},"end":{"line":21,"column":65}},"line":21},"5":{"name":"(anonymous_5)","decl":{"start":{"line":23,"column":11},"end":{"line":23,"column":12}},"loc":{"start":{"line":23,"column":20},"end":{"line":23,"column":31}},"line"
[...]
,"D:\\Engenharia de Software - UPE\\5º PERÍODO\\Projeto I\\Seja UPE\\Seja-UPE\\src\\core\\components\\ToggleView\\styles.tsx": {"path":"D:\\Engenharia de Software - UPE\\5º PERÍODO\\Projeto I\\Seja UPE\\Seja-UPE\\src\\core\\components\\ToggleView\\styles.tsx","statementMap":{"0":{"start":{"line":5,"column":25},"end":{"line":12,"column":1}},"1":{"start":{"line":5,"column":67},"end":{"line":5,"column":72}},"2":{"start":{"line":11,"column":31},"end":{"line":11,"column":41}}},"fnMap":{"0":{"name":"(anonymous_0)","decl":{"start":{"line":5,"column":58},"end":{"line":5,"column":59}},"loc":{"start":{"line":5,"column":67},"end":{"line":5,"column":72}},"line":5},"1":{"name":"(anonymous_1)","decl":{"start":{"line":11,"column":22},"end":{"line":11,"column":23}},"loc":{"start":{"line":11,"column":31},"end":{"line":11,"column":41}},"line":11}},"branchMap":{},"s":{"0":1,"1":0,"2":0},"f":{"0":0,"1":0},"b":{},"_coverageSchema":"1a1c01bbd47fc00a2c39e90264f33305004495a9","hash":"4b8f61e0ce4965bd7c7c7fdc5f9f37116350ad10"}
,"D:\\Engenharia de Software - UPE\\5º PERÍODO\\Projeto I\\Seja UPE\\Seja-UPE\\src\\core\\components\\VerticalContent\\index.tsx": {"path":"D:\\Engenharia de Software - UPE\\5º PERÍODO\\Projeto I\\Seja UPE\\Seja-UPE\\src\\core\\components\\VerticalContent\\index.tsx","statementMap":{"0":{"start":{"line":8,"column":72},"end":{"line":14,"column":1}},"1":{"start":{"line":9,"column":2},"end":{"line":13,"column":4}}},"fnMap":{"0":{"name":"(anonymous_0)","decl":{"start":{"line":8,"column":72},"end":{"line":8,"column":73}},"loc":{"start":{"line":8,"column":90},"end":{"line":14,"column":1}},"line":8}},"branchMap":{},"s":{"0":1,"1":0},"f":{"0":0},"b":{},"_coverageSchema":"1a1c01bbd47fc00a2c39e90264f33305004495a9","hash":"6a70ba7b0c3899caf6d3b01abd856afb899f8d21"}
,"D:\\Engenharia de Software - UPE\\5º PERÍODO\\Projeto I\\Seja UPE\\Seja-UPE\\src\\core\\components\\VerticalContent\\styles.tsx": {"path":"D:\\Engenharia de Software - UPE\\5º PERÍODO\\Projeto I\\Seja UPE\\Seja-UPE\\src\\core\\components\\VerticalContent\\styles.tsx","statementMap":{"0":{"start":{"line":3,"column":25},"end":{"line":6,"column":1}}},"fnMap":{},"branchMap":{},"s":{"0":1},"f":{},"b":{},"_coverageSchema":"1a1c01bbd47fc00a2c39e90264f33305004495a9","hash":"df0de396684d2176510eb130a54c9bd2562f2759"}
,"D:\\Engenharia de Software - UPE\\5º PERÍODO\\Projeto I\\Seja UPE\\Seja-UPE\\src\\core\\config\\Api.tsx": {"path":"D:\\Engenharia de Software - UPE\\5º PERÍODO\\Projeto I\\Seja UPE\\Seja-UPE\\src\\core\\config\\Api.tsx","statementMap":{"0":{"start":{"line":2,"column":29},"end":{"line":2,"column":52}}},"fnMap":{},"branchMap":{},"s":{"0":1},"f":{},"b":{},"_coverageSchema":"1a1c01bbd47fc00a2c39e90264f33305004495a9","hash":"04e27d48c82e43f6a8a4064389ba8ab0964eb799"}
,"D:\\Engenharia de Software - UPE\\5º PERÍODO\\Projeto I\\Seja UPE\\Seja-UPE\\src\\core\\config\\App.tsx": {"path":"D:\\Engenharia de Software - UPE\\5º PERÍODO\\Projeto I\\Seja UPE\\Seja-UPE\\src\\core\\config\\App.tsx","statementMap":{"0":{"start":{"line":2,"column":26},"end":{"line":2,"column":33}},"1":{"start":{"line":3,"column":25},"end":{"line":3,"column":101}}},"fnMap":{},"branchMap":{},"s":{"0":1,"1":1},"f":{},"b":{},"_coverageSchema":"1a1c01bbd47fc00a2c39e90264f33305004495a9","hash":"becf4abbcd1f72f9543f3b72f6bc9309fe28f933"}
,"D:\\Engenharia de Software - UPE\\5º PERÍODO\\Projeto I\\Seja UPE\\Seja-UPE\\src\\core\\config\\OAuth2.tsx": {"path":"D:\\Engenharia de Software - UPE\\5º PERÍODO\\Projeto I\\Seja UPE\\Seja-UPE\\src\\core\\config\\OAuth2.tsx","statementMap":{"0":{"start":{"line":1,"column":28},"end":{"line":1,"column":102}},"1":{"start":{"line":2,"column":28},"end":{"line":2,"column":102}}},"fnMap":{},"branchMap":{},"s":{"0":1,"1":1},"f":{},"b":{},"_coverageSchema":"1a1c01bbd47fc00a2c39e90264f33305004495a9","hash":"4e3c3d73a39c9753ae45170d71f0bdba229fd362"}
,"D:\\Engenharia de Software - UPE\\5º PERÍODO\\Projeto I\\Seja UPE\\Seja-UPE\\src\\core\\config\\index.tsx": {"path":"D:\\Engenharia de Software - UPE\\5º PERÍODO\\Projeto I\\Seja UPE\\Seja-UPE\\src\\core\\config\\index.tsx","statementMap":{},"fnMap":{},"branchMap":{},"s":{},"f":{},"b":{},"_coverageSchema":"1a1c01bbd47fc00a2c39e90264f33305004495a9","hash":"9aeb850a87183b4c8692ed533235e467bd2dae63"}
,"D:\\Engenharia de Software - UPE\\5º PERÍODO\\Projeto I\\Seja UPE\\Seja-UPE\\src\\core\\hooks\\Global.tsx": {"path":"D:\\Engenharia de Software - UPE\\5º PERÍODO\\Projeto I\\Seja UPE\\Seja-UPE\\src\\core\\hooks\\Global.tsx","statementMap":{"0":{"start":{"line":5,"column":18},"end":{"line":5,"column":43}},"1":{"start":{"line":6,"column":2},"end":{"line":6,"column":82}},"2":{"start":{"line":6,"column":16},"end":{"line":6,"column":82}},"3":{"start":{"line":7,"column":26},"end":{"line":7,"column":33}},"4":{"start":{"line":8,"column":2},"end":{"line":8,"column":25}}},"fnMap":{"0":{"name":"useGlobal","decl":{"start":{"line":4,"column":16},"end":{"line":4,"column":25}},"loc":{"start":{"line":4,"column":28},"end":{"line":9,"column":1}},"line":4}},"branchMap":{"0":{"loc":{"start":{"line":6,"column":2},"end":{"line":6,"column":82}},"type":"if","locations":[{"start":{"line":6,"column":2},"end":{"line":6,"column":82}},{"start":{},"end":{}}],"line":6}},"s":{"0":0,"1":0,"2":0,"3":0,"4":0},"f":{"0":0},"b":{"0":[0,0]},"_coverageSchema":"1a1c01bbd47fc00a2c39e90264f33305004495a9","hash":"6f84dde016bedfff2645ae86996a69ca8927e99f"}
,"D:\\Engenharia de Software - UPE\\5º PERÍODO\\Projeto I\\Seja UPE\\Seja-UPE\\src\\core\\hooks\\Google.tsx": {"path":"D:\\Engenharia de Software - UPE\\5º PERÍODO\\Projeto I\\Seja UPE\\Seja-UPE\\src\\core\\hooks\\Google.tsx","statementMap":{"0":{"start":{"line":10,"column":29},"end":{"line":10,"column":53}},"1":{"start":{"line":11,"column":4},"end":{"line":11,"column":33}},"2":{"start":{"line":14,"column":2},"end":{"line":14,"column":27}},"3":{"start":{"line":14,"column":16},"end":{"line":14,"column":25}}},"fnMap":{"0":{"name":"useGoogleAuth","decl":{"start":{"line":7,"column":16},"end":{"line":7,"column":29}},"loc":{"start":{"line":7,"column":79},"end":{"line":15,"column":1}},"line":7},"1":{"name":"trigger","decl":{"start":{"line":9,"column":17},"end":{"line":9,"column":24}},"loc":{"start":{"line":9,"column":26},"end":{"line":12,"column":3}},"line":9},"2":{"name":"(anonymous_2)","decl":{"start":{"line":14,"column":10},"end":{"line":14,"column":11}},"loc":{"start":{"line":14,"column":16},"end":{"line":14,"column":25}},"line":14}},"branchMap":{},"s":{"0":0,"1":0,"2":0,"3":0},"f":{"0":0,"1":0,"2":0},"b":{},"_coverageSchema":"1a1c01bbd47fc00a2c39e90264f33305004495a9","hash":"bb5b219a06e303f238333a39e494191903fbbcd5"}
,"D:\\Engenharia de Software - UPE\\5º PERÍODO\\Projeto I\\Seja UPE\\Seja-UPE\\src\\core\\hooks\\Theme.tsx": {"path":"D:\\Engenharia de Software - UPE\\5º PERÍODO\\Projeto I\\Seja UPE\\Seja-UPE\\src\\core\\hooks\\Theme.tsx","statementMap":{"0":{"start":{"line":5,"column":18},"end":{"line":5,"column":42}},"1":{"start":{"line":6,"column":2},"end":{"line":6,"column":80}},"2":{"start":{"line":6,"column":16},"end":{"line":6,"column":80}},"3":{"start":{"line":7,"column":28},"end":{"line":7,"column":35}},"4":{"start":{"line":8,"column":2},"end":{"line":8,"column":27}}},"fnMap":{"0":{"name":"useTheme","decl":{"start":{"line":4,"column":16},"end":{"line":4,"column":24}},"loc":{"start":{"line":4,"column":79},"end":{"line":9,"column":1}},"line":4}},"branchMap":{"0":{"loc":{"start":{"line":6,"column":2},"end":{"line":6,"column":80}},"type":"if","locations":[{"start":{"line":6,"column":2},"end":{"line":6,"column":80}},{"start":{},"end":{}}],"line":6}},"s":{"0":1,"1":1,"2":0,"3":1,"4":1},"f":{"0":1},"b":{"0":[0,1]},"_coverageSchema":"1a1c01bbd47fc00a2c39e90264f33305004495a9","hash":"c3ef40fb6eb67c22201e62375708259e3d3983b9"}
,"D:\\Engenharia de Software - UPE\\5º PERÍODO\\Projeto I\\Seja UPE\\Seja-UPE\\src\\core\\hooks\\index.tsx": {"path":"D:\\Engenharia de Software - UPE\\5º PERÍODO\\Projeto I\\Seja UPE\\Seja-UPE\\src\\core\\hooks\\index.tsx","statementMap":{},"fnMap":{},"branchMap":{},"s":{},"f":{},"b":{},"_coverageSchema":"1a1c01bbd47fc00a2c39e90264f33305004495a9","hash":"7cc98f67ce4e82d8e7595b7a714a87a504aadee4"}
,"D:\\Engenharia de Software - UPE\\5º PERÍODO\\Projeto I\\Seja UPE\\Seja-UPE\\src\\core\\providers\\Global.tsx": {"path":"D:\\Engenharia de Software - UPE\\5º PERÍODO\\Projeto I\\Seja UPE\\Seja-UPE\\src\\core\\providers\\Global.tsx","statementMap":{"0":{"start":{"line":20,"column":29},"end":{"line":23,"column":2}},"1":{"start":{"line":25,"column":62},"end":{"line":33,"column":1}},"2":{"start":{"line":26,"column":26},"end":{"line":26,"column":51}},"3":{"start":{"line":28,"column":2},"end":{"line":32,"column":4}}},"fnMap":{"0":{"name":"(anonymous_0)","decl":{"start":{"line":22,"column":11},"end":{"line":22,"column":12}},"loc":{"start":{"line":22,"column":31},"end":{"line":22,"column":33}},"line":22},"1":{"name":"(anonymous_1)","decl":{"start":{"line":25,"column":62},"end":{"line":25,"column":63}},"loc":{"start":{"line":25,"column":93},"end":{"line":33,"column":1}},"line":25}},"branchMap":{},"s":{"0":1,"1":1,"2":1,"3":1},"f":{"0":0,"1":1},"b":{},"_coverageSchema":"1a1c01bbd47fc00a2c39e90264f33305004495a9","hash":"5bab574c7c38df4ea1c72e9a5421e06a4b9227c7"}
,"D:\\Engenharia de Software - UPE\\5º PERÍODO\\Projeto I\\Seja UPE\\Seja-UPE\\src\\core\\providers\\Theme.tsx": {"path":"D:\\Engenharia de Software - UPE\\5º PERÍODO\\Projeto I\\Seja UPE\\Seja-UPE\\src\\core\\providers\\Theme.tsx","statementMap":{"0":{"start":{"line":36,"column":28},"end":{"line":36,"column":81}},"1":{"start":{"line":38,"column":60},"end":{"line":46,"column":1}},"2":{"start":{"line":39,"column":28},"end":{"line":39,"column":57}},"3":{"start":{"line":41,"column":2},"end":{"line":45,"column":4}}},"fnMap":{"0":{"name":"(anonymous_0)","decl":{"start":{"line":38,"column":60},"end":{"line":38,"column":61}},"loc":{"start":{"line":38,"column":90},"end":{"line":46,"column":1}},"line":38}},"branchMap":{},"s":{"0":1,"1":1,"2":1,"3":1},"f":{"0":1},"b":{},"_coverageSchema":"1a1c01bbd47fc00a2c39e90264f33305004495a9","hash":"781a88de7c76ab49b18a75e408b6ffea370fda9b"}
,"D:\\Engenharia de Software - UPE\\5º PERÍODO\\Projeto I\\Seja UPE\\Seja-UPE\\src\\core\\providers\\index.tsx": {"path":"D:\\Engenharia de Software - UPE\\5º PERÍODO\\Projeto I\\Seja UPE\\Seja-UPE\\src\\core\\providers\\index.tsx","statementMap":{},"fnMap":{},"branchMap":{},"s":{},"f":{},"b":{},"_coverageSchema":"1a1c01bbd47fc00a2c39e90264f33305004495a9","hash":"781e2a8e1386aba859036c3f8cbf5a5a310f2e0f"}
,"D:\\Engenharia de Software - UPE\\5º PERÍODO\\Projeto I\\Seja UPE\\Seja-UPE\\src\\core\\services\\Http.tsx": {"path":"D:\\Engenharia de Software - UPE\\5º PERÍODO\\Projeto I\\Seja UPE\\Seja-UPE\\src\\core\\services\\Http.tsx","statementMap":{"0":{"start":{"line":4,"column":22},"end":{"line":7,"column":2}},"1":{"start":{"line":17,"column":19},"end":{"line":17,"column":64}},"2":{"start":{"line":18,"column":2},"end":{"line":19,"column":17}},"3":{"start":{"line":19,"column":4},"end":{"line":19,"column":17}},"4":{"start":{"line":20,"column":2},"end":{"line":20,"column":23}},"5":{"start":{"line":24,"column":19},"end":{"line":24,"column":71}},"6":{"start":{"line":25,"column":2},"end":{"line":26,"column":17}},"7":{"start":{"line":26,"column":4},"end":{"line":26,"column":17}},"8":{"start":{"line":27,"column":2},"end":{"line":27,"column":23}},"9":{"start":{"line":31,"column":19},"end":{"line":31,"column":70}},"10":{"start":{"line":32,"column":2},"end":{"line":33,"column":17}},"11":{"start":{"line":33,"column":4},"end":{"line":33,"column":17}},"12":{"start":{"line":34,"column":2},"end":{"line":34,"column":23}},"13":{"start":{"line":38,"column":19},"end":{"line":38,"column":67}},"14":{"start":{"line":39,"column":2},"end":{"line":40,"column":17}},"15":{"start":{"line":40,"column":4},"end":{"line":40,"column":17}},"16":{"start":{"line":41,"column":2},"end":{"line":41,"column":23}}},"fnMap":{"0":{"name":"get","decl":{"start":{"line":16,"column":22},"end":{"line":16,"column":25}},"loc":{"start":{"line":16,"column":86},"end":{"line":21,"column":1}},"line":16},"1":{"name":"post","decl":{"start":{"line":23,"column":22},"end":{"line":23,"column":26}},"loc":{"start":{"line":23,"column":93},"end":{"line":28,"column":1}},"line":23},"2":{"name":"put","decl":{"start":{"line":30,"column":22},"end":{"line":30,"column":25}},"loc":{"start":{"line":30,"column":92},"end":{"line":35,"column":1}},"line":30},"3":{"name":"del","decl":{"start":{"line":37,"column":22},"end":{"line":37,"column":25}},"loc":{"start":{"line":37,"column":86},"end":{"line":42,"column":1}},"line":37}},"branchMap":{"0":{"loc":{"start":{"line":18,"column":2},"end":{"line":19,"column":17}},"type":"if","locations":[{"start":{"line":18,"column":2},"end":{"line":19,"column":17}},{"start":{},"end":{}}],"line":18},"1":{"loc":{"start":{"line":18,"column":6},"end":{"line":18,"column":33}},"type":"binary-expr","locations":[{"start":{"line":18,"column":6},"end":{"line":18,"column":15}},{"start":{"line":18,"column":19},"end":{"line":18,"column":33}}],"line":18},"2":{"loc":{"start":{"line":25,"column":2},"end":{"line":26,"column":17}},"type":"if","locations":[{"start":{"line":25,"column":2},"end":{"line":26,"column":17}},{"start":{},"end":{}}],"line":25},"3":{"loc":{"start":{"line":25,"column":6},"end":{"line":25,"column":33}},"type":"binary-expr","locations":[{"start":{"line":25,"column":6},"end":{"line":25,"column":15}},{"start":{"line":25,"column":19},"end":{"line":25,"column":33}}],"line":25},"4":{"loc":{"start":{"line":32,"column":2},"end":{"line":33,"column":17}},"type":"if","locations":[{"start":{"line":32,"column":2},"end":{"line":33,"column":17}},{"start":{},"end":{}}],"line":32},"5":{"loc":{"start":{"line":32,"column":6},"end":{"line":32,"column":33}},"type":"binary-expr","locations":[{"start":{"line":32,"column":6},"end":{"line":32,"column":15}},{"start":{"line":32,"column":19},"end":{"line":32,"column":33}}],"line":32},"6":{"loc":{"start":{"line":39,"column":2},"end":{"line":40,"column":17}},"type":"if","locations":[{"start":{"line":39,"column":2},"end":{"line":40,"column":17}},{"start":{},"end":{}}],"line":39},"7":{"loc":{"start":{"line":39,"column":6},"end":{"line":39,"column":33}},"type":"binary-expr","locations":[{"start":{"line":39,"column":6},"end":{"line":39,"column":15}},{"start":{"line":39,"column":19},"end":{"line":39,"column":33}}],"line":39}},"s":{"0":1,"1":0,"2":0,"3":0,"4":0,"5":0,"6":0,"7":0,"8":0,"9":0,"10":0,"11":0,"12":0,"13":0,"14":0,"15":0,"16":0},"f":{"0":0,"1":0,"2":0,"3":0},"b":{"0":[0,0],"1":[0,0],"2":[0,0],"3":[0,0],"4":[0,0],"5":[0,0],"6":[0,0],"7":[0,0]},"_coverageSchema":"1a1c01bbd47fc00a2c39e90264f33305004495a9","hash":"ca2d1de90a647895af166c7a4cf6e9d77d4f6e81"}
,"D:\\Engenharia de Software - UPE\\5º PERÍODO\\Projeto I\\Seja UPE\\Seja-UPE\\src\\core\\services\\OAuth2.tsx": {"path":"D:\\Engenharia de Software - UPE\\5º PERÍODO\\Projeto I\\Seja UPE\\Seja-UPE\\src\\core\\services\\OAuth2.tsx","statementMap":{"0":{"start":{"line":16,"column":2},"end":{"line":26,"column":3}},"1":{"start":{"line":17,"column":26},"end":{"line":17,"column":69}},"2":{"start":{"line":18,"column":19},"end":{"line":22,"column":6}},"3":{"start":{"line":23,"column":4},"end":{"line":23,"column":77}},"4":{"start":{"line":25,"column":4},"end":{"line":25,"column":30}}},"fnMap":{"0":{"name":"OAuth2LoginAsync","decl":{"start":{"line":15,"column":22},"end":{"line":15,"column":38}},"loc":{"start":{"line":15,"column":64},"end":{"line":27,"column":1}},"line":15}},"branchMap":{"0":{"loc":{"start":{"line":19,"column":23},"end":{"line":19,"column":68}},"type":"cond-expr","locations":[{"start":{"line":19,"column":41},"end":{"line":19,"column":53}},{"start":{"line":19,"column":56},"end":{"line":19,"column":68}}],"line":19},"1":{"loc":{"start":{"line":20,"column":36},"end":{"line":20,"column":81}},"type":"cond-expr","locations":[{"start":{"line":20,"column":54},"end":{"line":20,"column":66}},{"start":{"line":20,"column":69},"end":{"line":20,"column":81}}],"line":20},"2":{"loc":{"start":{"line":23,"column":11},"end":{"line":23,"column":76}},"type":"cond-expr","locations":[{"start":{"line":23,"column":41},"end":{"line":23,"column":55}},{"start":{"line":23,"column":58},"end":{"line":23,"column":76}}],"line":23}},"s":{"0":0,"1":0,"2":0,"3":0,"4":0},"f":{"0":0},"b":{"0":[0,0],"1":[0,0],"2":[0,0]},"_coverageSchema":"1a1c01bbd47fc00a2c39e90264f33305004495a9","hash":"8d170d2f11d900fd434b6ff9eb3aaf19f4a94e0c"}
,"D:\\Engenharia de Software - UPE\\5º PERÍODO\\Projeto I\\Seja UPE\\Seja-UPE\\src\\core\\services\\index.tsx": {"path":"D:\\Engenharia de Software - UPE\\5º PERÍODO\\Projeto I\\Seja UPE\\Seja-UPE\\src\\core\\services\\index.tsx","statementMap":{},"fnMap":{},"branchMap":{},"s":{},"f":{},"b":{},"_coverageSchema":"1a1c01bbd47fc00a2c39e90264f33305004495a9","hash":"a31b2c9d9d0e54abd71e5681a825e16bc818302d"}
,"D:\\Engenharia de Software - UPE\\5º PERÍODO\\Projeto I\\Seja UPE\\Seja-UPE\\src\\core\\themes\\index.tsx": {"path":"D:\\Engenharia de Software - UPE\\5º PERÍODO\\Projeto I\\Seja UPE\\Seja-UPE\\src\\core\\themes\\index.tsx","statementMap":{},"fnMap":{},"branchMap":{},"s":{},"f":{},"b":{},"_coverageSchema":"1a1c01bbd47fc00a2c39e90264f33305004495a9","hash":"1c9599cd0a212a69cb6656175cce26384f448fcd"}
,"D:\\Engenharia de Software - UPE\\5º PERÍODO\\Projeto I\\Seja UPE\\Seja-UPE\\src\\core\\themes\\palette.tsx": {"path":"D:\\Engenharia de Software - UPE\\5º PERÍODO\\Projeto I\\Seja UPE\\Seja-UPE\\src\\core\\themes\\palette.tsx","statementMap":{"0":{"start":{"line":2,"column":23},"end":{"line":23,"column":1}}},"fnMap":{},"branchMap":{},"s":{"0":1},"f":{},"b":{},"_coverageSchema":"1a1c01bbd47fc00a2c39e90264f33305004495a9","hash":"d6839fcfa56fd128482c8bf992b01ed68dd4abda"}
,"D:\\Engenharia de Software - UPE\\5º PERÍODO\\Projeto I\\Seja UPE\\Seja-UPE\\tests\\core\\index.tsx": {"path":"D:\\Engenharia de Software - UPE\\5º PERÍODO\\Projeto I\\Seja UPE\\Seja-UPE\\tests\\core\\index.tsx","statementMap":{"0":{"start":{"line":11,"column":65},"end":{"line":20,"column":1}},"1":{"start":{"line":12,"column":2},"end":{"line":19,"column":3}},"2":{"start":{"line":22,"column":21},"end":{"line":22,"column":162}},"3":{"start":{"line":22,"column":110},"end":{"line":22,"column":162}}},"fnMap":{"0":{"name":"(anonymous_0)","decl":{"start":{"line":11,"column":65},"end":{"line":11,"column":66}},"loc":{"start":{"line":11,"column":83},"end":{"line":20,"column":1}},"line":11},"1":{"name":"(anonymous_1)","decl":{"start":{"line":22,"column":21},"end":{"line":22,"column":22}},"loc":{"start":{"line":22,"column":110},"end":{"line":22,"column":162}},"line":22}},"branchMap":{},"s":{"0":1,"1":1,"2":1,"3":1},"f":{"0":1,"1":1},"b":{},"_coverageSchema":"1a1c01bbd47fc00a2c39e90264f33305004495a9","hash":"f9defc3fe183185865250fe609687708b4fc9c7d"}
}
