{"D:\\Engenharia de Software - UPE\\5º PERÍODO\\Projeto I\\Seja UPE\\Seja-UPE\\src\\assets\\index.tsx": {"path":"D:\\Engenharia de Software - UPE\\5º PERÍODO\\Projeto I\\Seja UPE\\Seja-UPE\\src\\assets\\index.tsx","statementMap":{"0":{"start":{"line":1,"column":46},"end":{"line":1,"column":78}},"1":{"start":{"line":2,"column":46},"end":{"line":2,"column":78}},"2":{"start":{"line":3,"column":46},"end":{"line":3,"column":81}},"3":{"start":{"line":4,"column":46},"end":{"line":4,"column":82}},"4":{"start":{"line":5,"column":46},"end":{"line":5,"column":84}},"5":{"start":{"line":6,"column":46},"end":{"line":6,"column":85}},"6":{"start":{"line":7,"column":46},"end":{"line":7,"column":86}},"7":{"start":{"line":8,"column":46},"end":{"line":8,"column":84}},"8":{"start":{"line":9,"column":46},"end":{"line":9,"column":90}},"9":{"start":{"line":10,"column":46},"end":{"line":10,"column":91}},"10":{"start":{"line":11,"column":46},"end":{"line":11,"column":89}},"11":{"start":{"line":12,"column":46},"end":{"line":12,"column":75}},"12":{"start":{"line":13,"column":46},"end":{"line":13,"column":87}},"13":{"start":{"line":14,"column":46},"end":{"line":14,"column":87}},"14":{"start":{"line":15,"column":46},"end":{"line":15,"column":88}},"15":{"start":{"line":16,"column":46},"end":{"line":16,"column":86}},"16":{"start":{"line":17,"column":46},"end":{"line":17,"column":86}},"17":{"start":{"line":18,"column":46},"end":{"line":18,"column":87}},"18":{"start":{"line":19,"column":46},"end":{"line":19,"column":84}},"19":{"start":{"line":20,"column":46},"end":{"line":20,"column":88}},"20":{"start":{"line":21,"column":46},"end":{"line":21,"column":83}},"21":{"start":{"line":22,"column":46},"end":{"line":22,"column":82}},"22":{"start":{"line":23,"column":46},"end":{"line":23,"column":83}},"23":{"start":{"line":24,"column":46},"end":{"line":24,"column":85}},"24":{"start":{"line":25,"column":46},"end":{"line":25,"column":85}},"25":{"start":{"line":26,"column":46},"end":{"line":26,"column":89}},"26":{"start":{"line":27,"column":46},"end":{"line":27,"column":87}},"27":{"start":{"line":28,"column":46},"end":{"line":28,"column":93}},"28":{"start":{"line":29,"column":46},"end":{"line":29,"column":86}},"29":{"start":{"line":30,"column":46},"end":{"line":30,"column":86}},"30":{"start":{"line":31,"column":46},"end":{"line":31,"column":85}},"31":{"start":{"line":32,"column":46},"end":{"line":32,"column":78}}},"fnMap":{},"branchMap":{},"s":{"0":42,"1":42,"2":42,"3":42,"4":42,"5":42,"6":42,"7":42,"8":42,"9":42,"10":42,"11":42,"12":42,"13":42,"14":42,"15":42,"16":42,"17":42,"18":42,"19":42,"20":42,"21":42,"22":42,"23":42,"24":42,"25":42,"26":42,"27":42,"28":42,"29":42,"30":42,"31":42},"f":{},"b":{},"_coverageSchema":"1a1c01bbd47fc00a2c39e90264f33305004495a9","hash":"2905b88109f92afb07acc31c7d065d5bbefaa620"}
,"D:\\Engenharia de Software - UPE\\5º PERÍODO\\Projeto I\\Seja UPE\\Seja-UPE\\src\\assets\\res_cap_icon.png": {"path":"D:\\Engenharia de Software - UPE\\5º PERÍODO\\Projeto I\\Seja UPE\\Seja-UPE\\src\\assets\\res_cap_icon.png","statementMap":{"0":{"start":{"line":1,"column":0},"end":{"line":1,"column":19}}},"fnMap":{},"branchMap":{},"s":{"0":42},"f":{},"b":{},"inputSourceMap":null,"_coverageSchema":"1a1c01bbd47fc00a2c39e90264f33305004495a9","hash":"e538e5415bf91e7b4831ce19bf46abeecce5dad5"}
,"D:\\Engenharia de Software - UPE\\5º PERÍODO\\Projeto I\\Seja UPE\\Seja-UPE\\src\\assets\\res_card_course_logo.png": {"path":"D:\\Engenharia de Software - UPE\\5º PERÍODO\\Projeto I\\Seja UPE\\Seja-UPE\\src\\assets\\res_card_course_logo.png","statementMap":{"0":{"start":{"line":1,"column":0},"end":{"line":1,"column":19}}},"fnMap":{},"branchMap":{},"s":{"0":42},"f":{},"b":{},"inputSourceMap":null,"_coverageSchema":"1a1c01bbd47fc00a2c39e90264f33305004495a9","hash":"b4b6c661a1a2100f001c86aa72bac479aa6bcf39"}
,"D:\\Engenharia de Software - UPE\\5º PERÍODO\\Projeto I\\Seja UPE\\Seja-UPE\\src\\assets\\res_google_logo.png": {"path":"D:\\Engenharia de Software - UPE\\5º PERÍODO\\Projeto I\\Seja UPE\\Seja-UPE\\src\\assets\\res_google_logo.png","statementMap":{"0":{"start":{"line":1,"column":0},"end":{"line":1,"column":19}}},"fnMap":{},"branchMap":{},"s":{"0":42},"f":{},"b":{},"inputSourceMap":null,"_coverageSchema":"1a1c01bbd47fc00a2c39e90264f33305004495a9","hash":"f078376064dbe02fbe4463090445deb3c37cf703"}
,"D:\\Engenharia de Software - UPE\\5º PERÍODO\\Projeto I\\Seja UPE\\Seja-UPE\\src\\assets\\res_header_logo.png": {"path":"D:\\Engenharia de Software - UPE\\5º PERÍODO\\Projeto I\\Seja UPE\\Seja-UPE\\src\\assets\\res_header_logo.png","statementMap":{"0":{"start":{"line":1,"column":0},"end":{"line":1,"column":19}}},"fnMap":{},"branchMap":{},"s":{"0":42},"f":{},"b":{},"inputSourceMap":null,"_coverageSchema":"1a1c01bbd47fc00a2c39e90264f33305004495a9","hash":"26c94bc2274cec0a113c1ead1b0cadee9b786e1e"}
,"D:\\Engenharia de Software - UPE\\5º PERÍODO\\Projeto I\\Seja UPE\\Seja-UPE\\src\\assets\\res_lattes_white_logo.png": {"path":"D:\\Engenharia de Software - UPE\\5º PERÍODO\\Projeto I\\Seja UPE\\Seja-UPE\\src\\assets\\res_lattes_white_logo.png","statementMap":{"0":{"start":{"line":1,"column":0},"end":{"line":1,"column":19}}},"fnMap":{},"branchMap":{},"s":{"0":42},"f":{},"b":{},"inputSourceMap":null,"_coverageSchema":"1a1c01bbd47fc00a2c39e90264f33305004495a9","hash":"3de00b4c9dae6f57ef41ae3f614f84edd8b7d08f"}
,"D:\\Engenharia de Software - UPE\\5º PERÍODO\\Projeto I\\Seja UPE\\Seja-UPE\\src\\assets\\res_marker_icon.png": {"path":"D:\\Engenharia de Software - UPE\\5º PERÍODO\\Projeto I\\Seja UPE\\Seja-UPE\\src\\assets\\res_marker_icon.png","statementMap":{"0":{"start":{"line":1,"column":0},"end":{"line":1,"column":19}}},"fnMap":{},"branchMap":{},"s":{"0":42},"f":{},"b":{},"inputSourceMap":null,"_coverageSchema":"1a1c01bbd47fc00a2c39e90264f33305004495a9","hash":"a39c4f76e8366c3f6d6530aee412b4be89ff13bb"}
,"D:\\Engenharia de Software - UPE\\5º PERÍODO\\Projeto I\\Seja UPE\\Seja-UPE\\src\\assets\\res_professor_photo_icon.png": {"path":"D:\\Engenharia de Software - UPE\\5º PERÍODO\\Projeto I\\Seja UPE\\Seja-UPE\\src\\assets\\res_professor_photo_icon.png","statementMap":{"0":{"start":{"line":1,"column":0},"end":{"line":1,"column":19}}},"fnMap":{},"branchMap":{},"s":{"0":42},"f":{},"b":{},"inputSourceMap":null,"_coverageSchema":"1a1c01bbd47fc00a2c39e90264f33305004495a9","hash":"2bd3df16aaeb3cd401a0ed3ba41fcf11ca67d226"}
,"D:\\Engenharia de Software - UPE\\5º PERÍODO\\Projeto I\\Seja UPE\\Seja-UPE\\src\\assets\\res_robot_asking_icon.png": {"path":"D:\\Engenharia de Software - UPE\\5º PERÍODO\\Projeto I\\Seja UPE\\Seja-UPE\\src\\assets\\res_robot_asking_icon.png","statementMap":{"0":{"start":{"line":1,"column":0},"end":{"line":1,"column":19}}},"fnMap":{},"branchMap":{},"s":{"0":42},"f":{},"b":{},"inputSourceMap":null,"_coverageSchema":"1a1c01bbd47fc00a2c39e90264f33305004495a9","hash":"d6febb00afc001193e6366b6ef34f2b51167b883"}
,"D:\\Engenharia de Software - UPE\\5º PERÍODO\\Projeto I\\Seja UPE\\Seja-UPE\\src\\assets\\res_robot_kind_icon.png": {"path":"D:\\Engenharia de Software - UPE\\5º PERÍODO\\Projeto I\\Seja UPE\\Seja-UPE\\src\\assets\\res_robot_kind_icon.png","statementMap":{"0":{"start":{"line":1,"column":0},"end":{"line":1,"column":19}}},"fnMap":{},"branchMap":{},"s":{"0":42},"f":{},"b":{},"inputSourceMap":null,"_coverageSchema":"1a1c01bbd47fc00a2c39e90264f33305004495a9","hash":"fda2cf5d58b453f8bf949517500f87b227d5c455"}
,"D:\\Engenharia de Software - UPE\\5º PERÍODO\\Projeto I\\Seja UPE\\Seja-UPE\\src\\assets\\res_robot_questions_icon.png": {"path":"D:\\Engenharia de Software - UPE\\5º PERÍODO\\Projeto I\\Seja UPE\\Seja-UPE\\src\\assets\\res_robot_questions_icon.png","statementMap":{"0":{"start":{"line":1,"column":0},"end":{"line":1,"column":19}}},"fnMap":{},"branchMap":{},"s":{"0":42},"f":{},"b":{},"inputSourceMap":null,"_coverageSchema":"1a1c01bbd47fc00a2c39e90264f33305004495a9","hash":"81d385c8a95e010017a2bee8d6c5815eafd358f4"}
,"D:\\Engenharia de Software - UPE\\5º PERÍODO\\Projeto I\\Seja UPE\\Seja-UPE\\src\\assets\\res_robot_smile_down_icon.png": {"path":"D:\\Engenharia de Software - UPE\\5º PERÍODO\\Projeto I\\Seja UPE\\Seja-UPE\\src\\assets\\res_robot_smile_down_icon.png","statementMap":{"0":{"start":{"line":1,"column":0},"end":{"line":1,"column":19}}},"fnMap":{},"branchMap":{},"s":{"0":42},"f":{},"b":{},"inputSourceMap":null,"_coverageSchema":"1a1c01bbd47fc00a2c39e90264f33305004495a9","hash":"04b3eeef582d8d1bb24c033e5290a8d15e630d76"}
,"D:\\Engenharia de Software - UPE\\5º PERÍODO\\Projeto I\\Seja UPE\\Seja-UPE\\src\\assets\\res_robot_smile_icon.png": {"path":"D:\\Engenharia de Software - UPE\\5º PERÍODO\\Projeto I\\Seja UPE\\Seja-UPE\\src\\assets\\res_robot_smile_icon.png","statementMap":{"0":{"start":{"line":1,"column":0},"end":{"line":1,"column":19}}},"fnMap":{},"branchMap":{},"s":{"0":42},"f":{},"b":{},"inputSourceMap":null,"_coverageSchema":"1a1c01bbd47fc00a2c39e90264f33305004495a9","hash":"636963c7d3769c0d453d18fd27604d895d8b3ea9"}
,"D:\\Engenharia de Software - UPE\\5º PERÍODO\\Projeto I\\Seja UPE\\Seja-UPE\\src\\assets\\res_sisu_white_logo.png": {"path":"D:\\Engenharia de Software - UPE\\5º PERÍODO\\Projeto I\\Seja UPE\\Seja-UPE\\src\\assets\\res_sisu_white_logo.png","statementMap":{"0":{"start":{"line":1,"column":0},"end":{"line":1,"column":19}}},"fnMap":{},"branchMap":{},"s":{"0":42},"f":{},"b":{},"inputSourceMap":null,"_coverageSchema":"1a1c01bbd47fc00a2c39e90264f33305004495a9","hash":"a357aa2e58ed1870885371a7fac4f94c49b643e0"}
,"D:\\Engenharia de Software - UPE\\5º PERÍODO\\Projeto I\\Seja UPE\\Seja-UPE\\src\\assets\\res_social_facebook_icon.png": {"path":"D:\\Engenharia de Software - UPE\\5º PERÍODO\\Projeto I\\Seja UPE\\Seja-UPE\\src\\assets\\res_social_facebook_icon.png","statementMap":{"0":{"start":{"line":1,"column":0},"end":{"line":1,"column":19}}},"fnMap":{},"branchMap":{},"s":{"0":42},"f":{},"b":{},"inputSourceMap":null,"_coverageSchema":"1a1c01bbd47fc00a2c39e90264f33305004495a9","hash":"5caeff284424b9c8a34bce8a86e5e8d70ab3dfc0"}
,"D:\\Engenharia de Software - UPE\\5º PERÍODO\\Projeto I\\Seja UPE\\Seja-UPE\\src\\assets\\res_social_instagram_icon.png": {"path":"D:\\Engenharia de Software - UPE\\5º PERÍODO\\Projeto I\\Seja UPE\\Seja-UPE\\src\\assets\\res_social_instagram_icon.png","statementMap":{"0":{"start":{"line":1,"column":0},"end":{"line":1,"column":19}}},"fnMap":{},"branchMap":{},"s":{"0":42},"f":{},"b":{},"inputSourceMap":null,"_coverageSchema":"1a1c01bbd47fc00a2c39e90264f33305004495a9","hash":"4f8ea37ed10b16e4d6fd63f50ee01f5d10cb29fc"}
,"D:\\Engenharia de Software - UPE\\5º PERÍODO\\Projeto I\\Seja UPE\\Seja-UPE\\src\\assets\\res_social_twitter_icon.png": {"path":"D:\\Engenharia de Software - UPE\\5º PERÍODO\\Projeto I\\Seja UPE\\Seja-UPE\\src\\assets\\res_social_twitter_icon.png","statementMap":{"0":{"start":{"line":1,"column":0},"end":{"line":1,"column":19}}},"fnMap":{},"branchMap":{},"s":{"0":42},"f":{},"b":{},"inputSourceMap":null,"_coverageSchema":"1a1c01bbd47fc00a2c39e90264f33305004495a9","hash":"de355f1604f653dc3bf1487cb483eea91d5387aa"}
,"D:\\Engenharia de Software - UPE\\5º PERÍODO\\Projeto I\\Seja UPE\\Seja-UPE\\src\\assets\\res_social_youtube_icon.png": {"path":"D:\\Engenharia de Software - UPE\\5º PERÍODO\\Projeto I\\Seja UPE\\Seja-UPE\\src\\assets\\res_social_youtube_icon.png","statementMap":{"0":{"start":{"line":1,"column":0},"end":{"line":1,"column":19}}},"fnMap":{},"branchMap":{},"s":{"0":42},"f":{},"b":{},"inputSourceMap":null,"_coverageSchema":"1a1c01bbd47fc00a2c39e90264f33305004495a9","hash":"888f7e9b2a8b3db2934c1f0985b73a69a0fc6364"}
,"D:\\Engenharia de Software - UPE\\5º PERÍODO\\Projeto I\\Seja UPE\\Seja-UPE\\src\\assets\\res_triangle_left_dark_icon.png": {"path":"D:\\Engenharia de Software - UPE\\5º PERÍODO\\Projeto I\\Seja UPE\\Seja-UPE\\src\\assets\\res_triangle_left_dark_icon.png","statementMap":{"0":{"start":{"line":1,"column":0},"end":{"line":1,"column":19}}},"fnMap":{},"branchMap":{},"s":{"0":42},"f":{},"b":{},"inputSourceMap":null,"_coverageSchema":"1a1c01bbd47fc00a2c39e90264f33305004495a9","hash":"621d3d551a2ae0e660b991896292c3110c9f823c"}
,"D:\\Engenharia de Software - UPE\\5º PERÍODO\\Projeto I\\Seja UPE\\Seja-UPE\\src\\assets\\res_triangle_left_icon.png": {"path":"D:\\Engenharia de Software - UPE\\5º PERÍODO\\Projeto I\\Seja UPE\\Seja-UPE\\src\\assets\\res_triangle_left_icon.png","statementMap":{"0":{"start":{"line":1,"column":0},"end":{"line":1,"column":19}}},"fnMap":{},"branchMap":{},"s":{"0":42},"f":{},"b":{},"inputSourceMap":null,"_coverageSchema":"1a1c01bbd47fc00a2c39e90264f33305004495a9","hash":"77fafb4e438962758b4b640da7f8c0122ebe6d9a"}
,"D:\\Engenharia de Software - UPE\\5º PERÍODO\\Projeto I\\Seja UPE\\Seja-UPE\\src\\assets\\res_triangle_right_dark_icon.png": {"path":"D:\\Engenharia de Software - UPE\\5º PERÍODO\\Projeto I\\Seja UPE\\Seja-UPE\\src\\assets\\res_triangle_right_dark_icon.png","statementMap":{"0":{"start":{"line":1,"column":0},"end":{"line":1,"column":19}}},"fnMap":{},"branchMap":{},"s":{"0":42},"f":{},"b":{},"inputSourceMap":null,"_coverageSchema":"1a1c01bbd47fc00a2c39e90264f33305004495a9","hash":"8970148be7a9ad86de922fce27677307cad4d3bd"}
,"D:\\Engenharia de Software - UPE\\5º PERÍODO\\Projeto I\\Seja UPE\\Seja-UPE\\src\\assets\\res_triangle_right_icon.png": {"path":"D:\\Engenharia de Software - UPE\\5º PERÍODO\\Projeto I\\Seja UPE\\Seja-UPE\\src\\assets\\res_triangle_right_icon.png","statementMap":{"0":{"start":{"line":1,"column":0},"end":{"line":1,"column":19}}},"fnMap":{},"branchMap":{},"s":{"0":42},"f":{},"b":{},"inputSourceMap":null,"_coverageSchema":"1a1c01bbd47fc00a2c39e90264f33305004495a9","hash":"bf215501ef250c18f940a46f0363df105dfb98ff"}
,"D:\\Engenharia de Software - UPE\\5º PERÍODO\\Projeto I\\Seja UPE\\Seja-UPE\\src\\assets\\res_triangle_top_dark_icon.png": {"path":"D:\\Engenharia de Software - UPE\\5º PERÍODO\\Projeto I\\Seja UPE\\Seja-UPE\\src\\assets\\res_triangle_top_dark_icon.png","statementMap":{"0":{"start":{"line":1,"column":0},"end":{"line":1,"column":19}}},"fnMap":{},"branchMap":{},"s":{"0":42},"f":{},"b":{},"inputSourceMap":null,"_coverageSchema":"1a1c01bbd47fc00a2c39e90264f33305004495a9","hash":"c0cd3826e2e3f4579a1b80f66377ba74b9848002"}
,"D:\\Engenharia de Software - UPE\\5º PERÍODO\\Projeto I\\Seja UPE\\Seja-UPE\\src\\assets\\res_triangle_top_icon.png": {"path":"D:\\Engenharia de Software - UPE\\5º PERÍODO\\Projeto I\\Seja UPE\\Seja-UPE\\src\\assets\\res_triangle_top_icon.png","statementMap":{"0":{"start":{"line":1,"column":0},"end":{"line":1,"column":19}}},"fnMap":{},"branchMap":{},"s":{"0":42},"f":{},"b":{},"inputSourceMap":null,"_coverageSchema":"1a1c01bbd47fc00a2c39e90264f33305004495a9","hash":"373b92fe3bef0192eb79b1c9e2590725235005c1"}
,"D:\\Engenharia de Software - UPE\\5º PERÍODO\\Projeto I\\Seja UPE\\Seja-UPE\\src\\assets\\res_upe_white_logo.png": {"path":"D:\\Engenharia de Software - UPE\\5º PERÍODO\\Projeto I\\Seja UPE\\Seja-UPE\\src\\assets\\res_upe_white_logo.png","statementMap":{"0":{"start":{"line":1,"column":0},"end":{"line":1,"column":19}}},"fnMap":{},"branchMap":{},"s":{"0":42},"f":{},"b":{},"inputSourceMap":null,"_coverageSchema":"1a1c01bbd47fc00a2c39e90264f33305004495a9","hash":"bddd23dad32f48c20c4c0ce658a64eb3280948dc"}
,"D:\\Engenharia de Software - UPE\\5º PERÍODO\\Projeto I\\Seja UPE\\Seja-UPE\\src\\assets\\res_widget_campus_icon.png": {"path":"D:\\Engenharia de Software - UPE\\5º PERÍODO\\Projeto I\\Seja UPE\\Seja-UPE\\src\\assets\\res_widget_campus_icon.png","statementMap":{"0":{"start":{"line":1,"column":0},"end":{"line":1,"column":19}}},"fnMap":{},"branchMap":{},"s":{"0":42},"f":{},"b":{},"inputSourceMap":null,"_coverageSchema":"1a1c01bbd47fc00a2c39e90264f33305004495a9","hash":"bc33df2e744d5bbc96bf0bc213f94b72890892f3"}
,"D:\\Engenharia de Software - UPE\\5º PERÍODO\\Projeto I\\Seja UPE\\Seja-UPE\\src\\assets\\res_widget_classification_icon.png": {"path":"D:\\Engenharia de Software - UPE\\5º PERÍODO\\Projeto I\\Seja UPE\\Seja-UPE\\src\\assets\\res_widget_classification_icon.png","statementMap":{"0":{"start":{"line":1,"column":0},"end":{"line":1,"column":19}}},"fnMap":{},"branchMap":{},"s":{"0":42},"f":{},"b":{},"inputSourceMap":null,"_coverageSchema":"1a1c01bbd47fc00a2c39e90264f33305004495a9","hash":"6a1ebcf5ed8516da95301933d3aa3173f960d5ec"}
,"D:\\Engenharia de Software - UPE\\5º PERÍODO\\Projeto I\\Seja UPE\\Seja-UPE\\src\\assets\\res_widget_contact_icon.png": {"path":"D:\\Engenharia de Software - UPE\\5º PERÍODO\\Projeto I\\Seja UPE\\Seja-UPE\\src\\assets\\res_widget_contact_icon.png","statementMap":{"0":{"start":{"line":1,"column":0},"end":{"line":1,"column":19}}},"fnMap":{},"branchMap":{},"s":{"0":42},"f":{},"b":{},"inputSourceMap":null,"_coverageSchema":"1a1c01bbd47fc00a2c39e90264f33305004495a9","hash":"e11d455ec908dbdd8da12d209d5c572a5481678d"}
,"D:\\Engenharia de Software - UPE\\5º PERÍODO\\Projeto I\\Seja UPE\\Seja-UPE\\src\\assets\\res_widget_courses_icon.png": {"path":"D:\\Engenharia de Software - UPE\\5º PERÍODO\\Projeto I\\Seja UPE\\Seja-UPE\\src\\assets\\res_widget_courses_icon.png","statementMap":{"0":{"start":{"line":1,"column":0},"end":{"line":1,"column":19}}},"fnMap":{},"branchMap":{},"s":{"0":42},"f":{},"b":{},"inputSourceMap":null,"_coverageSchema":"1a1c01bbd47fc00a2c39e90264f33305004495a9","hash":"79db8fa65b121b7c1c8e4a076944f109a5f3df78"}
,"D:\\Engenharia de Software - UPE\\5º PERÍODO\\Projeto I\\Seja UPE\\Seja-UPE\\src\\assets\\res_widget_events_icon.png": {"path":"D:\\Engenharia de Software - UPE\\5º PERÍODO\\Projeto I\\Seja UPE\\Seja-UPE\\src\\assets\\res_widget_events_icon.png","statementMap":{"0":{"start":{"line":1,"column":0},"end":{"line":1,"column":19}}},"fnMap":{},"branchMap":{},"s":{"0":42},"f":{},"b":{},"inputSourceMap":null,"_coverageSchema":"1a1c01bbd47fc00a2c39e90264f33305004495a9","hash":"d7a274879459c2e13270e9e4af890b63a0bfee85"}
,"D:\\Engenharia de Software - UPE\\5º PERÍODO\\Projeto I\\Seja UPE\\Seja-UPE\\src\\assets\\res_widget_planning_icon.png": {"path":"D:\\Engenharia de Software - UPE\\5º PERÍODO\\Projeto I\\Seja UPE\\Seja-UPE\\src\\assets\\res_widget_planning_icon.png","statementMap":{"0":{"start":{"line":1,"column":0},"end":{"line":1,"column":19}}},"fnMap":{},"branchMap":{},"s":{"0":42},"f":{},"b":{},"inputSourceMap":null,"_coverageSchema":"1a1c01bbd47fc00a2c39e90264f33305004495a9","hash":"1307c48b174c3a284cdd1649d34de3f4d622627e"}
,"D:\\Engenharia de Software - UPE\\5º PERÍODO\\Projeto I\\Seja UPE\\Seja-UPE\\src\\assets\\res_widget_professors_icon.png": {"path":"D:\\Engenharia de Software - UPE\\5º PERÍODO\\Projeto I\\Seja UPE\\Seja-UPE\\src\\assets\\res_widget_professors_icon.png","statementMap":{"0":{"start":{"line":1,"column":0},"end":{"line":1,"column":19}}},"fnMap":{},"branchMap":{},"s":{"0":42},"f":{},"b":{},"inputSourceMap":null,"_coverageSchema":"1a1c01bbd47fc00a2c39e90264f33305004495a9","hash":"8258d8c84f5086c5963e249fafee6cbdcafca6ad"}
,"D:\\Engenharia de Software - UPE\\5º PERÍODO\\Projeto I\\Seja UPE\\Seja-UPE\\src\\assets\\res_widget_sample_icon.png": {"path":"D:\\Engenharia de Software - UPE\\5º PERÍODO\\Projeto I\\Seja UPE\\Seja-UPE\\src\\assets\\res_widget_sample_icon.png","statementMap":{"0":{"start":{"line":1,"column":0},"end":{"line":1,"column":19}}},"fnMap":{},"branchMap":{},"s":{"0":42},"f":{},"b":{},"inputSourceMap":null,"_coverageSchema":"1a1c01bbd47fc00a2c39e90264f33305004495a9","hash":"54091175649d299199a08cca33f13ba19c9fdb1c"}
,"D:\\Engenharia de Software - UPE\\5º PERÍODO\\Projeto I\\Seja UPE\\Seja-UPE\\src\\core\\components\\index.tsx": {"path":"D:\\Engenharia de Software - UPE\\5º PERÍODO\\Projeto I\\Seja UPE\\Seja-UPE\\src\\core\\components\\index.tsx","statementMap":{},"fnMap":{},"branchMap":{},"s":{},"f":{},"b":{},"_coverageSchema":"1a1c01bbd47fc00a2c39e90264f33305004495a9","hash":"4cc44db44bf862a07e8e63d1d1224cc07caf2465"}
,"D:\\Engenharia de Software - UPE\\5º PERÍODO\\Projeto I\\Seja UPE\\Seja-UPE\\src\\core\\components\\Accordion\\index.tsx": {"path":"D:\\Engenharia de Software - UPE\\5º PERÍODO\\Projeto I\\Seja UPE\\Seja-UPE\\src\\core\\components\\Accordion\\index.tsx","statementMap":{"0":{"start":{"line":17,"column":60},"end":{"line":68,"column":1}},"1":{"start":{"line":18,"column":18},"end":{"line":18,"column":28}},"2":{"start":{"line":20,"column":30},"end":{"line":20,"column":45}},"3":{"start":{"line":21,"column":44},"end":{"line":21,"column":55}},"4":{"start":{"line":22,"column":42},"end":{"line":22,"column":53}},"5":{"start":{"line":25,"column":4},"end":{"line":26,"column":24}},"6":{"start":{"line":26,"column":6},"end":{"line":26,"column":24}},"7":{"start":{"line":27,"column":4},"end":{"line":27,"column":38}},"8":{"start":{"line":28,"column":4},"end":{"line":28,"column":37}},"9":{"start":{"line":29,"column":4},"end":{"line":29,"column":23}},"10":{"start":{"line":32,"column":2},"end":{"line":35,"column":9}},"11":{"start":{"line":33,"column":4},"end":{"line":34,"column":15}},"12":{"start":{"line":34,"column":6},"end":{"line":34,"column":15}},"13":{"start":{"line":37,"column":2},"end":{"line":67,"column":4}}},"fnMap":{"0":{"name":"(anonymous_0)","decl":{"start":{"line":17,"column":60},"end":{"line":17,"column":61}},"loc":{"start":{"line":17,"column":134},"end":{"line":68,"column":1}},"line":17},"1":{"name":"toggle","decl":{"start":{"line":24,"column":11},"end":{"line":24,"column":17}},"loc":{"start":{"line":24,"column":19},"end":{"line":30,"column":3}},"line":24},"2":{"name":"(anonymous_2)","decl":{"start":{"line":32,"column":12},"end":{"line":32,"column":13}},"loc":{"start":{"line":32,"column":18},"end":{"line":35,"column":3}},"line":32}},"branchMap":{"0":{"loc":{"start":{"line":17,"column":86},"end":{"line":17,"column":98}},"type":"default-arg","locations":[{"start":{"line":17,"column":93},"end":{"line":17,"column":98}}],"line":17},"1":{"loc":{"start":{"line":17,"column":100},"end":{"line":17,"column":117}},"type":"default-arg","locations":[{"start":{"line":17,"column":112},"end":{"line":17,"column":117}}],"line":17},"2":{"loc":{"start":{"line":25,"column":4},"end":{"line":26,"column":24}},"type":"if","locations":[{"start":{"line":25,"column":4},"end":{"line":26,"column":24}},{"start":{},"end":{}}],"line":25},"3":{"loc":{"start":{"line":27,"column":21},"end":{"line":27,"column":36}},"type":"cond-expr","locations":[{"start":{"line":27,"column":31},"end":{"line":27,"column":32}},{"start":{"line":27,"column":35},"end":{"line":27,"column":36}}],"line":27},"4":{"loc":{"start":{"line":28,"column":20},"end":{"line":28,"column":35}},"type":"cond-expr","locations":[{"start":{"line":28,"column":30},"end":{"line":28,"column":31}},{"start":{"line":28,"column":34},"end":{"line":28,"column":35}}],"line":28},"5":{"loc":{"start":{"line":33,"column":4},"end":{"line":34,"column":15}},"type":"if","locations":[{"start":{"line":33,"column":4},"end":{"line":34,"column":15}},{"start":{},"end":{}}],"line":33},"6":{"loc":{"start":{"line":47,"column":16},"end":{"line":47,"column":53}},"type":"cond-expr","locations":[{"start":{"line":47,"column":25},"end":{"line":47,"column":37}},{"start":{"line":47,"column":40},"end":{"line":47,"column":53}}],"line":47}},"s":{"0":42,"1":2,"2":2,"3":2,"4":2,"5":1,"6":0,"7":1,"8":1,"9":1,"10":2,"11":1,"12":1,"13":2},"f":{"0":2,"1":1,"2":1},"b":{"0":[0],"1":[0],"2":[0,1],"3":[1,0],"4":[1,0],"5":[1,0],"6":[1,1]},"_coverageSchema":"1a1c01bbd47fc00a2c39e90264f33305004495a9","hash":"dcbe98486ca36375f536f7b48492f1bde536667a"}
,"D:\\Engenharia de Software - UPE\\5º PERÍODO\\Projeto I\\Seja UPE\\Seja-UPE\\src\\core\\components\\Accordion\\styles.tsx": {"path":"D:\\Engenharia de Software - UPE\\5º PERÍODO\\Projeto I\\Seja UPE\\Seja-UPE\\src\\core\\components\\Accordion\\styles.tsx","statementMap":{"0":{"start":{"line":17,"column":25},"end":{"line":23,"column":1}},"1":{"start":{"line":17,"column":68},"end":{"line":17,"column":73}},"2":{"start":{"line":20,"column":31},"end":{"line":20,"column":42}},"3":{"start":{"line":22,"column":29},"end":{"line":22,"column":48}},"4":{"start":{"line":25,"column":22},"end":{"line":39,"column":1}},"5":{"start":{"line":25,"column":65},"end":{"line":25,"column":70}},"6":{"start":{"line":36,"column":40},"end":{"line":36,"column":64}},"7":{"start":{"line":37,"column":41},"end":{"line":37,"column":65}},"8":{"start":{"line":38,"column":31},"end":{"line":38,"column":41}},"9":{"start":{"line":41,"column":21},"end":{"line":45,"column":1}},"10":{"start":{"line":41,"column":60},"end":{"line":41,"column":65}},"11":{"start":{"line":43,"column":20},"end":{"line":43,"column":35}},"12":{"start":{"line":44,"column":13},"end":{"line":44,"column":51}},"13":{"start":{"line":47,"column":20},"end":{"line":52,"column":1}},"14":{"start":{"line":47,"column":65},"end":{"line":47,"column":70}},"15":{"start":{"line":51,"column":31},"end":{"line":51,"column":42}},"16":{"start":{"line":54,"column":20},"end":{"line":61,"column":1}},"17":{"start":{"line":54,"column":59},"end":{"line":54,"column":64}},"18":{"start":{"line":60,"column":20},"end":{"line":60,"column":31}}},"fnMap":{"0":{"name":"(anonymous_0)","decl":{"start":{"line":17,"column":59},"end":{"line":17,"column":60}},"loc":{"start":{"line":17,"column":68},"end":{"line":17,"column":73}},"line":17},"1":{"name":"(anonymous_1)","decl":{"start":{"line":20,"column":22},"end":{"line":20,"column":23}},"loc":{"start":{"line":20,"column":31},"end":{"line":20,"column":42}},"line":20},"2":{"name":"(anonymous_2)","decl":{"start":{"line":22,"column":20},"end":{"line":22,"column":21}},"loc":{"start":{"line":22,"column":29},"end":{"line":22,"column":48}},"line":22},"3":{"name":"(anonymous_3)","decl":{"start":{"line":25,"column":56},"end":{"line":25,"column":57}},"loc":{"start":{"line":25,"column":65},"end":{"line":25,"column":70}},"line":25},"4":{"name":"(anonymous_4)","decl":{"start":{"line":36,"column":31},"end":{"line":36,"column":32}},"loc":{"start":{"line":36,"column":40},"end":{"line":36,"column":64}},"line":36},"5":{"name":"(anonymous_5)","decl":{"start":{"line":37,"column":32},"end":{"line":37,"column":33}},"loc":{"start":{"line":37,"column":41},"end":{"line":37,"column":65}},"line":37},"6":{"name":"(anonymous_6)","decl":{"start":{"line":38,"column":22},"end":{"line":38,"column":23}},"loc":{"start":{"line":38,"column":31},"end":{"line":38,"column":41}},"line":38},"7":{"name":"(anonymous_7)","decl":{"start":{"line":41,"column":51},"end":{"line":41,"column":52}},"loc":{"start":{"line":41,"column":60},"end":{"line":41,"column":65}},"line":41},"8":{"name":"(anonymous_8)","decl":{"start":{"line":43,"column":11},"end":{"line":43,"column":12}},"loc":{"start":{"line":43,"column":20},"end":{"line":43,"column":35}},"line":43},"9":{"name":"(anonymous_9)","decl":{"start":{"line":44,"column":4},"end":{"line":44,"column":5}},"loc":{"start":{"line":44,"column":13},"end":{"line":44,"column":51}},"line":44},"10":{"name":"(anonymous_10)","decl":{"start":{"line":47,"column":56},"end":{"line":47,"column":57}},"loc":{"start":{"line":47,"column":65},"end":{"line":47,"column":70}},"line":47},"11":{"name":"(anonymous_11)","decl":{"start":{"line":51,"column":22},"end":{"line":51,"column":23}},"loc":{"start":{"line":51,"column":31},"end":{"line":51,"column":42}},"line":51},"12":{"name":"(anonymous_12)","decl":{"start":{"line":54,"column":50},"end":{"line":54,"column":51}},"loc":{"start":{"line":54,"column":59},"end":{"line":54,"column":64}},"line":54},"13":{"name":"(anonymous_13)","decl":{"start":{"line":60,"column":11},"end":{"line":60,"column":12}},"loc":{"start":{"line":60,"column":20},"end":{"line":60,"column":31}},"line":60}},"branchMap":{"0":{"loc":{"start":{"line":44,"column":13},"end":{"line":44,"column":51}},"type":"cond-expr","locations":[{"start":{"line":44,"column":26},"end":{"line":44,"column":46}},{"start":{"line":44,"column":49},"end":{"line":44,"column":51}}],"line":44}},"s":{"0":42,"1":2,"2":2,"3":2,"4":42,"5":2,"6":2,"7":2,"8":2,"9":42,"10":2,"11":2,"12":2,"13":42,"14":1,"15":1,"16":42,"17":1,"18":1},"f":{"0":2,"1":2,"2":2,"3":2,"4":2,"5":2,"6":2,"7":2,"8":2,"9":2,"10":1,"11":1,"12":1,"13":1},"b":{"0":[2,0]},"_coverageSchema":"1a1c01bbd47fc00a2c39e90264f33305004495a9","hash":"b31b44dc39c4d91006fafe43cd4c6aec2555d8db"}
,"D:\\Engenharia de Software - UPE\\5º PERÍODO\\Projeto I\\Seja UPE\\Seja-UPE\\src\\core\\components\\Avatar\\index.tsx": {"path":"D:\\Engenharia de Software - UPE\\5º PERÍODO\\Projeto I\\Seja UPE\\Seja-UPE\\src\\core\\components\\Avatar\\index.tsx","statementMap":{"0":{"start":{"line":13,"column":54},"end":{"line":21,"column":1}},"1":{"start":{"line":14,"column":18},"end":{"line":14,"column":28}},"2":{"start":{"line":16,"column":2},"end":{"line":20,"column":4}}},"fnMap":{"0":{"name":"(anonymous_0)","decl":{"start":{"line":13,"column":54},"end":{"line":13,"column":55}},"loc":{"start":{"line":13,"column":100},"end":{"line":21,"column":1}},"line":13}},"branchMap":{"0":{"loc":{"start":{"line":13,"column":82},"end":{"line":13,"column":93}},"type":"default-arg","locations":[{"start":{"line":13,"column":92},"end":{"line":13,"column":93}}],"line":13}},"s":{"0":42,"1":1,"2":1},"f":{"0":1},"b":{"0":[1]},"_coverageSchema":"1a1c01bbd47fc00a2c39e90264f33305004495a9","hash":"eec7f26670ce9d6707e0461d7a100c2bdd69518b"}
,"D:\\Engenharia de Software - UPE\\5º PERÍODO\\Projeto I\\Seja UPE\\Seja-UPE\\src\\core\\components\\Avatar\\styles.tsx": {"path":"D:\\Engenharia de Software - UPE\\5º PERÍODO\\Projeto I\\Seja UPE\\Seja-UPE\\src\\core\\components\\Avatar\\styles.tsx","statementMap":{"0":{"start":{"line":9,"column":25},"end":{"line":18,"column":1}},"1":{"start":{"line":9,"column":64},"end":{"line":9,"column":69}},"2":{"start":{"line":10,"column":31},"end":{"line":10,"column":42}},"3":{"start":{"line":11,"column":20},"end":{"line":11,"column":34}},"4":{"start":{"line":12,"column":21},"end":{"line":12,"column":35}},"5":{"start":{"line":13,"column":28},"end":{"line":13,"column":42}},"6":{"start":{"line":20,"column":21},"end":{"line":24,"column":1}},"7":{"start":{"line":20,"column":61},"end":{"line":20,"column":66}},"8":{"start":{"line":21,"column":28},"end":{"line":21,"column":42}},"9":{"start":{"line":22,"column":20},"end":{"line":22,"column":34}},"10":{"start":{"line":23,"column":21},"end":{"line":23,"column":35}}},"fnMap":{"0":{"name":"(anonymous_0)","decl":{"start":{"line":9,"column":55},"end":{"line":9,"column":56}},"loc":{"start":{"line":9,"column":64},"end":{"line":9,"column":69}},"line":9},"1":{"name":"(anonymous_1)","decl":{"start":{"line":10,"column":22},"end":{"line":10,"column":23}},"loc":{"start":{"line":10,"column":31},"end":{"line":10,"column":42}},"line":10},"2":{"name":"(anonymous_2)","decl":{"start":{"line":11,"column":11},"end":{"line":11,"column":12}},"loc":{"start":{"line":11,"column":20},"end":{"line":11,"column":34}},"line":11},"3":{"name":"(anonymous_3)","decl":{"start":{"line":12,"column":12},"end":{"line":12,"column":13}},"loc":{"start":{"line":12,"column":21},"end":{"line":12,"column":35}},"line":12},"4":{"name":"(anonymous_4)","decl":{"start":{"line":13,"column":19},"end":{"line":13,"column":20}},"loc":{"start":{"line":13,"column":28},"end":{"line":13,"column":42}},"line":13},"5":{"name":"(anonymous_5)","decl":{"start":{"line":20,"column":52},"end":{"line":20,"column":53}},"loc":{"start":{"line":20,"column":61},"end":{"line":20,"column":66}},"line":20},"6":{"name":"(anonymous_6)","decl":{"start":{"line":21,"column":19},"end":{"line":21,"column":20}},"loc":{"start":{"line":21,"column":28},"end":{"line":21,"column":42}},"line":21},"7":{"name":"(anonymous_7)","decl":{"start":{"line":22,"column":11},"end":{"line":22,"column":12}},"loc":{"start":{"line":22,"column":20},"end":{"line":22,"column":34}},"line":22},"8":{"name":"(anonymous_8)","decl":{"start":{"line":23,"column":12},"end":{"line":23,"column":13}},"loc":{"start":{"line":23,"column":21},"end":{"line":23,"column":35}},"line":23}},"branchMap":{},"s":{"0":42,"1":1,"2":1,"3":1,"4":1,"5":1,"6":42,"7":1,"8":1,"9":1,"10":1},"f":{"0":1,"1":1,"2":1,"3":1,"4":1,"5":1,"6":1,"7":1,"8":1},"b":{},"_coverageSchema":"1a1c01bbd47fc00a2c39e90264f33305004495a9","hash":"8cf21f7b83eccce0f9c3e88eb888828785c74f1a"}
,"D:\\Engenharia de Software - UPE\\5º PERÍODO\\Projeto I\\Seja UPE\\Seja-UPE\\src\\core\\components\\Badge\\index.tsx": {"path":"D:\\Engenharia de Software - UPE\\5º PERÍODO\\Projeto I\\Seja UPE\\Seja-UPE\\src\\core\\components\\Badge\\index.tsx","statementMap":{"0":{"start":{"line":21,"column":52},"end":{"line":51,"column":1}},"1":{"start":{"line":22,"column":18},"end":{"line":22,"column":28}},"2":{"start":{"line":24,"column":65},"end":{"line":24,"column":70}},"3":{"start":{"line":25,"column":47},"end":{"line":25,"column":52}},"4":{"start":{"line":26,"column":44},"end":{"line":26,"column":49}},"5":{"start":{"line":28,"column":2},"end":{"line":29,"column":20}},"6":{"start":{"line":29,"column":4},"end":{"line":29,"column":20}},"7":{"start":{"line":31,"column":2},"end":{"line":50,"column":4}}},"fnMap":{"0":{"name":"(anonymous_0)","decl":{"start":{"line":21,"column":52},"end":{"line":21,"column":53}},"loc":{"start":{"line":21,"column":63},"end":{"line":51,"column":1}},"line":21},"1":{"name":"(anonymous_1)","decl":{"start":{"line":33,"column":27},"end":{"line":33,"column":28}},"loc":{"start":{"line":33,"column":33},"end":{"line":33,"column":35}},"line":33}},"branchMap":{"0":{"loc":{"start":{"line":24,"column":39},"end":{"line":24,"column":60}},"type":"default-arg","locations":[{"start":{"line":24,"column":54},"end":{"line":24,"column":60}}],"line":24},"1":{"loc":{"start":{"line":28,"column":2},"end":{"line":29,"column":20}},"type":"if","locations":[{"start":{"line":28,"column":2},"end":{"line":29,"column":20}},{"start":{},"end":{}}],"line":28},"2":{"loc":{"start":{"line":33,"column":15},"end":{"line":33,"column":36}},"type":"binary-expr","locations":[{"start":{"line":33,"column":15},"end":{"line":33,"column":22}},{"start":{"line":33,"column":27},"end":{"line":33,"column":35}}],"line":33},"3":{"loc":{"start":{"line":34,"column":21},"end":{"line":34,"column":41}},"type":"cond-expr","locations":[{"start":{"line":34,"column":34},"end":{"line":34,"column":37}},{"start":{"line":34,"column":40},"end":{"line":34,"column":41}}],"line":34},"4":{"loc":{"start":{"line":35,"column":13},"end":{"line":35,"column":28}},"type":"binary-expr","locations":[{"start":{"line":35,"column":13},"end":{"line":35,"column":18}},{"start":{"line":35,"column":22},"end":{"line":35,"column":28}}],"line":35},"5":{"loc":{"start":{"line":36,"column":16},"end":{"line":36,"column":34}},"type":"binary-expr","locations":[{"start":{"line":36,"column":16},"end":{"line":36,"column":24}},{"start":{"line":36,"column":28},"end":{"line":36,"column":34}}],"line":36},"6":{"loc":{"start":{"line":37,"column":15},"end":{"line":37,"column":35}},"type":"binary-expr","locations":[{"start":{"line":37,"column":15},"end":{"line":37,"column":22}},{"start":{"line":37,"column":26},"end":{"line":37,"column":35}}],"line":37},"7":{"loc":{"start":{"line":42,"column":18},"end":{"line":42,"column":36}},"type":"binary-expr","locations":[{"start":{"line":42,"column":18},"end":{"line":42,"column":26}},{"start":{"line":42,"column":30},"end":{"line":42,"column":36}}],"line":42},"8":{"loc":{"start":{"line":43,"column":15},"end":{"line":43,"column":39}},"type":"binary-expr","locations":[{"start":{"line":43,"column":15},"end":{"line":43,"column":20}},{"start":{"line":43,"column":24},"end":{"line":43,"column":39}}],"line":43},"9":{"loc":{"start":{"line":44,"column":23},"end":{"line":44,"column":41}},"type":"binary-expr","locations":[{"start":{"line":44,"column":23},"end":{"line":44,"column":36}},{"start":{"line":44,"column":40},"end":{"line":44,"column":41}}],"line":44}},"s":{"0":42,"1":6,"2":6,"3":6,"4":6,"5":6,"6":0,"7":6},"f":{"0":6,"1":0},"b":{"0":[5],"1":[0,6],"2":[6,5],"3":[0,6],"4":[6,5],"5":[6,5],"6":[6,1],"7":[6,5],"8":[6,1],"9":[6,5]},"_coverageSchema":"1a1c01bbd47fc00a2c39e90264f33305004495a9","hash":"eaff5660a1bd640233e79bdaa466856dba749459"}
,"D:\\Engenharia de Software - UPE\\5º PERÍODO\\Projeto I\\Seja UPE\\Seja-UPE\\src\\core\\components\\Badge\\styles.tsx": {"path":"D:\\Engenharia de Software - UPE\\5º PERÍODO\\Projeto I\\Seja UPE\\Seja-UPE\\src\\core\\components\\Badge\\styles.tsx","statementMap":{"0":{"start":{"line":17,"column":25},"end":{"line":29,"column":1}},"1":{"start":{"line":17,"column":80},"end":{"line":17,"column":85}},"2":{"start":{"line":18,"column":20},"end":{"line":18,"column":31}},"3":{"start":{"line":19,"column":24},"end":{"line":19,"column":38}},"4":{"start":{"line":24,"column":28},"end":{"line":24,"column":46}},"5":{"start":{"line":27,"column":31},"end":{"line":27,"column":44}},"6":{"start":{"line":28,"column":13},"end":{"line":28,"column":51}},"7":{"start":{"line":31,"column":21},"end":{"line":36,"column":1}},"8":{"start":{"line":31,"column":60},"end":{"line":31,"column":65}},"9":{"start":{"line":32,"column":20},"end":{"line":32,"column":31}},"10":{"start":{"line":33,"column":24},"end":{"line":33,"column":38}},"11":{"start":{"line":35,"column":13},"end":{"line":35,"column":51}}},"fnMap":{"0":{"name":"(anonymous_0)","decl":{"start":{"line":17,"column":71},"end":{"line":17,"column":72}},"loc":{"start":{"line":17,"column":80},"end":{"line":17,"column":85}},"line":17},"1":{"name":"(anonymous_1)","decl":{"start":{"line":18,"column":11},"end":{"line":18,"column":12}},"loc":{"start":{"line":18,"column":20},"end":{"line":18,"column":31}},"line":18},"2":{"name":"(anonymous_2)","decl":{"start":{"line":19,"column":15},"end":{"line":19,"column":16}},"loc":{"start":{"line":19,"column":24},"end":{"line":19,"column":38}},"line":19},"3":{"name":"(anonymous_3)","decl":{"start":{"line":24,"column":19},"end":{"line":24,"column":20}},"loc":{"start":{"line":24,"column":28},"end":{"line":24,"column":46}},"line":24},"4":{"name":"(anonymous_4)","decl":{"start":{"line":27,"column":22},"end":{"line":27,"column":23}},"loc":{"start":{"line":27,"column":31},"end":{"line":27,"column":44}},"line":27},"5":{"name":"(anonymous_5)","decl":{"start":{"line":28,"column":4},"end":{"line":28,"column":5}},"loc":{"start":{"line":28,"column":13},"end":{"line":28,"column":51}},"line":28},"6":{"name":"(anonymous_6)","decl":{"start":{"line":31,"column":51},"end":{"line":31,"column":52}},"loc":{"start":{"line":31,"column":60},"end":{"line":31,"column":65}},"line":31},"7":{"name":"(anonymous_7)","decl":{"start":{"line":32,"column":11},"end":{"line":32,"column":12}},"loc":{"start":{"line":32,"column":20},"end":{"line":32,"column":31}},"line":32},"8":{"name":"(anonymous_8)","decl":{"start":{"line":33,"column":15},"end":{"line":33,"column":16}},"loc":{"start":{"line":33,"column":24},"end":{"line":33,"column":38}},"line":33},"9":{"name":"(anonymous_9)","decl":{"start":{"line":35,"column":4},"end":{"line":35,"column":5}},"loc":{"start":{"line":35,"column":13},"end":{"line":35,"column":51}},"line":35}},"branchMap":{"0":{"loc":{"start":{"line":28,"column":13},"end":{"line":28,"column":51}},"type":"cond-expr","locations":[{"start":{"line":28,"column":31},"end":{"line":28,"column":46}},{"start":{"line":28,"column":49},"end":{"line":28,"column":51}}],"line":28},"1":{"loc":{"start":{"line":35,"column":13},"end":{"line":35,"column":51}},"type":"cond-expr","locations":[{"start":{"line":35,"column":26},"end":{"line":35,"column":46}},{"start":{"line":35,"column":49},"end":{"line":35,"column":51}}],"line":35}},"s":{"0":42,"1":6,"2":6,"3":6,"4":6,"5":6,"6":6,"7":42,"8":6,"9":6,"10":6,"11":6},"f":{"0":6,"1":6,"2":6,"3":6,"4":6,"5":6,"6":6,"7":6,"8":6,"9":6},"b":{"0":[0,6],"1":[1,5]},"_coverageSchema":"1a1c01bbd47fc00a2c39e90264f33305004495a9","hash":"857715db031871d8433ba888b9fd71ae22588c92"}
,"D:\\Engenharia de Software - UPE\\5º PERÍODO\\Projeto I\\Seja UPE\\Seja-UPE\\src\\core\\components\\Button\\index.tsx": {"path":"D:\\Engenharia de Software - UPE\\5º PERÍODO\\Projeto I\\Seja UPE\\Seja-UPE\\src\\core\\components\\Button\\index.tsx","statementMap":{"0":{"start":{"line":15,"column":54},"end":{"line":23,"column":1}},"1":{"start":{"line":16,"column":18},"end":{"line":16,"column":28}},"2":{"start":{"line":18,"column":2},"end":{"line":22,"column":4}}},"fnMap":{"0":{"name":"(anonymous_0)","decl":{"start":{"line":15,"column":54},"end":{"line":15,"column":55}},"loc":{"start":{"line":15,"column":93},"end":{"line":23,"column":1}},"line":15}},"branchMap":{"0":{"loc":{"start":{"line":20,"column":38},"end":{"line":20,"column":58}},"type":"binary-expr","locations":[{"start":{"line":20,"column":38},"end":{"line":20,"column":43}},{"start":{"line":20,"column":47},"end":{"line":20,"column":58}}],"line":20}},"s":{"0":42,"1":2,"2":2},"f":{"0":2},"b":{"0":[2,0]},"_coverageSchema":"1a1c01bbd47fc00a2c39e90264f33305004495a9","hash":"a1ae80515f3d6f110eb137230c7c3647b0374845"}
,"D:\\Engenharia de Software - UPE\\5º PERÍODO\\Projeto I\\Seja UPE\\Seja-UPE\\src\\core\\components\\Button\\styles.tsx": {"path":"D:\\Engenharia de Software - UPE\\5º PERÍODO\\Projeto I\\Seja UPE\\Seja-UPE\\src\\core\\components\\Button\\styles.tsx","statementMap":{"0":{"start":{"line":13,"column":25},"end":{"line":22,"column":1}},"1":{"start":{"line":13,"column":71},"end":{"line":13,"column":76}},"2":{"start":{"line":21,"column":31},"end":{"line":21,"column":51}},"3":{"start":{"line":24,"column":21},"end":{"line":28,"column":1}},"4":{"start":{"line":24,"column":60},"end":{"line":24,"column":65}},"5":{"start":{"line":27,"column":20},"end":{"line":27,"column":38}}},"fnMap":{"0":{"name":"(anonymous_0)","decl":{"start":{"line":13,"column":62},"end":{"line":13,"column":63}},"loc":{"start":{"line":13,"column":71},"end":{"line":13,"column":76}},"line":13},"1":{"name":"(anonymous_1)","decl":{"start":{"line":21,"column":22},"end":{"line":21,"column":23}},"loc":{"start":{"line":21,"column":31},"end":{"line":21,"column":51}},"line":21},"2":{"name":"(anonymous_2)","decl":{"start":{"line":24,"column":51},"end":{"line":24,"column":52}},"loc":{"start":{"line":24,"column":60},"end":{"line":24,"column":65}},"line":24},"3":{"name":"(anonymous_3)","decl":{"start":{"line":27,"column":11},"end":{"line":27,"column":12}},"loc":{"start":{"line":27,"column":20},"end":{"line":27,"column":38}},"line":27}},"branchMap":{},"s":{"0":42,"1":2,"2":2,"3":42,"4":2,"5":2},"f":{"0":2,"1":2,"2":2,"3":2},"b":{},"_coverageSchema":"1a1c01bbd47fc00a2c39e90264f33305004495a9","hash":"10818b3332958e1924bc486dd74a6dde6a55e99f"}
,"D:\\Engenharia de Software - UPE\\5º PERÍODO\\Projeto I\\Seja UPE\\Seja-UPE\\src\\core\\components\\ButtonCourse\\index.tsx": {"path":"D:\\Engenharia de Software - UPE\\5º PERÍODO\\Projeto I\\Seja UPE\\Seja-UPE\\src\\core\\components\\ButtonCourse\\index.tsx","statementMap":{"0":{"start":{"line":13,"column":66},"end":{"line":25,"column":1}},"1":{"start":{"line":14,"column":18},"end":{"line":14,"column":28}},"2":{"start":{"line":16,"column":2},"end":{"line":24,"column":4}}},"fnMap":{"0":{"name":"(anonymous_0)","decl":{"start":{"line":13,"column":66},"end":{"line":13,"column":67}},"loc":{"start":{"line":13,"column":90},"end":{"line":25,"column":1}},"line":13},"1":{"name":"(anonymous_1)","decl":{"start":{"line":17,"column":47},"end":{"line":17,"column":48}},"loc":{"start":{"line":17,"column":53},"end":{"line":17,"column":55}},"line":17}},"branchMap":{"0":{"loc":{"start":{"line":17,"column":35},"end":{"line":17,"column":56}},"type":"binary-expr","locations":[{"start":{"line":17,"column":35},"end":{"line":17,"column":42}},{"start":{"line":17,"column":47},"end":{"line":17,"column":55}}],"line":17}},"s":{"0":42,"1":1,"2":1},"f":{"0":1,"1":0},"b":{"0":[1,1]},"_coverageSchema":"1a1c01bbd47fc00a2c39e90264f33305004495a9","hash":"6656a9dc564628dc32c988a8859079f6517fc8d3"}
,"D:\\Engenharia de Software - UPE\\5º PERÍODO\\Projeto I\\Seja UPE\\Seja-UPE\\src\\core\\components\\ButtonCourse\\styles.tsx": {"path":"D:\\Engenharia de Software - UPE\\5º PERÍODO\\Projeto I\\Seja UPE\\Seja-UPE\\src\\core\\components\\ButtonCourse\\styles.tsx","statementMap":{"0":{"start":{"line":6,"column":25},"end":{"line":16,"column":1}},"1":{"start":{"line":6,"column":67},"end":{"line":6,"column":72}},"2":{"start":{"line":15,"column":31},"end":{"line":15,"column":42}},"3":{"start":{"line":18,"column":30},"end":{"line":25,"column":1}},"4":{"start":{"line":27,"column":21},"end":{"line":35,"column":1}},"5":{"start":{"line":27,"column":60},"end":{"line":27,"column":65}},"6":{"start":{"line":33,"column":20},"end":{"line":33,"column":30}},"7":{"start":{"line":37,"column":20},"end":{"line":40,"column":1}}},"fnMap":{"0":{"name":"(anonymous_0)","decl":{"start":{"line":6,"column":58},"end":{"line":6,"column":59}},"loc":{"start":{"line":6,"column":67},"end":{"line":6,"column":72}},"line":6},"1":{"name":"(anonymous_1)","decl":{"start":{"line":15,"column":22},"end":{"line":15,"column":23}},"loc":{"start":{"line":15,"column":31},"end":{"line":15,"column":42}},"line":15},"2":{"name":"(anonymous_2)","decl":{"start":{"line":27,"column":51},"end":{"line":27,"column":52}},"loc":{"start":{"line":27,"column":60},"end":{"line":27,"column":65}},"line":27},"3":{"name":"(anonymous_3)","decl":{"start":{"line":33,"column":11},"end":{"line":33,"column":12}},"loc":{"start":{"line":33,"column":20},"end":{"line":33,"column":30}},"line":33}},"branchMap":{},"s":{"0":42,"1":1,"2":1,"3":42,"4":42,"5":1,"6":1,"7":42},"f":{"0":1,"1":1,"2":1,"3":1},"b":{},"_coverageSchema":"1a1c01bbd47fc00a2c39e90264f33305004495a9","hash":"a01fe612744d0d1d89d80eb7364f900d6bff675b"}
,"D:\\Engenharia de Software - UPE\\5º PERÍODO\\Projeto I\\Seja UPE\\Seja-UPE\\src\\core\\components\\ButtonEvent\\index.tsx": {"path":"D:\\Engenharia de Software - UPE\\5º PERÍODO\\Projeto I\\Seja UPE\\Seja-UPE\\src\\core\\components\\ButtonEvent\\index.tsx","statementMap":{"0":{"start":{"line":13,"column":64},"end":{"line":23,"column":1}},"1":{"start":{"line":14,"column":18},"end":{"line":14,"column":28}},"2":{"start":{"line":16,"column":2},"end":{"line":22,"column":4}}},"fnMap":{"0":{"name":"(anonymous_0)","decl":{"start":{"line":13,"column":64},"end":{"line":13,"column":65}},"loc":{"start":{"line":13,"column":88},"end":{"line":23,"column":1}},"line":13},"1":{"name":"(anonymous_1)","decl":{"start":{"line":17,"column":47},"end":{"line":17,"column":48}},"loc":{"start":{"line":17,"column":53},"end":{"line":17,"column":55}},"line":17}},"branchMap":{"0":{"loc":{"start":{"line":17,"column":35},"end":{"line":17,"column":56}},"type":"binary-expr","locations":[{"start":{"line":17,"column":35},"end":{"line":17,"column":42}},{"start":{"line":17,"column":47},"end":{"line":17,"column":55}}],"line":17}},"s":{"0":42,"1":1,"2":1},"f":{"0":1,"1":0},"b":{"0":[1,1]},"_coverageSchema":"1a1c01bbd47fc00a2c39e90264f33305004495a9","hash":"211a4611ea270062eecfb58d77e4607944418e38"}
,"D:\\Engenharia de Software - UPE\\5º PERÍODO\\Projeto I\\Seja UPE\\Seja-UPE\\src\\core\\components\\ButtonEvent\\styles.tsx": {"path":"D:\\Engenharia de Software - UPE\\5º PERÍODO\\Projeto I\\Seja UPE\\Seja-UPE\\src\\core\\components\\ButtonEvent\\styles.tsx","statementMap":{"0":{"start":{"line":6,"column":25},"end":{"line":16,"column":1}},"1":{"start":{"line":6,"column":67},"end":{"line":6,"column":72}},"2":{"start":{"line":15,"column":31},"end":{"line":15,"column":42}},"3":{"start":{"line":18,"column":21},"end":{"line":25,"column":1}},"4":{"start":{"line":18,"column":60},"end":{"line":18,"column":65}},"5":{"start":{"line":23,"column":20},"end":{"line":23,"column":30}},"6":{"start":{"line":27,"column":20},"end":{"line":30,"column":1}}},"fnMap":{"0":{"name":"(anonymous_0)","decl":{"start":{"line":6,"column":58},"end":{"line":6,"column":59}},"loc":{"start":{"line":6,"column":67},"end":{"line":6,"column":72}},"line":6},"1":{"name":"(anonymous_1)","decl":{"start":{"line":15,"column":22},"end":{"line":15,"column":23}},"loc":{"start":{"line":15,"column":31},"end":{"line":15,"column":42}},"line":15},"2":{"name":"(anonymous_2)","decl":{"start":{"line":18,"column":51},"end":{"line":18,"column":52}},"loc":{"start":{"line":18,"column":60},"end":{"line":18,"column":65}},"line":18},"3":{"name":"(anonymous_3)","decl":{"start":{"line":23,"column":11},"end":{"line":23,"column":12}},"loc":{"start":{"line":23,"column":20},"end":{"line":23,"column":30}},"line":23}},"branchMap":{},"s":{"0":42,"1":1,"2":1,"3":42,"4":1,"5":1,"6":42},"f":{"0":1,"1":1,"2":1,"3":1},"b":{},"_coverageSchema":"1a1c01bbd47fc00a2c39e90264f33305004495a9","hash":"2b9de11efe2193a1bcd248da2dfa37b192b8f007"}
,"D:\\Engenharia de Software - UPE\\5º PERÍODO\\Projeto I\\Seja UPE\\Seja-UPE\\src\\core\\components\\ButtonGoogle\\index.tsx": {"path":"D:\\Engenharia de Software - UPE\\5º PERÍODO\\Projeto I\\Seja UPE\\Seja-UPE\\src\\core\\components\\ButtonGoogle\\index.tsx","statementMap":{"0":{"start":{"line":12,"column":66},"end":{"line":21,"column":1}},"1":{"start":{"line":13,"column":18},"end":{"line":13,"column":28}},"2":{"start":{"line":15,"column":2},"end":{"line":20,"column":4}}},"fnMap":{"0":{"name":"(anonymous_0)","decl":{"start":{"line":12,"column":66},"end":{"line":12,"column":67}},"loc":{"start":{"line":12,"column":89},"end":{"line":21,"column":1}},"line":12}},"branchMap":{},"s":{"0":42,"1":1,"2":1},"f":{"0":1},"b":{},"_coverageSchema":"1a1c01bbd47fc00a2c39e90264f33305004495a9","hash":"4166cbf881cb976c7851128e5d5b864841f87567"}
,"D:\\Engenharia de Software - UPE\\5º PERÍODO\\Projeto I\\Seja UPE\\Seja-UPE\\src\\core\\components\\ButtonGoogle\\styles.tsx": {"path":"D:\\Engenharia de Software - UPE\\5º PERÍODO\\Projeto I\\Seja UPE\\Seja-UPE\\src\\core\\components\\ButtonGoogle\\styles.tsx","statementMap":{"0":{"start":{"line":5,"column":25},"end":{"line":17,"column":1}},"1":{"start":{"line":5,"column":67},"end":{"line":5,"column":72}},"2":{"start":{"line":15,"column":31},"end":{"line":15,"column":42}},"3":{"start":{"line":19,"column":21},"end":{"line":23,"column":1}},"4":{"start":{"line":19,"column":60},"end":{"line":19,"column":65}},"5":{"start":{"line":22,"column":20},"end":{"line":22,"column":30}},"6":{"start":{"line":25,"column":20},"end":{"line":28,"column":1}}},"fnMap":{"0":{"name":"(anonymous_0)","decl":{"start":{"line":5,"column":58},"end":{"line":5,"column":59}},"loc":{"start":{"line":5,"column":67},"end":{"line":5,"column":72}},"line":5},"1":{"name":"(anonymous_1)","decl":{"start":{"line":15,"column":22},"end":{"line":15,"column":23}},"loc":{"start":{"line":15,"column":31},"end":{"line":15,"column":42}},"line":15},"2":{"name":"(anonymous_2)","decl":{"start":{"line":19,"column":51},"end":{"line":19,"column":52}},"loc":{"start":{"line":19,"column":60},"end":{"line":19,"column":65}},"line":19},"3":{"name":"(anonymous_3)","decl":{"start":{"line":22,"column":11},"end":{"line":22,"column":12}},"loc":{"start":{"line":22,"column":20},"end":{"line":22,"column":30}},"line":22}},"branchMap":{},"s":{"0":42,"1":1,"2":1,"3":42,"4":1,"5":1,"6":42},"f":{"0":1,"1":1,"2":1,"3":1},"b":{},"_coverageSchema":"1a1c01bbd47fc00a2c39e90264f33305004495a9","hash":"a8955b55a0068a23075f1aadb10099fb331eb410"}
,"D:\\Engenharia de Software - UPE\\5º PERÍODO\\Projeto I\\Seja UPE\\Seja-UPE\\src\\core\\components\\ButtonLattes\\index.tsx": {"path":"D:\\Engenharia de Software - UPE\\5º PERÍODO\\Projeto I\\Seja UPE\\Seja-UPE\\src\\core\\components\\ButtonLattes\\index.tsx","statementMap":{"0":{"start":{"line":11,"column":66},"end":{"line":19,"column":1}},"1":{"start":{"line":12,"column":18},"end":{"line":12,"column":28}},"2":{"start":{"line":14,"column":2},"end":{"line":18,"column":4}}},"fnMap":{"0":{"name":"(anonymous_0)","decl":{"start":{"line":11,"column":66},"end":{"line":11,"column":67}},"loc":{"start":{"line":11,"column":83},"end":{"line":19,"column":1}},"line":11},"1":{"name":"(anonymous_1)","decl":{"start":{"line":15,"column":47},"end":{"line":15,"column":48}},"loc":{"start":{"line":15,"column":53},"end":{"line":15,"column":55}},"line":15}},"branchMap":{"0":{"loc":{"start":{"line":15,"column":35},"end":{"line":15,"column":56}},"type":"binary-expr","locations":[{"start":{"line":15,"column":35},"end":{"line":15,"column":42}},{"start":{"line":15,"column":47},"end":{"line":15,"column":55}}],"line":15}},"s":{"0":42,"1":1,"2":1},"f":{"0":1,"1":0},"b":{"0":[1,0]},"_coverageSchema":"1a1c01bbd47fc00a2c39e90264f33305004495a9","hash":"7d2f475c5be25e190b4dfcf707488e3ec5bd883f"}
,"D:\\Engenharia de Software - UPE\\5º PERÍODO\\Projeto I\\Seja UPE\\Seja-UPE\\src\\core\\components\\ButtonLattes\\styles.tsx": {"path":"D:\\Engenharia de Software - UPE\\5º PERÍODO\\Projeto I\\Seja UPE\\Seja-UPE\\src\\core\\components\\ButtonLattes\\styles.tsx","statementMap":{"0":{"start":{"line":5,"column":25},"end":{"line":15,"column":1}},"1":{"start":{"line":5,"column":67},"end":{"line":5,"column":72}},"2":{"start":{"line":7,"column":31},"end":{"line":7,"column":41}},"3":{"start":{"line":17,"column":20},"end":{"line":19,"column":1}}},"fnMap":{"0":{"name":"(anonymous_0)","decl":{"start":{"line":5,"column":58},"end":{"line":5,"column":59}},"loc":{"start":{"line":5,"column":67},"end":{"line":5,"column":72}},"line":5},"1":{"name":"(anonymous_1)","decl":{"start":{"line":7,"column":22},"end":{"line":7,"column":23}},"loc":{"start":{"line":7,"column":31},"end":{"line":7,"column":41}},"line":7}},"branchMap":{},"s":{"0":42,"1":1,"2":1,"3":42},"f":{"0":1,"1":1},"b":{},"_coverageSchema":"1a1c01bbd47fc00a2c39e90264f33305004495a9","hash":"6288ad029949dd2ae077a3500057e7d4b01c9a08"}
,"D:\\Engenharia de Software - UPE\\5º PERÍODO\\Projeto I\\Seja UPE\\Seja-UPE\\src\\core\\components\\ButtonLink\\index.tsx": {"path":"D:\\Engenharia de Software - UPE\\5º PERÍODO\\Projeto I\\Seja UPE\\Seja-UPE\\src\\core\\components\\ButtonLink\\index.tsx","statementMap":{"0":{"start":{"line":15,"column":62},"end":{"line":24,"column":1}},"1":{"start":{"line":16,"column":18},"end":{"line":16,"column":28}},"2":{"start":{"line":18,"column":2},"end":{"line":23,"column":4}}},"fnMap":{"0":{"name":"(anonymous_0)","decl":{"start":{"line":15,"column":62},"end":{"line":15,"column":63}},"loc":{"start":{"line":15,"column":117},"end":{"line":24,"column":1}},"line":15},"1":{"name":"(anonymous_1)","decl":{"start":{"line":19,"column":47},"end":{"line":19,"column":48}},"loc":{"start":{"line":19,"column":53},"end":{"line":19,"column":55}},"line":19}},"branchMap":{"0":{"loc":{"start":{"line":19,"column":35},"end":{"line":19,"column":56}},"type":"binary-expr","locations":[{"start":{"line":19,"column":35},"end":{"line":19,"column":42}},{"start":{"line":19,"column":47},"end":{"line":19,"column":55}}],"line":19},"1":{"loc":{"start":{"line":20,"column":53},"end":{"line":20,"column":77}},"type":"binary-expr","locations":[{"start":{"line":20,"column":53},"end":{"line":20,"column":62}},{"start":{"line":20,"column":66},"end":{"line":20,"column":77}}],"line":20},"2":{"loc":{"start":{"line":21,"column":41},"end":{"line":21,"column":65}},"type":"binary-expr","locations":[{"start":{"line":21,"column":41},"end":{"line":21,"column":50}},{"start":{"line":21,"column":54},"end":{"line":21,"column":65}}],"line":21}},"s":{"0":42,"1":1,"2":1},"f":{"0":1,"1":0},"b":{"0":[1,1],"1":[1,1],"2":[1,1]},"_coverageSchema":"1a1c01bbd47fc00a2c39e90264f33305004495a9","hash":"572eb0be77f79225a3a136af33083a824f754b91"}
,"D:\\Engenharia de Software - UPE\\5º PERÍODO\\Projeto I\\Seja UPE\\Seja-UPE\\src\\core\\components\\ButtonLink\\styles.tsx": {"path":"D:\\Engenharia de Software - UPE\\5º PERÍODO\\Projeto I\\Seja UPE\\Seja-UPE\\src\\core\\components\\ButtonLink\\styles.tsx","statementMap":{"0":{"start":{"line":9,"column":25},"end":{"line":20,"column":1}},"1":{"start":{"line":9,"column":67},"end":{"line":9,"column":72}},"2":{"start":{"line":13,"column":31},"end":{"line":13,"column":42}},"3":{"start":{"line":22,"column":20},"end":{"line":28,"column":1}},"4":{"start":{"line":22,"column":58},"end":{"line":22,"column":63}},"5":{"start":{"line":27,"column":20},"end":{"line":27,"column":35}}},"fnMap":{"0":{"name":"(anonymous_0)","decl":{"start":{"line":9,"column":58},"end":{"line":9,"column":59}},"loc":{"start":{"line":9,"column":67},"end":{"line":9,"column":72}},"line":9},"1":{"name":"(anonymous_1)","decl":{"start":{"line":13,"column":22},"end":{"line":13,"column":23}},"loc":{"start":{"line":13,"column":31},"end":{"line":13,"column":42}},"line":13},"2":{"name":"(anonymous_2)","decl":{"start":{"line":22,"column":49},"end":{"line":22,"column":50}},"loc":{"start":{"line":22,"column":58},"end":{"line":22,"column":63}},"line":22},"3":{"name":"(anonymous_3)","decl":{"start":{"line":27,"column":11},"end":{"line":27,"column":12}},"loc":{"start":{"line":27,"column":20},"end":{"line":27,"column":35}},"line":27}},"branchMap":{},"s":{"0":42,"1":1,"2":1,"3":42,"4":1,"5":1},"f":{"0":1,"1":1,"2":1,"3":1},"b":{},"_coverageSchema":"1a1c01bbd47fc00a2c39e90264f33305004495a9","hash":"ade2889da0cac59183f78f31b5d81547a6348610"}
,"D:\\Engenharia de Software - UPE\\5º PERÍODO\\Projeto I\\Seja UPE\\Seja-UPE\\src\\core\\components\\ButtonSocial\\index.tsx": {"path":"D:\\Engenharia de Software - UPE\\5º PERÍODO\\Projeto I\\Seja UPE\\Seja-UPE\\src\\core\\components\\ButtonSocial\\index.tsx","statementMap":{"0":{"start":{"line":20,"column":66},"end":{"line":36,"column":1}},"1":{"start":{"line":21,"column":18},"end":{"line":21,"column":28}},"2":{"start":{"line":23,"column":22},"end":{"line":28,"column":9}},"3":{"start":{"line":30,"column":2},"end":{"line":35,"column":4}}},"fnMap":{"0":{"name":"(anonymous_0)","decl":{"start":{"line":20,"column":66},"end":{"line":20,"column":67}},"loc":{"start":{"line":20,"column":95},"end":{"line":36,"column":1}},"line":20},"1":{"name":"(anonymous_1)","decl":{"start":{"line":31,"column":56},"end":{"line":31,"column":57}},"loc":{"start":{"line":31,"column":62},"end":{"line":31,"column":64}},"line":31}},"branchMap":{"0":{"loc":{"start":{"line":31,"column":44},"end":{"line":31,"column":65}},"type":"binary-expr","locations":[{"start":{"line":31,"column":44},"end":{"line":31,"column":51}},{"start":{"line":31,"column":56},"end":{"line":31,"column":64}}],"line":31},"1":{"loc":{"start":{"line":32,"column":20},"end":{"line":32,"column":56}},"type":"binary-expr","locations":[{"start":{"line":32,"column":20},"end":{"line":32,"column":31}},{"start":{"line":32,"column":35},"end":{"line":32,"column":56}}],"line":32}},"s":{"0":42,"1":1,"2":1,"3":1},"f":{"0":1,"1":0},"b":{"0":[1,1],"1":[1,0]},"_coverageSchema":"1a1c01bbd47fc00a2c39e90264f33305004495a9","hash":"6c6560a6a826b4c39957107ac4c09b1efc36b1de"}
,"D:\\Engenharia de Software - UPE\\5º PERÍODO\\Projeto I\\Seja UPE\\Seja-UPE\\src\\core\\components\\ButtonSocial\\styles.tsx": {"path":"D:\\Engenharia de Software - UPE\\5º PERÍODO\\Projeto I\\Seja UPE\\Seja-UPE\\src\\core\\components\\ButtonSocial\\styles.tsx","statementMap":{"0":{"start":{"line":4,"column":25},"end":{"line":8,"column":1}},"1":{"start":{"line":10,"column":20},"end":{"line":13,"column":1}},"2":{"start":{"line":15,"column":20},"end":{"line":19,"column":1}},"3":{"start":{"line":15,"column":59},"end":{"line":15,"column":64}},"4":{"start":{"line":18,"column":20},"end":{"line":18,"column":31}}},"fnMap":{"0":{"name":"(anonymous_0)","decl":{"start":{"line":15,"column":50},"end":{"line":15,"column":51}},"loc":{"start":{"line":15,"column":59},"end":{"line":15,"column":64}},"line":15},"1":{"name":"(anonymous_1)","decl":{"start":{"line":18,"column":11},"end":{"line":18,"column":12}},"loc":{"start":{"line":18,"column":20},"end":{"line":18,"column":31}},"line":18}},"branchMap":{},"s":{"0":42,"1":42,"2":42,"3":1,"4":1},"f":{"0":1,"1":1},"b":{},"_coverageSchema":"1a1c01bbd47fc00a2c39e90264f33305004495a9","hash":"e8320a8e84325a2259699b574cd1158a9b56c786"}
,"D:\\Engenharia de Software - UPE\\5º PERÍODO\\Projeto I\\Seja UPE\\Seja-UPE\\src\\core\\components\\ButtonStep\\index.tsx": {"path":"D:\\Engenharia de Software - UPE\\5º PERÍODO\\Projeto I\\Seja UPE\\Seja-UPE\\src\\core\\components\\ButtonStep\\index.tsx","statementMap":{"0":{"start":{"line":12,"column":62},"end":{"line":25,"column":1}},"1":{"start":{"line":13,"column":18},"end":{"line":13,"column":28}},"2":{"start":{"line":15,"column":2},"end":{"line":24,"column":4}}},"fnMap":{"0":{"name":"(anonymous_0)","decl":{"start":{"line":12,"column":62},"end":{"line":12,"column":63}},"loc":{"start":{"line":12,"column":98},"end":{"line":25,"column":1}},"line":12},"1":{"name":"(anonymous_1)","decl":{"start":{"line":12,"column":82},"end":{"line":12,"column":83}},"loc":{"start":{"line":12,"column":88},"end":{"line":12,"column":90}},"line":12}},"branchMap":{"0":{"loc":{"start":{"line":12,"column":71},"end":{"line":12,"column":91}},"type":"default-arg","locations":[{"start":{"line":12,"column":82},"end":{"line":12,"column":90}}],"line":12}},"s":{"0":42,"1":1,"2":1},"f":{"0":1,"1":0},"b":{"0":[1]},"_coverageSchema":"1a1c01bbd47fc00a2c39e90264f33305004495a9","hash":"24db879db66f9d45eff01274f6c4e09c240869d5"}
,"D:\\Engenharia de Software - UPE\\5º PERÍODO\\Projeto I\\Seja UPE\\Seja-UPE\\src\\core\\components\\ButtonStep\\styles.tsx": {"path":"D:\\Engenharia de Software - UPE\\5º PERÍODO\\Projeto I\\Seja UPE\\Seja-UPE\\src\\core\\components\\ButtonStep\\styles.tsx","statementMap":{"0":{"start":{"line":4,"column":25},"end":{"line":10,"column":1}},"1":{"start":{"line":12,"column":21},"end":{"line":16,"column":1}},"2":{"start":{"line":12,"column":60},"end":{"line":12,"column":65}},"3":{"start":{"line":15,"column":20},"end":{"line":15,"column":30}}},"fnMap":{"0":{"name":"(anonymous_0)","decl":{"start":{"line":12,"column":51},"end":{"line":12,"column":52}},"loc":{"start":{"line":12,"column":60},"end":{"line":12,"column":65}},"line":12},"1":{"name":"(anonymous_1)","decl":{"start":{"line":15,"column":11},"end":{"line":15,"column":12}},"loc":{"start":{"line":15,"column":20},"end":{"line":15,"column":30}},"line":15}},"branchMap":{},"s":{"0":42,"1":42,"2":1,"3":1},"f":{"0":1,"1":1},"b":{},"_coverageSchema":"1a1c01bbd47fc00a2c39e90264f33305004495a9","hash":"d07f9c3930c015fa15425f75a2506d3a87614f17"}
,"D:\\Engenharia de Software - UPE\\5º PERÍODO\\Projeto I\\Seja UPE\\Seja-UPE\\src\\core\\components\\ButtonSuggestion\\index.tsx": {"path":"D:\\Engenharia de Software - UPE\\5º PERÍODO\\Projeto I\\Seja UPE\\Seja-UPE\\src\\core\\components\\ButtonSuggestion\\index.tsx","statementMap":{"0":{"start":{"line":14,"column":74},"end":{"line":27,"column":1}},"1":{"start":{"line":15,"column":18},"end":{"line":15,"column":28}},"2":{"start":{"line":16,"column":2},"end":{"line":26,"column":4}}},"fnMap":{"0":{"name":"(anonymous_0)","decl":{"start":{"line":14,"column":74},"end":{"line":14,"column":75}},"loc":{"start":{"line":14,"column":108},"end":{"line":27,"column":1}},"line":14},"1":{"name":"(anonymous_1)","decl":{"start":{"line":17,"column":47},"end":{"line":17,"column":48}},"loc":{"start":{"line":17,"column":53},"end":{"line":17,"column":55}},"line":17}},"branchMap":{"0":{"loc":{"start":{"line":17,"column":35},"end":{"line":17,"column":56}},"type":"binary-expr","locations":[{"start":{"line":17,"column":35},"end":{"line":17,"column":42}},{"start":{"line":17,"column":47},"end":{"line":17,"column":55}}],"line":17}},"s":{"0":42,"1":1,"2":1},"f":{"0":1,"1":0},"b":{"0":[1,1]},"_coverageSchema":"1a1c01bbd47fc00a2c39e90264f33305004495a9","hash":"24d348fa77a44ef462314dcc0b4684017e3af6b2"}
,"D:\\Engenharia de Software - UPE\\5º PERÍODO\\Projeto I\\Seja UPE\\Seja-UPE\\src\\core\\components\\ButtonSuggestion\\styles.tsx": {"path":"D:\\Engenharia de Software - UPE\\5º PERÍODO\\Projeto I\\Seja UPE\\Seja-UPE\\src\\core\\components\\ButtonSuggestion\\styles.tsx","statementMap":{"0":{"start":{"line":5,"column":25},"end":{"line":15,"column":1}},"1":{"start":{"line":5,"column":67},"end":{"line":5,"column":72}},"2":{"start":{"line":14,"column":31},"end":{"line":14,"column":42}},"3":{"start":{"line":17,"column":30},"end":{"line":24,"column":1}},"4":{"start":{"line":26,"column":21},"end":{"line":33,"column":1}},"5":{"start":{"line":26,"column":60},"end":{"line":26,"column":65}},"6":{"start":{"line":32,"column":20},"end":{"line":32,"column":30}},"7":{"start":{"line":35,"column":33},"end":{"line":41,"column":1}},"8":{"start":{"line":35,"column":72},"end":{"line":35,"column":77}},"9":{"start":{"line":36,"column":31},"end":{"line":36,"column":41}},"10":{"start":{"line":43,"column":24},"end":{"line":47,"column":1}},"11":{"start":{"line":43,"column":63},"end":{"line":43,"column":68}},"12":{"start":{"line":46,"column":20},"end":{"line":46,"column":35}}},"fnMap":{"0":{"name":"(anonymous_0)","decl":{"start":{"line":5,"column":58},"end":{"line":5,"column":59}},"loc":{"start":{"line":5,"column":67},"end":{"line":5,"column":72}},"line":5},"1":{"name":"(anonymous_1)","decl":{"start":{"line":14,"column":22},"end":{"line":14,"column":23}},"loc":{"start":{"line":14,"column":31},"end":{"line":14,"column":42}},"line":14},"2":{"name":"(anonymous_2)","decl":{"start":{"line":26,"column":51},"end":{"line":26,"column":52}},"loc":{"start":{"line":26,"column":60},"end":{"line":26,"column":65}},"line":26},"3":{"name":"(anonymous_3)","decl":{"start":{"line":32,"column":11},"end":{"line":32,"column":12}},"loc":{"start":{"line":32,"column":20},"end":{"line":32,"column":30}},"line":32},"4":{"name":"(anonymous_4)","decl":{"start":{"line":35,"column":63},"end":{"line":35,"column":64}},"loc":{"start":{"line":35,"column":72},"end":{"line":35,"column":77}},"line":35},"5":{"name":"(anonymous_5)","decl":{"start":{"line":36,"column":22},"end":{"line":36,"column":23}},"loc":{"start":{"line":36,"column":31},"end":{"line":36,"column":41}},"line":36},"6":{"name":"(anonymous_6)","decl":{"start":{"line":43,"column":54},"end":{"line":43,"column":55}},"loc":{"start":{"line":43,"column":63},"end":{"line":43,"column":68}},"line":43},"7":{"name":"(anonymous_7)","decl":{"start":{"line":46,"column":11},"end":{"line":46,"column":12}},"loc":{"start":{"line":46,"column":20},"end":{"line":46,"column":35}},"line":46}},"branchMap":{},"s":{"0":42,"1":1,"2":1,"3":42,"4":42,"5":1,"6":1,"7":42,"8":1,"9":1,"10":42,"11":1,"12":1},"f":{"0":1,"1":1,"2":1,"3":1,"4":1,"5":1,"6":1,"7":1},"b":{},"_coverageSchema":"1a1c01bbd47fc00a2c39e90264f33305004495a9","hash":"9bb66c85cef1fe6d1664c7375d51acd5070e6158"}
,"D:\\Engenharia de Software - UPE\\5º PERÍODO\\Projeto I\\Seja UPE\\Seja-UPE\\src\\core\\components\\ButtonWidget\\index.tsx": {"path":"D:\\Engenharia de Software - UPE\\5º PERÍODO\\Projeto I\\Seja UPE\\Seja-UPE\\src\\core\\components\\ButtonWidget\\index.tsx","statementMap":{"0":{"start":{"line":14,"column":66},"end":{"line":27,"column":1}},"1":{"start":{"line":15,"column":18},"end":{"line":15,"column":28}},"2":{"start":{"line":17,"column":2},"end":{"line":26,"column":4}}},"fnMap":{"0":{"name":"(anonymous_0)","decl":{"start":{"line":14,"column":66},"end":{"line":14,"column":67}},"loc":{"start":{"line":14,"column":99},"end":{"line":27,"column":1}},"line":14},"1":{"name":"(anonymous_1)","decl":{"start":{"line":18,"column":50},"end":{"line":18,"column":51}},"loc":{"start":{"line":18,"column":56},"end":{"line":18,"column":58}},"line":18},"2":{"name":"(anonymous_2)","decl":{"start":{"line":19,"column":35},"end":{"line":19,"column":36}},"loc":{"start":{"line":19,"column":41},"end":{"line":19,"column":43}},"line":19}},"branchMap":{"0":{"loc":{"start":{"line":18,"column":38},"end":{"line":18,"column":59}},"type":"binary-expr","locations":[{"start":{"line":18,"column":38},"end":{"line":18,"column":45}},{"start":{"line":18,"column":50},"end":{"line":18,"column":58}}],"line":18},"1":{"loc":{"start":{"line":19,"column":23},"end":{"line":19,"column":44}},"type":"binary-expr","locations":[{"start":{"line":19,"column":23},"end":{"line":19,"column":30}},{"start":{"line":19,"column":35},"end":{"line":19,"column":43}}],"line":19},"2":{"loc":{"start":{"line":21,"column":47},"end":{"line":21,"column":78}},"type":"binary-expr","locations":[{"start":{"line":21,"column":47},"end":{"line":21,"column":53}},{"start":{"line":21,"column":57},"end":{"line":21,"column":78}}],"line":21}},"s":{"0":42,"1":1,"2":1},"f":{"0":1,"1":0,"2":0},"b":{"0":[1,1],"1":[1,1],"2":[1,1]},"_coverageSchema":"1a1c01bbd47fc00a2c39e90264f33305004495a9","hash":"ab519d9593d2a9fd54d2355a1eaa4fbaea312d33"}
,"D:\\Engenharia de Software - UPE\\5º PERÍODO\\Projeto I\\Seja UPE\\Seja-UPE\\src\\core\\components\\ButtonWidget\\styles.tsx": {"path":"D:\\Engenharia de Software - UPE\\5º PERÍODO\\Projeto I\\Seja UPE\\Seja-UPE\\src\\core\\components\\ButtonWidget\\styles.tsx","statementMap":{"0":{"start":{"line":4,"column":19},"end":{"line":10,"column":1}},"1":{"start":{"line":12,"column":25},"end":{"line":19,"column":1}},"2":{"start":{"line":12,"column":64},"end":{"line":12,"column":69}},"3":{"start":{"line":15,"column":31},"end":{"line":15,"column":41}},"4":{"start":{"line":21,"column":22},"end":{"line":27,"column":1}},"5":{"start":{"line":21,"column":61},"end":{"line":21,"column":66}},"6":{"start":{"line":26,"column":20},"end":{"line":26,"column":29}},"7":{"start":{"line":29,"column":22},"end":{"line":32,"column":1}}},"fnMap":{"0":{"name":"(anonymous_0)","decl":{"start":{"line":12,"column":55},"end":{"line":12,"column":56}},"loc":{"start":{"line":12,"column":64},"end":{"line":12,"column":69}},"line":12},"1":{"name":"(anonymous_1)","decl":{"start":{"line":15,"column":22},"end":{"line":15,"column":23}},"loc":{"start":{"line":15,"column":31},"end":{"line":15,"column":41}},"line":15},"2":{"name":"(anonymous_2)","decl":{"start":{"line":21,"column":52},"end":{"line":21,"column":53}},"loc":{"start":{"line":21,"column":61},"end":{"line":21,"column":66}},"line":21},"3":{"name":"(anonymous_3)","decl":{"start":{"line":26,"column":11},"end":{"line":26,"column":12}},"loc":{"start":{"line":26,"column":20},"end":{"line":26,"column":29}},"line":26}},"branchMap":{},"s":{"0":42,"1":42,"2":1,"3":1,"4":42,"5":1,"6":1,"7":42},"f":{"0":1,"1":1,"2":1,"3":1},"b":{},"_coverageSchema":"1a1c01bbd47fc00a2c39e90264f33305004495a9","hash":"d8a965194494e843914d714bef0e6c2e22488503"}
,"D:\\Engenharia de Software - UPE\\5º PERÍODO\\Projeto I\\Seja UPE\\Seja-UPE\\src\\core\\components\\CardBaloon\\index.tsx": {"path":"D:\\Engenharia de Software - UPE\\5º PERÍODO\\Projeto I\\Seja UPE\\Seja-UPE\\src\\core\\components\\CardBaloon\\index.tsx","statementMap":{"0":{"start":{"line":18,"column":62},"end":{"line":34,"column":1}},"1":{"start":{"line":19,"column":18},"end":{"line":19,"column":28}},"2":{"start":{"line":21,"column":2},"end":{"line":33,"column":4}}},"fnMap":{"0":{"name":"(anonymous_0)","decl":{"start":{"line":18,"column":62},"end":{"line":18,"column":63}},"loc":{"start":{"line":18,"column":96},"end":{"line":34,"column":1}},"line":18}},"branchMap":{"0":{"loc":{"start":{"line":22,"column":22},"end":{"line":22,"column":44}},"type":"cond-expr","locations":[{"start":{"line":22,"column":38},"end":{"line":22,"column":40}},{"start":{"line":22,"column":43},"end":{"line":22,"column":44}}],"line":22},"1":{"loc":{"start":{"line":22,"column":60},"end":{"line":22,"column":83}},"type":"cond-expr","locations":[{"start":{"line":22,"column":77},"end":{"line":22,"column":79}},{"start":{"line":22,"column":82},"end":{"line":22,"column":83}}],"line":22},"2":{"loc":{"start":{"line":25,"column":29},"end":{"line":25,"column":108}},"type":"cond-expr","locations":[{"start":{"line":25,"column":59},"end":{"line":25,"column":80}},{"start":{"line":25,"column":83},"end":{"line":25,"column":108}}],"line":25},"3":{"loc":{"start":{"line":28,"column":30},"end":{"line":28,"column":111}},"type":"cond-expr","locations":[{"start":{"line":28,"column":60},"end":{"line":28,"column":82}},{"start":{"line":28,"column":85},"end":{"line":28,"column":111}}],"line":28}},"s":{"0":42,"1":1,"2":1},"f":{"0":1},"b":{"0":[1,0],"1":[0,1],"2":[1,0],"3":[1,0]},"_coverageSchema":"1a1c01bbd47fc00a2c39e90264f33305004495a9","hash":"f4ccdd2bced98efa3587765eb696682a1de871e6"}
,"D:\\Engenharia de Software - UPE\\5º PERÍODO\\Projeto I\\Seja UPE\\Seja-UPE\\src\\core\\components\\CardBaloon\\styles.tsx": {"path":"D:\\Engenharia de Software - UPE\\5º PERÍODO\\Projeto I\\Seja UPE\\Seja-UPE\\src\\core\\components\\CardBaloon\\styles.tsx","statementMap":{"0":{"start":{"line":9,"column":25},"end":{"line":16,"column":1}},"1":{"start":{"line":9,"column":64},"end":{"line":9,"column":69}},"2":{"start":{"line":13,"column":31},"end":{"line":13,"column":42}},"3":{"start":{"line":18,"column":25},"end":{"line":25,"column":1}},"4":{"start":{"line":27,"column":26},"end":{"line":34,"column":1}},"5":{"start":{"line":36,"column":19},"end":{"line":40,"column":1}},"6":{"start":{"line":36,"column":56},"end":{"line":36,"column":61}},"7":{"start":{"line":38,"column":27},"end":{"line":38,"column":44}},"8":{"start":{"line":39,"column":28},"end":{"line":39,"column":46}}},"fnMap":{"0":{"name":"(anonymous_0)","decl":{"start":{"line":9,"column":55},"end":{"line":9,"column":56}},"loc":{"start":{"line":9,"column":64},"end":{"line":9,"column":69}},"line":9},"1":{"name":"(anonymous_1)","decl":{"start":{"line":13,"column":22},"end":{"line":13,"column":23}},"loc":{"start":{"line":13,"column":31},"end":{"line":13,"column":42}},"line":13},"2":{"name":"(anonymous_2)","decl":{"start":{"line":36,"column":47},"end":{"line":36,"column":48}},"loc":{"start":{"line":36,"column":56},"end":{"line":36,"column":61}},"line":36},"3":{"name":"(anonymous_3)","decl":{"start":{"line":38,"column":18},"end":{"line":38,"column":19}},"loc":{"start":{"line":38,"column":27},"end":{"line":38,"column":44}},"line":38},"4":{"name":"(anonymous_4)","decl":{"start":{"line":39,"column":19},"end":{"line":39,"column":20}},"loc":{"start":{"line":39,"column":28},"end":{"line":39,"column":46}},"line":39}},"branchMap":{},"s":{"0":42,"1":1,"2":1,"3":42,"4":42,"5":42,"6":1,"7":1,"8":1},"f":{"0":1,"1":1,"2":1,"3":1,"4":1},"b":{},"_coverageSchema":"1a1c01bbd47fc00a2c39e90264f33305004495a9","hash":"76e42fee4cdff70b6852ca06a07938c5b15637a5"}
,"D:\\Engenharia de Software - UPE\\5º PERÍODO\\Projeto I\\Seja UPE\\Seja-UPE\\src\\core\\components\\CardBaloonBottom\\index.tsx": {"path":"D:\\Engenharia de Software - UPE\\5º PERÍODO\\Projeto I\\Seja UPE\\Seja-UPE\\src\\core\\components\\CardBaloonBottom\\index.tsx","statementMap":{"0":{"start":{"line":10,"column":74},"end":{"line":21,"column":1}},"1":{"start":{"line":11,"column":18},"end":{"line":11,"column":28}},"2":{"start":{"line":13,"column":2},"end":{"line":20,"column":4}}},"fnMap":{"0":{"name":"(anonymous_0)","decl":{"start":{"line":10,"column":74},"end":{"line":10,"column":75}},"loc":{"start":{"line":10,"column":92},"end":{"line":21,"column":1}},"line":10}},"branchMap":{"0":{"loc":{"start":{"line":16,"column":26},"end":{"line":16,"column":103}},"type":"cond-expr","locations":[{"start":{"line":16,"column":56},"end":{"line":16,"column":76}},{"start":{"line":16,"column":79},"end":{"line":16,"column":103}}],"line":16}},"s":{"0":42,"1":1,"2":1},"f":{"0":1},"b":{"0":[1,0]},"_coverageSchema":"1a1c01bbd47fc00a2c39e90264f33305004495a9","hash":"2e60b44a600897c5b3fa4d6ac0acadc60f368b0b"}
,"D:\\Engenharia de Software - UPE\\5º PERÍODO\\Projeto I\\Seja UPE\\Seja-UPE\\src\\core\\components\\CardBaloonBottom\\styles.tsx": {"path":"D:\\Engenharia de Software - UPE\\5º PERÍODO\\Projeto I\\Seja UPE\\Seja-UPE\\src\\core\\components\\CardBaloonBottom\\styles.tsx","statementMap":{"0":{"start":{"line":4,"column":25},"end":{"line":11,"column":1}},"1":{"start":{"line":4,"column":64},"end":{"line":4,"column":69}},"2":{"start":{"line":8,"column":31},"end":{"line":8,"column":42}},"3":{"start":{"line":13,"column":24},"end":{"line":20,"column":1}},"4":{"start":{"line":22,"column":19},"end":{"line":24,"column":1}}},"fnMap":{"0":{"name":"(anonymous_0)","decl":{"start":{"line":4,"column":55},"end":{"line":4,"column":56}},"loc":{"start":{"line":4,"column":64},"end":{"line":4,"column":69}},"line":4},"1":{"name":"(anonymous_1)","decl":{"start":{"line":8,"column":22},"end":{"line":8,"column":23}},"loc":{"start":{"line":8,"column":31},"end":{"line":8,"column":42}},"line":8}},"branchMap":{},"s":{"0":42,"1":1,"2":1,"3":42,"4":42},"f":{"0":1,"1":1},"b":{},"_coverageSchema":"1a1c01bbd47fc00a2c39e90264f33305004495a9","hash":"ab39b7491fb1ee661e71e8f53ece96baac205aca"}
,"D:\\Engenharia de Software - UPE\\5º PERÍODO\\Projeto I\\Seja UPE\\Seja-UPE\\src\\core\\components\\CardConcurrency\\index.tsx": {"path":"D:\\Engenharia de Software - UPE\\5º PERÍODO\\Projeto I\\Seja UPE\\Seja-UPE\\src\\core\\components\\CardConcurrency\\index.tsx","statementMap":{"0":{"start":{"line":12,"column":72},"end":{"line":35,"column":1}},"1":{"start":{"line":13,"column":18},"end":{"line":13,"column":28}},"2":{"start":{"line":15,"column":2},"end":{"line":34,"column":4}}},"fnMap":{"0":{"name":"(anonymous_0)","decl":{"start":{"line":12,"column":72},"end":{"line":12,"column":73}},"loc":{"start":{"line":12,"column":103},"end":{"line":35,"column":1}},"line":12}},"branchMap":{},"s":{"0":42,"1":1,"2":1},"f":{"0":1},"b":{},"_coverageSchema":"1a1c01bbd47fc00a2c39e90264f33305004495a9","hash":"8eb10b6ae44206fa6363e930cf02d8090b8e48ef"}
,"D:\\Engenharia de Software - UPE\\5º PERÍODO\\Projeto I\\Seja UPE\\Seja-UPE\\src\\core\\components\\CardConcurrency\\styles.tsx": {"path":"D:\\Engenharia de Software - UPE\\5º PERÍODO\\Projeto I\\Seja UPE\\Seja-UPE\\src\\core\\components\\CardConcurrency\\styles.tsx","statementMap":{"0":{"start":{"line":4,"column":25},"end":{"line":13,"column":1}},"1":{"start":{"line":4,"column":64},"end":{"line":4,"column":69}},"2":{"start":{"line":11,"column":31},"end":{"line":11,"column":42}},"3":{"start":{"line":15,"column":20},"end":{"line":18,"column":1}},"4":{"start":{"line":15,"column":59},"end":{"line":15,"column":64}},"5":{"start":{"line":17,"column":20},"end":{"line":17,"column":30}},"6":{"start":{"line":20,"column":21},"end":{"line":25,"column":1}}},"fnMap":{"0":{"name":"(anonymous_0)","decl":{"start":{"line":4,"column":55},"end":{"line":4,"column":56}},"loc":{"start":{"line":4,"column":64},"end":{"line":4,"column":69}},"line":4},"1":{"name":"(anonymous_1)","decl":{"start":{"line":11,"column":22},"end":{"line":11,"column":23}},"loc":{"start":{"line":11,"column":31},"end":{"line":11,"column":42}},"line":11},"2":{"name":"(anonymous_2)","decl":{"start":{"line":15,"column":50},"end":{"line":15,"column":51}},"loc":{"start":{"line":15,"column":59},"end":{"line":15,"column":64}},"line":15},"3":{"name":"(anonymous_3)","decl":{"start":{"line":17,"column":11},"end":{"line":17,"column":12}},"loc":{"start":{"line":17,"column":20},"end":{"line":17,"column":30}},"line":17}},"branchMap":{},"s":{"0":42,"1":1,"2":1,"3":42,"4":2,"5":2,"6":42},"f":{"0":1,"1":1,"2":2,"3":2},"b":{},"_coverageSchema":"1a1c01bbd47fc00a2c39e90264f33305004495a9","hash":"26ab38199458dbdcdcf4de60b7f7ae92d4cdb80d"}
,"D:\\Engenharia de Software - UPE\\5º PERÍODO\\Projeto I\\Seja UPE\\Seja-UPE\\src\\core\\components\\CardCourse\\index.tsx": {"path":"D:\\Engenharia de Software - UPE\\5º PERÍODO\\Projeto I\\Seja UPE\\Seja-UPE\\src\\core\\components\\CardCourse\\index.tsx","statementMap":{"0":{"start":{"line":12,"column":62},"end":{"line":25,"column":1}},"1":{"start":{"line":13,"column":18},"end":{"line":13,"column":28}},"2":{"start":{"line":15,"column":2},"end":{"line":24,"column":4}}},"fnMap":{"0":{"name":"(anonymous_0)","decl":{"start":{"line":12,"column":62},"end":{"line":12,"column":63}},"loc":{"start":{"line":12,"column":84},"end":{"line":25,"column":1}},"line":12}},"branchMap":{"0":{"loc":{"start":{"line":18,"column":45},"end":{"line":18,"column":76}},"type":"binary-expr","locations":[{"start":{"line":18,"column":45},"end":{"line":18,"column":51}},{"start":{"line":18,"column":55},"end":{"line":18,"column":76}}],"line":18}},"s":{"0":42,"1":1,"2":1},"f":{"0":1},"b":{"0":[1,0]},"_coverageSchema":"1a1c01bbd47fc00a2c39e90264f33305004495a9","hash":"fbbfe2d4a8d1efb554375091f92fa7b30b4180d7"}
[...]
,"D:\\Engenharia de Software - UPE\\5º PERÍODO\\Projeto I\\Seja UPE\\Seja-UPE\\src\\core\\hooks\\index.tsx": {"path":"D:\\Engenharia de Software - UPE\\5º PERÍODO\\Projeto I\\Seja UPE\\Seja-UPE\\src\\core\\hooks\\index.tsx","statementMap":{},"fnMap":{},"branchMap":{},"s":{},"f":{},"b":{},"_coverageSchema":"1a1c01bbd47fc00a2c39e90264f33305004495a9","hash":"7cc98f67ce4e82d8e7595b7a714a87a504aadee4"}
,"D:\\Engenharia de Software - UPE\\5º PERÍODO\\Projeto I\\Seja UPE\\Seja-UPE\\src\\core\\providers\\Global.tsx": {"path":"D:\\Engenharia de Software - UPE\\5º PERÍODO\\Projeto I\\Seja UPE\\Seja-UPE\\src\\core\\providers\\Global.tsx","statementMap":{"0":{"start":{"line":20,"column":29},"end":{"line":23,"column":2}},"1":{"start":{"line":25,"column":62},"end":{"line":33,"column":1}},"2":{"start":{"line":26,"column":26},"end":{"line":26,"column":51}},"3":{"start":{"line":28,"column":2},"end":{"line":32,"column":4}}},"fnMap":{"0":{"name":"(anonymous_0)","decl":{"start":{"line":22,"column":11},"end":{"line":22,"column":12}},"loc":{"start":{"line":22,"column":31},"end":{"line":22,"column":33}},"line":22},"1":{"name":"(anonymous_1)","decl":{"start":{"line":25,"column":62},"end":{"line":25,"column":63}},"loc":{"start":{"line":25,"column":93},"end":{"line":33,"column":1}},"line":25}},"branchMap":{},"s":{"0":42,"1":42,"2":45,"3":45},"f":{"0":0,"1":45},"b":{},"_coverageSchema":"1a1c01bbd47fc00a2c39e90264f33305004495a9","hash":"5bab574c7c38df4ea1c72e9a5421e06a4b9227c7"}
,"D:\\Engenharia de Software - UPE\\5º PERÍODO\\Projeto I\\Seja UPE\\Seja-UPE\\src\\core\\providers\\Theme.tsx": {"path":"D:\\Engenharia de Software - UPE\\5º PERÍODO\\Projeto I\\Seja UPE\\Seja-UPE\\src\\core\\providers\\Theme.tsx","statementMap":{"0":{"start":{"line":40,"column":28},"end":{"line":40,"column":86}},"1":{"start":{"line":42,"column":60},"end":{"line":50,"column":1}},"2":{"start":{"line":43,"column":28},"end":{"line":43,"column":62}},"3":{"start":{"line":45,"column":2},"end":{"line":49,"column":4}}},"fnMap":{"0":{"name":"(anonymous_0)","decl":{"start":{"line":42,"column":60},"end":{"line":42,"column":61}},"loc":{"start":{"line":42,"column":90},"end":{"line":50,"column":1}},"line":42}},"branchMap":{},"s":{"0":42,"1":42,"2":44,"3":44},"f":{"0":44},"b":{},"_coverageSchema":"1a1c01bbd47fc00a2c39e90264f33305004495a9","hash":"3e5cbe3be43b00c89f6accbeb4ab644381088837"}
,"D:\\Engenharia de Software - UPE\\5º PERÍODO\\Projeto I\\Seja UPE\\Seja-UPE\\src\\core\\providers\\index.tsx": {"path":"D:\\Engenharia de Software - UPE\\5º PERÍODO\\Projeto I\\Seja UPE\\Seja-UPE\\src\\core\\providers\\index.tsx","statementMap":{},"fnMap":{},"branchMap":{},"s":{},"f":{},"b":{},"_coverageSchema":"1a1c01bbd47fc00a2c39e90264f33305004495a9","hash":"781e2a8e1386aba859036c3f8cbf5a5a310f2e0f"}
,"D:\\Engenharia de Software - UPE\\5º PERÍODO\\Projeto I\\Seja UPE\\Seja-UPE\\src\\core\\services\\Http.tsx": {"path":"D:\\Engenharia de Software - UPE\\5º PERÍODO\\Projeto I\\Seja UPE\\Seja-UPE\\src\\core\\services\\Http.tsx","statementMap":{"0":{"start":{"line":4,"column":22},"end":{"line":7,"column":2}},"1":{"start":{"line":17,"column":2},"end":{"line":21,"column":5}},"2":{"start":{"line":18,"column":4},"end":{"line":20,"column":56}},"3":{"start":{"line":19,"column":19},"end":{"line":19,"column":39}},"4":{"start":{"line":20,"column":22},"end":{"line":20,"column":54}},"5":{"start":{"line":25,"column":2},"end":{"line":29,"column":5}},"6":{"start":{"line":26,"column":4},"end":{"line":28,"column":56}},"7":{"start":{"line":27,"column":19},"end":{"line":27,"column":39}},"8":{"start":{"line":28,"column":22},"end":{"line":28,"column":54}},"9":{"start":{"line":33,"column":2},"end":{"line":37,"column":5}},"10":{"start":{"line":34,"column":4},"end":{"line":36,"column":56}},"11":{"start":{"line":35,"column":19},"end":{"line":35,"column":39}},"12":{"start":{"line":36,"column":22},"end":{"line":36,"column":54}},"13":{"start":{"line":41,"column":2},"end":{"line":45,"column":5}},"14":{"start":{"line":42,"column":4},"end":{"line":44,"column":56}},"15":{"start":{"line":43,"column":19},"end":{"line":43,"column":39}},"16":{"start":{"line":44,"column":22},"end":{"line":44,"column":54}}},"fnMap":{"0":{"name":"get","decl":{"start":{"line":16,"column":22},"end":{"line":16,"column":25}},"loc":{"start":{"line":16,"column":102},"end":{"line":22,"column":1}},"line":16},"1":{"name":"(anonymous_1)","decl":{"start":{"line":17,"column":21},"end":{"line":17,"column":22}},"loc":{"start":{"line":17,"column":37},"end":{"line":21,"column":3}},"line":17},"2":{"name":"(anonymous_2)","decl":{"start":{"line":19,"column":12},"end":{"line":19,"column":13}},"loc":{"start":{"line":19,"column":19},"end":{"line":19,"column":39}},"line":19},"3":{"name":"(anonymous_3)","decl":{"start":{"line":20,"column":13},"end":{"line":20,"column":14}},"loc":{"start":{"line":20,"column":22},"end":{"line":20,"column":54}},"line":20},"4":{"name":"post","decl":{"start":{"line":24,"column":22},"end":{"line":24,"column":26}},"loc":{"start":{"line":24,"column":109},"end":{"line":30,"column":1}},"line":24},"5":{"name":"(anonymous_5)","decl":{"start":{"line":25,"column":21},"end":{"line":25,"column":22}},"loc":{"start":{"line":25,"column":37},"end":{"line":29,"column":3}},"line":25},"6":{"name":"(anonymous_6)","decl":{"start":{"line":27,"column":12},"end":{"line":27,"column":13}},"loc":{"start":{"line":27,"column":19},"end":{"line":27,"column":39}},"line":27},"7":{"name":"(anonymous_7)","decl":{"start":{"line":28,"column":13},"end":{"line":28,"column":14}},"loc":{"start":{"line":28,"column":22},"end":{"line":28,"column":54}},"line":28},"8":{"name":"put","decl":{"start":{"line":32,"column":22},"end":{"line":32,"column":25}},"loc":{"start":{"line":32,"column":108},"end":{"line":38,"column":1}},"line":32},"9":{"name":"(anonymous_9)","decl":{"start":{"line":33,"column":21},"end":{"line":33,"column":22}},"loc":{"start":{"line":33,"column":37},"end":{"line":37,"column":3}},"line":33},"10":{"name":"(anonymous_10)","decl":{"start":{"line":35,"column":12},"end":{"line":35,"column":13}},"loc":{"start":{"line":35,"column":19},"end":{"line":35,"column":39}},"line":35},"11":{"name":"(anonymous_11)","decl":{"start":{"line":36,"column":13},"end":{"line":36,"column":14}},"loc":{"start":{"line":36,"column":22},"end":{"line":36,"column":54}},"line":36},"12":{"name":"del","decl":{"start":{"line":40,"column":22},"end":{"line":40,"column":25}},"loc":{"start":{"line":40,"column":102},"end":{"line":46,"column":1}},"line":40},"13":{"name":"(anonymous_13)","decl":{"start":{"line":41,"column":21},"end":{"line":41,"column":22}},"loc":{"start":{"line":41,"column":37},"end":{"line":45,"column":3}},"line":41},"14":{"name":"(anonymous_14)","decl":{"start":{"line":43,"column":12},"end":{"line":43,"column":13}},"loc":{"start":{"line":43,"column":19},"end":{"line":43,"column":39}},"line":43},"15":{"name":"(anonymous_15)","decl":{"start":{"line":44,"column":13},"end":{"line":44,"column":14}},"loc":{"start":{"line":44,"column":22},"end":{"line":44,"column":54}},"line":44}},"branchMap":{},"s":{"0":42,"1":0,"2":0,"3":0,"4":0,"5":0,"6":0,"7":0,"8":0,"9":0,"10":0,"11":0,"12":0,"13":0,"14":0,"15":0,"16":0},"f":{"0":0,"1":0,"2":0,"3":0,"4":0,"5":0,"6":0,"7":0,"8":0,"9":0,"10":0,"11":0,"12":0,"13":0,"14":0,"15":0},"b":{},"_coverageSchema":"1a1c01bbd47fc00a2c39e90264f33305004495a9","hash":"6a7604152c0a3919901388e3825d203391a8c2f4"}
,"D:\\Engenharia de Software - UPE\\5º PERÍODO\\Projeto I\\Seja UPE\\Seja-UPE\\src\\core\\services\\Notification.tsx": {"path":"D:\\Engenharia de Software - UPE\\5º PERÍODO\\Projeto I\\Seja UPE\\Seja-UPE\\src\\core\\services\\Notification.tsx","statementMap":{"0":{"start":{"line":5,"column":28},"end":{"line":66,"column":1}},"1":{"start":{"line":8,"column":4},"end":{"line":14,"column":7}},"2":{"start":{"line":9,"column":39},"end":{"line":13,"column":7}},"3":{"start":{"line":18,"column":4},"end":{"line":21,"column":7}},"4":{"start":{"line":25,"column":31},"end":{"line":25,"column":35}},"5":{"start":{"line":27,"column":4},"end":{"line":53,"column":5}},"6":{"start":{"line":28,"column":25},"end":{"line":28,"column":66}},"7":{"start":{"line":29,"column":24},"end":{"line":29,"column":30}},"8":{"start":{"line":30,"column":6},"end":{"line":36,"column":7}},"9":{"start":{"line":31,"column":8},"end":{"line":35,"column":9}},"10":{"start":{"line":32,"column":10},"end":{"line":32,"column":79}},"11":{"start":{"line":34,"column":10},"end":{"line":34,"column":34}},"12":{"start":{"line":37,"column":6},"end":{"line":52,"column":7}},"13":{"start":{"line":38,"column":8},"end":{"line":51,"column":9}},"14":{"start":{"line":39,"column":32},"end":{"line":39,"column":75}},"15":{"start":{"line":40,"column":10},"end":{"line":48,"column":11}},"16":{"start":{"line":41,"column":12},"end":{"line":41,"column":71}},"17":{"start":{"line":44,"column":34},"end":{"line":44,"column":79}},"18":{"start":{"line":45,"column":12},"end":{"line":47,"column":13}},"19":{"start":{"line":46,"column":14},"end":{"line":46,"column":43}},"20":{"start":{"line":50,"column":10},"end":{"line":50,"column":34}},"21":{"start":{"line":55,"column":4},"end":{"line":62,"column":5}},"22":{"start":{"line":56,"column":6},"end":{"line":61,"column":9}},"23":{"start":{"line":64,"column":4},"end":{"line":64,"column":17}}},"fnMap":{"0":{"name":"(anonymous_0)","decl":{"start":{"line":7,"column":8},"end":{"line":7,"column":9}},"loc":{"start":{"line":7,"column":19},"end":{"line":15,"column":3}},"line":7},"1":{"name":"(anonymous_1)","decl":{"start":{"line":9,"column":26},"end":{"line":9,"column":27}},"loc":{"start":{"line":9,"column":39},"end":{"line":13,"column":7}},"line":9},"2":{"name":"(anonymous_2)","decl":{"start":{"line":17,"column":12},"end":{"line":17,"column":13}},"loc":{"start":{"line":17,"column":77},"end":{"line":22,"column":3}},"line":17},"3":{"name":"(anonymous_3)","decl":{"start":{"line":24,"column":10},"end":{"line":24,"column":11}},"loc":{"start":{"line":24,"column":27},"end":{"line":65,"column":3}},"line":24}},"branchMap":{"0":{"loc":{"start":{"line":17,"column":56},"end":{"line":17,"column":75}},"type":"default-arg","locations":[{"start":{"line":17,"column":74},"end":{"line":17,"column":75}}],"line":17},"1":{"loc":{"start":{"line":27,"column":4},"end":{"line":53,"column":5}},"type":"if","locations":[{"start":{"line":27,"column":4},"end":{"line":53,"column":5}},{"start":{},"end":{}}],"line":27},"2":{"loc":{"start":{"line":30,"column":6},"end":{"line":36,"column":7}},"type":"if","locations":[{"start":{"line":30,"column":6},"end":{"line":36,"column":7}},{"start":{},"end":{}}],"line":30},"3":{"loc":{"start":{"line":37,"column":6},"end":{"line":52,"column":7}},"type":"if","locations":[{"start":{"line":37,"column":6},"end":{"line":52,"column":7}},{"start":{},"end":{}}],"line":37},"4":{"loc":{"start":{"line":40,"column":10},"end":{"line":48,"column":11}},"type":"if","locations":[{"start":{"line":40,"column":10},"end":{"line":48,"column":11}},{"start":{"line":43,"column":15},"end":{"line":48,"column":11}}],"line":40},"5":{"loc":{"start":{"line":45,"column":12},"end":{"line":47,"column":13}},"type":"if","locations":[{"start":{"line":45,"column":12},"end":{"line":47,"column":13}},{"start":{},"end":{}}],"line":45},"6":{"loc":{"start":{"line":55,"column":4},"end":{"line":62,"column":5}},"type":"if","locations":[{"start":{"line":55,"column":4},"end":{"line":62,"column":5}},{"start":{},"end":{}}],"line":55}},"s":{"0":42,"1":0,"2":0,"3":0,"4":0,"5":0,"6":0,"7":0,"8":0,"9":0,"10":0,"11":0,"12":0,"13":0,"14":0,"15":0,"16":0,"17":0,"18":0,"19":0,"20":0,"21":0,"22":0,"23":0},"f":{"0":0,"1":0,"2":0,"3":0},"b":{"0":[0],"1":[0,0],"2":[0,0],"3":[0,0],"4":[0,0],"5":[0,0],"6":[0,0]},"_coverageSchema":"1a1c01bbd47fc00a2c39e90264f33305004495a9","hash":"a2d8d22df6929f307500c9b251901905c7aaa57b"}
,"D:\\Engenharia de Software - UPE\\5º PERÍODO\\Projeto I\\Seja UPE\\Seja-UPE\\src\\core\\services\\OAuth2.tsx": {"path":"D:\\Engenharia de Software - UPE\\5º PERÍODO\\Projeto I\\Seja UPE\\Seja-UPE\\src\\core\\services\\OAuth2.tsx","statementMap":{"0":{"start":{"line":16,"column":2},"end":{"line":26,"column":3}},"1":{"start":{"line":17,"column":26},"end":{"line":17,"column":69}},"2":{"start":{"line":18,"column":19},"end":{"line":22,"column":6}},"3":{"start":{"line":23,"column":4},"end":{"line":23,"column":77}},"4":{"start":{"line":25,"column":4},"end":{"line":25,"column":30}}},"fnMap":{"0":{"name":"OAuth2LoginAsync","decl":{"start":{"line":15,"column":22},"end":{"line":15,"column":38}},"loc":{"start":{"line":15,"column":64},"end":{"line":27,"column":1}},"line":15}},"branchMap":{"0":{"loc":{"start":{"line":19,"column":23},"end":{"line":19,"column":68}},"type":"cond-expr","locations":[{"start":{"line":19,"column":41},"end":{"line":19,"column":53}},{"start":{"line":19,"column":56},"end":{"line":19,"column":68}}],"line":19},"1":{"loc":{"start":{"line":20,"column":36},"end":{"line":20,"column":81}},"type":"cond-expr","locations":[{"start":{"line":20,"column":54},"end":{"line":20,"column":66}},{"start":{"line":20,"column":69},"end":{"line":20,"column":81}}],"line":20},"2":{"loc":{"start":{"line":23,"column":11},"end":{"line":23,"column":76}},"type":"cond-expr","locations":[{"start":{"line":23,"column":41},"end":{"line":23,"column":55}},{"start":{"line":23,"column":58},"end":{"line":23,"column":76}}],"line":23}},"s":{"0":0,"1":0,"2":0,"3":0,"4":0},"f":{"0":0},"b":{"0":[0,0],"1":[0,0],"2":[0,0]},"_coverageSchema":"1a1c01bbd47fc00a2c39e90264f33305004495a9","hash":"8d170d2f11d900fd434b6ff9eb3aaf19f4a94e0c"}
,"D:\\Engenharia de Software - UPE\\5º PERÍODO\\Projeto I\\Seja UPE\\Seja-UPE\\src\\core\\services\\Survey.tsx": {"path":"D:\\Engenharia de Software - UPE\\5º PERÍODO\\Projeto I\\Seja UPE\\Seja-UPE\\src\\core\\services\\Survey.tsx","statementMap":{"0":{"start":{"line":5,"column":2},"end":{"line":9,"column":5}},"1":{"start":{"line":6,"column":17},"end":{"line":6,"column":22}},"2":{"start":{"line":7,"column":17},"end":{"line":7,"column":27}},"3":{"start":{"line":8,"column":4},"end":{"line":8,"column":20}},"4":{"start":{"line":14,"column":16},"end":{"line":14,"column":33}},"5":{"start":{"line":15,"column":2},"end":{"line":17,"column":3}},"6":{"start":{"line":15,"column":15},"end":{"line":15,"column":16}},"7":{"start":{"line":16,"column":4},"end":{"line":16,"column":58}},"8":{"start":{"line":18,"column":2},"end":{"line":18,"column":17}}},"fnMap":{"0":{"name":"sumSurveyValues","decl":{"start":{"line":3,"column":16},"end":{"line":3,"column":31}},"loc":{"start":{"line":4,"column":0},"end":{"line":10,"column":1}},"line":4},"1":{"name":"(anonymous_1)","decl":{"start":{"line":5,"column":21},"end":{"line":5,"column":22}},"loc":{"start":{"line":5,"column":35},"end":{"line":9,"column":3}},"line":5},"2":{"name":"getSurveyResults","decl":{"start":{"line":12,"column":16},"end":{"line":12,"column":32}},"loc":{"start":{"line":13,"column":0},"end":{"line":19,"column":1}},"line":13}},"branchMap":{},"s":{"0":0,"1":0,"2":0,"3":0,"4":0,"5":0,"6":0,"7":0,"8":0},"f":{"0":0,"1":0,"2":0},"b":{},"_coverageSchema":"1a1c01bbd47fc00a2c39e90264f33305004495a9","hash":"8714616410800d526bf62c8ae7e65af5a02074c5"}
,"D:\\Engenharia de Software - UPE\\5º PERÍODO\\Projeto I\\Seja UPE\\Seja-UPE\\src\\core\\services\\index.tsx": {"path":"D:\\Engenharia de Software - UPE\\5º PERÍODO\\Projeto I\\Seja UPE\\Seja-UPE\\src\\core\\services\\index.tsx","statementMap":{},"fnMap":{},"branchMap":{},"s":{},"f":{},"b":{},"_coverageSchema":"1a1c01bbd47fc00a2c39e90264f33305004495a9","hash":"a31b2c9d9d0e54abd71e5681a825e16bc818302d"}
,"D:\\Engenharia de Software - UPE\\5º PERÍODO\\Projeto I\\Seja UPE\\Seja-UPE\\src\\core\\themes\\dark.palette.tsx": {"path":"D:\\Engenharia de Software - UPE\\5º PERÍODO\\Projeto I\\Seja UPE\\Seja-UPE\\src\\core\\themes\\dark.palette.tsx","statementMap":{"0":{"start":{"line":2,"column":27},"end":{"line":27,"column":1}}},"fnMap":{},"branchMap":{},"s":{"0":42},"f":{},"b":{},"_coverageSchema":"1a1c01bbd47fc00a2c39e90264f33305004495a9","hash":"e649ed57304d94bdd8a63b7e7851d7d479aa4726"}
,"D:\\Engenharia de Software - UPE\\5º PERÍODO\\Projeto I\\Seja UPE\\Seja-UPE\\src\\core\\themes\\index.tsx": {"path":"D:\\Engenharia de Software - UPE\\5º PERÍODO\\Projeto I\\Seja UPE\\Seja-UPE\\src\\core\\themes\\index.tsx","statementMap":{},"fnMap":{},"branchMap":{},"s":{},"f":{},"b":{},"_coverageSchema":"1a1c01bbd47fc00a2c39e90264f33305004495a9","hash":"1c9599cd0a212a69cb6656175cce26384f448fcd"}
,"D:\\Engenharia de Software - UPE\\5º PERÍODO\\Projeto I\\Seja UPE\\Seja-UPE\\src\\core\\themes\\light.palette.tsx": {"path":"D:\\Engenharia de Software - UPE\\5º PERÍODO\\Projeto I\\Seja UPE\\Seja-UPE\\src\\core\\themes\\light.palette.tsx","statementMap":{"0":{"start":{"line":2,"column":28},"end":{"line":27,"column":1}}},"fnMap":{},"branchMap":{},"s":{"0":42},"f":{},"b":{},"_coverageSchema":"1a1c01bbd47fc00a2c39e90264f33305004495a9","hash":"c7a267511c51bf36fe0bad0e8b49bda5edd82d94"}
,"D:\\Engenharia de Software - UPE\\5º PERÍODO\\Projeto I\\Seja UPE\\Seja-UPE\\src\\pages\\Survey\\styles.tsx": {"path":"D:\\Engenharia de Software - UPE\\5º PERÍODO\\Projeto I\\Seja UPE\\Seja-UPE\\src\\pages\\Survey\\styles.tsx","statementMap":{"0":{"start":{"line":4,"column":30},"end":{"line":9,"column":1}},"1":{"start":{"line":11,"column":31},"end":{"line":19,"column":1}},"2":{"start":{"line":11,"column":70},"end":{"line":11,"column":75}},"3":{"start":{"line":17,"column":31},"end":{"line":17,"column":42}},"4":{"start":{"line":21,"column":30},"end":{"line":23,"column":1}},"5":{"start":{"line":25,"column":31},"end":{"line":28,"column":1}},"6":{"start":{"line":30,"column":28},"end":{"line":32,"column":1}}},"fnMap":{"0":{"name":"(anonymous_0)","decl":{"start":{"line":11,"column":61},"end":{"line":11,"column":62}},"loc":{"start":{"line":11,"column":70},"end":{"line":11,"column":75}},"line":11},"1":{"name":"(anonymous_1)","decl":{"start":{"line":17,"column":22},"end":{"line":17,"column":23}},"loc":{"start":{"line":17,"column":31},"end":{"line":17,"column":42}},"line":17}},"branchMap":{},"s":{"0":1,"1":1,"2":0,"3":0,"4":1,"5":1,"6":1},"f":{"0":0,"1":0},"b":{},"_coverageSchema":"1a1c01bbd47fc00a2c39e90264f33305004495a9","hash":"e54c9683e504da11dc52202b583ad42b8cdfa29d"}
,"D:\\Engenharia de Software - UPE\\5º PERÍODO\\Projeto I\\Seja UPE\\Seja-UPE\\tests\\core\\index.tsx": {"path":"D:\\Engenharia de Software - UPE\\5º PERÍODO\\Projeto I\\Seja UPE\\Seja-UPE\\tests\\core\\index.tsx","statementMap":{"0":{"start":{"line":13,"column":65},"end":{"line":24,"column":1}},"1":{"start":{"line":14,"column":2},"end":{"line":23,"column":3}},"2":{"start":{"line":26,"column":21},"end":{"line":26,"column":162}},"3":{"start":{"line":26,"column":110},"end":{"line":26,"column":162}},"4":{"start":{"line":27,"column":21},"end":{"line":31,"column":2}},"5":{"start":{"line":27,"column":85},"end":{"line":31,"column":2}}},"fnMap":{"0":{"name":"(anonymous_0)","decl":{"start":{"line":13,"column":65},"end":{"line":13,"column":66}},"loc":{"start":{"line":13,"column":83},"end":{"line":24,"column":1}},"line":13},"1":{"name":"(anonymous_1)","decl":{"start":{"line":26,"column":21},"end":{"line":26,"column":22}},"loc":{"start":{"line":26,"column":110},"end":{"line":26,"column":162}},"line":26},"2":{"name":"(anonymous_2)","decl":{"start":{"line":27,"column":21},"end":{"line":27,"column":22}},"loc":{"start":{"line":27,"column":85},"end":{"line":31,"column":2}},"line":27}},"branchMap":{},"s":{"0":42,"1":44,"2":42,"3":43,"4":42,"5":1},"f":{"0":44,"1":43,"2":1},"b":{},"_coverageSchema":"1a1c01bbd47fc00a2c39e90264f33305004495a9","hash":"41b042119edad074c1377ae217264f8940caf3e2"}
}
