TN:
SF:src\assets\index.tsx
FNF:0
FNH:0
DA:1,42
DA:2,42
DA:3,42
DA:4,42
DA:5,42
DA:6,42
DA:7,42
DA:8,42
DA:9,42
DA:10,42
DA:11,42
DA:12,42
DA:13,42
DA:14,42
DA:15,42
DA:16,42
DA:17,42
DA:18,42
DA:19,42
DA:20,42
DA:21,42
DA:22,42
DA:23,42
DA:24,42
DA:25,42
DA:26,42
DA:27,42
DA:28,42
DA:29,42
DA:30,42
DA:31,42
DA:32,42
LF:32
LH:32
BRF:0
BRH:0
end_of_record
TN:
SF:src\assets\res_cap_icon.png
FNF:0
FNH:0
DA:1,42
LF:1
LH:1
BRF:0
BRH:0
end_of_record
TN:
SF:src\assets\res_card_course_logo.png
FNF:0
FNH:0
DA:1,42
LF:1
LH:1
BRF:0
BRH:0
end_of_record
TN:
SF:src\assets\res_google_logo.png
FNF:0
FNH:0
DA:1,42
LF:1
LH:1
BRF:0
BRH:0
end_of_record
TN:
SF:src\assets\res_header_logo.png
FNF:0
FNH:0
DA:1,42
LF:1
LH:1
BRF:0
BRH:0
end_of_record
TN:
SF:src\assets\res_lattes_white_logo.png
FNF:0
FNH:0
DA:1,42
LF:1
LH:1
BRF:0
BRH:0
end_of_record
TN:
SF:src\assets\res_marker_icon.png
FNF:0
FNH:0
DA:1,42
LF:1
LH:1
BRF:0
BRH:0
end_of_record
TN:
SF:src\assets\res_professor_photo_icon.png
FNF:0
FNH:0
DA:1,42
LF:1
LH:1
BRF:0
BRH:0
end_of_record
TN:
SF:src\assets\res_robot_asking_icon.png
FNF:0
FNH:0
DA:1,42
LF:1
LH:1
BRF:0
BRH:0
end_of_record
TN:
SF:src\assets\res_robot_kind_icon.png
FNF:0
FNH:0
DA:1,42
LF:1
LH:1
BRF:0
BRH:0
end_of_record
TN:
SF:src\assets\res_robot_questions_icon.png
FNF:0
FNH:0
DA:1,42
LF:1
LH:1
BRF:0
BRH:0
end_of_record
TN:
SF:src\assets\res_robot_smile_down_icon.png
FNF:0
FNH:0
DA:1,42
LF:1
LH:1
BRF:0
BRH:0
end_of_record
TN:
SF:src\assets\res_robot_smile_icon.png
FNF:0
FNH:0
DA:1,42
LF:1
LH:1
BRF:0
BRH:0
end_of_record
TN:
SF:src\assets\res_sisu_white_logo.png
FNF:0
FNH:0
DA:1,42
LF:1
LH:1
BRF:0
BRH:0
end_of_record
TN:
SF:src\assets\res_social_facebook_icon.png
FNF:0
FNH:0
DA:1,42
LF:1
LH:1
BRF:0
BRH:0
end_of_record
TN:
SF:src\assets\res_social_instagram_icon.png
FNF:0
FNH:0
DA:1,42
LF:1
LH:1
BRF:0
BRH:0
end_of_record
TN:
SF:src\assets\res_social_twitter_icon.png
FNF:0
FNH:0
DA:1,42
LF:1
LH:1
BRF:0
BRH:0
end_of_record
TN:
SF:src\assets\res_social_youtube_icon.png
FNF:0
FNH:0
DA:1,42
LF:1
LH:1
BRF:0
BRH:0
end_of_record
TN:
SF:src\assets\res_triangle_left_dark_icon.png
FNF:0
FNH:0
DA:1,42
LF:1
LH:1
BRF:0
BRH:0
end_of_record
TN:
SF:src\assets\res_triangle_left_icon.png
FNF:0
FNH:0
DA:1,42
LF:1
LH:1
BRF:0
BRH:0
end_of_record
TN:
SF:src\assets\res_triangle_right_dark_icon.png
FNF:0
FNH:0
DA:1,42
LF:1
LH:1
BRF:0
BRH:0
end_of_record
TN:
SF:src\assets\res_triangle_right_icon.png
FNF:0
FNH:0
DA:1,42
LF:1
LH:1
BRF:0
BRH:0
end_of_record
TN:
SF:src\assets\res_triangle_top_dark_icon.png
FNF:0
FNH:0
DA:1,42
LF:1
LH:1
BRF:0
BRH:0
end_of_record
TN:
SF:src\assets\res_triangle_top_icon.png
FNF:0
FNH:0
DA:1,42
LF:1
LH:1
BRF:0
BRH:0
end_of_record
TN:
SF:src\assets\res_upe_white_logo.png
FNF:0
FNH:0
DA:1,42
LF:1
LH:1
BRF:0
BRH:0
end_of_record
TN:
SF:src\assets\res_widget_campus_icon.png
FNF:0
FNH:0
DA:1,42
LF:1
LH:1
BRF:0
BRH:0
end_of_record
TN:
SF:src\assets\res_widget_classification_icon.png
FNF:0
FNH:0
DA:1,42
LF:1
LH:1
BRF:0
BRH:0
end_of_record
TN:
SF:src\assets\res_widget_contact_icon.png
FNF:0
FNH:0
DA:1,42
LF:1
LH:1
BRF:0
BRH:0
end_of_record
TN:
SF:src\assets\res_widget_courses_icon.png
FNF:0
FNH:0
DA:1,42
LF:1
LH:1
BRF:0
BRH:0
end_of_record
TN:
SF:src\assets\res_widget_events_icon.png
FNF:0
FNH:0
DA:1,42
LF:1
LH:1
BRF:0
BRH:0
end_of_record
TN:
SF:src\assets\res_widget_planning_icon.png
FNF:0
FNH:0
DA:1,42
LF:1
LH:1
BRF:0
BRH:0
end_of_record
TN:
SF:src\assets\res_widget_professors_icon.png
FNF:0
FNH:0
DA:1,42
LF:1
LH:1
BRF:0
BRH:0
end_of_record
TN:
SF:src\assets\res_widget_sample_icon.png
FNF:0
FNH:0
DA:1,42
LF:1
LH:1
BRF:0
BRH:0
end_of_record
TN:
SF:src\core\components\index.tsx
FNF:0
FNH:0
LF:0
LH:0
BRF:0
BRH:0
end_of_record
TN:
SF:src\core\components\Accordion\index.tsx
FN:17,(anonymous_0)
FN:24,toggle
FN:32,(anonymous_2)
FNF:3
FNH:3
FNDA:2,(anonymous_0)
FNDA:1,toggle
FNDA:1,(anonymous_2)
DA:17,42
DA:18,2
DA:20,2
DA:21,2
DA:22,2
DA:25,1
DA:26,0
DA:27,1
DA:28,1
DA:29,1
DA:32,2
DA:33,1
DA:34,1
DA:37,2
LF:14
LH:13
BRDA:17,0,0,0
BRDA:17,1,0,0
BRDA:25,2,0,0
BRDA:25,2,1,1
BRDA:27,3,0,1
BRDA:27,3,1,0
BRDA:28,4,0,1
BRDA:28,4,1,0
BRDA:33,5,0,1
BRDA:33,5,1,0
BRDA:47,6,0,1
BRDA:47,6,1,1
BRF:12
BRH:6
end_of_record
TN:
SF:src\core\components\Accordion\styles.tsx
FN:17,(anonymous_0)
FN:20,(anonymous_1)
FN:22,(anonymous_2)
FN:25,(anonymous_3)
FN:36,(anonymous_4)
FN:37,(anonymous_5)
FN:38,(anonymous_6)
FN:41,(anonymous_7)
FN:43,(anonymous_8)
FN:44,(anonymous_9)
FN:47,(anonymous_10)
FN:51,(anonymous_11)
FN:54,(anonymous_12)
FN:60,(anonymous_13)
FNF:14
FNH:14
FNDA:2,(anonymous_0)
FNDA:2,(anonymous_1)
FNDA:2,(anonymous_2)
FNDA:2,(anonymous_3)
FNDA:2,(anonymous_4)
FNDA:2,(anonymous_5)
FNDA:2,(anonymous_6)
FNDA:2,(anonymous_7)
FNDA:2,(anonymous_8)
FNDA:2,(anonymous_9)
FNDA:1,(anonymous_10)
FNDA:1,(anonymous_11)
FNDA:1,(anonymous_12)
FNDA:1,(anonymous_13)
DA:17,42
DA:20,2
DA:22,2
DA:25,42
DA:36,2
DA:37,2
DA:38,2
DA:41,42
DA:43,2
DA:44,2
DA:47,42
DA:51,1
DA:54,42
DA:60,1
LF:14
LH:14
BRDA:44,0,0,2
BRDA:44,0,1,0
BRF:2
BRH:1
end_of_record
TN:
SF:src\core\components\Avatar\index.tsx
FN:13,(anonymous_0)
FNF:1
FNH:1
FNDA:1,(anonymous_0)
DA:13,42
DA:14,1
DA:16,1
LF:3
LH:3
BRDA:13,0,0,1
BRF:1
BRH:1
end_of_record
TN:
SF:src\core\components\Avatar\styles.tsx
FN:9,(anonymous_0)
FN:10,(anonymous_1)
FN:11,(anonymous_2)
FN:12,(anonymous_3)
FN:13,(anonymous_4)
FN:20,(anonymous_5)
FN:21,(anonymous_6)
FN:22,(anonymous_7)
FN:23,(anonymous_8)
FNF:9
FNH:9
FNDA:1,(anonymous_0)
FNDA:1,(anonymous_1)
FNDA:1,(anonymous_2)
FNDA:1,(anonymous_3)
FNDA:1,(anonymous_4)
FNDA:1,(anonymous_5)
FNDA:1,(anonymous_6)
FNDA:1,(anonymous_7)
FNDA:1,(anonymous_8)
DA:9,42
DA:10,1
DA:11,1
DA:12,1
DA:13,1
DA:20,42
DA:21,1
DA:22,1
DA:23,1
LF:9
LH:9
BRF:0
BRH:0
end_of_record
TN:
SF:src\core\components\Badge\index.tsx
FN:21,(anonymous_0)
FN:33,(anonymous_1)
FNF:2
FNH:1
FNDA:6,(anonymous_0)
FNDA:0,(anonymous_1)
DA:21,42
DA:22,6
DA:24,6
DA:25,6
DA:26,6
DA:28,6
DA:29,0
DA:31,6
LF:8
LH:7
BRDA:24,0,0,5
BRDA:28,1,0,0
BRDA:28,1,1,6
BRDA:33,2,0,6
BRDA:33,2,1,5
BRDA:34,3,0,0
BRDA:34,3,1,6
BRDA:35,4,0,6
BRDA:35,4,1,5
BRDA:36,5,0,6
BRDA:36,5,1,5
BRDA:37,6,0,6
BRDA:37,6,1,1
BRDA:42,7,0,6
BRDA:42,7,1,5
BRDA:43,8,0,6
BRDA:43,8,1,1
BRDA:44,9,0,6
BRDA:44,9,1,5
BRF:19
BRH:17
end_of_record
TN:
SF:src\core\components\Badge\styles.tsx
FN:17,(anonymous_0)
FN:18,(anonymous_1)
FN:19,(anonymous_2)
FN:24,(anonymous_3)
FN:27,(anonymous_4)
FN:28,(anonymous_5)
FN:31,(anonymous_6)
FN:32,(anonymous_7)
FN:33,(anonymous_8)
FN:35,(anonymous_9)
FNF:10
FNH:10
FNDA:6,(anonymous_0)
FNDA:6,(anonymous_1)
FNDA:6,(anonymous_2)
FNDA:6,(anonymous_3)
FNDA:6,(anonymous_4)
FNDA:6,(anonymous_5)
FNDA:6,(anonymous_6)
FNDA:6,(anonymous_7)
FNDA:6,(anonymous_8)
FNDA:6,(anonymous_9)
DA:17,42
DA:18,6
DA:19,6
DA:24,6
DA:27,6
DA:28,6
DA:31,42
DA:32,6
DA:33,6
DA:35,6
LF:10
LH:10
BRDA:28,0,0,0
BRDA:28,0,1,6
BRDA:35,1,0,1
BRDA:35,1,1,5
BRF:4
BRH:3
end_of_record
TN:
SF:src\core\components\Button\index.tsx
FN:15,(anonymous_0)
FNF:1
FNH:1
FNDA:2,(anonymous_0)
DA:15,42
DA:16,2
DA:18,2
LF:3
LH:3
BRDA:20,0,0,2
BRDA:20,0,1,0
BRF:2
BRH:1
end_of_record
TN:
SF:src\core\components\Button\styles.tsx
FN:13,(anonymous_0)
FN:21,(anonymous_1)
FN:24,(anonymous_2)
FN:27,(anonymous_3)
FNF:4
FNH:4
FNDA:2,(anonymous_0)
FNDA:2,(anonymous_1)
FNDA:2,(anonymous_2)
FNDA:2,(anonymous_3)
DA:13,42
DA:21,2
DA:24,42
DA:27,2
LF:4
LH:4
BRF:0
BRH:0
end_of_record
TN:
SF:src\core\components\ButtonCourse\index.tsx
FN:13,(anonymous_0)
FN:17,(anonymous_1)
FNF:2
FNH:1
FNDA:1,(anonymous_0)
FNDA:0,(anonymous_1)
DA:13,42
DA:14,1
DA:16,1
LF:3
LH:3
BRDA:17,0,0,1
BRDA:17,0,1,1
BRF:2
BRH:2
end_of_record
TN:
SF:src\core\components\ButtonCourse\styles.tsx
FN:6,(anonymous_0)
FN:15,(anonymous_1)
FN:27,(anonymous_2)
FN:33,(anonymous_3)
FNF:4
FNH:4
FNDA:1,(anonymous_0)
FNDA:1,(anonymous_1)
FNDA:1,(anonymous_2)
FNDA:1,(anonymous_3)
DA:6,42
DA:15,1
DA:18,42
DA:27,42
DA:33,1
DA:37,42
LF:6
LH:6
BRF:0
BRH:0
end_of_record
TN:
SF:src\core\components\ButtonEvent\index.tsx
FN:13,(anonymous_0)
FN:17,(anonymous_1)
FNF:2
FNH:1
FNDA:1,(anonymous_0)
FNDA:0,(anonymous_1)
DA:13,42
DA:14,1
DA:16,1
LF:3
LH:3
BRDA:17,0,0,1
BRDA:17,0,1,1
BRF:2
BRH:2
end_of_record
TN:
SF:src\core\components\ButtonEvent\styles.tsx
FN:6,(anonymous_0)
FN:15,(anonymous_1)
FN:18,(anonymous_2)
FN:23,(anonymous_3)
FNF:4
FNH:4
FNDA:1,(anonymous_0)
FNDA:1,(anonymous_1)
FNDA:1,(anonymous_2)
FNDA:1,(anonymous_3)
DA:6,42
DA:15,1
DA:18,42
DA:23,1
DA:27,42
LF:5
LH:5
BRF:0
BRH:0
end_of_record
TN:
SF:src\core\components\ButtonGoogle\index.tsx
FN:12,(anonymous_0)
FNF:1
FNH:1
FNDA:1,(anonymous_0)
DA:12,42
DA:13,1
DA:15,1
LF:3
LH:3
BRF:0
BRH:0
end_of_record
TN:
SF:src\core\components\ButtonGoogle\styles.tsx
FN:5,(anonymous_0)
FN:15,(anonymous_1)
FN:19,(anonymous_2)
FN:22,(anonymous_3)
FNF:4
FNH:4
FNDA:1,(anonymous_0)
FNDA:1,(anonymous_1)
FNDA:1,(anonymous_2)
FNDA:1,(anonymous_3)
DA:5,42
DA:15,1
DA:19,42
DA:22,1
DA:25,42
LF:5
LH:5
BRF:0
BRH:0
end_of_record
TN:
SF:src\core\components\ButtonLattes\index.tsx
FN:11,(anonymous_0)
FN:15,(anonymous_1)
FNF:2
FNH:1
FNDA:1,(anonymous_0)
FNDA:0,(anonymous_1)
DA:11,42
DA:12,1
DA:14,1
LF:3
LH:3
BRDA:15,0,0,1
BRDA:15,0,1,0
BRF:2
BRH:1
end_of_record
TN:
SF:src\core\components\ButtonLattes\styles.tsx
FN:5,(anonymous_0)
FN:7,(anonymous_1)
FNF:2
FNH:2
FNDA:1,(anonymous_0)
FNDA:1,(anonymous_1)
DA:5,42
DA:7,1
DA:17,42
LF:3
LH:3
BRF:0
BRH:0
end_of_record
TN:
SF:src\core\components\ButtonLink\index.tsx
FN:15,(anonymous_0)
FN:19,(anonymous_1)
FNF:2
FNH:1
FNDA:1,(anonymous_0)
FNDA:0,(anonymous_1)
DA:15,42
DA:16,1
DA:18,1
LF:3
LH:3
BRDA:19,0,0,1
BRDA:19,0,1,1
BRDA:20,1,0,1
BRDA:20,1,1,1
BRDA:21,2,0,1
BRDA:21,2,1,1
BRF:6
BRH:6
end_of_record
TN:
SF:src\core\components\ButtonLink\styles.tsx
FN:9,(anonymous_0)
FN:13,(anonymous_1)
FN:22,(anonymous_2)
FN:27,(anonymous_3)
FNF:4
FNH:4
FNDA:1,(anonymous_0)
FNDA:1,(anonymous_1)
FNDA:1,(anonymous_2)
FNDA:1,(anonymous_3)
DA:9,42
DA:13,1
DA:22,42
DA:27,1
LF:4
LH:4
BRF:0
BRH:0
end_of_record
TN:
SF:src\core\components\ButtonSocial\index.tsx
FN:20,(anonymous_0)
FN:31,(anonymous_1)
FNF:2
FNH:1
FNDA:1,(anonymous_0)
FNDA:0,(anonymous_1)
DA:20,42
DA:21,1
DA:23,1
DA:30,1
LF:4
LH:4
BRDA:31,0,0,1
BRDA:31,0,1,1
BRDA:32,1,0,1
BRDA:32,1,1,0
BRF:4
BRH:3
end_of_record
TN:
SF:src\core\components\ButtonSocial\styles.tsx
FN:15,(anonymous_0)
FN:18,(anonymous_1)
FNF:2
FNH:2
FNDA:1,(anonymous_0)
FNDA:1,(anonymous_1)
DA:4,42
DA:10,42
DA:15,42
DA:18,1
LF:4
LH:4
BRF:0
BRH:0
end_of_record
TN:
SF:src\core\components\ButtonStep\index.tsx
FN:12,(anonymous_0)
FN:12,(anonymous_1)
FNF:2
FNH:1
FNDA:1,(anonymous_0)
FNDA:0,(anonymous_1)
DA:12,42
DA:13,1
DA:15,1
LF:3
LH:3
BRDA:12,0,0,1
BRF:1
BRH:1
end_of_record
TN:
SF:src\core\components\ButtonStep\styles.tsx
FN:12,(anonymous_0)
FN:15,(anonymous_1)
FNF:2
FNH:2
FNDA:1,(anonymous_0)
FNDA:1,(anonymous_1)
DA:4,42
DA:12,42
DA:15,1
LF:3
LH:3
BRF:0
BRH:0
end_of_record
TN:
SF:src\core\components\ButtonSuggestion\index.tsx
FN:14,(anonymous_0)
FN:17,(anonymous_1)
FNF:2
FNH:1
FNDA:1,(anonymous_0)
FNDA:0,(anonymous_1)
DA:14,42
DA:15,1
DA:16,1
LF:3
LH:3
BRDA:17,0,0,1
BRDA:17,0,1,1
BRF:2
BRH:2
end_of_record
TN:
SF:src\core\components\ButtonSuggestion\styles.tsx
FN:5,(anonymous_0)
FN:14,(anonymous_1)
FN:26,(anonymous_2)
FN:32,(anonymous_3)
FN:35,(anonymous_4)
FN:36,(anonymous_5)
FN:43,(anonymous_6)
FN:46,(anonymous_7)
FNF:8
FNH:8
FNDA:1,(anonymous_0)
FNDA:1,(anonymous_1)
FNDA:1,(anonymous_2)
FNDA:1,(anonymous_3)
FNDA:1,(anonymous_4)
FNDA:1,(anonymous_5)
FNDA:1,(anonymous_6)
FNDA:1,(anonymous_7)
DA:5,42
DA:14,1
DA:17,42
DA:26,42
DA:32,1
DA:35,42
DA:36,1
DA:43,42
DA:46,1
LF:9
LH:9
BRF:0
BRH:0
end_of_record
TN:
SF:src\core\components\ButtonWidget\index.tsx
FN:14,(anonymous_0)
FN:18,(anonymous_1)
FN:19,(anonymous_2)
FNF:3
FNH:1
FNDA:1,(anonymous_0)
FNDA:0,(anonymous_1)
FNDA:0,(anonymous_2)
DA:14,42
DA:15,1
DA:17,1
LF:3
LH:3
BRDA:18,0,0,1
BRDA:18,0,1,1
BRDA:19,1,0,1
BRDA:19,1,1,1
BRDA:21,2,0,1
BRDA:21,2,1,1
BRF:6
BRH:6
end_of_record
TN:
SF:src\core\components\ButtonWidget\styles.tsx
FN:12,(anonymous_0)
FN:15,(anonymous_1)
FN:21,(anonymous_2)
FN:26,(anonymous_3)
FNF:4
FNH:4
FNDA:1,(anonymous_0)
FNDA:1,(anonymous_1)
FNDA:1,(anonymous_2)
FNDA:1,(anonymous_3)
DA:4,42
DA:12,42
DA:15,1
DA:21,42
DA:26,1
DA:29,42
LF:6
LH:6
BRF:0
BRH:0
end_of_record
TN:
SF:src\core\components\CardBaloon\index.tsx
FN:18,(anonymous_0)
FNF:1
FNH:1
FNDA:1,(anonymous_0)
DA:18,42
DA:19,1
DA:21,1
LF:3
LH:3
BRDA:22,0,0,1
BRDA:22,0,1,0
BRDA:22,1,0,0
BRDA:22,1,1,1
BRDA:25,2,0,1
BRDA:25,2,1,0
BRDA:28,3,0,1
BRDA:28,3,1,0
BRF:8
BRH:4
end_of_record
TN:
SF:src\core\components\CardBaloon\styles.tsx
FN:9,(anonymous_0)
FN:13,(anonymous_1)
FN:36,(anonymous_2)
FN:38,(anonymous_3)
FN:39,(anonymous_4)
FNF:5
FNH:5
FNDA:1,(anonymous_0)
FNDA:1,(anonymous_1)
FNDA:1,(anonymous_2)
FNDA:1,(anonymous_3)
FNDA:1,(anonymous_4)
DA:9,42
DA:13,1
DA:18,42
DA:27,42
DA:36,42
DA:38,1
DA:39,1
LF:7
LH:7
BRF:0
BRH:0
end_of_record
TN:
SF:src\core\components\CardBaloonBottom\index.tsx
FN:10,(anonymous_0)
FNF:1
FNH:1
FNDA:1,(anonymous_0)
DA:10,42
DA:11,1
DA:13,1
LF:3
LH:3
BRDA:16,0,0,1
BRDA:16,0,1,0
BRF:2
BRH:1
end_of_record
TN:
SF:src\core\components\CardBaloonBottom\styles.tsx
FN:4,(anonymous_0)
FN:8,(anonymous_1)
FNF:2
FNH:2
FNDA:1,(anonymous_0)
FNDA:1,(anonymous_1)
DA:4,42
DA:8,1
DA:13,42
DA:22,42
LF:4
LH:4
BRF:0
BRH:0
end_of_record
TN:
SF:src\core\components\CardConcurrency\index.tsx
FN:12,(anonymous_0)
FNF:1
FNH:1
FNDA:1,(anonymous_0)
DA:12,42
DA:13,1
DA:15,1
LF:3
LH:3
BRF:0
BRH:0
end_of_record
TN:
SF:src\core\components\CardConcurrency\styles.tsx
FN:4,(anonymous_0)
FN:11,(anonymous_1)
FN:15,(anonymous_2)
FN:17,(anonymous_3)
FNF:4
FNH:4
FNDA:1,(anonymous_0)
FNDA:1,(anonymous_1)
FNDA:2,(anonymous_2)
FNDA:2,(anonymous_3)
DA:4,42
DA:11,1
DA:15,42
DA:17,2
DA:20,42
LF:5
LH:5
BRF:0
BRH:0
end_of_record
TN:
SF:src\core\components\CardCourse\index.tsx
FN:12,(anonymous_0)
FNF:1
FNH:1
FNDA:1,(anonymous_0)
DA:12,42
DA:13,1
DA:15,1
LF:3
LH:3
BRDA:18,0,0,1
BRDA:18,0,1,0
BRF:2
BRH:1
end_of_record
TN:
SF:src\core\components\CardCourse\styles.tsx
FN:4,(anonymous_0)
FN:10,(anonymous_1)
FN:13,(anonymous_2)
FN:19,(anonymous_3)
FN:24,(anonymous_4)
FN:27,(anonymous_5)
FNF:6
FNH:6
FNDA:1,(anonymous_0)
FNDA:1,(anonymous_1)
FNDA:1,(anonymous_2)
FNDA:1,(anonymous_3)
FNDA:1,(anonymous_4)
FNDA:1,(anonymous_5)
DA:4,42
DA:10,1
DA:13,42
DA:19,1
DA:24,42
DA:27,1
DA:30,42
DA:38,42
LF:8
LH:8
BRF:0
BRH:0
end_of_record
TN:
SF:src\core\components\CardProfessor\index.tsx
FN:27,(anonymous_0)
FN:31,(anonymous_1)
FN:47,(anonymous_2)
FN:49,(anonymous_3)
FNF:4
FNH:3
FNDA:1,(anonymous_0)
FNDA:0,(anonymous_1)
FNDA:4,(anonymous_2)
FNDA:4,(anonymous_3)
DA:27,42
DA:28,1
DA:30,1
DA:47,4
DA:50,4
LF:5
LH:5
BRDA:31,0,0,1
BRDA:31,0,1,1
BRF:2
BRH:2
end_of_record
TN:
SF:src\core\components\CardProfessor\styles.tsx
FN:4,(anonymous_0)
FN:5,(anonymous_1)
FN:11,(anonymous_2)
FN:12,(anonymous_3)
FN:21,(anonymous_4)
FN:23,(anonymous_5)
FN:63,(anonymous_6)
FN:64,(anonymous_7)
FNF:8
FNH:8
FNDA:1,(anonymous_0)
FNDA:1,(anonymous_1)
FNDA:1,(anonymous_2)
FNDA:1,(anonymous_3)
FNDA:1,(anonymous_4)
FNDA:1,(anonymous_5)
FNDA:1,(anonymous_6)
FNDA:1,(anonymous_7)
DA:4,42
DA:5,1
DA:11,42
DA:12,1
DA:21,42
DA:23,1
DA:26,42
DA:34,42
DA:44,42
DA:50,42
DA:58,42
DA:63,42
DA:64,1
DA:69,42
DA:73,42
LF:15
LH:15
BRF:0
BRH:0
end_of_record
TN:
SF:src\core\components\CardSuggestion\index.tsx
FN:15,(anonymous_0)
FN:20,(anonymous_1)
FN:33,(anonymous_2)
FNF:3
FNH:1
FNDA:1,(anonymous_0)
FNDA:0,(anonymous_1)
FNDA:0,(anonymous_2)
DA:15,42
DA:16,1
DA:18,1
DA:19,1
LF:4
LH:4
BRDA:18,0,0,0
BRDA:18,0,1,1
BRDA:20,1,0,1
BRDA:20,1,1,1
BRDA:33,2,0,1
BRDA:33,2,1,1
BRF:6
BRH:5
end_of_record
TN:
SF:src\core\components\CardSuggestion\styles.tsx
FN:4,(anonymous_0)
FN:9,(anonymous_1)
FN:13,(anonymous_2)
FN:18,(anonymous_3)
FN:22,(anonymous_4)
FN:24,(anonymous_5)
FN:43,(anonymous_6)
FN:45,(anonymous_7)
FNF:8
FNH:8
FNDA:1,(anonymous_0)
FNDA:1,(anonymous_1)
FNDA:1,(anonymous_2)
FNDA:1,(anonymous_3)
FNDA:1,(anonymous_4)
FNDA:1,(anonymous_5)
FNDA:1,(anonymous_6)
FNDA:1,(anonymous_7)
DA:4,42
DA:9,1
DA:13,42
DA:18,1
DA:22,42
DA:24,1
DA:27,42
DA:38,42
DA:43,42
DA:45,1
DA:48,42
LF:11
LH:11
BRF:0
BRH:0
end_of_record
TN:
SF:src\core\components\CardVacancy\index.tsx
FN:10,(anonymous_0)
FNF:1
FNH:1
FNDA:1,(anonymous_0)
DA:10,42
DA:11,1
DA:13,1
LF:3
LH:3
BRF:0
BRH:0
end_of_record
TN:
SF:src\core\components\CardVacancy\styles.tsx
FN:4,(anonymous_0)
FN:11,(anonymous_1)
FN:15,(anonymous_2)
FN:18,(anonymous_3)
FNF:4
FNH:4
FNDA:1,(anonymous_0)
FNDA:1,(anonymous_1)
FNDA:1,(anonymous_2)
FNDA:1,(anonymous_3)
DA:4,42
DA:11,1
DA:15,42
DA:18,1
LF:4
LH:4
BRF:0
BRH:0
end_of_record
TN:
SF:src\core\components\Carousel\index.tsx
FN:10,(anonymous_0)
FNF:1
FNH:1
FNDA:1,(anonymous_0)
DA:10,42
DA:11,1
DA:13,1
LF:3
LH:3
BRF:0
BRH:0
end_of_record
TN:
SF:src\core\components\Chart\index.tsx
FN:13,(anonymous_0)
FN:23,(anonymous_1)
FN:33,(anonymous_2)
FN:34,(anonymous_3)
FN:45,onLayoutChange
FNF:5
FNH:5
FNDA:3,(anonymous_0)
FNDA:18,(anonymous_1)
FNDA:30,(anonymous_2)
FNDA:57,(anonymous_3)
FNDA:1,onLayoutChange
DA:13,42
DA:14,3
DA:15,3
DA:16,3
DA:18,3
DA:23,18
DA:30,3
DA:33,30
DA:34,57
DA:46,1
DA:47,1
DA:48,1
DA:52,3
LF:13
LH:13
BRDA:46,0,0,1
BRDA:46,0,1,0
BRF:2
BRH:1
end_of_record
TN:
SF:src\core\components\Chart\styles.tsx
FNF:0
FNH:0
DA:3,42
LF:1
LH:1
BRF:0
BRH:0
end_of_record
TN:
SF:src\core\components\DividerConcurrency\index.tsx
FN:11,(anonymous_0)
FN:15,(anonymous_1)
FNF:2
FNH:2
FNDA:1,(anonymous_0)
FNDA:1,(anonymous_1)
DA:11,42
DA:12,1
DA:13,1
DA:15,1
DA:16,1
DA:17,1
DA:20,1
LF:7
LH:7
BRDA:16,0,0,1
BRDA:16,0,1,0
BRDA:17,1,0,0
BRDA:17,1,1,1
BRF:4
BRH:2
end_of_record
TN:
SF:src\core\components\DividerConcurrency\styles.tsx
FN:4,(anonymous_0)
FN:13,(anonymous_1)
FN:21,(anonymous_2)
FN:26,(anonymous_3)
FNF:4
FNH:4
FNDA:1,(anonymous_0)
FNDA:1,(anonymous_1)
FNDA:1,(anonymous_2)
FNDA:1,(anonymous_3)
DA:4,42
DA:13,1
DA:16,42
DA:21,42
DA:26,1
LF:5
LH:5
BRF:0
BRH:0
end_of_record
TN:
SF:src\core\components\Header\index.tsx
FN:19,(anonymous_0)
FN:24,goBack
FN:32,changeTheme
FN:36,changeTabs
FN:64,(anonymous_4)
FN:67,(anonymous_5)
FNF:6
FNH:1
FNDA:1,(anonymous_0)
FNDA:0,goBack
FNDA:0,changeTheme
FNDA:0,changeTabs
FNDA:0,(anonymous_4)
FNDA:0,(anonymous_5)
DA:19,42
DA:20,1
DA:21,1
DA:22,1
DA:25,0
DA:26,0
DA:27,0
DA:28,0
DA:29,0
DA:33,0
DA:37,0
DA:38,0
DA:39,0
DA:42,1
DA:64,0
DA:67,0
LF:16
LH:5
BRDA:25,0,0,0
BRDA:25,0,1,0
BRDA:27,1,0,0
BRDA:27,1,1,0
BRDA:33,2,0,0
BRDA:33,2,1,0
BRDA:37,3,0,0
BRDA:37,3,1,0
BRDA:38,4,0,0
BRDA:38,4,1,0
BRF:10
BRH:0
end_of_record
TN:
SF:src\core\components\Header\styles.tsx
FN:9,(anonymous_0)
FN:15,(anonymous_1)
FN:40,(anonymous_2)
FN:44,(anonymous_3)
FN:47,(anonymous_4)
FN:53,(anonymous_5)
FN:54,(anonymous_6)
FN:62,(anonymous_7)
FN:63,(anonymous_8)
FNF:9
FNH:2
FNDA:1,(anonymous_0)
FNDA:1,(anonymous_1)
FNDA:0,(anonymous_2)
FNDA:0,(anonymous_3)
FNDA:0,(anonymous_4)
FNDA:0,(anonymous_5)
FNDA:0,(anonymous_6)
FNDA:0,(anonymous_7)
FNDA:0,(anonymous_8)
DA:9,42
DA:15,1
DA:20,42
DA:24,42
DA:32,42
DA:40,42
DA:44,0
DA:47,42
DA:53,0
DA:54,0
DA:57,42
DA:62,42
DA:63,0
LF:13
LH:9
BRDA:54,0,0,0
BRDA:54,0,1,0
BRF:2
BRH:0
end_of_record
TN:
SF:src\core\components\HorizontalContent\index.tsx
FN:10,(anonymous_0)
FNF:1
FNH:1
FNDA:2,(anonymous_0)
DA:10,42
DA:11,2
LF:2
LH:2
BRF:0
BRH:0
end_of_record
TN:
SF:src\core\components\HorizontalContent\styles.tsx
FNF:0
FNH:0
DA:3,42
LF:1
LH:1
BRF:0
BRH:0
end_of_record
TN:
SF:src\core\components\MapView\custom.tsx
FNF:0
FNH:0
DA:1,42
LF:1
LH:1
BRF:0
BRH:0
end_of_record
TN:
SF:src\core\components\MapView\index.tsx
FN:22,(anonymous_0)
FN:27,(anonymous_1)
FNF:2
FNH:2
FNDA:1,(anonymous_0)
FNDA:1,(anonymous_1)
DA:22,42
DA:24,1
DA:28,1
LF:3
LH:3
BRDA:25,0,0,1
BRDA:25,0,1,1
BRDA:25,1,0,1
BRDA:25,1,1,1
BRF:4
BRH:4
end_of_record
TN:
SF:src\core\components\MapView\styles.tsx
FN:9,(anonymous_0)
FN:11,(anonymous_1)
FN:12,(anonymous_2)
FNF:3
FNH:3
FNDA:1,(anonymous_0)
FNDA:1,(anonymous_1)
FNDA:1,(anonymous_2)
DA:9,42
DA:11,1
DA:12,1
DA:15,42
LF:4
LH:4
BRF:0
BRH:0
end_of_record
TN:
SF:src\core\components\Messages\index.tsx
FN:20,(anonymous_0)
FN:27,(anonymous_1)
FN:28,(anonymous_2)
FN:31,(anonymous_3)
FNF:4
FNH:2
FNDA:5,(anonymous_0)
FNDA:9,(anonymous_1)
FNDA:0,(anonymous_2)
FNDA:0,(anonymous_3)
DA:20,42
DA:21,5
DA:22,5
DA:24,5
DA:27,9
DA:28,0
DA:32,0
LF:7
LH:5
BRDA:35,0,0,0
BRDA:35,0,1,0
BRDA:41,1,0,0
BRDA:41,1,1,0
BRF:4
BRH:0
end_of_record
TN:
SF:src\core\components\Messages\styles.tsx
FN:13,(anonymous_0)
FN:14,(anonymous_1)
FN:22,(anonymous_2)
FN:23,(anonymous_3)
FN:28,(anonymous_4)
FN:31,(anonymous_5)
FN:33,(anonymous_6)
FN:43,(anonymous_7)
FN:48,(anonymous_8)
FNF:9
FNH:0
FNDA:0,(anonymous_0)
FNDA:0,(anonymous_1)
FNDA:0,(anonymous_2)
FNDA:0,(anonymous_3)
FNDA:0,(anonymous_4)
FNDA:0,(anonymous_5)
FNDA:0,(anonymous_6)
FNDA:0,(anonymous_7)
FNDA:0,(anonymous_8)
DA:8,42
DA:13,42
DA:14,0
DA:22,42
DA:23,0
DA:28,42
DA:31,0
DA:33,0
DA:36,42
DA:43,42
DA:48,0
LF:11
LH:6
BRDA:14,0,0,0
BRDA:14,0,1,0
BRDA:23,1,0,0
BRDA:23,1,1,0
BRDA:31,2,0,0
BRDA:31,2,1,0
BRDA:33,3,0,0
BRDA:33,3,1,0
BRF:8
BRH:0
end_of_record
TN:
SF:src\core\components\ModalChat\index.tsx
FN:35,(anonymous_0)
FN:47,(anonymous_1)
FN:51,(anonymous_2)
FN:56,(anonymous_3)
FN:58,(anonymous_4)
FN:63,(anonymous_5)
FN:68,closeModal
FN:73,onSendClick
FN:85,onMessageReceived
FN:116,(anonymous_9)
FNF:10
FNH:5
FNDA:4,(anonymous_0)
FNDA:1,(anonymous_1)
FNDA:1,(anonymous_2)
FNDA:1,(anonymous_3)
FNDA:0,(anonymous_4)
FNDA:2,(anonymous_5)
FNDA:0,closeModal
FNDA:0,onSendClick
FNDA:0,onMessageReceived
FNDA:0,(anonymous_9)
DA:35,42
DA:36,4
DA:38,4
DA:39,4
DA:40,4
DA:41,4
DA:42,4
DA:43,4
DA:45,4
DA:47,4
DA:48,1
DA:51,4
DA:52,1
DA:53,1
DA:56,4
DA:57,1
DA:58,1
DA:59,0
DA:63,4
DA:64,2
DA:65,0
DA:69,0
DA:70,0
DA:74,0
DA:75,0
DA:81,0
DA:86,0
DA:87,0
DA:90,4
DA:117,0
LF:30
LH:20
BRDA:64,0,0,0
BRDA:64,0,1,2
BRDA:74,1,0,0
BRDA:74,1,1,0
BRDA:76,2,0,0
BRDA:76,2,1,0
BRDA:77,3,0,0
BRDA:77,3,1,0
BRDA:78,4,0,0
BRDA:78,4,1,0
BRF:10
BRH:1
end_of_record
TN:
SF:src\core\components\ModalChat\styles.tsx
FN:13,(anonymous_0)
FN:24,(anonymous_1)
FN:38,(anonymous_2)
FN:44,(anonymous_3)
FN:47,(anonymous_4)
FN:49,(anonymous_5)
FN:52,(anonymous_6)
FN:54,(anonymous_7)
FN:55,(anonymous_8)
FN:57,(anonymous_9)
FN:60,(anonymous_10)
FN:66,(anonymous_11)
FN:86,(anonymous_12)
FNF:13
FNH:13
FNDA:4,(anonymous_0)
FNDA:4,(anonymous_1)
FNDA:4,(anonymous_2)
FNDA:4,(anonymous_3)
FNDA:4,(anonymous_4)
FNDA:4,(anonymous_5)
FNDA:4,(anonymous_6)
FNDA:4,(anonymous_7)
FNDA:4,(anonymous_8)
FNDA:4,(anonymous_9)
FNDA:4,(anonymous_10)
FNDA:4,(anonymous_11)
FNDA:4,(anonymous_12)
DA:5,42
DA:13,42
DA:24,4
DA:27,42
DA:32,42
DA:38,42
DA:44,4
DA:47,42
DA:49,4
DA:52,42
DA:54,4
DA:55,4
DA:57,4
DA:60,42
DA:66,4
DA:73,42
DA:79,42
DA:86,42
LF:18
LH:18
BRF:0
BRH:0
end_of_record
TN:
SF:src\core\components\ModalEvaluation\index.tsx
FN:29,(anonymous_0)
FN:38,(anonymous_1)
FN:40,onPopularityChoosed
FN:45,(anonymous_3)
FN:46,(anonymous_4)
FN:50,onRatingChoosed
FN:55,(anonymous_6)
FN:56,(anonymous_7)
FN:85,(anonymous_8)
FN:93,(anonymous_9)
FN:130,(anonymous_10)
FN:131,(anonymous_11)
FNF:12
FNH:3
FNDA:1,(anonymous_0)
FNDA:1,(anonymous_1)
FNDA:0,onPopularityChoosed
FNDA:0,(anonymous_3)
FNDA:0,(anonymous_4)
FNDA:0,onRatingChoosed
FNDA:0,(anonymous_6)
FNDA:0,(anonymous_7)
FNDA:0,(anonymous_8)
FNDA:0,(anonymous_9)
FNDA:5,(anonymous_10)
FNDA:0,(anonymous_11)
DA:29,42
DA:30,1
DA:31,1
DA:32,1
DA:33,1
DA:34,1
DA:36,1
DA:38,1
DA:41,0
DA:42,0
DA:43,0
DA:44,0
DA:45,0
DA:46,0
DA:51,0
DA:52,0
DA:53,0
DA:54,0
DA:55,0
DA:56,0
DA:60,1
DA:85,0
DA:93,0
DA:131,5
LF:24
LH:10
BRDA:41,0,0,0
BRDA:41,0,1,0
BRDA:51,1,0,0
BRDA:51,1,1,0
BRDA:69,2,0,1
BRDA:69,2,1,1
BRDA:89,3,0,0
BRDA:89,3,1,1
BRDA:97,4,0,0
BRDA:97,4,1,1
BRDA:114,5,0,1
BRDA:114,5,1,1
BRDA:136,6,0,0
BRDA:136,6,1,5
BRF:14
BRH:7
end_of_record
TN:
SF:src\core\components\ModalEvaluation\styles.tsx
FN:17,(anonymous_0)
FN:28,(anonymous_1)
FN:31,(anonymous_2)
FN:64,(anonymous_3)
FN:70,(anonymous_4)
FNF:5
FNH:5
FNDA:1,(anonymous_0)
FNDA:1,(anonymous_1)
FNDA:1,(anonymous_2)
FNDA:1,(anonymous_3)
FNDA:1,(anonymous_4)
DA:9,42
DA:17,42
DA:28,1
DA:31,42
DA:36,42
DA:41,42
DA:43,42
DA:49,42
DA:53,42
DA:57,42
DA:62,42
DA:64,42
DA:70,1
LF:13
LH:13
BRF:0
BRH:0
end_of_record
TN:
SF:src\core\components\ModalWebView\index.tsx
FN:15,(anonymous_0)
FN:20,closeModal
FN:25,(anonymous_2)
FNF:3
FNH:2
FNDA:1,(anonymous_0)
FNDA:0,closeModal
FNDA:1,(anonymous_2)
DA:15,42
DA:16,1
DA:17,1
DA:18,1
DA:21,0
DA:22,0
DA:25,1
DA:26,1
DA:29,1
LF:9
LH:7
BRDA:15,0,0,0
BRF:1
BRH:0
end_of_record
TN:
SF:src\core\components\ModalWebView\styles.tsx
FN:5,(anonymous_0)
FN:12,(anonymous_1)
FN:15,(anonymous_2)
FN:16,(anonymous_3)
FNF:4
FNH:4
FNDA:1,(anonymous_0)
FNDA:1,(anonymous_1)
FNDA:1,(anonymous_2)
FNDA:1,(anonymous_3)
DA:5,42
DA:12,1
DA:15,42
DA:16,1
DA:22,42
DA:28,42
DA:32,42
LF:7
LH:7
BRF:0
BRH:0
end_of_record
TN:
SF:src\core\components\MultiSlider\index.tsx
FN:21,(anonymous_0)
FN:33,onValueChange
FN:41,onLayoutChange
FN:46,onLabelLayoutChange
FN:51,(anonymous_4)
FN:72,(anonymous_5)
FN:79,(anonymous_6)
FNF:7
FNH:3
FNDA:4,(anonymous_0)
FNDA:2,onValueChange
FNDA:0,onLayoutChange
FNDA:0,onLabelLayoutChange
FNDA:2,(anonymous_4)
FNDA:0,(anonymous_5)
FNDA:0,(anonymous_6)
DA:21,42
DA:22,4
DA:23,4
DA:25,4
DA:26,4
DA:27,4
DA:28,4
DA:30,4
DA:31,4
DA:34,2
DA:35,1
DA:36,2
DA:37,2
DA:42,0
DA:43,0
DA:47,0
DA:48,0
DA:51,4
DA:52,2
DA:55,4
DA:72,0
DA:79,0
LF:22
LH:16
BRDA:34,0,0,1
BRDA:34,0,1,1
BRDA:36,1,0,2
BRDA:36,1,1,0
BRDA:47,2,0,0
BRDA:47,2,1,0
BRDA:48,3,0,0
BRDA:48,3,1,0
BRF:8
BRH:3
end_of_record
TN:
SF:src\core\components\MultiSlider\styles.tsx
FN:13,(anonymous_0)
FN:14,(anonymous_1)
FN:18,(anonymous_2)
FNF:3
FNH:0
FNDA:0,(anonymous_0)
FNDA:0,(anonymous_1)
FNDA:0,(anonymous_2)
DA:8,42
DA:13,42
DA:14,0
DA:18,0
DA:21,42
LF:5
LH:3
BRDA:18,0,0,0
BRDA:18,0,1,0
BRF:2
BRH:0
end_of_record
TN:
SF:src\core\components\PageLayout\index.tsx
FN:26,(anonymous_0)
FN:36,getPageHeight
FN:42,(anonymous_2)
FN:43,backButtonHandler
FN:47,(anonymous_4)
FN:50,onChatOpen
FN:54,onChatClose
FNF:7
FNH:3
FNDA:1,(anonymous_0)
FNDA:1,getPageHeight
FNDA:1,(anonymous_2)
FNDA:0,backButtonHandler
FNDA:0,(anonymous_4)
FNDA:0,onChatOpen
FNDA:0,onChatClose
DA:26,42
DA:27,1
DA:28,1
DA:30,1
DA:31,1
DA:32,1
DA:34,1
DA:37,1
DA:38,0
DA:39,1
DA:42,1
DA:44,0
DA:46,1
DA:47,1
DA:51,0
DA:55,0
DA:58,1
LF:17
LH:13
BRDA:37,0,0,0
BRDA:37,0,1,1
BRDA:38,1,0,0
BRDA:38,1,1,0
BRDA:98,2,0,1
BRDA:98,2,1,1
BRDA:100,3,0,1
BRDA:100,3,1,1
BRF:8
BRH:5
end_of_record
TN:
SF:src\core\components\PageLayout\styles.tsx
FNF:0
FNH:0
DA:3,42
DA:7,42
DA:14,42
LF:3
LH:3
BRF:0
BRH:0
end_of_record
TN:
SF:src\core\components\Paragraph\index.tsx
FN:19,(anonymous_0)
FNF:1
FNH:1
FNDA:2,(anonymous_0)
DA:19,42
DA:20,2
DA:22,2
LF:3
LH:3
BRDA:19,0,0,0
BRF:1
BRH:0
end_of_record
TN:
SF:src\core\components\Paragraph\styles.tsx
FN:14,(anonymous_0)
FN:16,(anonymous_1)
FN:17,(anonymous_2)
FN:18,(anonymous_3)
FN:19,(anonymous_4)
FN:20,(anonymous_5)
FN:21,(anonymous_6)
FN:22,(anonymous_7)
FN:23,(anonymous_8)
FNF:9
FNH:9
FNDA:2,(anonymous_0)
FNDA:2,(anonymous_1)
FNDA:2,(anonymous_2)
FNDA:2,(anonymous_3)
FNDA:2,(anonymous_4)
FNDA:2,(anonymous_5)
FNDA:2,(anonymous_6)
FNDA:2,(anonymous_7)
FNDA:2,(anonymous_8)
DA:14,42
DA:16,2
DA:17,2
DA:18,2
DA:19,2
DA:20,2
DA:21,2
DA:22,2
DA:23,2
LF:9
LH:9
BRDA:17,0,0,2
BRDA:17,0,1,0
BRDA:18,1,0,2
BRDA:18,1,1,1
BRDA:19,2,0,2
BRDA:19,2,1,1
BRDA:20,3,0,2
BRDA:20,3,1,0
BRDA:21,4,0,2
BRDA:21,4,1,1
BRDA:22,5,0,2
BRDA:22,5,1,0
BRDA:23,6,0,0
BRDA:23,6,1,2
BRF:14
BRH:10
end_of_record
TN:
SF:src\core\components\Progress\index.tsx
FN:10,(anonymous_0)
FN:14,(anonymous_1)
FNF:2
FNH:2
FNDA:2,(anonymous_0)
FNDA:1,(anonymous_1)
DA:10,42
DA:11,2
DA:12,2
DA:14,2
DA:15,1
DA:16,1
DA:18,0
DA:21,2
LF:8
LH:7
BRDA:15,0,0,1
BRDA:15,0,1,0
BRF:2
BRH:1
end_of_record
TN:
SF:src\core\components\Progress\styles.tsx
FN:12,(anonymous_0)
FN:14,(anonymous_1)
FN:17,(anonymous_2)
FN:21,(anonymous_3)
FNF:4
FNH:4
FNDA:2,(anonymous_0)
FNDA:2,(anonymous_1)
FNDA:2,(anonymous_2)
FNDA:2,(anonymous_3)
DA:8,42
DA:12,42
DA:14,2
DA:17,42
DA:21,2
LF:5
LH:5
BRF:0
BRH:0
end_of_record
TN:
SF:src\core\components\Radio\index.tsx
FN:21,useRadioGroup
FN:28,clearChoices
FN:29,(anonymous_2)
FN:34,(anonymous_3)
FN:37,radioHandler
FN:38,(anonymous_5)
FN:46,(anonymous_6)
FNF:7
FNH:5
FNDA:1,useRadioGroup
FNDA:0,clearChoices
FNDA:0,(anonymous_2)
FNDA:2,(anonymous_3)
FNDA:1,radioHandler
FNDA:5,(anonymous_5)
FNDA:1,(anonymous_6)
DA:23,1
DA:24,1
DA:25,5
DA:27,1
DA:29,0
DA:31,1
DA:34,42
DA:35,2
DA:38,1
DA:39,5
DA:40,5
DA:42,1
DA:45,2
DA:46,1
LF:14
LH:13
BRF:0
BRH:0
end_of_record
TN:
SF:src\core\components\Radio\styles.tsx
FN:4,(anonymous_0)
FN:9,(anonymous_1)
FN:14,(anonymous_2)
FN:18,(anonymous_3)
FNF:4
FNH:2
FNDA:2,(anonymous_0)
FNDA:2,(anonymous_1)
FNDA:0,(anonymous_2)
FNDA:0,(anonymous_3)
DA:4,42
DA:9,2
DA:14,42
DA:18,0
LF:4
LH:3
BRF:0
BRH:0
end_of_record
TN:
SF:src\core\components\Render\index.tsx
FN:8,(anonymous_0)
FNF:1
FNH:1
FNDA:23,(anonymous_0)
DA:8,42
DA:9,23
LF:2
LH:2
BRDA:9,0,0,6
BRDA:9,0,1,17
BRF:2
BRH:2
end_of_record
TN:
SF:src\core\components\Select\index.tsx
FN:17,(anonymous_0)
FN:24,onChangeSelection
FN:25,(anonymous_2)
FNF:3
FNH:1
FNDA:1,(anonymous_0)
FNDA:0,onChangeSelection
FNDA:0,(anonymous_2)
DA:17,42
DA:18,1
DA:20,1
DA:22,1
DA:25,0
DA:26,0
DA:27,0
DA:28,0
DA:32,1
LF:9
LH:5
BRDA:17,0,0,1
BRDA:26,1,0,0
BRDA:26,1,1,0
BRDA:42,2,0,0
BRDA:42,2,1,1
BRF:5
BRH:2
end_of_record
TN:
SF:src\core\components\Spacer\index.tsx
FN:10,(anonymous_0)
FNF:1
FNH:1
FNDA:18,(anonymous_0)
DA:10,42
DA:12,18
DA:14,18
DA:15,18
DA:18,18
LF:5
LH:5
BRDA:12,0,0,18
BRDA:12,0,1,18
BRDA:14,1,0,17
BRDA:14,1,1,1
BRDA:15,2,0,17
BRDA:15,2,1,1
BRF:6
BRH:6
end_of_record
TN:
SF:src\core\components\Title\index.tsx
FN:10,(anonymous_0)
FNF:1
FNH:1
FNDA:1,(anonymous_0)
DA:10,42
DA:11,1
DA:13,1
LF:3
LH:3
BRDA:15,0,0,1
BRDA:15,0,1,0
BRF:2
BRH:1
end_of_record
TN:
SF:src\core\components\Title\styles.tsx
FN:13,(anonymous_0)
FN:16,(anonymous_1)
FN:17,(anonymous_2)
FNF:3
FNH:3
FNDA:1,(anonymous_0)
FNDA:1,(anonymous_1)
FNDA:1,(anonymous_2)
DA:8,42
DA:13,42
DA:16,1
DA:17,1
LF:4
LH:4
BRF:0
BRH:0
end_of_record
TN:
SF:src\core\components\TitleOutline\index.tsx
FN:15,(anonymous_0)
FNF:1
FNH:1
FNDA:1,(anonymous_0)
DA:15,42
DA:16,1
DA:18,1
LF:3
LH:3
BRDA:15,0,0,0
BRDA:22,1,0,1
BRDA:22,1,1,0
BRF:3
BRH:1
end_of_record
TN:
SF:src\core\components\TitleOutline\styles.tsx
FN:26,(anonymous_0)
FN:31,(anonymous_1)
FN:32,(anonymous_2)
FN:35,(anonymous_3)
FN:38,(anonymous_4)
FNF:5
FNH:5
FNDA:1,(anonymous_0)
FNDA:1,(anonymous_1)
FNDA:1,(anonymous_2)
FNDA:1,(anonymous_3)
FNDA:1,(anonymous_4)
DA:8,42
DA:13,42
DA:20,42
DA:26,42
DA:31,1
DA:32,1
DA:35,42
DA:38,1
LF:8
LH:8
BRDA:31,0,0,1
BRDA:31,0,1,0
BRF:2
BRH:1
end_of_record
TN:
SF:src\core\components\ToggleGroup\index.tsx
FN:10,(anonymous_0)
FN:14,(anonymous_1)
FN:18,onChangeSelection
FN:25,(anonymous_3)
FN:28,(anonymous_4)
FNF:5
FNH:4
FNDA:2,(anonymous_0)
FNDA:2,(anonymous_1)
FNDA:1,onChangeSelection
FNDA:1,(anonymous_3)
FNDA:0,(anonymous_4)
DA:10,42
DA:11,2
DA:12,2
DA:14,2
DA:15,2
DA:19,1
DA:20,1
DA:23,2
DA:25,1
DA:28,0
LF:10
LH:9
BRDA:11,0,0,2
BRDA:11,0,1,0
BRDA:15,1,0,2
BRDA:15,1,1,0
BRDA:19,2,0,1
BRDA:19,2,1,0
BRF:6
BRH:3
end_of_record
TN:
SF:src\core\components\ToggleGroup\styles.tsx
FN:13,(anonymous_0)
FN:18,(anonymous_1)
FN:19,(anonymous_2)
FN:28,(anonymous_3)
FN:34,(anonymous_4)
FN:37,(anonymous_5)
FN:39,(anonymous_6)
FNF:7
FNH:7
FNDA:2,(anonymous_0)
FNDA:2,(anonymous_1)
FNDA:2,(anonymous_2)
FNDA:4,(anonymous_3)
FNDA:4,(anonymous_4)
FNDA:4,(anonymous_5)
FNDA:4,(anonymous_6)
DA:13,42
DA:18,2
DA:19,2
DA:28,42
DA:34,4
DA:37,42
DA:39,4
LF:7
LH:7
BRDA:34,0,0,2
BRDA:34,0,1,2
BRDA:39,1,0,2
BRDA:39,1,1,2
BRF:4
BRH:4
end_of_record
TN:
SF:src\core\components\ToggleView\index.tsx
FN:13,(anonymous_0)
FN:17,(anonymous_1)
FN:19,onPress
FNF:3
FNH:3
FNDA:3,(anonymous_0)
FNDA:2,(anonymous_1)
FNDA:1,onPress
DA:13,42
DA:14,3
DA:15,3
DA:17,3
DA:20,1
DA:21,1
DA:22,1
DA:25,3
LF:8
LH:8
BRDA:20,0,0,1
BRDA:20,0,1,0
BRF:2
BRH:1
end_of_record
TN:
SF:src\core\components\ToggleView\styles.tsx
FN:5,(anonymous_0)
FN:11,(anonymous_1)
FNF:2
FNH:2
FNDA:3,(anonymous_0)
FNDA:3,(anonymous_1)
DA:5,42
DA:11,3
LF:2
LH:2
BRF:0
BRH:0
end_of_record
TN:
SF:src\core\components\VerticalContent\index.tsx
FN:10,(anonymous_0)
FNF:1
FNH:1
FNDA:2,(anonymous_0)
DA:10,42
DA:11,2
LF:2
LH:2
BRF:0
BRH:0
end_of_record
TN:
SF:src\core\components\VerticalContent\styles.tsx
FNF:0
FNH:0
DA:3,42
LF:1
LH:1
BRF:0
BRH:0
end_of_record
TN:
SF:src\core\config\Api.tsx
FNF:0
FNH:0
DA:2,42
DA:3,42
LF:2
LH:2
BRF:0
BRH:0
end_of_record
TN:
SF:src\core\config\App.tsx
FNF:0
FNH:0
DA:1,42
DA:2,42
LF:2
LH:2
BRF:0
BRH:0
end_of_record
TN:
SF:src\core\config\OAuth2.tsx
FNF:0
FNH:0
DA:1,42
DA:2,42
LF:2
LH:2
BRF:0
BRH:0
end_of_record
TN:
SF:src\core\config\Survey.tsx
FNF:0
FNH:0
DA:17,42
LF:1
LH:1
BRF:0
BRH:0
end_of_record
TN:
SF:src\core\config\index.tsx
FNF:0
FNH:0
LF:0
LH:0
BRF:0
BRH:0
end_of_record
TN:
SF:src\core\hooks\Api.tsx
FN:188,useAuthorize
FN:192,onResponse
FN:202,(anonymous_2)
FN:210,useCampus
FN:214,(anonymous_4)
FN:219,useCampusRef
FN:223,(anonymous_6)
FN:230,useCampusCourses
FN:234,(anonymous_8)
FN:241,useCampusEvents
FN:245,(anonymous_10)
FN:252,useCampusContacts
FN:256,(anonymous_12)
FN:263,useCampusWithCourses
FN:267,(anonymous_14)
FN:272,useRatingSurvey
FN:276,(anonymous_16)
FN:283,usePopularityCourse
FN:287,(anonymous_18)
FN:295,useProfessors
FN:299,(anonymous_20)
FN:304,useProfessorRef
FN:308,(anonymous_22)
FN:315,useAllCourses
FN:319,(anonymous_24)
FN:324,useCourses
FN:328,(anonymous_26)
FN:335,useCourseProfessors
FN:339,(anonymous_28)
FNF:29
FNH:0
FNDA:0,useAuthorize
FNDA:0,onResponse
FNDA:0,(anonymous_2)
FNDA:0,useCampus
FNDA:0,(anonymous_4)
FNDA:0,useCampusRef
FNDA:0,(anonymous_6)
FNDA:0,useCampusCourses
FNDA:0,(anonymous_8)
FNDA:0,useCampusEvents
FNDA:0,(anonymous_10)
FNDA:0,useCampusContacts
FNDA:0,(anonymous_12)
FNDA:0,useCampusWithCourses
FNDA:0,(anonymous_14)
FNDA:0,useRatingSurvey
FNDA:0,(anonymous_16)
FNDA:0,usePopularityCourse
FNDA:0,(anonymous_18)
FNDA:0,useProfessors
FNDA:0,(anonymous_20)
FNDA:0,useProfessorRef
FNDA:0,(anonymous_22)
FNDA:0,useAllCourses
FNDA:0,(anonymous_24)
FNDA:0,useCourses
FNDA:0,(anonymous_26)
FNDA:0,useCourseProfessors
FNDA:0,(anonymous_28)
DA:190,0
DA:193,0
DA:194,0
DA:195,0
DA:197,0
DA:200,0
DA:202,0
DA:207,0
DA:212,0
DA:214,0
DA:216,0
DA:221,0
DA:223,0
DA:227,0
DA:232,0
DA:234,0
DA:238,0
DA:243,0
DA:245,0
DA:249,0
DA:254,0
DA:256,0
DA:260,0
DA:265,0
DA:267,0
DA:269,0
DA:274,0
DA:276,0
DA:280,0
DA:285,0
DA:287,0
DA:292,0
DA:297,0
DA:299,0
DA:301,0
DA:306,0
DA:308,0
DA:312,0
DA:317,0
DA:319,0
DA:321,0
DA:326,0
DA:328,0
DA:332,0
DA:337,0
DA:339,0
DA:343,0
LF:47
LH:0
BRDA:193,0,0,0
BRDA:193,0,1,0
BRF:2
BRH:0
end_of_record
TN:
SF:src\core\hooks\Campus.tsx
FN:5,useCampusData
FN:10,(anonymous_1)
FNF:2
FNH:0
FNDA:0,useCampusData
FNDA:0,(anonymous_1)
DA:7,0
DA:8,0
DA:10,0
DA:11,0
DA:12,0
DA:15,0
LF:6
LH:0
BRDA:11,0,0,0
BRDA:11,0,1,0
BRF:2
BRH:0
end_of_record
TN:
SF:src\core\hooks\Chat.tsx
FN:8,useChatWebSocket
FN:15,(anonymous_1)
FN:16,(anonymous_2)
FN:17,(anonymous_3)
FN:18,(anonymous_4)
FN:19,(anonymous_5)
FN:27,sendBroadcast
FN:32,subscribe
FN:37,unsubscribe
FNF:9
FNH:2
FNDA:4,useChatWebSocket
FNDA:0,(anonymous_1)
FNDA:0,(anonymous_2)
FNDA:0,(anonymous_3)
FNDA:0,(anonymous_4)
FNDA:0,(anonymous_5)
FNDA:0,sendBroadcast
FNDA:1,subscribe
FNDA:0,unsubscribe
DA:10,4
DA:11,4
DA:13,4
DA:15,0
DA:16,0
DA:17,0
DA:19,0
DA:20,0
DA:21,0
DA:29,0
DA:34,1
DA:38,0
DA:39,0
DA:42,4
LF:14
LH:5
BRDA:21,0,0,0
BRDA:21,0,1,0
BRDA:38,1,0,0
BRDA:38,1,1,0
BRF:4
BRH:0
end_of_record
TN:
SF:src\core\hooks\Evaluation.tsx
FN:18,useEvaluation
FN:23,(anonymous_1)
FN:27,addEvaluation
FN:33,hasEvaluation
FN:34,(anonymous_4)
FNF:5
FNH:0
FNDA:0,useEvaluation
FNDA:0,(anonymous_1)
FNDA:0,addEvaluation
FNDA:0,hasEvaluation
FNDA:0,(anonymous_4)
DA:20,0
DA:21,0
DA:23,0
DA:24,0
DA:28,0
DA:29,0
DA:30,0
DA:34,0
DA:35,0
DA:38,0
LF:10
LH:0
BRDA:28,0,0,0
BRDA:28,0,1,0
BRDA:34,1,0,0
BRDA:34,1,1,0
BRDA:35,2,0,0
BRDA:35,2,1,0
BRF:6
BRH:0
end_of_record
TN:
SF:src\core\hooks\Global.tsx
FN:4,useGlobal
FNF:1
FNH:1
FNDA:4,useGlobal
DA:5,4
DA:6,4
DA:7,4
DA:8,4
LF:4
LH:4
BRDA:6,0,0,0
BRDA:6,0,1,4
BRF:2
BRH:1
end_of_record
TN:
SF:src\core\hooks\Google.tsx
FN:6,useGoogleAuth
FN:8,trigger
FN:13,(anonymous_2)
FNF:3
FNH:0
FNDA:0,useGoogleAuth
FNDA:0,trigger
FNDA:0,(anonymous_2)
DA:9,0
DA:10,0
DA:13,0
LF:3
LH:0
BRF:0
BRH:0
end_of_record
TN:
SF:src\core\hooks\Lifecycle.tsx
FN:4,useEnterScreen
FN:6,(anonymous_1)
FN:12,useLeaveScreen
FN:14,(anonymous_3)
FNF:4
FNH:2
FNDA:1,useEnterScreen
FNDA:1,(anonymous_1)
FNDA:0,useLeaveScreen
FNDA:0,(anonymous_3)
DA:5,1
DA:6,1
DA:7,1
DA:8,1
DA:13,0
DA:14,0
DA:15,0
DA:16,0
LF:8
LH:4
BRDA:7,0,0,1
BRDA:7,0,1,0
BRDA:15,1,0,0
BRDA:15,1,1,0
BRF:4
BRH:1
end_of_record
TN:
SF:src\core\hooks\Request.tsx
FN:21,isRequestCached
FN:23,(anonymous_1)
FN:27,useRequest
FN:34,doRequest
FN:68,(anonymous_4)
FN:76,useAuthorizedRequest
FN:83,(anonymous_6)
FN:96,doRequest
FNF:8
FNH:0
FNDA:0,isRequestCached
FNDA:0,(anonymous_1)
FNDA:0,useRequest
FNDA:0,doRequest
FNDA:0,(anonymous_4)
FNDA:0,useAuthorizedRequest
FNDA:0,(anonymous_6)
FNDA:0,doRequest
DA:23,0
DA:24,0
DA:29,0
DA:30,0
DA:32,0
DA:36,0
DA:37,0
DA:39,0
DA:40,0
DA:42,0
DA:49,0
DA:51,0
DA:52,0
DA:54,0
DA:55,0
DA:62,0
DA:65,0
DA:68,0
DA:69,0
DA:70,0
DA:73,0
DA:78,0
DA:79,0
DA:80,0
DA:81,0
DA:83,0
DA:85,0
DA:86,0
DA:87,0
DA:88,0
DA:89,0
DA:90,0
DA:91,0
DA:97,0
DA:98,0
DA:101,0
DA:103,0
LF:37
LH:0
BRDA:23,0,0,0
BRDA:23,0,1,0
BRDA:24,1,0,0
BRDA:24,1,1,0
BRDA:39,2,0,0
BRDA:39,2,1,0
BRDA:54,3,0,0
BRDA:54,3,1,0
BRDA:54,4,0,0
BRDA:54,4,1,0
BRDA:69,5,0,0
BRDA:69,5,1,0
BRDA:69,6,0,0
BRDA:69,6,1,0
BRDA:85,7,0,0
BRDA:85,7,1,0
BRDA:85,8,0,0
BRDA:85,8,1,0
BRDA:85,8,2,0
BRDA:87,9,0,0
BRDA:87,9,1,0
BRDA:88,10,0,0
BRDA:88,10,1,0
BRF:23
BRH:0
end_of_record
TN:
SF:src\core\hooks\Session.tsx
FN:8,useSession
FN:12,authorize
FN:14,(anonymous_2)
FN:17,deauthorize
FN:19,(anonymous_4)
FN:22,setSession
FN:24,(anonymous_6)
FN:27,(anonymous_7)
FN:28,(anonymous_8)
FN:40,useIsSessionActive
FN:45,(anonymous_10)
FNF:11
FNH:3
FNDA:4,useSession
FNDA:0,authorize
FNDA:0,(anonymous_2)
FNDA:0,deauthorize
FNDA:0,(anonymous_4)
FNDA:0,setSession
FNDA:0,(anonymous_6)
FNDA:1,(anonymous_7)
FNDA:1,(anonymous_8)
FNDA:0,useIsSessionActive
FNDA:0,(anonymous_10)
DA:10,4
DA:13,0
DA:14,0
DA:18,0
DA:19,0
DA:23,0
DA:24,0
DA:27,4
DA:28,1
DA:29,1
DA:30,0
DA:31,1
DA:32,1
DA:37,4
DA:42,0
DA:43,0
DA:45,0
DA:46,0
DA:49,0
LF:19
LH:7
BRDA:29,0,0,0
BRDA:29,0,1,1
BRDA:32,1,0,1
BRDA:32,1,1,1
BRDA:46,2,0,0
BRDA:46,2,1,0
BRF:6
BRH:3
end_of_record
TN:
SF:src\core\hooks\Survey.tsx
FN:7,useSurveyResults
FN:12,setSurveyResults
FN:16,(anonymous_2)
FN:20,(anonymous_3)
FNF:4
FNH:0
FNDA:0,useSurveyResults
FNDA:0,setSurveyResults
FNDA:0,(anonymous_2)
FNDA:0,(anonymous_3)
DA:9,0
DA:10,0
DA:13,0
DA:16,0
DA:17,0
DA:18,0
DA:20,0
DA:24,0
LF:8
LH:0
BRDA:17,0,0,0
BRDA:17,0,1,0
BRF:2
BRH:0
end_of_record
TN:
SF:src\core\hooks\Theme.tsx
FN:5,useTheme
FN:9,(anonymous_1)
FN:12,useThemeSchema
FN:15,getTheme
FN:27,(anonymous_4)
FNF:5
FNH:1
FNDA:63,useTheme
FNDA:0,(anonymous_1)
FNDA:0,useThemeSchema
FNDA:0,getTheme
FNDA:0,(anonymous_4)
DA:6,63
DA:7,63
DA:8,63
DA:9,63
DA:13,0
DA:16,0
DA:25,0
DA:27,0
DA:28,0
DA:31,0
LF:10
LH:4
BRDA:7,0,0,0
BRDA:7,0,1,63
BRDA:9,1,0,63
BRDA:9,1,1,0
BRF:4
BRH:2
end_of_record
TN:
SF:src\core\hooks\index.tsx
FNF:0
FNH:0
LF:0
LH:0
BRF:0
BRH:0
end_of_record
TN:
SF:src\core\providers\Global.tsx
FN:22,(anonymous_0)
FN:25,(anonymous_1)
FNF:2
FNH:1
FNDA:0,(anonymous_0)
FNDA:49,(anonymous_1)
DA:20,42
DA:25,42
DA:26,49
DA:28,49
LF:4
LH:4
BRF:0
BRH:0
end_of_record
TN:
SF:src\core\providers\Theme.tsx
FN:42,(anonymous_0)
FNF:1
FNH:1
FNDA:48,(anonymous_0)
DA:40,42
DA:42,42
DA:43,48
DA:45,48
LF:4
LH:4
BRF:0
BRH:0
end_of_record
TN:
SF:src\core\providers\index.tsx
FNF:0
FNH:0
LF:0
LH:0
BRF:0
BRH:0
end_of_record
TN:
SF:src\core\services\Http.tsx
FN:16,get
FN:17,(anonymous_1)
FN:19,(anonymous_2)
FN:20,(anonymous_3)
FN:24,post
FN:25,(anonymous_5)
FN:27,(anonymous_6)
FN:28,(anonymous_7)
FN:32,put
FN:33,(anonymous_9)
FN:35,(anonymous_10)
FN:36,(anonymous_11)
FN:40,del
FN:41,(anonymous_13)
FN:43,(anonymous_14)
FN:44,(anonymous_15)
FNF:16
FNH:0
FNDA:0,get
FNDA:0,(anonymous_1)
FNDA:0,(anonymous_2)
FNDA:0,(anonymous_3)
FNDA:0,post
FNDA:0,(anonymous_5)
FNDA:0,(anonymous_6)
FNDA:0,(anonymous_7)
FNDA:0,put
FNDA:0,(anonymous_9)
FNDA:0,(anonymous_10)
FNDA:0,(anonymous_11)
FNDA:0,del
FNDA:0,(anonymous_13)
FNDA:0,(anonymous_14)
FNDA:0,(anonymous_15)
DA:4,42
DA:17,0
DA:18,0
DA:19,0
DA:20,0
DA:25,0
DA:26,0
DA:27,0
DA:28,0
DA:33,0
DA:34,0
DA:35,0
DA:36,0
DA:41,0
DA:42,0
DA:43,0
DA:44,0
LF:17
LH:1
BRF:0
BRH:0
end_of_record
TN:
SF:src\core\services\Notification.tsx
FN:7,(anonymous_0)
FN:9,(anonymous_1)
FN:17,(anonymous_2)
FN:24,(anonymous_3)
FNF:4
FNH:0
FNDA:0,(anonymous_0)
FNDA:0,(anonymous_1)
FNDA:0,(anonymous_2)
FNDA:0,(anonymous_3)
DA:5,42
DA:8,0
DA:9,0
DA:18,0
DA:25,0
DA:27,0
DA:28,0
DA:29,0
DA:30,0
DA:31,0
DA:32,0
DA:34,0
DA:37,0
DA:38,0
DA:39,0
DA:40,0
DA:41,0
DA:44,0
DA:45,0
DA:46,0
DA:50,0
DA:55,0
DA:56,0
DA:64,0
LF:24
LH:1
BRDA:17,0,0,0
BRDA:27,1,0,0
BRDA:27,1,1,0
BRDA:30,2,0,0
BRDA:30,2,1,0
BRDA:37,3,0,0
BRDA:37,3,1,0
BRDA:40,4,0,0
BRDA:40,4,1,0
BRDA:45,5,0,0
BRDA:45,5,1,0
BRDA:55,6,0,0
BRDA:55,6,1,0
BRF:13
BRH:0
end_of_record
TN:
SF:src\core\services\OAuth2.tsx
FN:15,OAuth2LoginAsync
FNF:1
FNH:0
FNDA:0,OAuth2LoginAsync
DA:16,0
DA:17,0
DA:18,0
DA:23,0
DA:25,0
LF:5
LH:0
BRDA:19,0,0,0
BRDA:19,0,1,0
BRDA:20,1,0,0
BRDA:20,1,1,0
BRDA:23,2,0,0
BRDA:23,2,1,0
BRF:6
BRH:0
end_of_record
TN:
SF:src\core\services\Survey.tsx
FN:3,sumSurveyValues
FN:5,(anonymous_1)
FN:12,getSurveyResults
FNF:3
FNH:0
FNDA:0,sumSurveyValues
FNDA:0,(anonymous_1)
FNDA:0,getSurveyResults
DA:5,0
DA:6,0
DA:7,0
DA:8,0
DA:14,0
DA:15,0
DA:16,0
DA:18,0
LF:8
LH:0
BRF:0
BRH:0
end_of_record
TN:
SF:src\core\services\index.tsx
FNF:0
FNH:0
LF:0
LH:0
BRF:0
BRH:0
end_of_record
TN:
SF:src\core\themes\dark.palette.tsx
FNF:0
FNH:0
DA:2,42
LF:1
LH:1
BRF:0
BRH:0
end_of_record
TN:
SF:src\core\themes\index.tsx
FNF:0
FNH:0
LF:0
LH:0
BRF:0
BRH:0
end_of_record
TN:
SF:src\core\themes\light.palette.tsx
FNF:0
FNH:0
DA:2,42
LF:1
LH:1
BRF:0
BRH:0
end_of_record
TN:
SF:src\pages\Survey\styles.tsx
FN:11,(anonymous_0)
FN:17,(anonymous_1)
FNF:2
FNH:0
FNDA:0,(anonymous_0)
FNDA:0,(anonymous_1)
DA:4,1
DA:11,1
DA:17,0
DA:21,1
DA:25,1
DA:30,1
LF:6
LH:5
BRF:0
BRH:0
end_of_record
TN:
SF:tests\core\index.tsx
FN:13,(anonymous_0)
FN:26,(anonymous_1)
FN:27,(anonymous_2)
FNF:3
FNH:3
FNDA:48,(anonymous_0)
FNDA:47,(anonymous_1)
FNDA:1,(anonymous_2)
DA:13,42
DA:14,48
DA:26,47
DA:27,42
LF:4
LH:4
BRF:0
BRH:0
end_of_record
